Ignoring silly LD_PRELOAD  e r r o r
Ignoring silly LD_PRELOAD  e r r o r
Delite Application Being Staged:[SequentialWrites$]
******Generating the program******
Loaded RoutingLUTs model from file
Loaded FanoutRegisters model from file
Loaded UnavailableALMs model from file
Resource Estimate Breakdown: 
-----------------------------
Estimated unavailable ALMs: 621
LUT3: 24785
LUT4: 11453
LUT5: 12516
LUT6: 9871
LUT7: 478
Estimated routing luts: 22974
Logic+register ALMs: 51266
Register-only ALMS:  0
Recovered ALMs:      37129
MEM64: 4619
MEM32: 519
MEM16: 559
Design registers: 81835
Memory registers: 0
Fanout registers: 3873
Design BRAMs: 340
Fanout BRAMs: 0

Resource Estimate Summary: 
---------------------------
ALMs: 51266 / 262400 (19.54%)
Regs: 85708
DSPs: 0 / 1963 (0.00%)
BRAM: 340 / 2567 (13.25%)

Loaded TileLoadModel model from file
Estimated cycles: 44252
Estimated runtime (at 150.00MHz): 0.00029501s
Instruction statistics:
  Instructions: 3081 (0.000 GI)
  FLOPs: 0 (0.000 GFLOPs)
  On-chip loads: 24576 bits (0.000 GB)
  On-chip stores: 21504 bits (0.000 GB)
  Off-chip loads: 3072 bits (0.000 GB)
  Off-chip stores: 3072 bits (0.000 GB)
--
  Total on-chip transfers: 0.000 GB
  Total off-chip transfers: 0.000 GB

Performance statistics (based on estimated runtime):
  Instructions: 0.010 GIPS
  Floating point: 0.000 GFLOPS
  On-chip load bandwidth: 0.010 GB/s
  On-chip store bandwidth: 0.008 GB/s
  Off-chip load bandwidth: 0.001 GB/s
  Off-chip store bandwidth: 0.001 GB/s
--
  Total on-chip bandwidth: 0.018 GB/s
  Total off-chip bandwidth: 0.002 GB/s
 Reduction pipe1327 unroll Sym(1108) Vector_from_list(List(Sym(1106)))
 Reduction pipe1327 unroll Sym(1318) Par_bram_load(Sym(1309),Sym(1108))
 Reduction pipe1327 unroll Sym(1319) Par_bram_load(Sym(1083),Sym(1108))
 Reduction pipe1327 unroll Sym(1320) Vec_apply(Sym(1319),0)
 Reduction pipe1327 unroll Sym(1105) FixPt_Lt(Sym(1091),Sym(75))
 Reduction pipe1327 unroll Sym(1107) FixPt_Lt(Sym(1106),Sym(3))
 Reduction pipe1327 unroll Sym(1114) Bit_And(Sym(1105),Sym(1107))
 Reduction pipe1327 unroll Sym(1321) Vec_apply(Sym(1318),0)
 Reduction pipe1327 unroll Sym(1322) Mux2(Sym(1114),Sym(1321),Sym(53))
 Reduction pipe1327 unroll Sym(1323) FixPt_Add(Sym(1322),Sym(1320))
 Reduction pipe1327 unroll Sym(1324) Vector_from_list(List(Sym(1323)))
 Reduction pipe1327 unroll Sym(1325) Par_bram_store(Sym(1083),Sym(1108),Sym(1324))
 Reduction pipe1327 unroll Sym(1326) Reify(Const(()),Summary(mayRead(Sym(1309), Sym(1083)), mstRead(Sym(1309), Sym(1083)), mayWrite(Sym(1083)), mstWrite(Sym(1083))),List(Sym(1318), Sym(1319), Sym(1325)))
[getFileStream] Created file /home/mattfel/transform_regression_tests_21-24/hyperdsl/spatial/published/Spatial/generated/SequentialWrites//maxj/kernels//TopKernelLib.maxj
[emitAnyNode] s = x3, tpestr = FixedPoint[Signed,B32,B0]
[emitAnyNode] s = x3, tpestr = int32_t 
[emitAnyNode] s = x3, tpestr = spatial.compiler.ops.FixedPoint[spatial.shared.Signed, spatial.shared.B32, spatial.shared.B0]
[emitAnyNode] kernelName = x3, node = ConstFixPt, supportedTargets = ListBuffer(scala, cpp, maxj)
[emitAnyNode] s = x1250, tpestr = Array[FixedPoint[Signed,B32,B0]]
[emitAnyNode] s = x1250, tpestr = maxjLmem *
[emitAnyNode] s = x1250, tpestr = spatial.compiler.ops.DRAM[spatial.compiler.ops.FixedPoint[spatial.shared.Signed, spatial.shared.B32, spatial.shared.B0]]
[emitAnyNode] kernelName = x1250, node = Offchip_new, supportedTargets = ListBuffer(scala, cpp, maxj)
[emitAnyNode] s = x1251, tpestr = Array[FixedPoint[Signed,B32,B0]]
[emitAnyNode] s = x1251, tpestr = maxjLmem *
[emitAnyNode] s = x1251, tpestr = spatial.compiler.ops.DRAM[spatial.compiler.ops.FixedPoint[spatial.shared.Signed, spatial.shared.B32, spatial.shared.B0]]
[emitAnyNode] kernelName = x1251, node = Offchip_new, supportedTargets = ListBuffer(scala, cpp, maxj)
[emitAnyNode] s = x53, tpestr = FixedPoint[Signed,B32,B0]
[emitAnyNode] s = x53, tpestr = int32_t 
[emitAnyNode] s = x53, tpestr = spatial.compiler.ops.FixedPoint[spatial.shared.Signed, spatial.shared.B32, spatial.shared.B0]
[emitAnyNode] kernelName = x53, node = ConstFixPt, supportedTargets = ListBuffer(scala, cpp, maxj)
[emitAnyNode] s = x1252, tpestr = Array[FixedPoint[Signed,B32,B0]]
[emitAnyNode] s = x1252, tpestr = int32_t  *
[emitAnyNode] s = x1252, tpestr = spatial.compiler.ops.Register[spatial.compiler.ops.FixedPoint[spatial.shared.Signed, spatial.shared.B32, spatial.shared.B0]]
[emitAnyNode] kernelName = x1252, node = Argin_new, supportedTargets = ListBuffer(scala, cpp, maxj)
[emitAnyNode] s = x1, tpestr = java.lang.String
[emitAnyNode] s = x1, tpestr = string 
[emitAnyNode] s = x1, tpestr = java.lang.String
[30m[43mmaxj: don't know how to generate code for: ArrayApply(Sym(0),Const(0))[0m
[emitAnyNode] kernelName = x1, node = ArrayApply, supportedTargets = ListBuffer(scala, cpp, maxj)
[emitAnyNode] s = x2, tpestr = FixedPoint[Signed,B32,B0]
[emitAnyNode] s = x2, tpestr = int32_t 
[emitAnyNode] s = x2, tpestr = spatial.compiler.ops.FixedPoint[spatial.shared.Signed, spatial.shared.B32, spatial.shared.B0]
[30m[43mmaxj: don't know how to generate code for: Tpes_String_to_fixpt(Sym(1))[0m
[emitAnyNode] kernelName = x2, node = Tpes_String_to_fixpt, supportedTargets = ListBuffer(scala, cpp, maxj)
[emitAnyNode] s = x1253, tpestr = Unit
[emitAnyNode] s = x1253, tpestr = void 
[emitAnyNode] s = x1253, tpestr = Unit
[emitAnyNode] kernelName = x1253, node = Set_arg, supportedTargets = ListBuffer(scala, cpp, maxj)
[emitAnyNode] s = x4, tpestr = Int
[emitAnyNode] s = x4, tpestr = int32_t 
[emitAnyNode] s = x4, tpestr = Int
[30m[43mmaxj: don't know how to generate code for: Tpes_Fix_to_int(Sym(3))[0m
[emitAnyNode] kernelName = x4, node = Tpes_Fix_to_int, supportedTargets = ListBuffer(scala, cpp, maxj)
[emitAnyNode] s = x1290, tpestr = Array[FixedPoint[Signed,B32,B0]]
[emitAnyNode] s = x1290, tpestr = cppDeliteArrayint32_t *
[emitAnyNode] s = x1290, tpestr = ppl.delite.framework.datastructures.DeliteArray[spatial.compiler.ops.FixedPoint[spatial.shared.Signed, spatial.shared.B32, spatial.shared.B0]]
[30m[43mmaxj: don't know how to generate code for: DeliteArrayNew(Sym(9),spatial.compiler.ops.FixedPoint[SequentialWrites$@4f685995.type#spatial.shared.SpatialIdentifiers$Signed, SequentialWrites$@4f685995.type#spatial.shared.SpatialIdentifiers$B32, SequentialWrites$@4f685995.type#spatial.shared.SpatialIdentifiers$B0],PartitionTag(DeliteArray,false))[0m
[30m[43mmaxj: don't know how to generate code for: DeliteArrayUpdate(Sym(7),Sym(5),Sym(8))[0m
[emitAnyNode] kernelName = x1290, node = SimpleFatLoop, supportedTargets = ListBuffer(scala, cpp, maxj)
[emitAnyNode] s = x1291, tpestr = Unit
[emitAnyNode] s = x1291, tpestr = void 
[emitAnyNode] s = x1291, tpestr = Unit
[emitAnyNode] kernelName = x1291, node = Set_mem, supportedTargets = ListBuffer(scala, cpp, maxj)
[emitAnyNode] s = x61, tpestr = FixedPoint[Signed,B32,B0]
[emitAnyNode] s = x61, tpestr = int32_t 
[emitAnyNode] s = x61, tpestr = spatial.compiler.ops.FixedPoint[spatial.shared.Signed, spatial.shared.B32, spatial.shared.B0]
[emitAnyNode] kernelName = x61, node = ConstFixPt, supportedTargets = ListBuffer(scala, cpp, maxj)
[emitAnyNode] s = x64, tpestr = FixedPoint[Signed,B32,B0]
[emitAnyNode] s = x64, tpestr = int32_t 
[emitAnyNode] s = x64, tpestr = spatial.compiler.ops.FixedPoint[spatial.shared.Signed, spatial.shared.B32, spatial.shared.B0]
[emitAnyNode] kernelName = x64, node = ConstFixPt, supportedTargets = ListBuffer(scala, cpp, maxj)
[emitAnyNode] s = x75, tpestr = FixedPoint[Signed,B32,B0]
[emitAnyNode] s = x75, tpestr = int32_t 
[emitAnyNode] s = x75, tpestr = spatial.compiler.ops.FixedPoint[spatial.shared.Signed, spatial.shared.B32, spatial.shared.B0]
[emitAnyNode] kernelName = x75, node = ConstFixPt, supportedTargets = ListBuffer(scala, cpp, maxj)
[emitAnyNode] s = x1343, tpestr = Unit
[emitAnyNode] s = x1343, tpestr = void 
[emitAnyNode] s = x1343, tpestr = Unit
[emitAnyNode] kernelName = x1343, node = Hwblock, supportedTargets = ListBuffer(scala, cpp, maxj)
[emitAnyNode] s = x1344, tpestr = Array[FixedPoint[Signed,B32,B0]]
[emitAnyNode] s = x1344, tpestr = cppDeliteArrayint32_t *
[emitAnyNode] s = x1344, tpestr = ppl.delite.framework.datastructures.DeliteArray[spatial.compiler.ops.FixedPoint[spatial.shared.Signed, spatial.shared.B32, spatial.shared.B0]]
[30m[43mmaxj: don't know how to generate code for: DeliteArrayNew(Sym(4),spatial.compiler.ops.FixedPoint[SequentialWrites$@4f685995.type#spatial.shared.SpatialIdentifiers$Signed, SequentialWrites$@4f685995.type#spatial.shared.SpatialIdentifiers$B32, SequentialWrites$@4f685995.type#spatial.shared.SpatialIdentifiers$B0],PartitionTag(DeliteArray,false))[0m
[emitAnyNode] kernelName = x1344, node = DeliteArrayNew, supportedTargets = ListBuffer(scala, cpp, maxj)
[emitAnyNode] s = x1345, tpestr = Unit
[emitAnyNode] s = x1345, tpestr = void 
[emitAnyNode] s = x1345, tpestr = Unit
[emitAnyNode] kernelName = x1345, node = Get_mem, supportedTargets = ListBuffer(scala, cpp, maxj)
[emitAnyNode] s = x1346, tpestr = Unit
[emitAnyNode] s = x1346, tpestr = void 
[emitAnyNode] s = x1346, tpestr = Unit
[emitAnyNode] kernelName = x1346, node = Nosynth1_Println, supportedTargets = ListBuffer(scala, cpp, maxj)
[emitAnyNode] s = x179, tpestr = FixedPoint[Signed,B32,B0]
[emitAnyNode] s = x179, tpestr = int32_t 
[emitAnyNode] s = x179, tpestr = spatial.compiler.ops.FixedPoint[spatial.shared.Signed, spatial.shared.B32, spatial.shared.B0]
[emitAnyNode] kernelName = x179, node = Tpes_Int_to_fix, supportedTargets = ListBuffer(scala, cpp, maxj)
[emitAnyNode] s = x129, tpestr = FixedPoint[Signed,B32,B0]
[emitAnyNode] s = x129, tpestr = int32_t 
[emitAnyNode] s = x129, tpestr = spatial.compiler.ops.FixedPoint[spatial.shared.Signed, spatial.shared.B32, spatial.shared.B0]
[emitAnyNode] kernelName = x129, node = FixPt_Mul, supportedTargets = ListBuffer(scala, cpp, maxj)
[emitAnyNode] s = x132, tpestr = FixedPoint[Signed,B32,B0]
[emitAnyNode] s = x132, tpestr = int32_t 
[emitAnyNode] s = x132, tpestr = spatial.compiler.ops.FixedPoint[spatial.shared.Signed, spatial.shared.B32, spatial.shared.B0]
[emitAnyNode] kernelName = x132, node = ConstFixPt, supportedTargets = ListBuffer(scala, cpp, maxj)
[emitAnyNode] s = x1383, tpestr = Array[FixedPoint[Signed,B32,B0]]
[emitAnyNode] s = x1383, tpestr = cppDeliteArrayint32_t *
[emitAnyNode] s = x1383, tpestr = ppl.delite.framework.datastructures.DeliteArray[spatial.compiler.ops.FixedPoint[spatial.shared.Signed, spatial.shared.B32, spatial.shared.B0]]
[30m[43mmaxj: don't know how to generate code for: DeliteArrayNew(Sym(137),spatial.compiler.ops.FixedPoint[SequentialWrites$@4f685995.type#spatial.shared.SpatialIdentifiers$Signed, SequentialWrites$@4f685995.type#spatial.shared.SpatialIdentifiers$B32, SequentialWrites$@4f685995.type#spatial.shared.SpatialIdentifiers$B0],PartitionTag(DeliteArray,false))[0m
[30m[43mmaxj: don't know how to generate code for: DeliteArrayUpdate(Sym(135),Sym(130),Sym(136))[0m
[emitAnyNode] kernelName = x1383, node = SimpleFatLoop, supportedTargets = ListBuffer(scala, cpp, maxj)
[emitAnyNode] s = x1388, tpestr = Unit
[emitAnyNode] s = x1388, tpestr = void 
[emitAnyNode] s = x1388, tpestr = Unit
[30m[43mmaxj: don't know how to generate code for: Forloop(Sym(53),Sym(179),Sym(64),Block(Sym(1387)),Sym(181))[0m
[emitAnyNode] kernelName = x1388, node = Forloop, supportedTargets = ListBuffer(scala, cpp, maxj)
[emitAnyNode] s = x1389, tpestr = Unit
[emitAnyNode] s = x1389, tpestr = void 
[emitAnyNode] s = x1389, tpestr = Unit
[emitAnyNode] kernelName = x1389, node = Nosynth1_Println, supportedTargets = ListBuffer(scala, cpp, maxj)
[emitAnyNode] s = x1390, tpestr = Unit
[emitAnyNode] s = x1390, tpestr = void 
[emitAnyNode] s = x1390, tpestr = Unit
[emitAnyNode] kernelName = x1390, node = Nosynth1_Println, supportedTargets = ListBuffer(scala, cpp, maxj)
[emitAnyNode] s = x1391, tpestr = Int
[emitAnyNode] s = x1391, tpestr = int32_t 
[emitAnyNode] s = x1391, tpestr = Int
[30m[43mmaxj: don't know how to generate code for: DeliteArrayLength(Sym(1344))[0m
[emitAnyNode] kernelName = x1391, node = DeliteArrayLength, supportedTargets = ListBuffer(scala, cpp, maxj)
[emitAnyNode] s = x1392, tpestr = FixedPoint[Signed,B32,B0]
[emitAnyNode] s = x1392, tpestr = int32_t 
[emitAnyNode] s = x1392, tpestr = spatial.compiler.ops.FixedPoint[spatial.shared.Signed, spatial.shared.B32, spatial.shared.B0]
[emitAnyNode] kernelName = x1392, node = Tpes_Int_to_fix, supportedTargets = ListBuffer(scala, cpp, maxj)
[emitAnyNode] s = x1397, tpestr = Unit
[emitAnyNode] s = x1397, tpestr = void 
[emitAnyNode] s = x1397, tpestr = Unit
[30m[43mmaxj: don't know how to generate code for: Forloop(Sym(53),Sym(1392),Sym(64),Block(Sym(1396)),Sym(193))[0m
[emitAnyNode] kernelName = x1397, node = Forloop, supportedTargets = ListBuffer(scala, cpp, maxj)
[emitAnyNode] s = x1398, tpestr = Unit
[emitAnyNode] s = x1398, tpestr = void 
[emitAnyNode] s = x1398, tpestr = Unit
[emitAnyNode] kernelName = x1398, node = Nosynth1_Println, supportedTargets = ListBuffer(scala, cpp, maxj)
[emitAnyNode] s = x1439, tpestr = Array[Boolean]
[emitAnyNode] s = x1439, tpestr = cppDeliteArraybool *
[emitAnyNode] s = x1439, tpestr = ppl.delite.framework.datastructures.DeliteArray[spatial.compiler.ops.SpatialBit]
[30m[43mmaxj: don't know how to generate code for: DeliteArrayNew(Sym(208),spatial.compiler.ops.SpatialBit,PartitionTag(DeliteArray,false))[0m
[30m[43mmaxj: don't know how to generate code for: DeliteArrayApply(Sym(1344),Sym(201))[0m
[30m[43mmaxj: don't know how to generate code for: DeliteArrayApply(Sym(1383),Sym(201))[0m
[30m[43mmaxj: don't know how to generate code for: DeliteArrayUpdate(Sym(206),Sym(201),Sym(207))[0m
[emitAnyNode] kernelName = x1439, node = SimpleFatLoop, supportedTargets = ListBuffer(scala, cpp, maxj)
[emitAnyNode] s = x1440, tpestr = Int
[emitAnyNode] s = x1440, tpestr = int32_t 
[emitAnyNode] s = x1440, tpestr = Int
[30m[43mmaxj: don't know how to generate code for: DeliteArrayLength(Sym(1439))[0m
[emitAnyNode] kernelName = x1440, node = DeliteArrayLength, supportedTargets = ListBuffer(scala, cpp, maxj)
[emitAnyNode] s = x249, tpestr = Boolean
[emitAnyNode] s = x249, tpestr = bool 
[emitAnyNode] s = x249, tpestr = spatial.compiler.ops.SpatialBit
[emitAnyNode] kernelName = x249, node = ConstBit, supportedTargets = ListBuffer(scala, cpp, maxj)
[emitAnyNode] s = x1445, tpestr = Boolean
[emitAnyNode] s = x1445, tpestr = bool 
[emitAnyNode] s = x1445, tpestr = spatial.compiler.ops.SpatialBit
[30m[43mmaxj: don't know how to generate code for: DeliteArrayApply(Sym(1439),Sym(251))[0m
[30m[43mmaxj: don't know how to generate code for: DeliteArrayApply(Sym(1439),Sym(251))[0m
[emitAnyNode] kernelName = x1445, node = SimpleFatLoop, supportedTargets = ListBuffer(scala, cpp, maxj)
[emitAnyNode] s = x1446, tpestr = java.lang.String
[emitAnyNode] s = x1446, tpestr = string 
[emitAnyNode] s = x1446, tpestr = java.lang.String
[30m[43mmaxj: don't know how to generate code for: FString_Forge_string_plus(Const(PASS: ),Sym(1445))[0m
[emitAnyNode] kernelName = x1446, node = FString_Forge_string_plus, supportedTargets = ListBuffer(scala, cpp, maxj)
[emitAnyNode] s = x1447, tpestr = java.lang.String
[emitAnyNode] s = x1447, tpestr = string 
[emitAnyNode] s = x1447, tpestr = java.lang.String
[30m[43mmaxj: don't know how to generate code for: FString_Forge_string_plus(Sym(1446),Const( (SequentialWrites)))[0m
[emitAnyNode] kernelName = x1447, node = FString_Forge_string_plus, supportedTargets = ListBuffer(scala, cpp, maxj)
[emitAnyNode] s = x1448, tpestr = Unit
[emitAnyNode] s = x1448, tpestr = void 
[emitAnyNode] s = x1448, tpestr = Unit
[emitAnyNode] kernelName = x1448, node = Nosynth1_Println, supportedTargets = ListBuffer(scala, cpp, maxj)
[delite info 2016-10-09 21:41:55.626897]: Generating DEG file with options: {'enable_pir': True, 'verbose': False, 'no_fusion': False, 'cluster': False, 'debuglast': False, 'no_blas': False, 'no_multidimgpu': False, 'latency': False, 'xdebug': False, 'jar_app': False, 'opencl': False, 'build_dir': '/home/mattfel/transform_regression_tests_21-24/hyperdsl/spatial/published/Spatial', 'maxj': False, 'dump_exception': True, 'no_soa': False, 'strict_control': False, 'profile': False, 'enable_dse': True, 'debug': False, 'optimize': 0, 'long_int': False, 'xnocache': False, 'cuda': False, 'cpp': False, 'dot': False}
Ignoring silly LD_PRELOAD  e r r o r
Ignoring silly LD_PRELOAD  e r r o r
numMaxJ = 1
scheduler = dynamic
[MaxJExecutableGenerator::makeNestedFunction() Cannot generate 'Free_x1')
[MaxJExecutableGenerator::makeNestedFunction() Cannot generate 'Free_x2')
[MaxJExecutableGenerator::makeNestedFunction() Cannot generate 'Free_x1253')
[MaxJExecutableGenerator::makeNestedFunction() Cannot generate 'Free_x4')
[MaxJExecutableGenerator::makeNestedFunction() Cannot generate 'Free_x1291')
[MaxJExecutableGenerator::makeNestedFunction() Cannot generate 'Free_x61')
[MaxJExecutableGenerator::makeNestedFunction() Cannot generate 'Free_x1343')
[MaxJExecutableGenerator::makeNestedFunction() Cannot generate 'Free_x1345')
[MaxJExecutableGenerator::makeNestedFunction() Cannot generate 'Free_x129')
[MaxJExecutableGenerator::makeNestedFunction() Cannot generate 'Free_x1383')
[MaxJExecutableGenerator::makeNestedFunction() Cannot generate 'Free_x1388')
[MaxJExecutableGenerator::makeNestedFunction() Cannot generate 'Free_x1397')
[MaxJExecutableGenerator::makeNestedFunction() Cannot generate 'Free_x1439')
[MaxJExecutableGenerator::makeNestedFunction() Cannot generate 'Free_x1445')
[MaxJExecutableGenerator::makeNestedFunction() Cannot generate 'Free_x1446')
[MaxJExecutableGenerator::makeNestedFunction() Cannot generate 'Free_x1447')
[MaxJExecutableGenerator::makeNestedFunction() Cannot generate 'Free_x1448')
[delite info 2016-10-09 21:42:13.295772]: executing application: SequentialWrites.deg 
Parsing log
Running Spatial with arguments: 
/opt/maxcompiler/bin/maxcompilersim -n Top$(md5sum ./maxj/src/kernels/TopKernelLib.maxj | cut -c1-5 | sed 's/1/z/g' | sed 's/2/y/g' | sed 's/3/q/g' | sed 's/4/r/g' | sed 's/5/s/g' | sed 's/6/t/g' | sed 's/7/u/g' | sed 's/8/v/g' | sed 's/9/w/g' | sed 's/0/x/g') stop
ERROR: No PID or lock files found for simulation 'Topubrax' on host 'london'.
make: [clean] Error 1 (ignored)
rm -f maxobj_Top_DFE_SIM.o
rm -f Top_sim
rm -rf bin Top_MAX4848A_DFE_SIM
rm -f maxj/src/runtime/Executable1.o cpp/src/kernels/cpphelperFuncs.o cpp/src/kernels/x1250.o cpp/src/kernels/x1251.o cpp/src/kernels/x1252.o cpp/src/kernels/x1253.o cpp/src/kernels/x1290.o cpp/src/kernels/x1291.o cpp/src/kernels/x129.o cpp/src/kernels/x132.o cpp/src/kernels/x1343.o cpp/src/kernels/x1344.o cpp/src/kernels/x1345.o cpp/src/kernels/x1346.o cpp/src/kernels/x1383.o cpp/src/kernels/x1388.o cpp/src/kernels/x1389.o cpp/src/kernels/x1390.o cpp/src/kernels/x1391.o cpp/src/kernels/x1392.o cpp/src/kernels/x1397.o cpp/src/kernels/x1398.o cpp/src/kernels/x1439.o cpp/src/kernels/x1440.o cpp/src/kernels/x1445.o cpp/src/kernels/x1446.o cpp/src/kernels/x1447.o cpp/src/kernels/x1448.o cpp/src/kernels/x179.o cpp/src/kernels/x1.o cpp/src/kernels/x249.o cpp/src/kernels/x2.o cpp/src/kernels/x3.o cpp/src/kernels/x4.o cpp/src/kernels/x53.o cpp/src/kernels/x61.o cpp/src/kernels/x64.o cpp/src/kernels/x75.o cpp/src/static/cpp/Config.o cpp/src/static/cpp/cppDeliteArray.o cpp/src/static/cpp/cppInit.o cpp/src/static/cpp/cppList.o cpp/src/static/cpp/cppRef.o cpp/src/static/cpp/DeliteCpp.o cpp/src/static/cpp/DeliteCppProfiler.o cpp/src/static/cpp/DeliteMemory.o cpp/src/static/cpp/DeliteThreadPool.o cpp/src/static/cpp/pcmHelper.o
rm -f *.log
rm -rf debug*
ant
Buildfile: /local/ssd/home/mattfel/transform_regression_tests_21-24/hyperdsl/spatial/regression_tests/unit/17_SequentialWrites/out/build.xml

init:
    [mkdir] Created dir: /local/ssd/home/mattfel/transform_regression_tests_21-24/hyperdsl/spatial/regression_tests/unit/17_SequentialWrites/out/bin

compile:
     [echo] Using MaxCompiler from: /opt/maxcompiler
     [echo] Compiling templates
[maxjcompiler] 
[maxjcompiler] 
[maxjcompiler] Compiling to folder /local/ssd/home/mattfel/transform_regression_tests_21-24/hyperdsl/spatial/regression_tests/unit/17_SequentialWrites/out/bin
[maxjcompiler] ----------
[maxjcompiler] 1. WARNING in /local/ssd/home/mattfel/transform_regression_tests_21-24/hyperdsl/spatial/regression_tests/unit/17_SequentialWrites/out/maxj/src/static/templates/SingleCtrSM.maxj (at line 8)
[maxjcompiler] 	import com.maxeler.maxcompiler.v2.statemachine.DFEsmValue;
[maxjcompiler] 	       ^^^^^^^^^^^^^^^^^^^^^^^^^^^^^^^^^^^^^^^^^^^^^^^^^^
[maxjcompiler] The import com.maxeler.maxcompiler.v2.statemachine.DFEsmValue is never used
[maxjcompiler] ----------
[maxjcompiler] ----------
[maxjcompiler] 2. WARNING in /local/ssd/home/mattfel/transform_regression_tests_21-24/hyperdsl/spatial/regression_tests/unit/17_SequentialWrites/out/maxj/src/static/templates/PQ.maxj (at line 5)
[maxjcompiler] 	import com.maxeler.maxcompiler.v2.kernelcompiler.stdlib.memory.Memory;
[maxjcompiler] 	       ^^^^^^^^^^^^^^^^^^^^^^^^^^^^^^^^^^^^^^^^^^^^^^^^^^^^^^^^^^^^^^
[maxjcompiler] The import com.maxeler.maxcompiler.v2.kernelcompiler.stdlib.memory.Memory is never used
[maxjcompiler] ----------
[maxjcompiler] 3. WARNING in /local/ssd/home/mattfel/transform_regression_tests_21-24/hyperdsl/spatial/regression_tests/unit/17_SequentialWrites/out/maxj/src/static/templates/PQ.maxj (at line 9)
[maxjcompiler] 	import com.maxeler.maxcompiler.v2.kernelcompiler.types.composite.DFEVector;
[maxjcompiler] 	       ^^^^^^^^^^^^^^^^^^^^^^^^^^^^^^^^^^^^^^^^^^^^^^^^^^^^^^^^^^^^^^^^^^^
[maxjcompiler] The import com.maxeler.maxcompiler.v2.kernelcompiler.types.composite.DFEVector is never used
[maxjcompiler] ----------
[maxjcompiler] 4. WARNING in /local/ssd/home/mattfel/transform_regression_tests_21-24/hyperdsl/spatial/regression_tests/unit/17_SequentialWrites/out/maxj/src/static/templates/PQ.maxj (at line 10)
[maxjcompiler] 	import com.maxeler.maxcompiler.v2.kernelcompiler.stdlib.Reductions;
[maxjcompiler] 	       ^^^^^^^^^^^^^^^^^^^^^^^^^^^^^^^^^^^^^^^^^^^^^^^^^^^^^^^^^^^
[maxjcompiler] The import com.maxeler.maxcompiler.v2.kernelcompiler.stdlib.Reductions is never used
[maxjcompiler] ----------
[maxjcompiler] ----------
[maxjcompiler] 5. WARNING in /local/ssd/home/mattfel/transform_regression_tests_21-24/hyperdsl/spatial/regression_tests/unit/17_SequentialWrites/out/maxj/src/static/templates/Scatter.maxj (at line 6)
[maxjcompiler] 	import com.maxeler.maxcompiler.v2.kernelcompiler.stdlib.core.CounterChain;
[maxjcompiler] 	       ^^^^^^^^^^^^^^^^^^^^^^^^^^^^^^^^^^^^^^^^^^^^^^^^^^^^^^^^^^^^^^^^^^
[maxjcompiler] The import com.maxeler.maxcompiler.v2.kernelcompiler.stdlib.core.CounterChain is never used
[maxjcompiler] ----------
[maxjcompiler] 6. WARNING in /local/ssd/home/mattfel/transform_regression_tests_21-24/hyperdsl/spatial/regression_tests/unit/17_SequentialWrites/out/maxj/src/static/templates/Scatter.maxj (at line 7)
[maxjcompiler] 	import com.maxeler.maxcompiler.v2.kernelcompiler.stdlib.core.Count.WrapMode;
[maxjcompiler] 	       ^^^^^^^^^^^^^^^^^^^^^^^^^^^^^^^^^^^^^^^^^^^^^^^^^^^^^^^^^^^^^^^^^^^^
[maxjcompiler] The import com.maxeler.maxcompiler.v2.kernelcompiler.stdlib.core.Count.WrapMode is never used
[maxjcompiler] ----------
[maxjcompiler] 7. WARNING in /local/ssd/home/mattfel/transform_regression_tests_21-24/hyperdsl/spatial/regression_tests/unit/17_SequentialWrites/out/maxj/src/static/templates/Scatter.maxj (at line 11)
[maxjcompiler] 	import com.maxeler.maxcompiler.v2.kernelcompiler.Optimization;
[maxjcompiler] 	       ^^^^^^^^^^^^^^^^^^^^^^^^^^^^^^^^^^^^^^^^^^^^^^^^^^^^^^
[maxjcompiler] The import com.maxeler.maxcompiler.v2.kernelcompiler.Optimization is never used
[maxjcompiler] ----------
[maxjcompiler] 8. WARNING in /local/ssd/home/mattfel/transform_regression_tests_21-24/hyperdsl/spatial/regression_tests/unit/17_SequentialWrites/out/maxj/src/static/templates/Scatter.maxj (at line 12)
[maxjcompiler] 	import com.maxeler.maxcompiler.v2.kernelcompiler.stdlib.Reductions;
[maxjcompiler] 	       ^^^^^^^^^^^^^^^^^^^^^^^^^^^^^^^^^^^^^^^^^^^^^^^^^^^^^^^^^^^
[maxjcompiler] The import com.maxeler.maxcompiler.v2.kernelcompiler.stdlib.Reductions is never used
[maxjcompiler] ----------
[maxjcompiler] 9. WARNING in /local/ssd/home/mattfel/transform_regression_tests_21-24/hyperdsl/spatial/regression_tests/unit/17_SequentialWrites/out/maxj/src/static/templates/Scatter.maxj (at line 19)
[maxjcompiler] 	import com.maxeler.maxcompiler.v2.kernelcompiler.types.composite.DFEVector;
[maxjcompiler] 	       ^^^^^^^^^^^^^^^^^^^^^^^^^^^^^^^^^^^^^^^^^^^^^^^^^^^^^^^^^^^^^^^^^^^
[maxjcompiler] The import com.maxeler.maxcompiler.v2.kernelcompiler.types.composite.DFEVector is never used
[maxjcompiler] ----------
[maxjcompiler] 10. WARNING in /local/ssd/home/mattfel/transform_regression_tests_21-24/hyperdsl/spatial/regression_tests/unit/17_SequentialWrites/out/maxj/src/static/templates/Scatter.maxj (at line 20)
[maxjcompiler] 	import com.maxeler.maxcompiler.v2.kernelcompiler.types.composite.DFEVectorType;
[maxjcompiler] 	       ^^^^^^^^^^^^^^^^^^^^^^^^^^^^^^^^^^^^^^^^^^^^^^^^^^^^^^^^^^^^^^^^^^^^^^^
[maxjcompiler] The import com.maxeler.maxcompiler.v2.kernelcompiler.types.composite.DFEVectorType is never used
[maxjcompiler] ----------
[maxjcompiler] 11. WARNING in /local/ssd/home/mattfel/transform_regression_tests_21-24/hyperdsl/spatial/regression_tests/unit/17_SequentialWrites/out/maxj/src/static/templates/Scatter.maxj (at line 21)
[maxjcompiler] 	import com.maxeler.maxcompiler.v2.kernelcompiler.types.composite.DFEStruct;
[maxjcompiler] 	       ^^^^^^^^^^^^^^^^^^^^^^^^^^^^^^^^^^^^^^^^^^^^^^^^^^^^^^^^^^^^^^^^^^^
[maxjcompiler] The import com.maxeler.maxcompiler.v2.kernelcompiler.types.composite.DFEStruct is never used
[maxjcompiler] ----------
[maxjcompiler] 12. WARNING in /local/ssd/home/mattfel/transform_regression_tests_21-24/hyperdsl/spatial/regression_tests/unit/17_SequentialWrites/out/maxj/src/static/templates/Scatter.maxj (at line 22)
[maxjcompiler] 	import com.maxeler.maxcompiler.v2.kernelcompiler.types.composite.DFEStructType;
[maxjcompiler] 	       ^^^^^^^^^^^^^^^^^^^^^^^^^^^^^^^^^^^^^^^^^^^^^^^^^^^^^^^^^^^^^^^^^^^^^^^
[maxjcompiler] The import com.maxeler.maxcompiler.v2.kernelcompiler.types.composite.DFEStructType is never used
[maxjcompiler] ----------
[maxjcompiler] 13. WARNING in /local/ssd/home/mattfel/transform_regression_tests_21-24/hyperdsl/spatial/regression_tests/unit/17_SequentialWrites/out/maxj/src/static/templates/Scatter.maxj (at line 23)
[maxjcompiler] 	import com.maxeler.maxcompiler.v2.kernelcompiler.types.composite.DFEStructType.StructFieldType;
[maxjcompiler] 	       ^^^^^^^^^^^^^^^^^^^^^^^^^^^^^^^^^^^^^^^^^^^^^^^^^^^^^^^^^^^^^^^^^^^^^^^^^^^^^^^^^^^^^^^
[maxjcompiler] The import com.maxeler.maxcompiler.v2.kernelcompiler.types.composite.DFEStructType.StructFieldType is never used
[maxjcompiler] ----------
[maxjcompiler] 14. WARNING in /local/ssd/home/mattfel/transform_regression_tests_21-24/hyperdsl/spatial/regression_tests/unit/17_SequentialWrites/out/maxj/src/static/templates/Scatter.maxj (at line 24)
[maxjcompiler] 	import java.util.ArrayList;
[maxjcompiler] 	       ^^^^^^^^^^^^^^^^^^^
[maxjcompiler] The import java.util.ArrayList is never used
[maxjcompiler] ----------
[maxjcompiler] 15. WARNING in /local/ssd/home/mattfel/transform_regression_tests_21-24/hyperdsl/spatial/regression_tests/unit/17_SequentialWrites/out/maxj/src/static/templates/Scatter.maxj (at line 75)
[maxjcompiler] 	DFEVar package_done = sm.getOutput("package_done");
[maxjcompiler] 	       ^^^^^^^^^^^^
[maxjcompiler] The local variable package_done is never read
[maxjcompiler] ----------
[maxjcompiler] 16. WARNING in /local/ssd/home/mattfel/transform_regression_tests_21-24/hyperdsl/spatial/regression_tests/unit/17_SequentialWrites/out/maxj/src/static/templates/Scatter.maxj (at line 274)
[maxjcompiler] 	DFEVar package_done = sm.getOutput("package_done");
[maxjcompiler] 	       ^^^^^^^^^^^^
[maxjcompiler] The local variable package_done is never read
[maxjcompiler] ----------
[maxjcompiler] ----------
[maxjcompiler] 17. WARNING in /local/ssd/home/mattfel/transform_regression_tests_21-24/hyperdsl/spatial/regression_tests/unit/17_SequentialWrites/out/maxj/src/static/templates/NBufSM.maxj (at line 9)
[maxjcompiler] 	import java.util.ArrayList;
[maxjcompiler] 	       ^^^^^^^^^^^^^^^^^^^
[maxjcompiler] The import java.util.ArrayList is never used
[maxjcompiler] ----------
[maxjcompiler] 18. WARNING in /local/ssd/home/mattfel/transform_regression_tests_21-24/hyperdsl/spatial/regression_tests/unit/17_SequentialWrites/out/maxj/src/static/templates/NBufSM.maxj (at line 10)
[maxjcompiler] 	import java.util.List;
[maxjcompiler] 	       ^^^^^^^^^^^^^^
[maxjcompiler] The import java.util.List is never used
[maxjcompiler] ----------
[maxjcompiler] ----------
[maxjcompiler] 19. WARNING in /local/ssd/home/mattfel/transform_regression_tests_21-24/hyperdsl/spatial/regression_tests/unit/17_SequentialWrites/out/maxj/src/static/templates/DblBufStateMachine.maxj (at line 48)
[maxjcompiler] 	this.numIter = numIter;
[maxjcompiler] 	^^^^^^^^^^^^^^^^^^^^^^
[maxjcompiler] The assignment to variable numIter has no effect
[maxjcompiler] ----------
[maxjcompiler] ----------
[maxjcompiler] 20. WARNING in /local/ssd/home/mattfel/transform_regression_tests_21-24/hyperdsl/spatial/regression_tests/unit/17_SequentialWrites/out/maxj/src/static/templates/DblBufReg.maxj (at line 5)
[maxjcompiler] 	import com.maxeler.maxcompiler.v2.kernelcompiler.stdlib.memory.Memory;
[maxjcompiler] 	       ^^^^^^^^^^^^^^^^^^^^^^^^^^^^^^^^^^^^^^^^^^^^^^^^^^^^^^^^^^^^^^
[maxjcompiler] The import com.maxeler.maxcompiler.v2.kernelcompiler.stdlib.memory.Memory is never used
[maxjcompiler] ----------
[maxjcompiler] 21. WARNING in /local/ssd/home/mattfel/transform_regression_tests_21-24/hyperdsl/spatial/regression_tests/unit/17_SequentialWrites/out/maxj/src/static/templates/DblBufReg.maxj (at line 7)
[maxjcompiler] 	import com.maxeler.maxcompiler.v2.utils.MathUtils;
[maxjcompiler] 	       ^^^^^^^^^^^^^^^^^^^^^^^^^^^^^^^^^^^^^^^^^^
[maxjcompiler] The import com.maxeler.maxcompiler.v2.utils.MathUtils is never used
[maxjcompiler] ----------
[maxjcompiler] 22. WARNING in /local/ssd/home/mattfel/transform_regression_tests_21-24/hyperdsl/spatial/regression_tests/unit/17_SequentialWrites/out/maxj/src/static/templates/DblBufReg.maxj (at line 9)
[maxjcompiler] 	import com.maxeler.maxcompiler.v2.kernelcompiler.Optimization;
[maxjcompiler] 	       ^^^^^^^^^^^^^^^^^^^^^^^^^^^^^^^^^^^^^^^^^^^^^^^^^^^^^^
[maxjcompiler] The import com.maxeler.maxcompiler.v2.kernelcompiler.Optimization is never used
[maxjcompiler] ----------
[maxjcompiler] ----------
[maxjcompiler] 23. WARNING in /local/ssd/home/mattfel/transform_regression_tests_21-24/hyperdsl/spatial/regression_tests/unit/17_SequentialWrites/out/maxj/src/static/templates/ScatterSM.maxj (at line 9)
[maxjcompiler] 	import com.maxeler.maxcompiler.v2.utils.MathUtils;
[maxjcompiler] 	       ^^^^^^^^^^^^^^^^^^^^^^^^^^^^^^^^^^^^^^^^^^
[maxjcompiler] The import com.maxeler.maxcompiler.v2.utils.MathUtils is never used
[maxjcompiler] ----------
[maxjcompiler] ----------
[maxjcompiler] 24. WARNING in /local/ssd/home/mattfel/transform_regression_tests_21-24/hyperdsl/spatial/regression_tests/unit/17_SequentialWrites/out/maxj/src/static/templates/Gather.maxj (at line 6)
[maxjcompiler] 	import com.maxeler.maxcompiler.v2.kernelcompiler.stdlib.core.CounterChain;
[maxjcompiler] 	       ^^^^^^^^^^^^^^^^^^^^^^^^^^^^^^^^^^^^^^^^^^^^^^^^^^^^^^^^^^^^^^^^^^
[maxjcompiler] The import com.maxeler.maxcompiler.v2.kernelcompiler.stdlib.core.CounterChain is never used
[maxjcompiler] ----------
[maxjcompiler] 25. WARNING in /local/ssd/home/mattfel/transform_regression_tests_21-24/hyperdsl/spatial/regression_tests/unit/17_SequentialWrites/out/maxj/src/static/templates/Gather.maxj (at line 7)
[maxjcompiler] 	import com.maxeler.maxcompiler.v2.kernelcompiler.stdlib.core.Count.WrapMode;
[maxjcompiler] 	       ^^^^^^^^^^^^^^^^^^^^^^^^^^^^^^^^^^^^^^^^^^^^^^^^^^^^^^^^^^^^^^^^^^^^
[maxjcompiler] The import com.maxeler.maxcompiler.v2.kernelcompiler.stdlib.core.Count.WrapMode is never used
[maxjcompiler] ----------
[maxjcompiler] 26. WARNING in /local/ssd/home/mattfel/transform_regression_tests_21-24/hyperdsl/spatial/regression_tests/unit/17_SequentialWrites/out/maxj/src/static/templates/Gather.maxj (at line 11)
[maxjcompiler] 	import com.maxeler.maxcompiler.v2.kernelcompiler.Optimization;
[maxjcompiler] 	       ^^^^^^^^^^^^^^^^^^^^^^^^^^^^^^^^^^^^^^^^^^^^^^^^^^^^^^
[maxjcompiler] The import com.maxeler.maxcompiler.v2.kernelcompiler.Optimization is never used
[maxjcompiler] ----------
[maxjcompiler] 27. WARNING in /local/ssd/home/mattfel/transform_regression_tests_21-24/hyperdsl/spatial/regression_tests/unit/17_SequentialWrites/out/maxj/src/static/templates/Gather.maxj (at line 12)
[maxjcompiler] 	import com.maxeler.maxcompiler.v2.kernelcompiler.stdlib.Reductions;
[maxjcompiler] 	       ^^^^^^^^^^^^^^^^^^^^^^^^^^^^^^^^^^^^^^^^^^^^^^^^^^^^^^^^^^^
[maxjcompiler] The import com.maxeler.maxcompiler.v2.kernelcompiler.stdlib.Reductions is never used
[maxjcompiler] ----------
[maxjcompiler] 28. WARNING in /local/ssd/home/mattfel/transform_regression_tests_21-24/hyperdsl/spatial/regression_tests/unit/17_SequentialWrites/out/maxj/src/static/templates/Gather.maxj (at line 21)
[maxjcompiler] 	import com.maxeler.maxcompiler.v2.kernelcompiler.types.composite.DFEStruct;
[maxjcompiler] 	       ^^^^^^^^^^^^^^^^^^^^^^^^^^^^^^^^^^^^^^^^^^^^^^^^^^^^^^^^^^^^^^^^^^^
[maxjcompiler] The import com.maxeler.maxcompiler.v2.kernelcompiler.types.composite.DFEStruct is never used
[maxjcompiler] ----------
[maxjcompiler] 29. WARNING in /local/ssd/home/mattfel/transform_regression_tests_21-24/hyperdsl/spatial/regression_tests/unit/17_SequentialWrites/out/maxj/src/static/templates/Gather.maxj (at line 22)
[maxjcompiler] 	import com.maxeler.maxcompiler.v2.kernelcompiler.types.composite.DFEStructType;
[maxjcompiler] 	       ^^^^^^^^^^^^^^^^^^^^^^^^^^^^^^^^^^^^^^^^^^^^^^^^^^^^^^^^^^^^^^^^^^^^^^^
[maxjcompiler] The import com.maxeler.maxcompiler.v2.kernelcompiler.types.composite.DFEStructType is never used
[maxjcompiler] ----------
[maxjcompiler] 30. WARNING in /local/ssd/home/mattfel/transform_regression_tests_21-24/hyperdsl/spatial/regression_tests/unit/17_SequentialWrites/out/maxj/src/static/templates/Gather.maxj (at line 23)
[maxjcompiler] 	import com.maxeler.maxcompiler.v2.kernelcompiler.types.composite.DFEStructType.StructFieldType;
[maxjcompiler] 	       ^^^^^^^^^^^^^^^^^^^^^^^^^^^^^^^^^^^^^^^^^^^^^^^^^^^^^^^^^^^^^^^^^^^^^^^^^^^^^^^^^^^^^^^
[maxjcompiler] The import com.maxeler.maxcompiler.v2.kernelcompiler.types.composite.DFEStructType.StructFieldType is never used
[maxjcompiler] ----------
[maxjcompiler] 31. WARNING in /local/ssd/home/mattfel/transform_regression_tests_21-24/hyperdsl/spatial/regression_tests/unit/17_SequentialWrites/out/maxj/src/static/templates/Gather.maxj (at line 24)
[maxjcompiler] 	import java.util.ArrayList;
[maxjcompiler] 	       ^^^^^^^^^^^^^^^^^^^
[maxjcompiler] The import java.util.ArrayList is never used
[maxjcompiler] ----------
[maxjcompiler] 32. WARNING in /local/ssd/home/mattfel/transform_regression_tests_21-24/hyperdsl/spatial/regression_tests/unit/17_SequentialWrites/out/maxj/src/static/templates/Gather.maxj (at line 105)
[maxjcompiler] 	DFEVar package_done = sm.getOutput("package_done");
[maxjcompiler] 	       ^^^^^^^^^^^^
[maxjcompiler] The local variable package_done is never read
[maxjcompiler] ----------
[maxjcompiler] 33. WARNING in /local/ssd/home/mattfel/transform_regression_tests_21-24/hyperdsl/spatial/regression_tests/unit/17_SequentialWrites/out/maxj/src/static/templates/Gather.maxj (at line 303)
[maxjcompiler] 	DFEVar package_done = sm.getOutput("package_done");
[maxjcompiler] 	       ^^^^^^^^^^^^
[maxjcompiler] The local variable package_done is never read
[maxjcompiler] ----------
[maxjcompiler] ----------
[maxjcompiler] 34. WARNING in /local/ssd/home/mattfel/transform_regression_tests_21-24/hyperdsl/spatial/regression_tests/unit/17_SequentialWrites/out/maxj/src/static/templates/GBRSM.maxj (at line 8)
[maxjcompiler] 	import com.maxeler.maxcompiler.v2.statemachine.DFEsmValue;
[maxjcompiler] 	       ^^^^^^^^^^^^^^^^^^^^^^^^^^^^^^^^^^^^^^^^^^^^^^^^^^
[maxjcompiler] The import com.maxeler.maxcompiler.v2.statemachine.DFEsmValue is never used
[maxjcompiler] ----------
[maxjcompiler] ----------
[maxjcompiler] 35. WARNING in /local/ssd/home/mattfel/transform_regression_tests_21-24/hyperdsl/spatial/regression_tests/unit/17_SequentialWrites/out/maxj/src/static/templates/DblBufStateMachine_2.maxj (at line 41)
[maxjcompiler] 	DFEsmValueType counterType = dfeUInt(2);
[maxjcompiler] 	               ^^^^^^^^^^^
[maxjcompiler] The local variable counterType is never read
[maxjcompiler] ----------
[maxjcompiler] 36. WARNING in /local/ssd/home/mattfel/transform_regression_tests_21-24/hyperdsl/spatial/regression_tests/unit/17_SequentialWrites/out/maxj/src/static/templates/DblBufStateMachine_2.maxj (at line 59)
[maxjcompiler] 	this.numIter = numIter;
[maxjcompiler] 	^^^^^^^^^^^^^^^^^^^^^^
[maxjcompiler] The assignment to variable numIter has no effect
[maxjcompiler] ----------
[maxjcompiler] ----------
[maxjcompiler] 37. WARNING in /local/ssd/home/mattfel/transform_regression_tests_21-24/hyperdsl/spatial/regression_tests/unit/17_SequentialWrites/out/maxj/src/static/templates/VDblBufKernelLib.maxj (at line 8)
[maxjcompiler] 	import com.maxeler.maxcompiler.v2.kernelcompiler.types.base.DFEType;
[maxjcompiler] 	       ^^^^^^^^^^^^^^^^^^^^^^^^^^^^^^^^^^^^^^^^^^^^^^^^^^^^^^^^^^^^
[maxjcompiler] The import com.maxeler.maxcompiler.v2.kernelcompiler.types.base.DFEType is never used
[maxjcompiler] ----------
[maxjcompiler] ----------
[maxjcompiler] 38. WARNING in /local/ssd/home/mattfel/transform_regression_tests_21-24/hyperdsl/spatial/regression_tests/unit/17_SequentialWrites/out/maxj/src/static/templates/NBufKernelLib.maxj (at line 5)
[maxjcompiler] 	import com.maxeler.maxcompiler.v2.kernelcompiler.stdlib.memory.Memory;
[maxjcompiler] 	       ^^^^^^^^^^^^^^^^^^^^^^^^^^^^^^^^^^^^^^^^^^^^^^^^^^^^^^^^^^^^^^
[maxjcompiler] The import com.maxeler.maxcompiler.v2.kernelcompiler.stdlib.memory.Memory is never used
[maxjcompiler] ----------
[maxjcompiler] 39. WARNING in /local/ssd/home/mattfel/transform_regression_tests_21-24/hyperdsl/spatial/regression_tests/unit/17_SequentialWrites/out/maxj/src/static/templates/NBufKernelLib.maxj (at line 9)
[maxjcompiler] 	import com.maxeler.maxcompiler.v2.kernelcompiler.Optimization;
[maxjcompiler] 	       ^^^^^^^^^^^^^^^^^^^^^^^^^^^^^^^^^^^^^^^^^^^^^^^^^^^^^^
[maxjcompiler] The import com.maxeler.maxcompiler.v2.kernelcompiler.Optimization is never used
[maxjcompiler] ----------
[maxjcompiler] 40. WARNING in /local/ssd/home/mattfel/transform_regression_tests_21-24/hyperdsl/spatial/regression_tests/unit/17_SequentialWrites/out/maxj/src/static/templates/NBufKernelLib.maxj (at line 12)
[maxjcompiler] 	import com.maxeler.maxcompiler.v2.utils.Bits;
[maxjcompiler] 	       ^^^^^^^^^^^^^^^^^^^^^^^^^^^^^^^^^^^^^
[maxjcompiler] The import com.maxeler.maxcompiler.v2.utils.Bits is never used
[maxjcompiler] ----------
[maxjcompiler] 41. WARNING in /local/ssd/home/mattfel/transform_regression_tests_21-24/hyperdsl/spatial/regression_tests/unit/17_SequentialWrites/out/maxj/src/static/templates/NBufKernelLib.maxj (at line 105)
[maxjcompiler] 	this.type = type;
[maxjcompiler] 	^^^^^^^^^^^^^^^^
[maxjcompiler] The assignment to variable type has no effect
[maxjcompiler] ----------
[maxjcompiler] ----------
[maxjcompiler] 42. WARNING in /local/ssd/home/mattfel/transform_regression_tests_21-24/hyperdsl/spatial/regression_tests/unit/17_SequentialWrites/out/maxj/src/static/templates/MemoryCmdSM.maxj (at line 6)
[maxjcompiler] 	import com.maxeler.maxcompiler.v2.statemachine.DFEsmStateValue;
[maxjcompiler] 	       ^^^^^^^^^^^^^^^^^^^^^^^^^^^^^^^^^^^^^^^^^^^^^^^^^^^^^^^
[maxjcompiler] The import com.maxeler.maxcompiler.v2.statemachine.DFEsmStateValue is never used
[maxjcompiler] ----------
[maxjcompiler] 43. WARNING in /local/ssd/home/mattfel/transform_regression_tests_21-24/hyperdsl/spatial/regression_tests/unit/17_SequentialWrites/out/maxj/src/static/templates/MemoryCmdSM.maxj (at line 35)
[maxjcompiler] 	DFEsmValueType counterType = dfeUInt(32);
[maxjcompiler] 	               ^^^^^^^^^^^
[maxjcompiler] The local variable counterType is never read
[maxjcompiler] ----------
[maxjcompiler] ----------
[maxjcompiler] 44. WARNING in /local/ssd/home/mattfel/transform_regression_tests_21-24/hyperdsl/spatial/regression_tests/unit/17_SequentialWrites/out/maxj/src/static/templates/MemoryCmdGen.maxj (at line 7)
[maxjcompiler] 	import com.maxeler.maxcompiler.v2.kernelcompiler.stdlib.core.CounterChain;
[maxjcompiler] 	       ^^^^^^^^^^^^^^^^^^^^^^^^^^^^^^^^^^^^^^^^^^^^^^^^^^^^^^^^^^^^^^^^^^
[maxjcompiler] The import com.maxeler.maxcompiler.v2.kernelcompiler.stdlib.core.CounterChain is never used
[maxjcompiler] ----------
[maxjcompiler] 45. WARNING in /local/ssd/home/mattfel/transform_regression_tests_21-24/hyperdsl/spatial/regression_tests/unit/17_SequentialWrites/out/maxj/src/static/templates/MemoryCmdGen.maxj (at line 10)
[maxjcompiler] 	import com.maxeler.maxcompiler.v2.utils.MathUtils;
[maxjcompiler] 	       ^^^^^^^^^^^^^^^^^^^^^^^^^^^^^^^^^^^^^^^^^^
[maxjcompiler] The import com.maxeler.maxcompiler.v2.utils.MathUtils is never used
[maxjcompiler] ----------
[maxjcompiler] 46. WARNING in /local/ssd/home/mattfel/transform_regression_tests_21-24/hyperdsl/spatial/regression_tests/unit/17_SequentialWrites/out/maxj/src/static/templates/MemoryCmdGen.maxj (at line 13)
[maxjcompiler] 	import com.maxeler.maxcompiler.v2.kernelcompiler.Optimization;
[maxjcompiler] 	       ^^^^^^^^^^^^^^^^^^^^^^^^^^^^^^^^^^^^^^^^^^^^^^^^^^^^^^
[maxjcompiler] The import com.maxeler.maxcompiler.v2.kernelcompiler.Optimization is never used
[maxjcompiler] ----------
[maxjcompiler] 47. WARNING in /local/ssd/home/mattfel/transform_regression_tests_21-24/hyperdsl/spatial/regression_tests/unit/17_SequentialWrites/out/maxj/src/static/templates/MemoryCmdGen.maxj (at line 14)
[maxjcompiler] 	import com.maxeler.maxcompiler.v2.kernelcompiler.stdlib.Reductions;
[maxjcompiler] 	       ^^^^^^^^^^^^^^^^^^^^^^^^^^^^^^^^^^^^^^^^^^^^^^^^^^^^^^^^^^^
[maxjcompiler] The import com.maxeler.maxcompiler.v2.kernelcompiler.stdlib.Reductions is never used
[maxjcompiler] ----------
[maxjcompiler] 48. WARNING in /local/ssd/home/mattfel/transform_regression_tests_21-24/hyperdsl/spatial/regression_tests/unit/17_SequentialWrites/out/maxj/src/static/templates/MemoryCmdGen.maxj (at line 15)
[maxjcompiler] 	import com.maxeler.maxcompiler.v2.kernelcompiler.stdlib.core.Stream.OffsetExpr;
[maxjcompiler] 	       ^^^^^^^^^^^^^^^^^^^^^^^^^^^^^^^^^^^^^^^^^^^^^^^^^^^^^^^^^^^^^^^^^^^^^^^
[maxjcompiler] The import com.maxeler.maxcompiler.v2.kernelcompiler.stdlib.core.Stream.OffsetExpr is never used
[maxjcompiler] ----------
[maxjcompiler] 49. WARNING in /local/ssd/home/mattfel/transform_regression_tests_21-24/hyperdsl/spatial/regression_tests/unit/17_SequentialWrites/out/maxj/src/static/templates/MemoryCmdGen.maxj (at line 20)
[maxjcompiler] 	import com.maxeler.maxcompiler.v2.kernelcompiler.types.composite.DFEStruct;
[maxjcompiler] 	       ^^^^^^^^^^^^^^^^^^^^^^^^^^^^^^^^^^^^^^^^^^^^^^^^^^^^^^^^^^^^^^^^^^^
[maxjcompiler] The import com.maxeler.maxcompiler.v2.kernelcompiler.types.composite.DFEStruct is never used
[maxjcompiler] ----------
[maxjcompiler] 50. WARNING in /local/ssd/home/mattfel/transform_regression_tests_21-24/hyperdsl/spatial/regression_tests/unit/17_SequentialWrites/out/maxj/src/static/templates/MemoryCmdGen.maxj (at line 21)
[maxjcompiler] 	import com.maxeler.maxcompiler.v2.kernelcompiler.types.composite.DFEStructType;
[maxjcompiler] 	       ^^^^^^^^^^^^^^^^^^^^^^^^^^^^^^^^^^^^^^^^^^^^^^^^^^^^^^^^^^^^^^^^^^^^^^^
[maxjcompiler] The import com.maxeler.maxcompiler.v2.kernelcompiler.types.composite.DFEStructType is never used
[maxjcompiler] ----------
[maxjcompiler] 51. WARNING in /local/ssd/home/mattfel/transform_regression_tests_21-24/hyperdsl/spatial/regression_tests/unit/17_SequentialWrites/out/maxj/src/static/templates/MemoryCmdGen.maxj (at line 22)
[maxjcompiler] 	import com.maxeler.maxcompiler.v2.kernelcompiler.types.composite.DFEStructType.StructFieldType;
[maxjcompiler] 	       ^^^^^^^^^^^^^^^^^^^^^^^^^^^^^^^^^^^^^^^^^^^^^^^^^^^^^^^^^^^^^^^^^^^^^^^^^^^^^^^^^^^^^^^
[maxjcompiler] The import com.maxeler.maxcompiler.v2.kernelcompiler.types.composite.DFEStructType.StructFieldType is never used
[maxjcompiler] ----------
[maxjcompiler] 52. WARNING in /local/ssd/home/mattfel/transform_regression_tests_21-24/hyperdsl/spatial/regression_tests/unit/17_SequentialWrites/out/maxj/src/static/templates/MemoryCmdGen.maxj (at line 23)
[maxjcompiler] 	import java.util.ArrayList;
[maxjcompiler] 	       ^^^^^^^^^^^^^^^^^^^
[maxjcompiler] The import java.util.ArrayList is never used
[maxjcompiler] ----------
[maxjcompiler] 53. WARNING in /local/ssd/home/mattfel/transform_regression_tests_21-24/hyperdsl/spatial/regression_tests/unit/17_SequentialWrites/out/maxj/src/static/templates/MemoryCmdGen.maxj (at line 102)
[maxjcompiler] 	int par = wdata.getSize();
[maxjcompiler] 	    ^^^
[maxjcompiler] The local variable par is never read
[maxjcompiler] ----------
[maxjcompiler] 54. WARNING in /local/ssd/home/mattfel/transform_regression_tests_21-24/hyperdsl/spatial/regression_tests/unit/17_SequentialWrites/out/maxj/src/static/templates/MemoryCmdGen.maxj (at line 188)
[maxjcompiler] 	DFEVar sizecheck = upcast(size_int, wdata[0].getType());
[maxjcompiler] 	       ^^^^^^^^^
[maxjcompiler] The local variable sizecheck is never read
[maxjcompiler] ----------
[maxjcompiler] ----------
[maxjcompiler] 55. WARNING in /local/ssd/home/mattfel/transform_regression_tests_21-24/hyperdsl/spatial/regression_tests/unit/17_SequentialWrites/out/maxj/src/static/templates/CtrChainLib.maxj (at line 6)
[maxjcompiler] 	import com.maxeler.maxcompiler.v2.kernelcompiler.SMIO;
[maxjcompiler] 	       ^^^^^^^^^^^^^^^^^^^^^^^^^^^^^^^^^^^^^^^^^^^^^^
[maxjcompiler] The import com.maxeler.maxcompiler.v2.kernelcompiler.SMIO is never used
[maxjcompiler] ----------
[maxjcompiler] 56. WARNING in /local/ssd/home/mattfel/transform_regression_tests_21-24/hyperdsl/spatial/regression_tests/unit/17_SequentialWrites/out/maxj/src/static/templates/CtrChainLib.maxj (at line 7)
[maxjcompiler] 	import com.maxeler.maxcompiler.v2.kernelcompiler.stdlib.core.CounterChain;
[maxjcompiler] 	       ^^^^^^^^^^^^^^^^^^^^^^^^^^^^^^^^^^^^^^^^^^^^^^^^^^^^^^^^^^^^^^^^^^
[maxjcompiler] The import com.maxeler.maxcompiler.v2.kernelcompiler.stdlib.core.CounterChain is never used
[maxjcompiler] ----------
[maxjcompiler] 57. WARNING in /local/ssd/home/mattfel/transform_regression_tests_21-24/hyperdsl/spatial/regression_tests/unit/17_SequentialWrites/out/maxj/src/static/templates/CtrChainLib.maxj (at line 8)
[maxjcompiler] 	import com.maxeler.maxcompiler.v2.utils.MathUtils;
[maxjcompiler] 	       ^^^^^^^^^^^^^^^^^^^^^^^^^^^^^^^^^^^^^^^^^^
[maxjcompiler] The import com.maxeler.maxcompiler.v2.utils.MathUtils is never used
[maxjcompiler] ----------
[maxjcompiler] ----------
[maxjcompiler] 58. WARNING in /local/ssd/home/mattfel/transform_regression_tests_21-24/hyperdsl/spatial/regression_tests/unit/17_SequentialWrites/out/maxj/src/static/templates/PQSM.maxj (at line 5)
[maxjcompiler] 	import com.maxeler.maxcompiler.v2.statemachine.DFEsmStateEnum;
[maxjcompiler] 	       ^^^^^^^^^^^^^^^^^^^^^^^^^^^^^^^^^^^^^^^^^^^^^^^^^^^^^^
[maxjcompiler] The import com.maxeler.maxcompiler.v2.statemachine.DFEsmStateEnum is never used
[maxjcompiler] ----------
[maxjcompiler] 59. WARNING in /local/ssd/home/mattfel/transform_regression_tests_21-24/hyperdsl/spatial/regression_tests/unit/17_SequentialWrites/out/maxj/src/static/templates/PQSM.maxj (at line 9)
[maxjcompiler] 	import com.maxeler.maxcompiler.v2.statemachine.DFEsmAssignableValue;
[maxjcompiler] 	       ^^^^^^^^^^^^^^^^^^^^^^^^^^^^^^^^^^^^^^^^^^^^^^^^^^^^^^^^^^^^
[maxjcompiler] The import com.maxeler.maxcompiler.v2.statemachine.DFEsmAssignableValue is never used
[maxjcompiler] ----------
[maxjcompiler] 60. WARNING in /local/ssd/home/mattfel/transform_regression_tests_21-24/hyperdsl/spatial/regression_tests/unit/17_SequentialWrites/out/maxj/src/static/templates/PQSM.maxj (at line 11)
[maxjcompiler] 	import com.maxeler.maxcompiler.v2.statemachine.DFEsmVariable;
[maxjcompiler] 	       ^^^^^^^^^^^^^^^^^^^^^^^^^^^^^^^^^^^^^^^^^^^^^^^^^^^^^
[maxjcompiler] The import com.maxeler.maxcompiler.v2.statemachine.DFEsmVariable is never used
[maxjcompiler] ----------
[maxjcompiler] 61. WARNING in /local/ssd/home/mattfel/transform_regression_tests_21-24/hyperdsl/spatial/regression_tests/unit/17_SequentialWrites/out/maxj/src/static/templates/PQSM.maxj (at line 13)
[maxjcompiler] 	import com.maxeler.maxcompiler.v2.statemachine.types.DFEsmTypeFactory;
[maxjcompiler] 	       ^^^^^^^^^^^^^^^^^^^^^^^^^^^^^^^^^^^^^^^^^^^^^^^^^^^^^^^^^^^^^^
[maxjcompiler] The import com.maxeler.maxcompiler.v2.statemachine.types.DFEsmTypeFactory is never used
[maxjcompiler] ----------
[maxjcompiler] 62. WARNING in /local/ssd/home/mattfel/transform_regression_tests_21-24/hyperdsl/spatial/regression_tests/unit/17_SequentialWrites/out/maxj/src/static/templates/PQSM.maxj (at line 14)
[maxjcompiler] 	import com.maxeler.maxcompiler.v2.statemachine.StateMachineLib;
[maxjcompiler] 	       ^^^^^^^^^^^^^^^^^^^^^^^^^^^^^^^^^^^^^^^^^^^^^^^^^^^^^^^
[maxjcompiler] The import com.maxeler.maxcompiler.v2.statemachine.StateMachineLib is never used
[maxjcompiler] ----------
[maxjcompiler] 63. WARNING in /local/ssd/home/mattfel/transform_regression_tests_21-24/hyperdsl/spatial/regression_tests/unit/17_SequentialWrites/out/maxj/src/static/templates/PQSM.maxj (at line 90)
[maxjcompiler] 	private void resetElemsFF() {
[maxjcompiler] 	             ^^^^^^^^^^^^^^
[maxjcompiler] The method resetElemsFF() from the type PQSM is never used locally
[maxjcompiler] ----------
[maxjcompiler] 64. WARNING in /local/ssd/home/mattfel/transform_regression_tests_21-24/hyperdsl/spatial/regression_tests/unit/17_SequentialWrites/out/maxj/src/static/templates/PQSM.maxj (at line 99)
[maxjcompiler] 	private void write() {
[maxjcompiler] 	             ^^^^^^^
[maxjcompiler] The method write() from the type PQSM is never used locally
[maxjcompiler] ----------
[maxjcompiler] 65. WARNING in /local/ssd/home/mattfel/transform_regression_tests_21-24/hyperdsl/spatial/regression_tests/unit/17_SequentialWrites/out/maxj/src/static/templates/PQSM.maxj (at line 116)
[maxjcompiler] 	private void stall() {
[maxjcompiler] 	             ^^^^^^^
[maxjcompiler] The method stall() from the type PQSM is never used locally
[maxjcompiler] ----------
[maxjcompiler] ----------
[maxjcompiler] 66. WARNING in /local/ssd/home/mattfel/transform_regression_tests_21-24/hyperdsl/spatial/regression_tests/unit/17_SequentialWrites/out/maxj/src/static/templates/BoxedMem.maxj (at line 7)
[maxjcompiler] 	import com.maxeler.maxcompiler.v2.kernelcompiler.SMIO;
[maxjcompiler] 	       ^^^^^^^^^^^^^^^^^^^^^^^^^^^^^^^^^^^^^^^^^^^^^^
[maxjcompiler] The import com.maxeler.maxcompiler.v2.kernelcompiler.SMIO is never used
[maxjcompiler] ----------
[maxjcompiler] 67. WARNING in /local/ssd/home/mattfel/transform_regression_tests_21-24/hyperdsl/spatial/regression_tests/unit/17_SequentialWrites/out/maxj/src/static/templates/BoxedMem.maxj (at line 8)
[maxjcompiler] 	import com.maxeler.maxcompiler.v2.utils.MathUtils;
[maxjcompiler] 	       ^^^^^^^^^^^^^^^^^^^^^^^^^^^^^^^^^^^^^^^^^^
[maxjcompiler] The import com.maxeler.maxcompiler.v2.utils.MathUtils is never used
[maxjcompiler] ----------
[maxjcompiler] 68. WARNING in /local/ssd/home/mattfel/transform_regression_tests_21-24/hyperdsl/spatial/regression_tests/unit/17_SequentialWrites/out/maxj/src/static/templates/BoxedMem.maxj (at line 10)
[maxjcompiler] 	import com.maxeler.maxcompiler.v2.kernelcompiler.types.composite.DFEVector;
[maxjcompiler] 	       ^^^^^^^^^^^^^^^^^^^^^^^^^^^^^^^^^^^^^^^^^^^^^^^^^^^^^^^^^^^^^^^^^^^
[maxjcompiler] The import com.maxeler.maxcompiler.v2.kernelcompiler.types.composite.DFEVector is never used
[maxjcompiler] ----------
[maxjcompiler] ----------
[maxjcompiler] 69. WARNING in /local/ssd/home/mattfel/transform_regression_tests_21-24/hyperdsl/spatial/regression_tests/unit/17_SequentialWrites/out/maxj/src/static/templates/MemoryCmdSt.maxj (at line 7)
[maxjcompiler] 	import com.maxeler.maxcompiler.v2.kernelcompiler.stdlib.core.CounterChain;
[maxjcompiler] 	       ^^^^^^^^^^^^^^^^^^^^^^^^^^^^^^^^^^^^^^^^^^^^^^^^^^^^^^^^^^^^^^^^^^
[maxjcompiler] The import com.maxeler.maxcompiler.v2.kernelcompiler.stdlib.core.CounterChain is never used
[maxjcompiler] ----------
[maxjcompiler] 70. WARNING in /local/ssd/home/mattfel/transform_regression_tests_21-24/hyperdsl/spatial/regression_tests/unit/17_SequentialWrites/out/maxj/src/static/templates/MemoryCmdSt.maxj (at line 12)
[maxjcompiler] 	import com.maxeler.maxcompiler.v2.kernelcompiler.Optimization;
[maxjcompiler] 	       ^^^^^^^^^^^^^^^^^^^^^^^^^^^^^^^^^^^^^^^^^^^^^^^^^^^^^^
[maxjcompiler] The import com.maxeler.maxcompiler.v2.kernelcompiler.Optimization is never used
[maxjcompiler] ----------
[maxjcompiler] 71. WARNING in /local/ssd/home/mattfel/transform_regression_tests_21-24/hyperdsl/spatial/regression_tests/unit/17_SequentialWrites/out/maxj/src/static/templates/MemoryCmdSt.maxj (at line 13)
[maxjcompiler] 	import com.maxeler.maxcompiler.v2.kernelcompiler.stdlib.Reductions;
[maxjcompiler] 	       ^^^^^^^^^^^^^^^^^^^^^^^^^^^^^^^^^^^^^^^^^^^^^^^^^^^^^^^^^^^
[maxjcompiler] The import com.maxeler.maxcompiler.v2.kernelcompiler.stdlib.Reductions is never used
[maxjcompiler] ----------
[maxjcompiler] 72. WARNING in /local/ssd/home/mattfel/transform_regression_tests_21-24/hyperdsl/spatial/regression_tests/unit/17_SequentialWrites/out/maxj/src/static/templates/MemoryCmdSt.maxj (at line 14)
[maxjcompiler] 	import com.maxeler.maxcompiler.v2.kernelcompiler.stdlib.core.Stream.OffsetExpr;
[maxjcompiler] 	       ^^^^^^^^^^^^^^^^^^^^^^^^^^^^^^^^^^^^^^^^^^^^^^^^^^^^^^^^^^^^^^^^^^^^^^^
[maxjcompiler] The import com.maxeler.maxcompiler.v2.kernelcompiler.stdlib.core.Stream.OffsetExpr is never used
[maxjcompiler] ----------
[maxjcompiler] 73. WARNING in /local/ssd/home/mattfel/transform_regression_tests_21-24/hyperdsl/spatial/regression_tests/unit/17_SequentialWrites/out/maxj/src/static/templates/MemoryCmdSt.maxj (at line 19)
[maxjcompiler] 	import com.maxeler.maxcompiler.v2.kernelcompiler.types.composite.DFEStruct;
[maxjcompiler] 	       ^^^^^^^^^^^^^^^^^^^^^^^^^^^^^^^^^^^^^^^^^^^^^^^^^^^^^^^^^^^^^^^^^^^
[maxjcompiler] The import com.maxeler.maxcompiler.v2.kernelcompiler.types.composite.DFEStruct is never used
[maxjcompiler] ----------
[maxjcompiler] 74. WARNING in /local/ssd/home/mattfel/transform_regression_tests_21-24/hyperdsl/spatial/regression_tests/unit/17_SequentialWrites/out/maxj/src/static/templates/MemoryCmdSt.maxj (at line 20)
[maxjcompiler] 	import com.maxeler.maxcompiler.v2.kernelcompiler.types.composite.DFEStructType;
[maxjcompiler] 	       ^^^^^^^^^^^^^^^^^^^^^^^^^^^^^^^^^^^^^^^^^^^^^^^^^^^^^^^^^^^^^^^^^^^^^^^
[maxjcompiler] The import com.maxeler.maxcompiler.v2.kernelcompiler.types.composite.DFEStructType is never used
[maxjcompiler] ----------
[maxjcompiler] 75. WARNING in /local/ssd/home/mattfel/transform_regression_tests_21-24/hyperdsl/spatial/regression_tests/unit/17_SequentialWrites/out/maxj/src/static/templates/MemoryCmdSt.maxj (at line 21)
[maxjcompiler] 	import com.maxeler.maxcompiler.v2.kernelcompiler.types.composite.DFEStructType.StructFieldType;
[maxjcompiler] 	       ^^^^^^^^^^^^^^^^^^^^^^^^^^^^^^^^^^^^^^^^^^^^^^^^^^^^^^^^^^^^^^^^^^^^^^^^^^^^^^^^^^^^^^^
[maxjcompiler] The import com.maxeler.maxcompiler.v2.kernelcompiler.types.composite.DFEStructType.StructFieldType is never used
[maxjcompiler] ----------
[maxjcompiler] 76. WARNING in /local/ssd/home/mattfel/transform_regression_tests_21-24/hyperdsl/spatial/regression_tests/unit/17_SequentialWrites/out/maxj/src/static/templates/MemoryCmdSt.maxj (at line 22)
[maxjcompiler] 	import java.util.ArrayList;
[maxjcompiler] 	       ^^^^^^^^^^^^^^^^^^^
[maxjcompiler] The import java.util.ArrayList is never used
[maxjcompiler] ----------
[maxjcompiler] 77. WARNING in /local/ssd/home/mattfel/transform_regression_tests_21-24/hyperdsl/spatial/regression_tests/unit/17_SequentialWrites/out/maxj/src/static/templates/MemoryCmdSt.maxj (at line 83)
[maxjcompiler] 	int par = wdata.getSize();
[maxjcompiler] 	    ^^^
[maxjcompiler] The local variable par is never read
[maxjcompiler] ----------
[maxjcompiler] ----------
[maxjcompiler] 78. WARNING in /local/ssd/home/mattfel/transform_regression_tests_21-24/hyperdsl/spatial/regression_tests/unit/17_SequentialWrites/out/maxj/src/static/templates/DoubleCtrSM.maxj (at line 8)
[maxjcompiler] 	import com.maxeler.maxcompiler.v2.statemachine.DFEsmValue;
[maxjcompiler] 	       ^^^^^^^^^^^^^^^^^^^^^^^^^^^^^^^^^^^^^^^^^^^^^^^^^^
[maxjcompiler] The import com.maxeler.maxcompiler.v2.statemachine.DFEsmValue is never used
[maxjcompiler] ----------
[maxjcompiler] 79. WARNING in /local/ssd/home/mattfel/transform_regression_tests_21-24/hyperdsl/spatial/regression_tests/unit/17_SequentialWrites/out/maxj/src/static/templates/DoubleCtrSM.maxj (at line 21)
[maxjcompiler] 	private final int start0;
[maxjcompiler] 	                  ^^^^^^
[maxjcompiler] The field DoubleCtrSM.start0 is never read locally
[maxjcompiler] ----------
[maxjcompiler] 80. WARNING in /local/ssd/home/mattfel/transform_regression_tests_21-24/hyperdsl/spatial/regression_tests/unit/17_SequentialWrites/out/maxj/src/static/templates/DoubleCtrSM.maxj (at line 24)
[maxjcompiler] 	private final int start1;
[maxjcompiler] 	                  ^^^^^^
[maxjcompiler] The field DoubleCtrSM.start1 is never read locally
[maxjcompiler] ----------
[maxjcompiler] ----------
[maxjcompiler] 81. WARNING in /local/ssd/home/mattfel/transform_regression_tests_21-24/hyperdsl/spatial/regression_tests/unit/17_SequentialWrites/out/maxj/src/static/templates/BlockStorer.maxj (at line 6)
[maxjcompiler] 	import com.maxeler.maxcompiler.v2.kernelcompiler.stdlib.core.CounterChain;
[maxjcompiler] 	       ^^^^^^^^^^^^^^^^^^^^^^^^^^^^^^^^^^^^^^^^^^^^^^^^^^^^^^^^^^^^^^^^^^
[maxjcompiler] The import com.maxeler.maxcompiler.v2.kernelcompiler.stdlib.core.CounterChain is never used
[maxjcompiler] ----------
[maxjcompiler] 82. WARNING in /local/ssd/home/mattfel/transform_regression_tests_21-24/hyperdsl/spatial/regression_tests/unit/17_SequentialWrites/out/maxj/src/static/templates/BlockStorer.maxj (at line 11)
[maxjcompiler] 	import com.maxeler.maxcompiler.v2.kernelcompiler.Optimization;
[maxjcompiler] 	       ^^^^^^^^^^^^^^^^^^^^^^^^^^^^^^^^^^^^^^^^^^^^^^^^^^^^^^
[maxjcompiler] The import com.maxeler.maxcompiler.v2.kernelcompiler.Optimization is never used
[maxjcompiler] ----------
[maxjcompiler] ----------
[maxjcompiler] 83. WARNING in /local/ssd/home/mattfel/transform_regression_tests_21-24/hyperdsl/spatial/regression_tests/unit/17_SequentialWrites/out/maxj/src/static/templates/DummyMemLib.maxj (at line 5)
[maxjcompiler] 	import com.maxeler.maxcompiler.v2.kernelcompiler.stdlib.memory.Memory;
[maxjcompiler] 	       ^^^^^^^^^^^^^^^^^^^^^^^^^^^^^^^^^^^^^^^^^^^^^^^^^^^^^^^^^^^^^^
[maxjcompiler] The import com.maxeler.maxcompiler.v2.kernelcompiler.stdlib.memory.Memory is never used
[maxjcompiler] ----------
[maxjcompiler] 84. WARNING in /local/ssd/home/mattfel/transform_regression_tests_21-24/hyperdsl/spatial/regression_tests/unit/17_SequentialWrites/out/maxj/src/static/templates/DummyMemLib.maxj (at line 6)
[maxjcompiler] 	import com.maxeler.maxcompiler.v2.kernelcompiler.SMIO;
[maxjcompiler] 	       ^^^^^^^^^^^^^^^^^^^^^^^^^^^^^^^^^^^^^^^^^^^^^^
[maxjcompiler] The import com.maxeler.maxcompiler.v2.kernelcompiler.SMIO is never used
[maxjcompiler] ----------
[maxjcompiler] 85. WARNING in /local/ssd/home/mattfel/transform_regression_tests_21-24/hyperdsl/spatial/regression_tests/unit/17_SequentialWrites/out/maxj/src/static/templates/DummyMemLib.maxj (at line 7)
[maxjcompiler] 	import com.maxeler.maxcompiler.v2.utils.MathUtils;
[maxjcompiler] 	       ^^^^^^^^^^^^^^^^^^^^^^^^^^^^^^^^^^^^^^^^^^
[maxjcompiler] The import com.maxeler.maxcompiler.v2.utils.MathUtils is never used
[maxjcompiler] ----------
[maxjcompiler] ----------
[maxjcompiler] 86. WARNING in /local/ssd/home/mattfel/transform_regression_tests_21-24/hyperdsl/spatial/regression_tests/unit/17_SequentialWrites/out/maxj/src/static/templates/BramLib.maxj (at line 5)
[maxjcompiler] 	import com.maxeler.maxcompiler.v2.kernelcompiler.stdlib.memory.Memory;
[maxjcompiler] 	       ^^^^^^^^^^^^^^^^^^^^^^^^^^^^^^^^^^^^^^^^^^^^^^^^^^^^^^^^^^^^^^
[maxjcompiler] The import com.maxeler.maxcompiler.v2.kernelcompiler.stdlib.memory.Memory is never used
[maxjcompiler] ----------
[maxjcompiler] 87. WARNING in /local/ssd/home/mattfel/transform_regression_tests_21-24/hyperdsl/spatial/regression_tests/unit/17_SequentialWrites/out/maxj/src/static/templates/BramLib.maxj (at line 6)
[maxjcompiler] 	import com.maxeler.maxcompiler.v2.kernelcompiler.SMIO;
[maxjcompiler] 	       ^^^^^^^^^^^^^^^^^^^^^^^^^^^^^^^^^^^^^^^^^^^^^^
[maxjcompiler] The import com.maxeler.maxcompiler.v2.kernelcompiler.SMIO is never used
[maxjcompiler] ----------
[maxjcompiler] 88. WARNING in /local/ssd/home/mattfel/transform_regression_tests_21-24/hyperdsl/spatial/regression_tests/unit/17_SequentialWrites/out/maxj/src/static/templates/BramLib.maxj (at line 635)
[maxjcompiler] 	DFEVar bank_addr = bankAndLocalAddr(srcAddr[i], AddrMode.BANK);
[maxjcompiler] 	       ^^^^^^^^^
[maxjcompiler] The local variable bank_addr is never read
[maxjcompiler] ----------
[maxjcompiler] 89. WARNING in /local/ssd/home/mattfel/transform_regression_tests_21-24/hyperdsl/spatial/regression_tests/unit/17_SequentialWrites/out/maxj/src/static/templates/BramLib.maxj (at line 648)
[maxjcompiler] 	DFEVar rd_delta = srcAddr[1] - srcAddr[0];
[maxjcompiler] 	       ^^^^^^^^
[maxjcompiler] The local variable rd_delta is never read
[maxjcompiler] ----------
[maxjcompiler] ----------
[maxjcompiler] 90. WARNING in /local/ssd/home/mattfel/transform_regression_tests_21-24/hyperdsl/spatial/regression_tests/unit/17_SequentialWrites/out/maxj/src/static/templates/GroupByReduce.maxj (at line 5)
[maxjcompiler] 	import com.maxeler.maxcompiler.v2.kernelcompiler.stdlib.memory.Memory;
[maxjcompiler] 	       ^^^^^^^^^^^^^^^^^^^^^^^^^^^^^^^^^^^^^^^^^^^^^^^^^^^^^^^^^^^^^^
[maxjcompiler] The import com.maxeler.maxcompiler.v2.kernelcompiler.stdlib.memory.Memory is never used
[maxjcompiler] ----------
[maxjcompiler] 91. WARNING in /local/ssd/home/mattfel/transform_regression_tests_21-24/hyperdsl/spatial/regression_tests/unit/17_SequentialWrites/out/maxj/src/static/templates/GroupByReduce.maxj (at line 7)
[maxjcompiler] 	import com.maxeler.maxcompiler.v2.utils.MathUtils;
[maxjcompiler] 	       ^^^^^^^^^^^^^^^^^^^^^^^^^^^^^^^^^^^^^^^^^^
[maxjcompiler] The import com.maxeler.maxcompiler.v2.utils.MathUtils is never used
[maxjcompiler] ----------
[maxjcompiler] 92. WARNING in /local/ssd/home/mattfel/transform_regression_tests_21-24/hyperdsl/spatial/regression_tests/unit/17_SequentialWrites/out/maxj/src/static/templates/GroupByReduce.maxj (at line 11)
[maxjcompiler] 	import com.maxeler.maxcompiler.v2.kernelcompiler.stdlib.KernelMath;
[maxjcompiler] 	       ^^^^^^^^^^^^^^^^^^^^^^^^^^^^^^^^^^^^^^^^^^^^^^^^^^^^^^^^^^^
[maxjcompiler] The import com.maxeler.maxcompiler.v2.kernelcompiler.stdlib.KernelMath is never used
[maxjcompiler] ----------
[maxjcompiler] 93. WARNING in /local/ssd/home/mattfel/transform_regression_tests_21-24/hyperdsl/spatial/regression_tests/unit/17_SequentialWrites/out/maxj/src/static/templates/GroupByReduce.maxj (at line 14)
[maxjcompiler] 	import java.util.ArrayList;
[maxjcompiler] 	       ^^^^^^^^^^^^^^^^^^^
[maxjcompiler] The import java.util.ArrayList is never used
[maxjcompiler] ----------
[maxjcompiler] 94. WARNING in /local/ssd/home/mattfel/transform_regression_tests_21-24/hyperdsl/spatial/regression_tests/unit/17_SequentialWrites/out/maxj/src/static/templates/GroupByReduce.maxj (at line 77)
[maxjcompiler] 	DFEVar test = constant.var(tag.getType(), 0) === tag;
[maxjcompiler] 	       ^^^^
[maxjcompiler] The local variable test is never read
[maxjcompiler] ----------
[maxjcompiler] ----------
[maxjcompiler] 95. WARNING in /local/ssd/home/mattfel/transform_regression_tests_21-24/hyperdsl/spatial/regression_tests/unit/17_SequentialWrites/out/maxj/src/static/templates/FFMem.maxj (at line 5)
[maxjcompiler] 	import com.maxeler.maxcompiler.v2.kernelcompiler.stdlib.memory.Memory;
[maxjcompiler] 	       ^^^^^^^^^^^^^^^^^^^^^^^^^^^^^^^^^^^^^^^^^^^^^^^^^^^^^^^^^^^^^^
[maxjcompiler] The import com.maxeler.maxcompiler.v2.kernelcompiler.stdlib.memory.Memory is never used
[maxjcompiler] ----------
[maxjcompiler] 96. WARNING in /local/ssd/home/mattfel/transform_regression_tests_21-24/hyperdsl/spatial/regression_tests/unit/17_SequentialWrites/out/maxj/src/static/templates/FFMem.maxj (at line 6)
[maxjcompiler] 	import com.maxeler.maxcompiler.v2.kernelcompiler.SMIO;
[maxjcompiler] 	       ^^^^^^^^^^^^^^^^^^^^^^^^^^^^^^^^^^^^^^^^^^^^^^
[maxjcompiler] The import com.maxeler.maxcompiler.v2.kernelcompiler.SMIO is never used
[maxjcompiler] ----------
[maxjcompiler] 97. WARNING in /local/ssd/home/mattfel/transform_regression_tests_21-24/hyperdsl/spatial/regression_tests/unit/17_SequentialWrites/out/maxj/src/static/templates/FFMem.maxj (at line 7)
[maxjcompiler] 	import com.maxeler.maxcompiler.v2.utils.MathUtils;
[maxjcompiler] 	       ^^^^^^^^^^^^^^^^^^^^^^^^^^^^^^^^^^^^^^^^^^
[maxjcompiler] The import com.maxeler.maxcompiler.v2.utils.MathUtils is never used
[maxjcompiler] ----------
[maxjcompiler] 98. WARNING in /local/ssd/home/mattfel/transform_regression_tests_21-24/hyperdsl/spatial/regression_tests/unit/17_SequentialWrites/out/maxj/src/static/templates/FFMem.maxj (at line 9)
[maxjcompiler] 	import com.maxeler.maxcompiler.v2.kernelcompiler.types.composite.DFEVector;
[maxjcompiler] 	       ^^^^^^^^^^^^^^^^^^^^^^^^^^^^^^^^^^^^^^^^^^^^^^^^^^^^^^^^^^^^^^^^^^^
[maxjcompiler] The import com.maxeler.maxcompiler.v2.kernelcompiler.types.composite.DFEVector is never used
[maxjcompiler] ----------
[maxjcompiler] ----------
[maxjcompiler] 99. WARNING in /local/ssd/home/mattfel/transform_regression_tests_21-24/hyperdsl/spatial/regression_tests/unit/17_SequentialWrites/out/maxj/src/static/templates/SpatialUtils.maxj (at line 2)
[maxjcompiler] 	import com.maxeler.maxcompiler.v2.kernelcompiler.stdlib.core.Count.Counter;
[maxjcompiler] 	       ^^^^^^^^^^^^^^^^^^^^^^^^^^^^^^^^^^^^^^^^^^^^^^^^^^^^^^^^^^^^^^^^^^^
[maxjcompiler] The import com.maxeler.maxcompiler.v2.kernelcompiler.stdlib.core.Count.Counter is never used
[maxjcompiler] ----------
[maxjcompiler] 100. WARNING in /local/ssd/home/mattfel/transform_regression_tests_21-24/hyperdsl/spatial/regression_tests/unit/17_SequentialWrites/out/maxj/src/static/templates/SpatialUtils.maxj (at line 3)
[maxjcompiler] 	import com.maxeler.maxcompiler.v2.kernelcompiler.stdlib.core.CounterChain;
[maxjcompiler] 	       ^^^^^^^^^^^^^^^^^^^^^^^^^^^^^^^^^^^^^^^^^^^^^^^^^^^^^^^^^^^^^^^^^^
[maxjcompiler] The import com.maxeler.maxcompiler.v2.kernelcompiler.stdlib.core.CounterChain is never used
[maxjcompiler] ----------
[maxjcompiler] 101. WARNING in /local/ssd/home/mattfel/transform_regression_tests_21-24/hyperdsl/spatial/regression_tests/unit/17_SequentialWrites/out/maxj/src/static/templates/SpatialUtils.maxj (at line 4)
[maxjcompiler] 	import com.maxeler.maxcompiler.v2.kernelcompiler.stdlib.core.Count;
[maxjcompiler] 	       ^^^^^^^^^^^^^^^^^^^^^^^^^^^^^^^^^^^^^^^^^^^^^^^^^^^^^^^^^^^
[maxjcompiler] The import com.maxeler.maxcompiler.v2.kernelcompiler.stdlib.core.Count is never used
[maxjcompiler] ----------
[maxjcompiler] 102. WARNING in /local/ssd/home/mattfel/transform_regression_tests_21-24/hyperdsl/spatial/regression_tests/unit/17_SequentialWrites/out/maxj/src/static/templates/SpatialUtils.maxj (at line 5)
[maxjcompiler] 	import com.maxeler.maxcompiler.v2.kernelcompiler.stdlib.core.Count.WrapMode;
[maxjcompiler] 	       ^^^^^^^^^^^^^^^^^^^^^^^^^^^^^^^^^^^^^^^^^^^^^^^^^^^^^^^^^^^^^^^^^^^^
[maxjcompiler] The import com.maxeler.maxcompiler.v2.kernelcompiler.stdlib.core.Count.WrapMode is never used
[maxjcompiler] ----------
[maxjcompiler] 103. WARNING in /local/ssd/home/mattfel/transform_regression_tests_21-24/hyperdsl/spatial/regression_tests/unit/17_SequentialWrites/out/maxj/src/static/templates/SpatialUtils.maxj (at line 6)
[maxjcompiler] 	import com.maxeler.maxcompiler.v2.kernelcompiler.stdlib.core.Count.Params;
[maxjcompiler] 	       ^^^^^^^^^^^^^^^^^^^^^^^^^^^^^^^^^^^^^^^^^^^^^^^^^^^^^^^^^^^^^^^^^^
[maxjcompiler] The import com.maxeler.maxcompiler.v2.kernelcompiler.stdlib.core.Count.Params is never used
[maxjcompiler] ----------
[maxjcompiler] 104. WARNING in /local/ssd/home/mattfel/transform_regression_tests_21-24/hyperdsl/spatial/regression_tests/unit/17_SequentialWrites/out/maxj/src/static/templates/SpatialUtils.maxj (at line 7)
[maxjcompiler] 	import com.maxeler.maxcompiler.v2.kernelcompiler.stdlib.memory.Memory;
[maxjcompiler] 	       ^^^^^^^^^^^^^^^^^^^^^^^^^^^^^^^^^^^^^^^^^^^^^^^^^^^^^^^^^^^^^^
[maxjcompiler] The import com.maxeler.maxcompiler.v2.kernelcompiler.stdlib.memory.Memory is never used
[maxjcompiler] ----------
[maxjcompiler] 105. WARNING in /local/ssd/home/mattfel/transform_regression_tests_21-24/hyperdsl/spatial/regression_tests/unit/17_SequentialWrites/out/maxj/src/static/templates/SpatialUtils.maxj (at line 8)
[maxjcompiler] 	import com.maxeler.maxcompiler.v2.kernelcompiler.Kernel;
[maxjcompiler] 	       ^^^^^^^^^^^^^^^^^^^^^^^^^^^^^^^^^^^^^^^^^^^^^^^^
[maxjcompiler] The import com.maxeler.maxcompiler.v2.kernelcompiler.Kernel is never used
[maxjcompiler] ----------
[maxjcompiler] 106. WARNING in /local/ssd/home/mattfel/transform_regression_tests_21-24/hyperdsl/spatial/regression_tests/unit/17_SequentialWrites/out/maxj/src/static/templates/SpatialUtils.maxj (at line 9)
[maxjcompiler] 	import com.maxeler.maxcompiler.v2.kernelcompiler.KernelParameters;
[maxjcompiler] 	       ^^^^^^^^^^^^^^^^^^^^^^^^^^^^^^^^^^^^^^^^^^^^^^^^^^^^^^^^^^
[maxjcompiler] The import com.maxeler.maxcompiler.v2.kernelcompiler.KernelParameters is never used
[maxjcompiler] ----------
[maxjcompiler] 107. WARNING in /local/ssd/home/mattfel/transform_regression_tests_21-24/hyperdsl/spatial/regression_tests/unit/17_SequentialWrites/out/maxj/src/static/templates/SpatialUtils.maxj (at line 11)
[maxjcompiler] 	import com.maxeler.maxcompiler.v2.utils.MathUtils;
[maxjcompiler] 	       ^^^^^^^^^^^^^^^^^^^^^^^^^^^^^^^^^^^^^^^^^^
[maxjcompiler] The import com.maxeler.maxcompiler.v2.utils.MathUtils is never used
[maxjcompiler] ----------
[maxjcompiler] 108. WARNING in /local/ssd/home/mattfel/transform_regression_tests_21-24/hyperdsl/spatial/regression_tests/unit/17_SequentialWrites/out/maxj/src/static/templates/SpatialUtils.maxj (at line 14)
[maxjcompiler] 	import com.maxeler.maxcompiler.v2.kernelcompiler.stdlib.KernelMath;
[maxjcompiler] 	       ^^^^^^^^^^^^^^^^^^^^^^^^^^^^^^^^^^^^^^^^^^^^^^^^^^^^^^^^^^^
[maxjcompiler] The import com.maxeler.maxcompiler.v2.kernelcompiler.stdlib.KernelMath is never used
[maxjcompiler] ----------
[maxjcompiler] 109. WARNING in /local/ssd/home/mattfel/transform_regression_tests_21-24/hyperdsl/spatial/regression_tests/unit/17_SequentialWrites/out/maxj/src/static/templates/SpatialUtils.maxj (at line 15)
[maxjcompiler] 	import com.maxeler.maxcompiler.v2.kernelcompiler.types.base.DFEType;
[maxjcompiler] 	       ^^^^^^^^^^^^^^^^^^^^^^^^^^^^^^^^^^^^^^^^^^^^^^^^^^^^^^^^^^^^
[maxjcompiler] The import com.maxeler.maxcompiler.v2.kernelcompiler.types.base.DFEType is never used
[maxjcompiler] ----------
[maxjcompiler] 110. WARNING in /local/ssd/home/mattfel/transform_regression_tests_21-24/hyperdsl/spatial/regression_tests/unit/17_SequentialWrites/out/maxj/src/static/templates/SpatialUtils.maxj (at line 16)
[maxjcompiler] 	import com.maxeler.maxcompiler.v2.kernelcompiler.stdlib.core.Stream.OffsetExpr;
[maxjcompiler] 	       ^^^^^^^^^^^^^^^^^^^^^^^^^^^^^^^^^^^^^^^^^^^^^^^^^^^^^^^^^^^^^^^^^^^^^^^
[maxjcompiler] The import com.maxeler.maxcompiler.v2.kernelcompiler.stdlib.core.Stream.OffsetExpr is never used
[maxjcompiler] ----------
[maxjcompiler] 111. WARNING in /local/ssd/home/mattfel/transform_regression_tests_21-24/hyperdsl/spatial/regression_tests/unit/17_SequentialWrites/out/maxj/src/static/templates/SpatialUtils.maxj (at line 17)
[maxjcompiler] 	import com.maxeler.maxcompiler.v2.kernelcompiler.stdlib.Reductions;
[maxjcompiler] 	       ^^^^^^^^^^^^^^^^^^^^^^^^^^^^^^^^^^^^^^^^^^^^^^^^^^^^^^^^^^^
[maxjcompiler] The import com.maxeler.maxcompiler.v2.kernelcompiler.stdlib.Reductions is never used
[maxjcompiler] ----------
[maxjcompiler] 112. WARNING in /local/ssd/home/mattfel/transform_regression_tests_21-24/hyperdsl/spatial/regression_tests/unit/17_SequentialWrites/out/maxj/src/static/templates/SpatialUtils.maxj (at line 18)
[maxjcompiler] 	import com.maxeler.maxcompiler.v2.kernelcompiler.SMIO;
[maxjcompiler] 	       ^^^^^^^^^^^^^^^^^^^^^^^^^^^^^^^^^^^^^^^^^^^^^^
[maxjcompiler] The import com.maxeler.maxcompiler.v2.kernelcompiler.SMIO is never used
[maxjcompiler] ----------
[maxjcompiler] 113. WARNING in /local/ssd/home/mattfel/transform_regression_tests_21-24/hyperdsl/spatial/regression_tests/unit/17_SequentialWrites/out/maxj/src/static/templates/SpatialUtils.maxj (at line 19)
[maxjcompiler] 	import com.maxeler.maxcompiler.v2.kernelcompiler.stdlib.Accumulator;
[maxjcompiler] 	       ^^^^^^^^^^^^^^^^^^^^^^^^^^^^^^^^^^^^^^^^^^^^^^^^^^^^^^^^^^^^
[maxjcompiler] The import com.maxeler.maxcompiler.v2.kernelcompiler.stdlib.Accumulator is never used
[maxjcompiler] ----------
[maxjcompiler] 114. WARNING in /local/ssd/home/mattfel/transform_regression_tests_21-24/hyperdsl/spatial/regression_tests/unit/17_SequentialWrites/out/maxj/src/static/templates/SpatialUtils.maxj (at line 20)
[maxjcompiler] 	import com.maxeler.maxcompiler.v2.kernelcompiler.types.base.DFEType;
[maxjcompiler] 	       ^^^^^^^^^^^^^^^^^^^^^^^^^^^^^^^^^^^^^^^^^^^^^^^^^^^^^^^^^^^^
[maxjcompiler] The import com.maxeler.maxcompiler.v2.kernelcompiler.types.base.DFEType is never used
[maxjcompiler] ----------
[maxjcompiler] 115. WARNING in /local/ssd/home/mattfel/transform_regression_tests_21-24/hyperdsl/spatial/regression_tests/unit/17_SequentialWrites/out/maxj/src/static/templates/SpatialUtils.maxj (at line 21)
[maxjcompiler] 	import com.maxeler.maxcompiler.v2.kernelcompiler.types.composite.DFEVector;
[maxjcompiler] 	       ^^^^^^^^^^^^^^^^^^^^^^^^^^^^^^^^^^^^^^^^^^^^^^^^^^^^^^^^^^^^^^^^^^^
[maxjcompiler] The import com.maxeler.maxcompiler.v2.kernelcompiler.types.composite.DFEVector is never used
[maxjcompiler] ----------
[maxjcompiler] 116. WARNING in /local/ssd/home/mattfel/transform_regression_tests_21-24/hyperdsl/spatial/regression_tests/unit/17_SequentialWrites/out/maxj/src/static/templates/SpatialUtils.maxj (at line 22)
[maxjcompiler] 	import com.maxeler.maxcompiler.v2.kernelcompiler.types.composite.DFEVectorType;
[maxjcompiler] 	       ^^^^^^^^^^^^^^^^^^^^^^^^^^^^^^^^^^^^^^^^^^^^^^^^^^^^^^^^^^^^^^^^^^^^^^^
[maxjcompiler] The import com.maxeler.maxcompiler.v2.kernelcompiler.types.composite.DFEVectorType is never used
[maxjcompiler] ----------
[maxjcompiler] 117. WARNING in /local/ssd/home/mattfel/transform_regression_tests_21-24/hyperdsl/spatial/regression_tests/unit/17_SequentialWrites/out/maxj/src/static/templates/SpatialUtils.maxj (at line 24)
[maxjcompiler] 	import java.util.Arrays;
[maxjcompiler] 	       ^^^^^^^^^^^^^^^^
[maxjcompiler] The import java.util.Arrays is never used
[maxjcompiler] ----------
[maxjcompiler] ----------
[maxjcompiler] 118. WARNING in /local/ssd/home/mattfel/transform_regression_tests_21-24/hyperdsl/spatial/regression_tests/unit/17_SequentialWrites/out/maxj/src/static/templates/NBufReg.maxj (at line 5)
[maxjcompiler] 	import com.maxeler.maxcompiler.v2.kernelcompiler.stdlib.memory.Memory;
[maxjcompiler] 	       ^^^^^^^^^^^^^^^^^^^^^^^^^^^^^^^^^^^^^^^^^^^^^^^^^^^^^^^^^^^^^^
[maxjcompiler] The import com.maxeler.maxcompiler.v2.kernelcompiler.stdlib.memory.Memory is never used
[maxjcompiler] ----------
[maxjcompiler] 119. WARNING in /local/ssd/home/mattfel/transform_regression_tests_21-24/hyperdsl/spatial/regression_tests/unit/17_SequentialWrites/out/maxj/src/static/templates/NBufReg.maxj (at line 9)
[maxjcompiler] 	import com.maxeler.maxcompiler.v2.kernelcompiler.Optimization;
[maxjcompiler] 	       ^^^^^^^^^^^^^^^^^^^^^^^^^^^^^^^^^^^^^^^^^^^^^^^^^^^^^^
[maxjcompiler] The import com.maxeler.maxcompiler.v2.kernelcompiler.Optimization is never used
[maxjcompiler] ----------
[maxjcompiler] 120. WARNING in /local/ssd/home/mattfel/transform_regression_tests_21-24/hyperdsl/spatial/regression_tests/unit/17_SequentialWrites/out/maxj/src/static/templates/NBufReg.maxj (at line 10)
[maxjcompiler] 	import com.maxeler.maxcompiler.v2.kernelcompiler.types.composite.DFEVector;
[maxjcompiler] 	       ^^^^^^^^^^^^^^^^^^^^^^^^^^^^^^^^^^^^^^^^^^^^^^^^^^^^^^^^^^^^^^^^^^^
[maxjcompiler] The import com.maxeler.maxcompiler.v2.kernelcompiler.types.composite.DFEVector is never used
[maxjcompiler] ----------
[maxjcompiler] 121. WARNING in /local/ssd/home/mattfel/transform_regression_tests_21-24/hyperdsl/spatial/regression_tests/unit/17_SequentialWrites/out/maxj/src/static/templates/NBufReg.maxj (at line 11)
[maxjcompiler] 	import com.maxeler.maxcompiler.v2.kernelcompiler.types.composite.DFEVectorType;
[maxjcompiler] 	       ^^^^^^^^^^^^^^^^^^^^^^^^^^^^^^^^^^^^^^^^^^^^^^^^^^^^^^^^^^^^^^^^^^^^^^^
[maxjcompiler] The import com.maxeler.maxcompiler.v2.kernelcompiler.types.composite.DFEVectorType is never used
[maxjcompiler] ----------
[maxjcompiler] ----------
[maxjcompiler] 122. WARNING in /local/ssd/home/mattfel/transform_regression_tests_21-24/hyperdsl/spatial/regression_tests/unit/17_SequentialWrites/out/maxj/src/static/templates/OnChipMem.maxj (at line 5)
[maxjcompiler] 	import com.maxeler.maxcompiler.v2.kernelcompiler.stdlib.memory.Memory;
[maxjcompiler] 	       ^^^^^^^^^^^^^^^^^^^^^^^^^^^^^^^^^^^^^^^^^^^^^^^^^^^^^^^^^^^^^^
[maxjcompiler] The import com.maxeler.maxcompiler.v2.kernelcompiler.stdlib.memory.Memory is never used
[maxjcompiler] ----------
[maxjcompiler] 123. WARNING in /local/ssd/home/mattfel/transform_regression_tests_21-24/hyperdsl/spatial/regression_tests/unit/17_SequentialWrites/out/maxj/src/static/templates/OnChipMem.maxj (at line 6)
[maxjcompiler] 	import com.maxeler.maxcompiler.v2.kernelcompiler.SMIO;
[maxjcompiler] 	       ^^^^^^^^^^^^^^^^^^^^^^^^^^^^^^^^^^^^^^^^^^^^^^
[maxjcompiler] The import com.maxeler.maxcompiler.v2.kernelcompiler.SMIO is never used
[maxjcompiler] ----------
[maxjcompiler] 124. WARNING in /local/ssd/home/mattfel/transform_regression_tests_21-24/hyperdsl/spatial/regression_tests/unit/17_SequentialWrites/out/maxj/src/static/templates/OnChipMem.maxj (at line 9)
[maxjcompiler] 	import com.maxeler.maxcompiler.v2.kernelcompiler.types.composite.DFEVector;
[maxjcompiler] 	       ^^^^^^^^^^^^^^^^^^^^^^^^^^^^^^^^^^^^^^^^^^^^^^^^^^^^^^^^^^^^^^^^^^^
[maxjcompiler] The import com.maxeler.maxcompiler.v2.kernelcompiler.types.composite.DFEVector is never used
[maxjcompiler] ----------
[maxjcompiler] ----------
[maxjcompiler] 125. WARNING in /local/ssd/home/mattfel/transform_regression_tests_21-24/hyperdsl/spatial/regression_tests/unit/17_SequentialWrites/out/maxj/src/static/templates/DblBufKernelLib.maxj (at line 3)
[maxjcompiler] 	import java.util.List;
[maxjcompiler] 	       ^^^^^^^^^^^^^^
[maxjcompiler] The import java.util.List is never used
[maxjcompiler] ----------
[maxjcompiler] 126. WARNING in /local/ssd/home/mattfel/transform_regression_tests_21-24/hyperdsl/spatial/regression_tests/unit/17_SequentialWrites/out/maxj/src/static/templates/DblBufKernelLib.maxj (at line 6)
[maxjcompiler] 	import com.maxeler.maxcompiler.v2.kernelcompiler.stdlib.memory.Memory;
[maxjcompiler] 	       ^^^^^^^^^^^^^^^^^^^^^^^^^^^^^^^^^^^^^^^^^^^^^^^^^^^^^^^^^^^^^^
[maxjcompiler] The import com.maxeler.maxcompiler.v2.kernelcompiler.stdlib.memory.Memory is never used
[maxjcompiler] ----------
[maxjcompiler] ----------
[maxjcompiler] 127. WARNING in /local/ssd/home/mattfel/transform_regression_tests_21-24/hyperdsl/spatial/regression_tests/unit/17_SequentialWrites/out/maxj/src/static/templates/GatherSM.maxj (at line 9)
[maxjcompiler] 	import com.maxeler.maxcompiler.v2.utils.MathUtils;
[maxjcompiler] 	       ^^^^^^^^^^^^^^^^^^^^^^^^^^^^^^^^^^^^^^^^^^
[maxjcompiler] The import com.maxeler.maxcompiler.v2.utils.MathUtils is never used
[maxjcompiler] ----------
[maxjcompiler] ----------
[maxjcompiler] 128. WARNING in /local/ssd/home/mattfel/transform_regression_tests_21-24/hyperdsl/spatial/regression_tests/unit/17_SequentialWrites/out/maxj/src/static/templates/BlockLoader.maxj (at line 6)
[maxjcompiler] 	import com.maxeler.maxcompiler.v2.kernelcompiler.stdlib.core.CounterChain;
[maxjcompiler] 	       ^^^^^^^^^^^^^^^^^^^^^^^^^^^^^^^^^^^^^^^^^^^^^^^^^^^^^^^^^^^^^^^^^^
[maxjcompiler] The import com.maxeler.maxcompiler.v2.kernelcompiler.stdlib.core.CounterChain is never used
[maxjcompiler] ----------
[maxjcompiler] 129. WARNING in /local/ssd/home/mattfel/transform_regression_tests_21-24/hyperdsl/spatial/regression_tests/unit/17_SequentialWrites/out/maxj/src/static/templates/BlockLoader.maxj (at line 11)
[maxjcompiler] 	import com.maxeler.maxcompiler.v2.kernelcompiler.Optimization;
[maxjcompiler] 	       ^^^^^^^^^^^^^^^^^^^^^^^^^^^^^^^^^^^^^^^^^^^^^^^^^^^^^^
[maxjcompiler] The import com.maxeler.maxcompiler.v2.kernelcompiler.Optimization is never used
[maxjcompiler] ----------
[maxjcompiler] 130. WARNING in /local/ssd/home/mattfel/transform_regression_tests_21-24/hyperdsl/spatial/regression_tests/unit/17_SequentialWrites/out/maxj/src/static/templates/BlockLoader.maxj (at line 308)
[maxjcompiler] 	DFEVector<DFEStruct> vecDataIn = vecType.newInstance(this);
[maxjcompiler] 	                     ^^^^^^^^^
[maxjcompiler] The local variable vecDataIn is never read
[maxjcompiler] ----------
[maxjcompiler] 130 problems (130 warnings)
     [echo] Compiling kernel
[maxjcompiler] 
[maxjcompiler] 
[maxjcompiler] Compiling to folder /local/ssd/home/mattfel/transform_regression_tests_21-24/hyperdsl/spatial/regression_tests/unit/17_SequentialWrites/out/bin
[maxjcompiler] ----------
[maxjcompiler] 1. WARNING in /local/ssd/home/mattfel/transform_regression_tests_21-24/hyperdsl/spatial/regression_tests/unit/17_SequentialWrites/out/maxj/src/static/TopKernel.maxj (at line 3)
[maxjcompiler] 	import com.maxeler.maxcompiler.v2.kernelcompiler.stdlib.core.Count.Counter;
[maxjcompiler] 	       ^^^^^^^^^^^^^^^^^^^^^^^^^^^^^^^^^^^^^^^^^^^^^^^^^^^^^^^^^^^^^^^^^^^
[maxjcompiler] The import com.maxeler.maxcompiler.v2.kernelcompiler.stdlib.core.Count.Counter is never used
[maxjcompiler] ----------
[maxjcompiler] 2. WARNING in /local/ssd/home/mattfel/transform_regression_tests_21-24/hyperdsl/spatial/regression_tests/unit/17_SequentialWrites/out/maxj/src/static/TopKernel.maxj (at line 4)
[maxjcompiler] 	import com.maxeler.maxcompiler.v2.kernelcompiler.stdlib.core.CounterChain;
[maxjcompiler] 	       ^^^^^^^^^^^^^^^^^^^^^^^^^^^^^^^^^^^^^^^^^^^^^^^^^^^^^^^^^^^^^^^^^^
[maxjcompiler] The import com.maxeler.maxcompiler.v2.kernelcompiler.stdlib.core.CounterChain is never used
[maxjcompiler] ----------
[maxjcompiler] 3. WARNING in /local/ssd/home/mattfel/transform_regression_tests_21-24/hyperdsl/spatial/regression_tests/unit/17_SequentialWrites/out/maxj/src/static/TopKernel.maxj (at line 6)
[maxjcompiler] 	import com.maxeler.maxcompiler.v2.kernelcompiler.stdlib.core.Count.Params;
[maxjcompiler] 	       ^^^^^^^^^^^^^^^^^^^^^^^^^^^^^^^^^^^^^^^^^^^^^^^^^^^^^^^^^^^^^^^^^^
[maxjcompiler] The import com.maxeler.maxcompiler.v2.kernelcompiler.stdlib.core.Count.Params is never used
[maxjcompiler] ----------
[maxjcompiler] 4. WARNING in /local/ssd/home/mattfel/transform_regression_tests_21-24/hyperdsl/spatial/regression_tests/unit/17_SequentialWrites/out/maxj/src/static/TopKernel.maxj (at line 7)
[maxjcompiler] 	import com.maxeler.maxcompiler.v2.kernelcompiler.stdlib.memory.Memory;
[maxjcompiler] 	       ^^^^^^^^^^^^^^^^^^^^^^^^^^^^^^^^^^^^^^^^^^^^^^^^^^^^^^^^^^^^^^
[maxjcompiler] The import com.maxeler.maxcompiler.v2.kernelcompiler.stdlib.memory.Memory is never used
[maxjcompiler] ----------
[maxjcompiler] 5. WARNING in /local/ssd/home/mattfel/transform_regression_tests_21-24/hyperdsl/spatial/regression_tests/unit/17_SequentialWrites/out/maxj/src/static/TopKernel.maxj (at line 12)
[maxjcompiler] 	import com.maxeler.maxcompiler.v2.utils.MathUtils;
[maxjcompiler] 	       ^^^^^^^^^^^^^^^^^^^^^^^^^^^^^^^^^^^^^^^^^^
[maxjcompiler] The import com.maxeler.maxcompiler.v2.utils.MathUtils is never used
[maxjcompiler] ----------
[maxjcompiler] 6. WARNING in /local/ssd/home/mattfel/transform_regression_tests_21-24/hyperdsl/spatial/regression_tests/unit/17_SequentialWrites/out/maxj/src/static/TopKernel.maxj (at line 13)
[maxjcompiler] 	import com.maxeler.maxcompiler.v2.utils.Bits;
[maxjcompiler] 	       ^^^^^^^^^^^^^^^^^^^^^^^^^^^^^^^^^^^^^
[maxjcompiler] The import com.maxeler.maxcompiler.v2.utils.Bits is never used
[maxjcompiler] ----------
[maxjcompiler] 7. WARNING in /local/ssd/home/mattfel/transform_regression_tests_21-24/hyperdsl/spatial/regression_tests/unit/17_SequentialWrites/out/maxj/src/static/TopKernel.maxj (at line 14)
[maxjcompiler] 	import com.maxeler.maxcompiler.v2.kernelcompiler.stdlib.core.CounterChain;
[maxjcompiler] 	       ^^^^^^^^^^^^^^^^^^^^^^^^^^^^^^^^^^^^^^^^^^^^^^^^^^^^^^^^^^^^^^^^^^
[maxjcompiler] The import com.maxeler.maxcompiler.v2.kernelcompiler.stdlib.core.CounterChain is never used
[maxjcompiler] ----------
[maxjcompiler] 8. WARNING in /local/ssd/home/mattfel/transform_regression_tests_21-24/hyperdsl/spatial/regression_tests/unit/17_SequentialWrites/out/maxj/src/static/TopKernel.maxj (at line 17)
[maxjcompiler] 	import java.util.Random;
[maxjcompiler] 	       ^^^^^^^^^^^^^^^^
[maxjcompiler] The import java.util.Random is never used
[maxjcompiler] ----------
[maxjcompiler] ----------
[maxjcompiler] 9. WARNING in /local/ssd/home/mattfel/transform_regression_tests_21-24/hyperdsl/spatial/regression_tests/unit/17_SequentialWrites/out/maxj/src/static/templates/SingleCtrSM.maxj (at line 8)
[maxjcompiler] 	import com.maxeler.maxcompiler.v2.statemachine.DFEsmValue;
[maxjcompiler] 	       ^^^^^^^^^^^^^^^^^^^^^^^^^^^^^^^^^^^^^^^^^^^^^^^^^^
[maxjcompiler] The import com.maxeler.maxcompiler.v2.statemachine.DFEsmValue is never used
[maxjcompiler] ----------
[maxjcompiler] ----------
[maxjcompiler] 10. WARNING in /local/ssd/home/mattfel/transform_regression_tests_21-24/hyperdsl/spatial/regression_tests/unit/17_SequentialWrites/out/maxj/src/static/templates/PQ.maxj (at line 5)
[maxjcompiler] 	import com.maxeler.maxcompiler.v2.kernelcompiler.stdlib.memory.Memory;
[maxjcompiler] 	       ^^^^^^^^^^^^^^^^^^^^^^^^^^^^^^^^^^^^^^^^^^^^^^^^^^^^^^^^^^^^^^
[maxjcompiler] The import com.maxeler.maxcompiler.v2.kernelcompiler.stdlib.memory.Memory is never used
[maxjcompiler] ----------
[maxjcompiler] 11. WARNING in /local/ssd/home/mattfel/transform_regression_tests_21-24/hyperdsl/spatial/regression_tests/unit/17_SequentialWrites/out/maxj/src/static/templates/PQ.maxj (at line 9)
[maxjcompiler] 	import com.maxeler.maxcompiler.v2.kernelcompiler.types.composite.DFEVector;
[maxjcompiler] 	       ^^^^^^^^^^^^^^^^^^^^^^^^^^^^^^^^^^^^^^^^^^^^^^^^^^^^^^^^^^^^^^^^^^^
[maxjcompiler] The import com.maxeler.maxcompiler.v2.kernelcompiler.types.composite.DFEVector is never used
[maxjcompiler] ----------
[maxjcompiler] 12. WARNING in /local/ssd/home/mattfel/transform_regression_tests_21-24/hyperdsl/spatial/regression_tests/unit/17_SequentialWrites/out/maxj/src/static/templates/PQ.maxj (at line 10)
[maxjcompiler] 	import com.maxeler.maxcompiler.v2.kernelcompiler.stdlib.Reductions;
[maxjcompiler] 	       ^^^^^^^^^^^^^^^^^^^^^^^^^^^^^^^^^^^^^^^^^^^^^^^^^^^^^^^^^^^
[maxjcompiler] The import com.maxeler.maxcompiler.v2.kernelcompiler.stdlib.Reductions is never used
[maxjcompiler] ----------
[maxjcompiler] ----------
[maxjcompiler] 13. WARNING in /local/ssd/home/mattfel/transform_regression_tests_21-24/hyperdsl/spatial/regression_tests/unit/17_SequentialWrites/out/maxj/src/static/templates/Scatter.maxj (at line 6)
[maxjcompiler] 	import com.maxeler.maxcompiler.v2.kernelcompiler.stdlib.core.CounterChain;
[maxjcompiler] 	       ^^^^^^^^^^^^^^^^^^^^^^^^^^^^^^^^^^^^^^^^^^^^^^^^^^^^^^^^^^^^^^^^^^
[maxjcompiler] The import com.maxeler.maxcompiler.v2.kernelcompiler.stdlib.core.CounterChain is never used
[maxjcompiler] ----------
[maxjcompiler] 14. WARNING in /local/ssd/home/mattfel/transform_regression_tests_21-24/hyperdsl/spatial/regression_tests/unit/17_SequentialWrites/out/maxj/src/static/templates/Scatter.maxj (at line 7)
[maxjcompiler] 	import com.maxeler.maxcompiler.v2.kernelcompiler.stdlib.core.Count.WrapMode;
[maxjcompiler] 	       ^^^^^^^^^^^^^^^^^^^^^^^^^^^^^^^^^^^^^^^^^^^^^^^^^^^^^^^^^^^^^^^^^^^^
[maxjcompiler] The import com.maxeler.maxcompiler.v2.kernelcompiler.stdlib.core.Count.WrapMode is never used
[maxjcompiler] ----------
[maxjcompiler] 15. WARNING in /local/ssd/home/mattfel/transform_regression_tests_21-24/hyperdsl/spatial/regression_tests/unit/17_SequentialWrites/out/maxj/src/static/templates/Scatter.maxj (at line 11)
[maxjcompiler] 	import com.maxeler.maxcompiler.v2.kernelcompiler.Optimization;
[maxjcompiler] 	       ^^^^^^^^^^^^^^^^^^^^^^^^^^^^^^^^^^^^^^^^^^^^^^^^^^^^^^
[maxjcompiler] The import com.maxeler.maxcompiler.v2.kernelcompiler.Optimization is never used
[maxjcompiler] ----------
[maxjcompiler] 16. WARNING in /local/ssd/home/mattfel/transform_regression_tests_21-24/hyperdsl/spatial/regression_tests/unit/17_SequentialWrites/out/maxj/src/static/templates/Scatter.maxj (at line 12)
[maxjcompiler] 	import com.maxeler.maxcompiler.v2.kernelcompiler.stdlib.Reductions;
[maxjcompiler] 	       ^^^^^^^^^^^^^^^^^^^^^^^^^^^^^^^^^^^^^^^^^^^^^^^^^^^^^^^^^^^
[maxjcompiler] The import com.maxeler.maxcompiler.v2.kernelcompiler.stdlib.Reductions is never used
[maxjcompiler] ----------
[maxjcompiler] 17. WARNING in /local/ssd/home/mattfel/transform_regression_tests_21-24/hyperdsl/spatial/regression_tests/unit/17_SequentialWrites/out/maxj/src/static/templates/Scatter.maxj (at line 19)
[maxjcompiler] 	import com.maxeler.maxcompiler.v2.kernelcompiler.types.composite.DFEVector;
[maxjcompiler] 	       ^^^^^^^^^^^^^^^^^^^^^^^^^^^^^^^^^^^^^^^^^^^^^^^^^^^^^^^^^^^^^^^^^^^
[maxjcompiler] The import com.maxeler.maxcompiler.v2.kernelcompiler.types.composite.DFEVector is never used
[maxjcompiler] ----------
[maxjcompiler] 18. WARNING in /local/ssd/home/mattfel/transform_regression_tests_21-24/hyperdsl/spatial/regression_tests/unit/17_SequentialWrites/out/maxj/src/static/templates/Scatter.maxj (at line 20)
[maxjcompiler] 	import com.maxeler.maxcompiler.v2.kernelcompiler.types.composite.DFEVectorType;
[maxjcompiler] 	       ^^^^^^^^^^^^^^^^^^^^^^^^^^^^^^^^^^^^^^^^^^^^^^^^^^^^^^^^^^^^^^^^^^^^^^^
[maxjcompiler] The import com.maxeler.maxcompiler.v2.kernelcompiler.types.composite.DFEVectorType is never used
[maxjcompiler] ----------
[maxjcompiler] 19. WARNING in /local/ssd/home/mattfel/transform_regression_tests_21-24/hyperdsl/spatial/regression_tests/unit/17_SequentialWrites/out/maxj/src/static/templates/Scatter.maxj (at line 21)
[maxjcompiler] 	import com.maxeler.maxcompiler.v2.kernelcompiler.types.composite.DFEStruct;
[maxjcompiler] 	       ^^^^^^^^^^^^^^^^^^^^^^^^^^^^^^^^^^^^^^^^^^^^^^^^^^^^^^^^^^^^^^^^^^^
[maxjcompiler] The import com.maxeler.maxcompiler.v2.kernelcompiler.types.composite.DFEStruct is never used
[maxjcompiler] ----------
[maxjcompiler] 20. WARNING in /local/ssd/home/mattfel/transform_regression_tests_21-24/hyperdsl/spatial/regression_tests/unit/17_SequentialWrites/out/maxj/src/static/templates/Scatter.maxj (at line 22)
[maxjcompiler] 	import com.maxeler.maxcompiler.v2.kernelcompiler.types.composite.DFEStructType;
[maxjcompiler] 	       ^^^^^^^^^^^^^^^^^^^^^^^^^^^^^^^^^^^^^^^^^^^^^^^^^^^^^^^^^^^^^^^^^^^^^^^
[maxjcompiler] The import com.maxeler.maxcompiler.v2.kernelcompiler.types.composite.DFEStructType is never used
[maxjcompiler] ----------
[maxjcompiler] 21. WARNING in /local/ssd/home/mattfel/transform_regression_tests_21-24/hyperdsl/spatial/regression_tests/unit/17_SequentialWrites/out/maxj/src/static/templates/Scatter.maxj (at line 23)
[maxjcompiler] 	import com.maxeler.maxcompiler.v2.kernelcompiler.types.composite.DFEStructType.StructFieldType;
[maxjcompiler] 	       ^^^^^^^^^^^^^^^^^^^^^^^^^^^^^^^^^^^^^^^^^^^^^^^^^^^^^^^^^^^^^^^^^^^^^^^^^^^^^^^^^^^^^^^
[maxjcompiler] The import com.maxeler.maxcompiler.v2.kernelcompiler.types.composite.DFEStructType.StructFieldType is never used
[maxjcompiler] ----------
[maxjcompiler] 22. WARNING in /local/ssd/home/mattfel/transform_regression_tests_21-24/hyperdsl/spatial/regression_tests/unit/17_SequentialWrites/out/maxj/src/static/templates/Scatter.maxj (at line 24)
[maxjcompiler] 	import java.util.ArrayList;
[maxjcompiler] 	       ^^^^^^^^^^^^^^^^^^^
[maxjcompiler] The import java.util.ArrayList is never used
[maxjcompiler] ----------
[maxjcompiler] 23. WARNING in /local/ssd/home/mattfel/transform_regression_tests_21-24/hyperdsl/spatial/regression_tests/unit/17_SequentialWrites/out/maxj/src/static/templates/Scatter.maxj (at line 75)
[maxjcompiler] 	DFEVar package_done = sm.getOutput("package_done");
[maxjcompiler] 	       ^^^^^^^^^^^^
[maxjcompiler] The local variable package_done is never read
[maxjcompiler] ----------
[maxjcompiler] 24. WARNING in /local/ssd/home/mattfel/transform_regression_tests_21-24/hyperdsl/spatial/regression_tests/unit/17_SequentialWrites/out/maxj/src/static/templates/Scatter.maxj (at line 274)
[maxjcompiler] 	DFEVar package_done = sm.getOutput("package_done");
[maxjcompiler] 	       ^^^^^^^^^^^^
[maxjcompiler] The local variable package_done is never read
[maxjcompiler] ----------
[maxjcompiler] ----------
[maxjcompiler] 25. WARNING in /local/ssd/home/mattfel/transform_regression_tests_21-24/hyperdsl/spatial/regression_tests/unit/17_SequentialWrites/out/maxj/src/static/templates/NBufSM.maxj (at line 9)
[maxjcompiler] 	import java.util.ArrayList;
[maxjcompiler] 	       ^^^^^^^^^^^^^^^^^^^
[maxjcompiler] The import java.util.ArrayList is never used
[maxjcompiler] ----------
[maxjcompiler] 26. WARNING in /local/ssd/home/mattfel/transform_regression_tests_21-24/hyperdsl/spatial/regression_tests/unit/17_SequentialWrites/out/maxj/src/static/templates/NBufSM.maxj (at line 10)
[maxjcompiler] 	import java.util.List;
[maxjcompiler] 	       ^^^^^^^^^^^^^^
[maxjcompiler] The import java.util.List is never used
[maxjcompiler] ----------
[maxjcompiler] ----------
[maxjcompiler] 27. WARNING in /local/ssd/home/mattfel/transform_regression_tests_21-24/hyperdsl/spatial/regression_tests/unit/17_SequentialWrites/out/maxj/src/static/templates/DblBufStateMachine.maxj (at line 48)
[maxjcompiler] 	this.numIter = numIter;
[maxjcompiler] 	^^^^^^^^^^^^^^^^^^^^^^
[maxjcompiler] The assignment to variable numIter has no effect
[maxjcompiler] ----------
[maxjcompiler] ----------
[maxjcompiler] 28. WARNING in /local/ssd/home/mattfel/transform_regression_tests_21-24/hyperdsl/spatial/regression_tests/unit/17_SequentialWrites/out/maxj/src/static/templates/DblBufReg.maxj (at line 5)
[maxjcompiler] 	import com.maxeler.maxcompiler.v2.kernelcompiler.stdlib.memory.Memory;
[maxjcompiler] 	       ^^^^^^^^^^^^^^^^^^^^^^^^^^^^^^^^^^^^^^^^^^^^^^^^^^^^^^^^^^^^^^
[maxjcompiler] The import com.maxeler.maxcompiler.v2.kernelcompiler.stdlib.memory.Memory is never used
[maxjcompiler] ----------
[maxjcompiler] 29. WARNING in /local/ssd/home/mattfel/transform_regression_tests_21-24/hyperdsl/spatial/regression_tests/unit/17_SequentialWrites/out/maxj/src/static/templates/DblBufReg.maxj (at line 7)
[maxjcompiler] 	import com.maxeler.maxcompiler.v2.utils.MathUtils;
[maxjcompiler] 	       ^^^^^^^^^^^^^^^^^^^^^^^^^^^^^^^^^^^^^^^^^^
[maxjcompiler] The import com.maxeler.maxcompiler.v2.utils.MathUtils is never used
[maxjcompiler] ----------
[maxjcompiler] 30. WARNING in /local/ssd/home/mattfel/transform_regression_tests_21-24/hyperdsl/spatial/regression_tests/unit/17_SequentialWrites/out/maxj/src/static/templates/DblBufReg.maxj (at line 9)
[maxjcompiler] 	import com.maxeler.maxcompiler.v2.kernelcompiler.Optimization;
[maxjcompiler] 	       ^^^^^^^^^^^^^^^^^^^^^^^^^^^^^^^^^^^^^^^^^^^^^^^^^^^^^^
[maxjcompiler] The import com.maxeler.maxcompiler.v2.kernelcompiler.Optimization is never used
[maxjcompiler] ----------
[maxjcompiler] ----------
[maxjcompiler] 31. WARNING in /local/ssd/home/mattfel/transform_regression_tests_21-24/hyperdsl/spatial/regression_tests/unit/17_SequentialWrites/out/maxj/src/static/templates/ScatterSM.maxj (at line 9)
[maxjcompiler] 	import com.maxeler.maxcompiler.v2.utils.MathUtils;
[maxjcompiler] 	       ^^^^^^^^^^^^^^^^^^^^^^^^^^^^^^^^^^^^^^^^^^
[maxjcompiler] The import com.maxeler.maxcompiler.v2.utils.MathUtils is never used
[maxjcompiler] ----------
[maxjcompiler] ----------
[maxjcompiler] 32. WARNING in /local/ssd/home/mattfel/transform_regression_tests_21-24/hyperdsl/spatial/regression_tests/unit/17_SequentialWrites/out/maxj/src/static/templates/Gather.maxj (at line 6)
[maxjcompiler] 	import com.maxeler.maxcompiler.v2.kernelcompiler.stdlib.core.CounterChain;
[maxjcompiler] 	       ^^^^^^^^^^^^^^^^^^^^^^^^^^^^^^^^^^^^^^^^^^^^^^^^^^^^^^^^^^^^^^^^^^
[maxjcompiler] The import com.maxeler.maxcompiler.v2.kernelcompiler.stdlib.core.CounterChain is never used
[maxjcompiler] ----------
[maxjcompiler] 33. WARNING in /local/ssd/home/mattfel/transform_regression_tests_21-24/hyperdsl/spatial/regression_tests/unit/17_SequentialWrites/out/maxj/src/static/templates/Gather.maxj (at line 7)
[maxjcompiler] 	import com.maxeler.maxcompiler.v2.kernelcompiler.stdlib.core.Count.WrapMode;
[maxjcompiler] 	       ^^^^^^^^^^^^^^^^^^^^^^^^^^^^^^^^^^^^^^^^^^^^^^^^^^^^^^^^^^^^^^^^^^^^
[maxjcompiler] The import com.maxeler.maxcompiler.v2.kernelcompiler.stdlib.core.Count.WrapMode is never used
[maxjcompiler] ----------
[maxjcompiler] 34. WARNING in /local/ssd/home/mattfel/transform_regression_tests_21-24/hyperdsl/spatial/regression_tests/unit/17_SequentialWrites/out/maxj/src/static/templates/Gather.maxj (at line 11)
[maxjcompiler] 	import com.maxeler.maxcompiler.v2.kernelcompiler.Optimization;
[maxjcompiler] 	       ^^^^^^^^^^^^^^^^^^^^^^^^^^^^^^^^^^^^^^^^^^^^^^^^^^^^^^
[maxjcompiler] The import com.maxeler.maxcompiler.v2.kernelcompiler.Optimization is never used
[maxjcompiler] ----------
[maxjcompiler] 35. WARNING in /local/ssd/home/mattfel/transform_regression_tests_21-24/hyperdsl/spatial/regression_tests/unit/17_SequentialWrites/out/maxj/src/static/templates/Gather.maxj (at line 12)
[maxjcompiler] 	import com.maxeler.maxcompiler.v2.kernelcompiler.stdlib.Reductions;
[maxjcompiler] 	       ^^^^^^^^^^^^^^^^^^^^^^^^^^^^^^^^^^^^^^^^^^^^^^^^^^^^^^^^^^^
[maxjcompiler] The import com.maxeler.maxcompiler.v2.kernelcompiler.stdlib.Reductions is never used
[maxjcompiler] ----------
[maxjcompiler] 36. WARNING in /local/ssd/home/mattfel/transform_regression_tests_21-24/hyperdsl/spatial/regression_tests/unit/17_SequentialWrites/out/maxj/src/static/templates/Gather.maxj (at line 21)
[maxjcompiler] 	import com.maxeler.maxcompiler.v2.kernelcompiler.types.composite.DFEStruct;
[maxjcompiler] 	       ^^^^^^^^^^^^^^^^^^^^^^^^^^^^^^^^^^^^^^^^^^^^^^^^^^^^^^^^^^^^^^^^^^^
[maxjcompiler] The import com.maxeler.maxcompiler.v2.kernelcompiler.types.composite.DFEStruct is never used
[maxjcompiler] ----------
[maxjcompiler] 37. WARNING in /local/ssd/home/mattfel/transform_regression_tests_21-24/hyperdsl/spatial/regression_tests/unit/17_SequentialWrites/out/maxj/src/static/templates/Gather.maxj (at line 22)
[maxjcompiler] 	import com.maxeler.maxcompiler.v2.kernelcompiler.types.composite.DFEStructType;
[maxjcompiler] 	       ^^^^^^^^^^^^^^^^^^^^^^^^^^^^^^^^^^^^^^^^^^^^^^^^^^^^^^^^^^^^^^^^^^^^^^^
[maxjcompiler] The import com.maxeler.maxcompiler.v2.kernelcompiler.types.composite.DFEStructType is never used
[maxjcompiler] ----------
[maxjcompiler] 38. WARNING in /local/ssd/home/mattfel/transform_regression_tests_21-24/hyperdsl/spatial/regression_tests/unit/17_SequentialWrites/out/maxj/src/static/templates/Gather.maxj (at line 23)
[maxjcompiler] 	import com.maxeler.maxcompiler.v2.kernelcompiler.types.composite.DFEStructType.StructFieldType;
[maxjcompiler] 	       ^^^^^^^^^^^^^^^^^^^^^^^^^^^^^^^^^^^^^^^^^^^^^^^^^^^^^^^^^^^^^^^^^^^^^^^^^^^^^^^^^^^^^^^
[maxjcompiler] The import com.maxeler.maxcompiler.v2.kernelcompiler.types.composite.DFEStructType.StructFieldType is never used
[maxjcompiler] ----------
[maxjcompiler] 39. WARNING in /local/ssd/home/mattfel/transform_regression_tests_21-24/hyperdsl/spatial/regression_tests/unit/17_SequentialWrites/out/maxj/src/static/templates/Gather.maxj (at line 24)
[maxjcompiler] 	import java.util.ArrayList;
[maxjcompiler] 	       ^^^^^^^^^^^^^^^^^^^
[maxjcompiler] The import java.util.ArrayList is never used
[maxjcompiler] ----------
[maxjcompiler] 40. WARNING in /local/ssd/home/mattfel/transform_regression_tests_21-24/hyperdsl/spatial/regression_tests/unit/17_SequentialWrites/out/maxj/src/static/templates/Gather.maxj (at line 105)
[maxjcompiler] 	DFEVar package_done = sm.getOutput("package_done");
[maxjcompiler] 	       ^^^^^^^^^^^^
[maxjcompiler] The local variable package_done is never read
[maxjcompiler] ----------
[maxjcompiler] 41. WARNING in /local/ssd/home/mattfel/transform_regression_tests_21-24/hyperdsl/spatial/regression_tests/unit/17_SequentialWrites/out/maxj/src/static/templates/Gather.maxj (at line 303)
[maxjcompiler] 	DFEVar package_done = sm.getOutput("package_done");
[maxjcompiler] 	       ^^^^^^^^^^^^
[maxjcompiler] The local variable package_done is never read
[maxjcompiler] ----------
[maxjcompiler] ----------
[maxjcompiler] 42. WARNING in /local/ssd/home/mattfel/transform_regression_tests_21-24/hyperdsl/spatial/regression_tests/unit/17_SequentialWrites/out/maxj/src/static/templates/GBRSM.maxj (at line 8)
[maxjcompiler] 	import com.maxeler.maxcompiler.v2.statemachine.DFEsmValue;
[maxjcompiler] 	       ^^^^^^^^^^^^^^^^^^^^^^^^^^^^^^^^^^^^^^^^^^^^^^^^^^
[maxjcompiler] The import com.maxeler.maxcompiler.v2.statemachine.DFEsmValue is never used
[maxjcompiler] ----------
[maxjcompiler] ----------
[maxjcompiler] 43. WARNING in /local/ssd/home/mattfel/transform_regression_tests_21-24/hyperdsl/spatial/regression_tests/unit/17_SequentialWrites/out/maxj/src/static/templates/DblBufStateMachine_2.maxj (at line 41)
[maxjcompiler] 	DFEsmValueType counterType = dfeUInt(2);
[maxjcompiler] 	               ^^^^^^^^^^^
[maxjcompiler] The local variable counterType is never read
[maxjcompiler] ----------
[maxjcompiler] 44. WARNING in /local/ssd/home/mattfel/transform_regression_tests_21-24/hyperdsl/spatial/regression_tests/unit/17_SequentialWrites/out/maxj/src/static/templates/DblBufStateMachine_2.maxj (at line 59)
[maxjcompiler] 	this.numIter = numIter;
[maxjcompiler] 	^^^^^^^^^^^^^^^^^^^^^^
[maxjcompiler] The assignment to variable numIter has no effect
[maxjcompiler] ----------
[maxjcompiler] ----------
[maxjcompiler] 45. WARNING in /local/ssd/home/mattfel/transform_regression_tests_21-24/hyperdsl/spatial/regression_tests/unit/17_SequentialWrites/out/maxj/src/static/templates/VDblBufKernelLib.maxj (at line 8)
[maxjcompiler] 	import com.maxeler.maxcompiler.v2.kernelcompiler.types.base.DFEType;
[maxjcompiler] 	       ^^^^^^^^^^^^^^^^^^^^^^^^^^^^^^^^^^^^^^^^^^^^^^^^^^^^^^^^^^^^
[maxjcompiler] The import com.maxeler.maxcompiler.v2.kernelcompiler.types.base.DFEType is never used
[maxjcompiler] ----------
[maxjcompiler] ----------
[maxjcompiler] 46. WARNING in /local/ssd/home/mattfel/transform_regression_tests_21-24/hyperdsl/spatial/regression_tests/unit/17_SequentialWrites/out/maxj/src/static/templates/NBufKernelLib.maxj (at line 5)
[maxjcompiler] 	import com.maxeler.maxcompiler.v2.kernelcompiler.stdlib.memory.Memory;
[maxjcompiler] 	       ^^^^^^^^^^^^^^^^^^^^^^^^^^^^^^^^^^^^^^^^^^^^^^^^^^^^^^^^^^^^^^
[maxjcompiler] The import com.maxeler.maxcompiler.v2.kernelcompiler.stdlib.memory.Memory is never used
[maxjcompiler] ----------
[maxjcompiler] 47. WARNING in /local/ssd/home/mattfel/transform_regression_tests_21-24/hyperdsl/spatial/regression_tests/unit/17_SequentialWrites/out/maxj/src/static/templates/NBufKernelLib.maxj (at line 9)
[maxjcompiler] 	import com.maxeler.maxcompiler.v2.kernelcompiler.Optimization;
[maxjcompiler] 	       ^^^^^^^^^^^^^^^^^^^^^^^^^^^^^^^^^^^^^^^^^^^^^^^^^^^^^^
[maxjcompiler] The import com.maxeler.maxcompiler.v2.kernelcompiler.Optimization is never used
[maxjcompiler] ----------
[maxjcompiler] 48. WARNING in /local/ssd/home/mattfel/transform_regression_tests_21-24/hyperdsl/spatial/regression_tests/unit/17_SequentialWrites/out/maxj/src/static/templates/NBufKernelLib.maxj (at line 12)
[maxjcompiler] 	import com.maxeler.maxcompiler.v2.utils.Bits;
[maxjcompiler] 	       ^^^^^^^^^^^^^^^^^^^^^^^^^^^^^^^^^^^^^
[maxjcompiler] The import com.maxeler.maxcompiler.v2.utils.Bits is never used
[maxjcompiler] ----------
[maxjcompiler] 49. WARNING in /local/ssd/home/mattfel/transform_regression_tests_21-24/hyperdsl/spatial/regression_tests/unit/17_SequentialWrites/out/maxj/src/static/templates/NBufKernelLib.maxj (at line 105)
[maxjcompiler] 	this.type = type;
[maxjcompiler] 	^^^^^^^^^^^^^^^^
[maxjcompiler] The assignment to variable type has no effect
[maxjcompiler] ----------
[maxjcompiler] ----------
[maxjcompiler] 50. WARNING in /local/ssd/home/mattfel/transform_regression_tests_21-24/hyperdsl/spatial/regression_tests/unit/17_SequentialWrites/out/maxj/src/static/templates/MemoryCmdSM.maxj (at line 6)
[maxjcompiler] 	import com.maxeler.maxcompiler.v2.statemachine.DFEsmStateValue;
[maxjcompiler] 	       ^^^^^^^^^^^^^^^^^^^^^^^^^^^^^^^^^^^^^^^^^^^^^^^^^^^^^^^
[maxjcompiler] The import com.maxeler.maxcompiler.v2.statemachine.DFEsmStateValue is never used
[maxjcompiler] ----------
[maxjcompiler] 51. WARNING in /local/ssd/home/mattfel/transform_regression_tests_21-24/hyperdsl/spatial/regression_tests/unit/17_SequentialWrites/out/maxj/src/static/templates/MemoryCmdSM.maxj (at line 35)
[maxjcompiler] 	DFEsmValueType counterType = dfeUInt(32);
[maxjcompiler] 	               ^^^^^^^^^^^
[maxjcompiler] The local variable counterType is never read
[maxjcompiler] ----------
[maxjcompiler] ----------
[maxjcompiler] 52. WARNING in /local/ssd/home/mattfel/transform_regression_tests_21-24/hyperdsl/spatial/regression_tests/unit/17_SequentialWrites/out/maxj/src/static/templates/MemoryCmdGen.maxj (at line 7)
[maxjcompiler] 	import com.maxeler.maxcompiler.v2.kernelcompiler.stdlib.core.CounterChain;
[maxjcompiler] 	       ^^^^^^^^^^^^^^^^^^^^^^^^^^^^^^^^^^^^^^^^^^^^^^^^^^^^^^^^^^^^^^^^^^
[maxjcompiler] The import com.maxeler.maxcompiler.v2.kernelcompiler.stdlib.core.CounterChain is never used
[maxjcompiler] ----------
[maxjcompiler] 53. WARNING in /local/ssd/home/mattfel/transform_regression_tests_21-24/hyperdsl/spatial/regression_tests/unit/17_SequentialWrites/out/maxj/src/static/templates/MemoryCmdGen.maxj (at line 10)
[maxjcompiler] 	import com.maxeler.maxcompiler.v2.utils.MathUtils;
[maxjcompiler] 	       ^^^^^^^^^^^^^^^^^^^^^^^^^^^^^^^^^^^^^^^^^^
[maxjcompiler] The import com.maxeler.maxcompiler.v2.utils.MathUtils is never used
[maxjcompiler] ----------
[maxjcompiler] 54. WARNING in /local/ssd/home/mattfel/transform_regression_tests_21-24/hyperdsl/spatial/regression_tests/unit/17_SequentialWrites/out/maxj/src/static/templates/MemoryCmdGen.maxj (at line 13)
[maxjcompiler] 	import com.maxeler.maxcompiler.v2.kernelcompiler.Optimization;
[maxjcompiler] 	       ^^^^^^^^^^^^^^^^^^^^^^^^^^^^^^^^^^^^^^^^^^^^^^^^^^^^^^
[maxjcompiler] The import com.maxeler.maxcompiler.v2.kernelcompiler.Optimization is never used
[maxjcompiler] ----------
[maxjcompiler] 55. WARNING in /local/ssd/home/mattfel/transform_regression_tests_21-24/hyperdsl/spatial/regression_tests/unit/17_SequentialWrites/out/maxj/src/static/templates/MemoryCmdGen.maxj (at line 14)
[maxjcompiler] 	import com.maxeler.maxcompiler.v2.kernelcompiler.stdlib.Reductions;
[maxjcompiler] 	       ^^^^^^^^^^^^^^^^^^^^^^^^^^^^^^^^^^^^^^^^^^^^^^^^^^^^^^^^^^^
[maxjcompiler] The import com.maxeler.maxcompiler.v2.kernelcompiler.stdlib.Reductions is never used
[maxjcompiler] ----------
[maxjcompiler] 56. WARNING in /local/ssd/home/mattfel/transform_regression_tests_21-24/hyperdsl/spatial/regression_tests/unit/17_SequentialWrites/out/maxj/src/static/templates/MemoryCmdGen.maxj (at line 15)
[maxjcompiler] 	import com.maxeler.maxcompiler.v2.kernelcompiler.stdlib.core.Stream.OffsetExpr;
[maxjcompiler] 	       ^^^^^^^^^^^^^^^^^^^^^^^^^^^^^^^^^^^^^^^^^^^^^^^^^^^^^^^^^^^^^^^^^^^^^^^
[maxjcompiler] The import com.maxeler.maxcompiler.v2.kernelcompiler.stdlib.core.Stream.OffsetExpr is never used
[maxjcompiler] ----------
[maxjcompiler] 57. WARNING in /local/ssd/home/mattfel/transform_regression_tests_21-24/hyperdsl/spatial/regression_tests/unit/17_SequentialWrites/out/maxj/src/static/templates/MemoryCmdGen.maxj (at line 20)
[maxjcompiler] 	import com.maxeler.maxcompiler.v2.kernelcompiler.types.composite.DFEStruct;
[maxjcompiler] 	       ^^^^^^^^^^^^^^^^^^^^^^^^^^^^^^^^^^^^^^^^^^^^^^^^^^^^^^^^^^^^^^^^^^^
[maxjcompiler] The import com.maxeler.maxcompiler.v2.kernelcompiler.types.composite.DFEStruct is never used
[maxjcompiler] ----------
[maxjcompiler] 58. WARNING in /local/ssd/home/mattfel/transform_regression_tests_21-24/hyperdsl/spatial/regression_tests/unit/17_SequentialWrites/out/maxj/src/static/templates/MemoryCmdGen.maxj (at line 21)
[maxjcompiler] 	import com.maxeler.maxcompiler.v2.kernelcompiler.types.composite.DFEStructType;
[maxjcompiler] 	       ^^^^^^^^^^^^^^^^^^^^^^^^^^^^^^^^^^^^^^^^^^^^^^^^^^^^^^^^^^^^^^^^^^^^^^^
[maxjcompiler] The import com.maxeler.maxcompiler.v2.kernelcompiler.types.composite.DFEStructType is never used
[maxjcompiler] ----------
[maxjcompiler] 59. WARNING in /local/ssd/home/mattfel/transform_regression_tests_21-24/hyperdsl/spatial/regression_tests/unit/17_SequentialWrites/out/maxj/src/static/templates/MemoryCmdGen.maxj (at line 22)
[maxjcompiler] 	import com.maxeler.maxcompiler.v2.kernelcompiler.types.composite.DFEStructType.StructFieldType;
[maxjcompiler] 	       ^^^^^^^^^^^^^^^^^^^^^^^^^^^^^^^^^^^^^^^^^^^^^^^^^^^^^^^^^^^^^^^^^^^^^^^^^^^^^^^^^^^^^^^
[maxjcompiler] The import com.maxeler.maxcompiler.v2.kernelcompiler.types.composite.DFEStructType.StructFieldType is never used
[maxjcompiler] ----------
[maxjcompiler] 60. WARNING in /local/ssd/home/mattfel/transform_regression_tests_21-24/hyperdsl/spatial/regression_tests/unit/17_SequentialWrites/out/maxj/src/static/templates/MemoryCmdGen.maxj (at line 23)
[maxjcompiler] 	import java.util.ArrayList;
[maxjcompiler] 	       ^^^^^^^^^^^^^^^^^^^
[maxjcompiler] The import java.util.ArrayList is never used
[maxjcompiler] ----------
[maxjcompiler] 61. WARNING in /local/ssd/home/mattfel/transform_regression_tests_21-24/hyperdsl/spatial/regression_tests/unit/17_SequentialWrites/out/maxj/src/static/templates/MemoryCmdGen.maxj (at line 102)
[maxjcompiler] 	int par = wdata.getSize();
[maxjcompiler] 	    ^^^
[maxjcompiler] The local variable par is never read
[maxjcompiler] ----------
[maxjcompiler] 62. WARNING in /local/ssd/home/mattfel/transform_regression_tests_21-24/hyperdsl/spatial/regression_tests/unit/17_SequentialWrites/out/maxj/src/static/templates/MemoryCmdGen.maxj (at line 188)
[maxjcompiler] 	DFEVar sizecheck = upcast(size_int, wdata[0].getType());
[maxjcompiler] 	       ^^^^^^^^^
[maxjcompiler] The local variable sizecheck is never read
[maxjcompiler] ----------
[maxjcompiler] ----------
[maxjcompiler] 63. WARNING in /local/ssd/home/mattfel/transform_regression_tests_21-24/hyperdsl/spatial/regression_tests/unit/17_SequentialWrites/out/maxj/src/static/templates/CtrChainLib.maxj (at line 6)
[maxjcompiler] 	import com.maxeler.maxcompiler.v2.kernelcompiler.SMIO;
[maxjcompiler] 	       ^^^^^^^^^^^^^^^^^^^^^^^^^^^^^^^^^^^^^^^^^^^^^^
[maxjcompiler] The import com.maxeler.maxcompiler.v2.kernelcompiler.SMIO is never used
[maxjcompiler] ----------
[maxjcompiler] 64. WARNING in /local/ssd/home/mattfel/transform_regression_tests_21-24/hyperdsl/spatial/regression_tests/unit/17_SequentialWrites/out/maxj/src/static/templates/CtrChainLib.maxj (at line 7)
[maxjcompiler] 	import com.maxeler.maxcompiler.v2.kernelcompiler.stdlib.core.CounterChain;
[maxjcompiler] 	       ^^^^^^^^^^^^^^^^^^^^^^^^^^^^^^^^^^^^^^^^^^^^^^^^^^^^^^^^^^^^^^^^^^
[maxjcompiler] The import com.maxeler.maxcompiler.v2.kernelcompiler.stdlib.core.CounterChain is never used
[maxjcompiler] ----------
[maxjcompiler] 65. WARNING in /local/ssd/home/mattfel/transform_regression_tests_21-24/hyperdsl/spatial/regression_tests/unit/17_SequentialWrites/out/maxj/src/static/templates/CtrChainLib.maxj (at line 8)
[maxjcompiler] 	import com.maxeler.maxcompiler.v2.utils.MathUtils;
[maxjcompiler] 	       ^^^^^^^^^^^^^^^^^^^^^^^^^^^^^^^^^^^^^^^^^^
[maxjcompiler] The import com.maxeler.maxcompiler.v2.utils.MathUtils is never used
[maxjcompiler] ----------
[maxjcompiler] ----------
[maxjcompiler] 66. WARNING in /local/ssd/home/mattfel/transform_regression_tests_21-24/hyperdsl/spatial/regression_tests/unit/17_SequentialWrites/out/maxj/src/static/templates/PQSM.maxj (at line 5)
[maxjcompiler] 	import com.maxeler.maxcompiler.v2.statemachine.DFEsmStateEnum;
[maxjcompiler] 	       ^^^^^^^^^^^^^^^^^^^^^^^^^^^^^^^^^^^^^^^^^^^^^^^^^^^^^^
[maxjcompiler] The import com.maxeler.maxcompiler.v2.statemachine.DFEsmStateEnum is never used
[maxjcompiler] ----------
[maxjcompiler] 67. WARNING in /local/ssd/home/mattfel/transform_regression_tests_21-24/hyperdsl/spatial/regression_tests/unit/17_SequentialWrites/out/maxj/src/static/templates/PQSM.maxj (at line 9)
[maxjcompiler] 	import com.maxeler.maxcompiler.v2.statemachine.DFEsmAssignableValue;
[maxjcompiler] 	       ^^^^^^^^^^^^^^^^^^^^^^^^^^^^^^^^^^^^^^^^^^^^^^^^^^^^^^^^^^^^
[maxjcompiler] The import com.maxeler.maxcompiler.v2.statemachine.DFEsmAssignableValue is never used
[maxjcompiler] ----------
[maxjcompiler] 68. WARNING in /local/ssd/home/mattfel/transform_regression_tests_21-24/hyperdsl/spatial/regression_tests/unit/17_SequentialWrites/out/maxj/src/static/templates/PQSM.maxj (at line 11)
[maxjcompiler] 	import com.maxeler.maxcompiler.v2.statemachine.DFEsmVariable;
[maxjcompiler] 	       ^^^^^^^^^^^^^^^^^^^^^^^^^^^^^^^^^^^^^^^^^^^^^^^^^^^^^
[maxjcompiler] The import com.maxeler.maxcompiler.v2.statemachine.DFEsmVariable is never used
[maxjcompiler] ----------
[maxjcompiler] 69. WARNING in /local/ssd/home/mattfel/transform_regression_tests_21-24/hyperdsl/spatial/regression_tests/unit/17_SequentialWrites/out/maxj/src/static/templates/PQSM.maxj (at line 13)
[maxjcompiler] 	import com.maxeler.maxcompiler.v2.statemachine.types.DFEsmTypeFactory;
[maxjcompiler] 	       ^^^^^^^^^^^^^^^^^^^^^^^^^^^^^^^^^^^^^^^^^^^^^^^^^^^^^^^^^^^^^^
[maxjcompiler] The import com.maxeler.maxcompiler.v2.statemachine.types.DFEsmTypeFactory is never used
[maxjcompiler] ----------
[maxjcompiler] 70. WARNING in /local/ssd/home/mattfel/transform_regression_tests_21-24/hyperdsl/spatial/regression_tests/unit/17_SequentialWrites/out/maxj/src/static/templates/PQSM.maxj (at line 14)
[maxjcompiler] 	import com.maxeler.maxcompiler.v2.statemachine.StateMachineLib;
[maxjcompiler] 	       ^^^^^^^^^^^^^^^^^^^^^^^^^^^^^^^^^^^^^^^^^^^^^^^^^^^^^^^
[maxjcompiler] The import com.maxeler.maxcompiler.v2.statemachine.StateMachineLib is never used
[maxjcompiler] ----------
[maxjcompiler] 71. WARNING in /local/ssd/home/mattfel/transform_regression_tests_21-24/hyperdsl/spatial/regression_tests/unit/17_SequentialWrites/out/maxj/src/static/templates/PQSM.maxj (at line 90)
[maxjcompiler] 	private void resetElemsFF() {
[maxjcompiler] 	             ^^^^^^^^^^^^^^
[maxjcompiler] The method resetElemsFF() from the type PQSM is never used locally
[maxjcompiler] ----------
[maxjcompiler] 72. WARNING in /local/ssd/home/mattfel/transform_regression_tests_21-24/hyperdsl/spatial/regression_tests/unit/17_SequentialWrites/out/maxj/src/static/templates/PQSM.maxj (at line 99)
[maxjcompiler] 	private void write() {
[maxjcompiler] 	             ^^^^^^^
[maxjcompiler] The method write() from the type PQSM is never used locally
[maxjcompiler] ----------
[maxjcompiler] 73. WARNING in /local/ssd/home/mattfel/transform_regression_tests_21-24/hyperdsl/spatial/regression_tests/unit/17_SequentialWrites/out/maxj/src/static/templates/PQSM.maxj (at line 116)
[maxjcompiler] 	private void stall() {
[maxjcompiler] 	             ^^^^^^^
[maxjcompiler] The method stall() from the type PQSM is never used locally
[maxjcompiler] ----------
[maxjcompiler] ----------
[maxjcompiler] 74. WARNING in /local/ssd/home/mattfel/transform_regression_tests_21-24/hyperdsl/spatial/regression_tests/unit/17_SequentialWrites/out/maxj/src/static/templates/BoxedMem.maxj (at line 7)
[maxjcompiler] 	import com.maxeler.maxcompiler.v2.kernelcompiler.SMIO;
[maxjcompiler] 	       ^^^^^^^^^^^^^^^^^^^^^^^^^^^^^^^^^^^^^^^^^^^^^^
[maxjcompiler] The import com.maxeler.maxcompiler.v2.kernelcompiler.SMIO is never used
[maxjcompiler] ----------
[maxjcompiler] 75. WARNING in /local/ssd/home/mattfel/transform_regression_tests_21-24/hyperdsl/spatial/regression_tests/unit/17_SequentialWrites/out/maxj/src/static/templates/BoxedMem.maxj (at line 8)
[maxjcompiler] 	import com.maxeler.maxcompiler.v2.utils.MathUtils;
[maxjcompiler] 	       ^^^^^^^^^^^^^^^^^^^^^^^^^^^^^^^^^^^^^^^^^^
[maxjcompiler] The import com.maxeler.maxcompiler.v2.utils.MathUtils is never used
[maxjcompiler] ----------
[maxjcompiler] 76. WARNING in /local/ssd/home/mattfel/transform_regression_tests_21-24/hyperdsl/spatial/regression_tests/unit/17_SequentialWrites/out/maxj/src/static/templates/BoxedMem.maxj (at line 10)
[maxjcompiler] 	import com.maxeler.maxcompiler.v2.kernelcompiler.types.composite.DFEVector;
[maxjcompiler] 	       ^^^^^^^^^^^^^^^^^^^^^^^^^^^^^^^^^^^^^^^^^^^^^^^^^^^^^^^^^^^^^^^^^^^
[maxjcompiler] The import com.maxeler.maxcompiler.v2.kernelcompiler.types.composite.DFEVector is never used
[maxjcompiler] ----------
[maxjcompiler] ----------
[maxjcompiler] 77. WARNING in /local/ssd/home/mattfel/transform_regression_tests_21-24/hyperdsl/spatial/regression_tests/unit/17_SequentialWrites/out/maxj/src/static/templates/MemoryCmdSt.maxj (at line 7)
[maxjcompiler] 	import com.maxeler.maxcompiler.v2.kernelcompiler.stdlib.core.CounterChain;
[maxjcompiler] 	       ^^^^^^^^^^^^^^^^^^^^^^^^^^^^^^^^^^^^^^^^^^^^^^^^^^^^^^^^^^^^^^^^^^
[maxjcompiler] The import com.maxeler.maxcompiler.v2.kernelcompiler.stdlib.core.CounterChain is never used
[maxjcompiler] ----------
[maxjcompiler] 78. WARNING in /local/ssd/home/mattfel/transform_regression_tests_21-24/hyperdsl/spatial/regression_tests/unit/17_SequentialWrites/out/maxj/src/static/templates/MemoryCmdSt.maxj (at line 12)
[maxjcompiler] 	import com.maxeler.maxcompiler.v2.kernelcompiler.Optimization;
[maxjcompiler] 	       ^^^^^^^^^^^^^^^^^^^^^^^^^^^^^^^^^^^^^^^^^^^^^^^^^^^^^^
[maxjcompiler] The import com.maxeler.maxcompiler.v2.kernelcompiler.Optimization is never used
[maxjcompiler] ----------
[maxjcompiler] 79. WARNING in /local/ssd/home/mattfel/transform_regression_tests_21-24/hyperdsl/spatial/regression_tests/unit/17_SequentialWrites/out/maxj/src/static/templates/MemoryCmdSt.maxj (at line 13)
[maxjcompiler] 	import com.maxeler.maxcompiler.v2.kernelcompiler.stdlib.Reductions;
[maxjcompiler] 	       ^^^^^^^^^^^^^^^^^^^^^^^^^^^^^^^^^^^^^^^^^^^^^^^^^^^^^^^^^^^
[maxjcompiler] The import com.maxeler.maxcompiler.v2.kernelcompiler.stdlib.Reductions is never used
[maxjcompiler] ----------
[maxjcompiler] 80. WARNING in /local/ssd/home/mattfel/transform_regression_tests_21-24/hyperdsl/spatial/regression_tests/unit/17_SequentialWrites/out/maxj/src/static/templates/MemoryCmdSt.maxj (at line 14)
[maxjcompiler] 	import com.maxeler.maxcompiler.v2.kernelcompiler.stdlib.core.Stream.OffsetExpr;
[maxjcompiler] 	       ^^^^^^^^^^^^^^^^^^^^^^^^^^^^^^^^^^^^^^^^^^^^^^^^^^^^^^^^^^^^^^^^^^^^^^^
[maxjcompiler] The import com.maxeler.maxcompiler.v2.kernelcompiler.stdlib.core.Stream.OffsetExpr is never used
[maxjcompiler] ----------
[maxjcompiler] 81. WARNING in /local/ssd/home/mattfel/transform_regression_tests_21-24/hyperdsl/spatial/regression_tests/unit/17_SequentialWrites/out/maxj/src/static/templates/MemoryCmdSt.maxj (at line 19)
[maxjcompiler] 	import com.maxeler.maxcompiler.v2.kernelcompiler.types.composite.DFEStruct;
[maxjcompiler] 	       ^^^^^^^^^^^^^^^^^^^^^^^^^^^^^^^^^^^^^^^^^^^^^^^^^^^^^^^^^^^^^^^^^^^
[maxjcompiler] The import com.maxeler.maxcompiler.v2.kernelcompiler.types.composite.DFEStruct is never used
[maxjcompiler] ----------
[maxjcompiler] 82. WARNING in /local/ssd/home/mattfel/transform_regression_tests_21-24/hyperdsl/spatial/regression_tests/unit/17_SequentialWrites/out/maxj/src/static/templates/MemoryCmdSt.maxj (at line 20)
[maxjcompiler] 	import com.maxeler.maxcompiler.v2.kernelcompiler.types.composite.DFEStructType;
[maxjcompiler] 	       ^^^^^^^^^^^^^^^^^^^^^^^^^^^^^^^^^^^^^^^^^^^^^^^^^^^^^^^^^^^^^^^^^^^^^^^
[maxjcompiler] The import com.maxeler.maxcompiler.v2.kernelcompiler.types.composite.DFEStructType is never used
[maxjcompiler] ----------
[maxjcompiler] 83. WARNING in /local/ssd/home/mattfel/transform_regression_tests_21-24/hyperdsl/spatial/regression_tests/unit/17_SequentialWrites/out/maxj/src/static/templates/MemoryCmdSt.maxj (at line 21)
[maxjcompiler] 	import com.maxeler.maxcompiler.v2.kernelcompiler.types.composite.DFEStructType.StructFieldType;
[maxjcompiler] 	       ^^^^^^^^^^^^^^^^^^^^^^^^^^^^^^^^^^^^^^^^^^^^^^^^^^^^^^^^^^^^^^^^^^^^^^^^^^^^^^^^^^^^^^^
[maxjcompiler] The import com.maxeler.maxcompiler.v2.kernelcompiler.types.composite.DFEStructType.StructFieldType is never used
[maxjcompiler] ----------
[maxjcompiler] 84. WARNING in /local/ssd/home/mattfel/transform_regression_tests_21-24/hyperdsl/spatial/regression_tests/unit/17_SequentialWrites/out/maxj/src/static/templates/MemoryCmdSt.maxj (at line 22)
[maxjcompiler] 	import java.util.ArrayList;
[maxjcompiler] 	       ^^^^^^^^^^^^^^^^^^^
[maxjcompiler] The import java.util.ArrayList is never used
[maxjcompiler] ----------
[maxjcompiler] 85. WARNING in /local/ssd/home/mattfel/transform_regression_tests_21-24/hyperdsl/spatial/regression_tests/unit/17_SequentialWrites/out/maxj/src/static/templates/MemoryCmdSt.maxj (at line 83)
[maxjcompiler] 	int par = wdata.getSize();
[maxjcompiler] 	    ^^^
[maxjcompiler] The local variable par is never read
[maxjcompiler] ----------
[maxjcompiler] ----------
[maxjcompiler] 86. WARNING in /local/ssd/home/mattfel/transform_regression_tests_21-24/hyperdsl/spatial/regression_tests/unit/17_SequentialWrites/out/maxj/src/static/templates/DoubleCtrSM.maxj (at line 8)
[maxjcompiler] 	import com.maxeler.maxcompiler.v2.statemachine.DFEsmValue;
[maxjcompiler] 	       ^^^^^^^^^^^^^^^^^^^^^^^^^^^^^^^^^^^^^^^^^^^^^^^^^^
[maxjcompiler] The import com.maxeler.maxcompiler.v2.statemachine.DFEsmValue is never used
[maxjcompiler] ----------
[maxjcompiler] 87. WARNING in /local/ssd/home/mattfel/transform_regression_tests_21-24/hyperdsl/spatial/regression_tests/unit/17_SequentialWrites/out/maxj/src/static/templates/DoubleCtrSM.maxj (at line 21)
[maxjcompiler] 	private final int start0;
[maxjcompiler] 	                  ^^^^^^
[maxjcompiler] The field DoubleCtrSM.start0 is never read locally
[maxjcompiler] ----------
[maxjcompiler] 88. WARNING in /local/ssd/home/mattfel/transform_regression_tests_21-24/hyperdsl/spatial/regression_tests/unit/17_SequentialWrites/out/maxj/src/static/templates/DoubleCtrSM.maxj (at line 24)
[maxjcompiler] 	private final int start1;
[maxjcompiler] 	                  ^^^^^^
[maxjcompiler] The field DoubleCtrSM.start1 is never read locally
[maxjcompiler] ----------
[maxjcompiler] ----------
[maxjcompiler] 89. WARNING in /local/ssd/home/mattfel/transform_regression_tests_21-24/hyperdsl/spatial/regression_tests/unit/17_SequentialWrites/out/maxj/src/static/templates/BlockStorer.maxj (at line 6)
[maxjcompiler] 	import com.maxeler.maxcompiler.v2.kernelcompiler.stdlib.core.CounterChain;
[maxjcompiler] 	       ^^^^^^^^^^^^^^^^^^^^^^^^^^^^^^^^^^^^^^^^^^^^^^^^^^^^^^^^^^^^^^^^^^
[maxjcompiler] The import com.maxeler.maxcompiler.v2.kernelcompiler.stdlib.core.CounterChain is never used
[maxjcompiler] ----------
[maxjcompiler] 90. WARNING in /local/ssd/home/mattfel/transform_regression_tests_21-24/hyperdsl/spatial/regression_tests/unit/17_SequentialWrites/out/maxj/src/static/templates/BlockStorer.maxj (at line 11)
[maxjcompiler] 	import com.maxeler.maxcompiler.v2.kernelcompiler.Optimization;
[maxjcompiler] 	       ^^^^^^^^^^^^^^^^^^^^^^^^^^^^^^^^^^^^^^^^^^^^^^^^^^^^^^
[maxjcompiler] The import com.maxeler.maxcompiler.v2.kernelcompiler.Optimization is never used
[maxjcompiler] ----------
[maxjcompiler] ----------
[maxjcompiler] 91. WARNING in /local/ssd/home/mattfel/transform_regression_tests_21-24/hyperdsl/spatial/regression_tests/unit/17_SequentialWrites/out/maxj/src/static/templates/DummyMemLib.maxj (at line 5)
[maxjcompiler] 	import com.maxeler.maxcompiler.v2.kernelcompiler.stdlib.memory.Memory;
[maxjcompiler] 	       ^^^^^^^^^^^^^^^^^^^^^^^^^^^^^^^^^^^^^^^^^^^^^^^^^^^^^^^^^^^^^^
[maxjcompiler] The import com.maxeler.maxcompiler.v2.kernelcompiler.stdlib.memory.Memory is never used
[maxjcompiler] ----------
[maxjcompiler] 92. WARNING in /local/ssd/home/mattfel/transform_regression_tests_21-24/hyperdsl/spatial/regression_tests/unit/17_SequentialWrites/out/maxj/src/static/templates/DummyMemLib.maxj (at line 6)
[maxjcompiler] 	import com.maxeler.maxcompiler.v2.kernelcompiler.SMIO;
[maxjcompiler] 	       ^^^^^^^^^^^^^^^^^^^^^^^^^^^^^^^^^^^^^^^^^^^^^^
[maxjcompiler] The import com.maxeler.maxcompiler.v2.kernelcompiler.SMIO is never used
[maxjcompiler] ----------
[maxjcompiler] 93. WARNING in /local/ssd/home/mattfel/transform_regression_tests_21-24/hyperdsl/spatial/regression_tests/unit/17_SequentialWrites/out/maxj/src/static/templates/DummyMemLib.maxj (at line 7)
[maxjcompiler] 	import com.maxeler.maxcompiler.v2.utils.MathUtils;
[maxjcompiler] 	       ^^^^^^^^^^^^^^^^^^^^^^^^^^^^^^^^^^^^^^^^^^
[maxjcompiler] The import com.maxeler.maxcompiler.v2.utils.MathUtils is never used
[maxjcompiler] ----------
[maxjcompiler] ----------
[maxjcompiler] 94. WARNING in /local/ssd/home/mattfel/transform_regression_tests_21-24/hyperdsl/spatial/regression_tests/unit/17_SequentialWrites/out/maxj/src/static/templates/BramLib.maxj (at line 5)
[maxjcompiler] 	import com.maxeler.maxcompiler.v2.kernelcompiler.stdlib.memory.Memory;
[maxjcompiler] 	       ^^^^^^^^^^^^^^^^^^^^^^^^^^^^^^^^^^^^^^^^^^^^^^^^^^^^^^^^^^^^^^
[maxjcompiler] The import com.maxeler.maxcompiler.v2.kernelcompiler.stdlib.memory.Memory is never used
[maxjcompiler] ----------
[maxjcompiler] 95. WARNING in /local/ssd/home/mattfel/transform_regression_tests_21-24/hyperdsl/spatial/regression_tests/unit/17_SequentialWrites/out/maxj/src/static/templates/BramLib.maxj (at line 6)
[maxjcompiler] 	import com.maxeler.maxcompiler.v2.kernelcompiler.SMIO;
[maxjcompiler] 	       ^^^^^^^^^^^^^^^^^^^^^^^^^^^^^^^^^^^^^^^^^^^^^^
[maxjcompiler] The import com.maxeler.maxcompiler.v2.kernelcompiler.SMIO is never used
[maxjcompiler] ----------
[maxjcompiler] 96. WARNING in /local/ssd/home/mattfel/transform_regression_tests_21-24/hyperdsl/spatial/regression_tests/unit/17_SequentialWrites/out/maxj/src/static/templates/BramLib.maxj (at line 635)
[maxjcompiler] 	DFEVar bank_addr = bankAndLocalAddr(srcAddr[i], AddrMode.BANK);
[maxjcompiler] 	       ^^^^^^^^^
[maxjcompiler] The local variable bank_addr is never read
[maxjcompiler] ----------
[maxjcompiler] 97. WARNING in /local/ssd/home/mattfel/transform_regression_tests_21-24/hyperdsl/spatial/regression_tests/unit/17_SequentialWrites/out/maxj/src/static/templates/BramLib.maxj (at line 648)
[maxjcompiler] 	DFEVar rd_delta = srcAddr[1] - srcAddr[0];
[maxjcompiler] 	       ^^^^^^^^
[maxjcompiler] The local variable rd_delta is never read
[maxjcompiler] ----------
[maxjcompiler] ----------
[maxjcompiler] 98. WARNING in /local/ssd/home/mattfel/transform_regression_tests_21-24/hyperdsl/spatial/regression_tests/unit/17_SequentialWrites/out/maxj/src/static/templates/GroupByReduce.maxj (at line 5)
[maxjcompiler] 	import com.maxeler.maxcompiler.v2.kernelcompiler.stdlib.memory.Memory;
[maxjcompiler] 	       ^^^^^^^^^^^^^^^^^^^^^^^^^^^^^^^^^^^^^^^^^^^^^^^^^^^^^^^^^^^^^^
[maxjcompiler] The import com.maxeler.maxcompiler.v2.kernelcompiler.stdlib.memory.Memory is never used
[maxjcompiler] ----------
[maxjcompiler] 99. WARNING in /local/ssd/home/mattfel/transform_regression_tests_21-24/hyperdsl/spatial/regression_tests/unit/17_SequentialWrites/out/maxj/src/static/templates/GroupByReduce.maxj (at line 7)
[maxjcompiler] 	import com.maxeler.maxcompiler.v2.utils.MathUtils;
[maxjcompiler] 	       ^^^^^^^^^^^^^^^^^^^^^^^^^^^^^^^^^^^^^^^^^^
[maxjcompiler] The import com.maxeler.maxcompiler.v2.utils.MathUtils is never used
[maxjcompiler] ----------
[maxjcompiler] 100. WARNING in /local/ssd/home/mattfel/transform_regression_tests_21-24/hyperdsl/spatial/regression_tests/unit/17_SequentialWrites/out/maxj/src/static/templates/GroupByReduce.maxj (at line 11)
[maxjcompiler] 	import com.maxeler.maxcompiler.v2.kernelcompiler.stdlib.KernelMath;
[maxjcompiler] 	       ^^^^^^^^^^^^^^^^^^^^^^^^^^^^^^^^^^^^^^^^^^^^^^^^^^^^^^^^^^^
[maxjcompiler] The import com.maxeler.maxcompiler.v2.kernelcompiler.stdlib.KernelMath is never used
[maxjcompiler] ----------
[maxjcompiler] 101. WARNING in /local/ssd/home/mattfel/transform_regression_tests_21-24/hyperdsl/spatial/regression_tests/unit/17_SequentialWrites/out/maxj/src/static/templates/GroupByReduce.maxj (at line 14)
[maxjcompiler] 	import java.util.ArrayList;
[maxjcompiler] 	       ^^^^^^^^^^^^^^^^^^^
[maxjcompiler] The import java.util.ArrayList is never used
[maxjcompiler] ----------
[maxjcompiler] 102. WARNING in /local/ssd/home/mattfel/transform_regression_tests_21-24/hyperdsl/spatial/regression_tests/unit/17_SequentialWrites/out/maxj/src/static/templates/GroupByReduce.maxj (at line 77)
[maxjcompiler] 	DFEVar test = constant.var(tag.getType(), 0) === tag;
[maxjcompiler] 	       ^^^^
[maxjcompiler] The local variable test is never read
[maxjcompiler] ----------
[maxjcompiler] ----------
[maxjcompiler] 103. WARNING in /local/ssd/home/mattfel/transform_regression_tests_21-24/hyperdsl/spatial/regression_tests/unit/17_SequentialWrites/out/maxj/src/static/templates/FFMem.maxj (at line 5)
[maxjcompiler] 	import com.maxeler.maxcompiler.v2.kernelcompiler.stdlib.memory.Memory;
[maxjcompiler] 	       ^^^^^^^^^^^^^^^^^^^^^^^^^^^^^^^^^^^^^^^^^^^^^^^^^^^^^^^^^^^^^^
[maxjcompiler] The import com.maxeler.maxcompiler.v2.kernelcompiler.stdlib.memory.Memory is never used
[maxjcompiler] ----------
[maxjcompiler] 104. WARNING in /local/ssd/home/mattfel/transform_regression_tests_21-24/hyperdsl/spatial/regression_tests/unit/17_SequentialWrites/out/maxj/src/static/templates/FFMem.maxj (at line 6)
[maxjcompiler] 	import com.maxeler.maxcompiler.v2.kernelcompiler.SMIO;
[maxjcompiler] 	       ^^^^^^^^^^^^^^^^^^^^^^^^^^^^^^^^^^^^^^^^^^^^^^
[maxjcompiler] The import com.maxeler.maxcompiler.v2.kernelcompiler.SMIO is never used
[maxjcompiler] ----------
[maxjcompiler] 105. WARNING in /local/ssd/home/mattfel/transform_regression_tests_21-24/hyperdsl/spatial/regression_tests/unit/17_SequentialWrites/out/maxj/src/static/templates/FFMem.maxj (at line 7)
[maxjcompiler] 	import com.maxeler.maxcompiler.v2.utils.MathUtils;
[maxjcompiler] 	       ^^^^^^^^^^^^^^^^^^^^^^^^^^^^^^^^^^^^^^^^^^
[maxjcompiler] The import com.maxeler.maxcompiler.v2.utils.MathUtils is never used
[maxjcompiler] ----------
[maxjcompiler] 106. WARNING in /local/ssd/home/mattfel/transform_regression_tests_21-24/hyperdsl/spatial/regression_tests/unit/17_SequentialWrites/out/maxj/src/static/templates/FFMem.maxj (at line 9)
[maxjcompiler] 	import com.maxeler.maxcompiler.v2.kernelcompiler.types.composite.DFEVector;
[maxjcompiler] 	       ^^^^^^^^^^^^^^^^^^^^^^^^^^^^^^^^^^^^^^^^^^^^^^^^^^^^^^^^^^^^^^^^^^^
[maxjcompiler] The import com.maxeler.maxcompiler.v2.kernelcompiler.types.composite.DFEVector is never used
[maxjcompiler] ----------
[maxjcompiler] ----------
[maxjcompiler] 107. WARNING in /local/ssd/home/mattfel/transform_regression_tests_21-24/hyperdsl/spatial/regression_tests/unit/17_SequentialWrites/out/maxj/src/static/templates/SpatialUtils.maxj (at line 2)
[maxjcompiler] 	import com.maxeler.maxcompiler.v2.kernelcompiler.stdlib.core.Count.Counter;
[maxjcompiler] 	       ^^^^^^^^^^^^^^^^^^^^^^^^^^^^^^^^^^^^^^^^^^^^^^^^^^^^^^^^^^^^^^^^^^^
[maxjcompiler] The import com.maxeler.maxcompiler.v2.kernelcompiler.stdlib.core.Count.Counter is never used
[maxjcompiler] ----------
[maxjcompiler] 108. WARNING in /local/ssd/home/mattfel/transform_regression_tests_21-24/hyperdsl/spatial/regression_tests/unit/17_SequentialWrites/out/maxj/src/static/templates/SpatialUtils.maxj (at line 3)
[maxjcompiler] 	import com.maxeler.maxcompiler.v2.kernelcompiler.stdlib.core.CounterChain;
[maxjcompiler] 	       ^^^^^^^^^^^^^^^^^^^^^^^^^^^^^^^^^^^^^^^^^^^^^^^^^^^^^^^^^^^^^^^^^^
[maxjcompiler] The import com.maxeler.maxcompiler.v2.kernelcompiler.stdlib.core.CounterChain is never used
[maxjcompiler] ----------
[maxjcompiler] 109. WARNING in /local/ssd/home/mattfel/transform_regression_tests_21-24/hyperdsl/spatial/regression_tests/unit/17_SequentialWrites/out/maxj/src/static/templates/SpatialUtils.maxj (at line 4)
[maxjcompiler] 	import com.maxeler.maxcompiler.v2.kernelcompiler.stdlib.core.Count;
[maxjcompiler] 	       ^^^^^^^^^^^^^^^^^^^^^^^^^^^^^^^^^^^^^^^^^^^^^^^^^^^^^^^^^^^
[maxjcompiler] The import com.maxeler.maxcompiler.v2.kernelcompiler.stdlib.core.Count is never used
[maxjcompiler] ----------
[maxjcompiler] 110. WARNING in /local/ssd/home/mattfel/transform_regression_tests_21-24/hyperdsl/spatial/regression_tests/unit/17_SequentialWrites/out/maxj/src/static/templates/SpatialUtils.maxj (at line 5)
[maxjcompiler] 	import com.maxeler.maxcompiler.v2.kernelcompiler.stdlib.core.Count.WrapMode;
[maxjcompiler] 	       ^^^^^^^^^^^^^^^^^^^^^^^^^^^^^^^^^^^^^^^^^^^^^^^^^^^^^^^^^^^^^^^^^^^^
[maxjcompiler] The import com.maxeler.maxcompiler.v2.kernelcompiler.stdlib.core.Count.WrapMode is never used
[maxjcompiler] ----------
[maxjcompiler] 111. WARNING in /local/ssd/home/mattfel/transform_regression_tests_21-24/hyperdsl/spatial/regression_tests/unit/17_SequentialWrites/out/maxj/src/static/templates/SpatialUtils.maxj (at line 6)
[maxjcompiler] 	import com.maxeler.maxcompiler.v2.kernelcompiler.stdlib.core.Count.Params;
[maxjcompiler] 	       ^^^^^^^^^^^^^^^^^^^^^^^^^^^^^^^^^^^^^^^^^^^^^^^^^^^^^^^^^^^^^^^^^^
[maxjcompiler] The import com.maxeler.maxcompiler.v2.kernelcompiler.stdlib.core.Count.Params is never used
[maxjcompiler] ----------
[maxjcompiler] 112. WARNING in /local/ssd/home/mattfel/transform_regression_tests_21-24/hyperdsl/spatial/regression_tests/unit/17_SequentialWrites/out/maxj/src/static/templates/SpatialUtils.maxj (at line 7)
[maxjcompiler] 	import com.maxeler.maxcompiler.v2.kernelcompiler.stdlib.memory.Memory;
[maxjcompiler] 	       ^^^^^^^^^^^^^^^^^^^^^^^^^^^^^^^^^^^^^^^^^^^^^^^^^^^^^^^^^^^^^^
[maxjcompiler] The import com.maxeler.maxcompiler.v2.kernelcompiler.stdlib.memory.Memory is never used
[maxjcompiler] ----------
[maxjcompiler] 113. WARNING in /local/ssd/home/mattfel/transform_regression_tests_21-24/hyperdsl/spatial/regression_tests/unit/17_SequentialWrites/out/maxj/src/static/templates/SpatialUtils.maxj (at line 8)
[maxjcompiler] 	import com.maxeler.maxcompiler.v2.kernelcompiler.Kernel;
[maxjcompiler] 	       ^^^^^^^^^^^^^^^^^^^^^^^^^^^^^^^^^^^^^^^^^^^^^^^^
[maxjcompiler] The import com.maxeler.maxcompiler.v2.kernelcompiler.Kernel is never used
[maxjcompiler] ----------
[maxjcompiler] 114. WARNING in /local/ssd/home/mattfel/transform_regression_tests_21-24/hyperdsl/spatial/regression_tests/unit/17_SequentialWrites/out/maxj/src/static/templates/SpatialUtils.maxj (at line 9)
[maxjcompiler] 	import com.maxeler.maxcompiler.v2.kernelcompiler.KernelParameters;
[maxjcompiler] 	       ^^^^^^^^^^^^^^^^^^^^^^^^^^^^^^^^^^^^^^^^^^^^^^^^^^^^^^^^^^
[maxjcompiler] The import com.maxeler.maxcompiler.v2.kernelcompiler.KernelParameters is never used
[maxjcompiler] ----------
[maxjcompiler] 115. WARNING in /local/ssd/home/mattfel/transform_regression_tests_21-24/hyperdsl/spatial/regression_tests/unit/17_SequentialWrites/out/maxj/src/static/templates/SpatialUtils.maxj (at line 11)
[maxjcompiler] 	import com.maxeler.maxcompiler.v2.utils.MathUtils;
[maxjcompiler] 	       ^^^^^^^^^^^^^^^^^^^^^^^^^^^^^^^^^^^^^^^^^^
[maxjcompiler] The import com.maxeler.maxcompiler.v2.utils.MathUtils is never used
[maxjcompiler] ----------
[maxjcompiler] 116. WARNING in /local/ssd/home/mattfel/transform_regression_tests_21-24/hyperdsl/spatial/regression_tests/unit/17_SequentialWrites/out/maxj/src/static/templates/SpatialUtils.maxj (at line 14)
[maxjcompiler] 	import com.maxeler.maxcompiler.v2.kernelcompiler.stdlib.KernelMath;
[maxjcompiler] 	       ^^^^^^^^^^^^^^^^^^^^^^^^^^^^^^^^^^^^^^^^^^^^^^^^^^^^^^^^^^^
[maxjcompiler] The import com.maxeler.maxcompiler.v2.kernelcompiler.stdlib.KernelMath is never used
[maxjcompiler] ----------
[maxjcompiler] 117. WARNING in /local/ssd/home/mattfel/transform_regression_tests_21-24/hyperdsl/spatial/regression_tests/unit/17_SequentialWrites/out/maxj/src/static/templates/SpatialUtils.maxj (at line 15)
[maxjcompiler] 	import com.maxeler.maxcompiler.v2.kernelcompiler.types.base.DFEType;
[maxjcompiler] 	       ^^^^^^^^^^^^^^^^^^^^^^^^^^^^^^^^^^^^^^^^^^^^^^^^^^^^^^^^^^^^
[maxjcompiler] The import com.maxeler.maxcompiler.v2.kernelcompiler.types.base.DFEType is never used
[maxjcompiler] ----------
[maxjcompiler] 118. WARNING in /local/ssd/home/mattfel/transform_regression_tests_21-24/hyperdsl/spatial/regression_tests/unit/17_SequentialWrites/out/maxj/src/static/templates/SpatialUtils.maxj (at line 16)
[maxjcompiler] 	import com.maxeler.maxcompiler.v2.kernelcompiler.stdlib.core.Stream.OffsetExpr;
[maxjcompiler] 	       ^^^^^^^^^^^^^^^^^^^^^^^^^^^^^^^^^^^^^^^^^^^^^^^^^^^^^^^^^^^^^^^^^^^^^^^
[maxjcompiler] The import com.maxeler.maxcompiler.v2.kernelcompiler.stdlib.core.Stream.OffsetExpr is never used
[maxjcompiler] ----------
[maxjcompiler] 119. WARNING in /local/ssd/home/mattfel/transform_regression_tests_21-24/hyperdsl/spatial/regression_tests/unit/17_SequentialWrites/out/maxj/src/static/templates/SpatialUtils.maxj (at line 17)
[maxjcompiler] 	import com.maxeler.maxcompiler.v2.kernelcompiler.stdlib.Reductions;
[maxjcompiler] 	       ^^^^^^^^^^^^^^^^^^^^^^^^^^^^^^^^^^^^^^^^^^^^^^^^^^^^^^^^^^^
[maxjcompiler] The import com.maxeler.maxcompiler.v2.kernelcompiler.stdlib.Reductions is never used
[maxjcompiler] ----------
[maxjcompiler] 120. WARNING in /local/ssd/home/mattfel/transform_regression_tests_21-24/hyperdsl/spatial/regression_tests/unit/17_SequentialWrites/out/maxj/src/static/templates/SpatialUtils.maxj (at line 18)
[maxjcompiler] 	import com.maxeler.maxcompiler.v2.kernelcompiler.SMIO;
[maxjcompiler] 	       ^^^^^^^^^^^^^^^^^^^^^^^^^^^^^^^^^^^^^^^^^^^^^^
[maxjcompiler] The import com.maxeler.maxcompiler.v2.kernelcompiler.SMIO is never used
[maxjcompiler] ----------
[maxjcompiler] 121. WARNING in /local/ssd/home/mattfel/transform_regression_tests_21-24/hyperdsl/spatial/regression_tests/unit/17_SequentialWrites/out/maxj/src/static/templates/SpatialUtils.maxj (at line 19)
[maxjcompiler] 	import com.maxeler.maxcompiler.v2.kernelcompiler.stdlib.Accumulator;
[maxjcompiler] 	       ^^^^^^^^^^^^^^^^^^^^^^^^^^^^^^^^^^^^^^^^^^^^^^^^^^^^^^^^^^^^
[maxjcompiler] The import com.maxeler.maxcompiler.v2.kernelcompiler.stdlib.Accumulator is never used
[maxjcompiler] ----------
[maxjcompiler] 122. WARNING in /local/ssd/home/mattfel/transform_regression_tests_21-24/hyperdsl/spatial/regression_tests/unit/17_SequentialWrites/out/maxj/src/static/templates/SpatialUtils.maxj (at line 20)
[maxjcompiler] 	import com.maxeler.maxcompiler.v2.kernelcompiler.types.base.DFEType;
[maxjcompiler] 	       ^^^^^^^^^^^^^^^^^^^^^^^^^^^^^^^^^^^^^^^^^^^^^^^^^^^^^^^^^^^^
[maxjcompiler] The import com.maxeler.maxcompiler.v2.kernelcompiler.types.base.DFEType is never used
[maxjcompiler] ----------
[maxjcompiler] 123. WARNING in /local/ssd/home/mattfel/transform_regression_tests_21-24/hyperdsl/spatial/regression_tests/unit/17_SequentialWrites/out/maxj/src/static/templates/SpatialUtils.maxj (at line 21)
[maxjcompiler] 	import com.maxeler.maxcompiler.v2.kernelcompiler.types.composite.DFEVector;
[maxjcompiler] 	       ^^^^^^^^^^^^^^^^^^^^^^^^^^^^^^^^^^^^^^^^^^^^^^^^^^^^^^^^^^^^^^^^^^^
[maxjcompiler] The import com.maxeler.maxcompiler.v2.kernelcompiler.types.composite.DFEVector is never used
[maxjcompiler] ----------
[maxjcompiler] 124. WARNING in /local/ssd/home/mattfel/transform_regression_tests_21-24/hyperdsl/spatial/regression_tests/unit/17_SequentialWrites/out/maxj/src/static/templates/SpatialUtils.maxj (at line 22)
[maxjcompiler] 	import com.maxeler.maxcompiler.v2.kernelcompiler.types.composite.DFEVectorType;
[maxjcompiler] 	       ^^^^^^^^^^^^^^^^^^^^^^^^^^^^^^^^^^^^^^^^^^^^^^^^^^^^^^^^^^^^^^^^^^^^^^^
[maxjcompiler] The import com.maxeler.maxcompiler.v2.kernelcompiler.types.composite.DFEVectorType is never used
[maxjcompiler] ----------
[maxjcompiler] 125. WARNING in /local/ssd/home/mattfel/transform_regression_tests_21-24/hyperdsl/spatial/regression_tests/unit/17_SequentialWrites/out/maxj/src/static/templates/SpatialUtils.maxj (at line 24)
[maxjcompiler] 	import java.util.Arrays;
[maxjcompiler] 	       ^^^^^^^^^^^^^^^^
[maxjcompiler] The import java.util.Arrays is never used
[maxjcompiler] ----------
[maxjcompiler] ----------
[maxjcompiler] 126. WARNING in /local/ssd/home/mattfel/transform_regression_tests_21-24/hyperdsl/spatial/regression_tests/unit/17_SequentialWrites/out/maxj/src/static/templates/NBufReg.maxj (at line 5)
[maxjcompiler] 	import com.maxeler.maxcompiler.v2.kernelcompiler.stdlib.memory.Memory;
[maxjcompiler] 	       ^^^^^^^^^^^^^^^^^^^^^^^^^^^^^^^^^^^^^^^^^^^^^^^^^^^^^^^^^^^^^^
[maxjcompiler] The import com.maxeler.maxcompiler.v2.kernelcompiler.stdlib.memory.Memory is never used
[maxjcompiler] ----------
[maxjcompiler] 127. WARNING in /local/ssd/home/mattfel/transform_regression_tests_21-24/hyperdsl/spatial/regression_tests/unit/17_SequentialWrites/out/maxj/src/static/templates/NBufReg.maxj (at line 9)
[maxjcompiler] 	import com.maxeler.maxcompiler.v2.kernelcompiler.Optimization;
[maxjcompiler] 	       ^^^^^^^^^^^^^^^^^^^^^^^^^^^^^^^^^^^^^^^^^^^^^^^^^^^^^^
[maxjcompiler] The import com.maxeler.maxcompiler.v2.kernelcompiler.Optimization is never used
[maxjcompiler] ----------
[maxjcompiler] 128. WARNING in /local/ssd/home/mattfel/transform_regression_tests_21-24/hyperdsl/spatial/regression_tests/unit/17_SequentialWrites/out/maxj/src/static/templates/NBufReg.maxj (at line 10)
[maxjcompiler] 	import com.maxeler.maxcompiler.v2.kernelcompiler.types.composite.DFEVector;
[maxjcompiler] 	       ^^^^^^^^^^^^^^^^^^^^^^^^^^^^^^^^^^^^^^^^^^^^^^^^^^^^^^^^^^^^^^^^^^^
[maxjcompiler] The import com.maxeler.maxcompiler.v2.kernelcompiler.types.composite.DFEVector is never used
[maxjcompiler] ----------
[maxjcompiler] 129. WARNING in /local/ssd/home/mattfel/transform_regression_tests_21-24/hyperdsl/spatial/regression_tests/unit/17_SequentialWrites/out/maxj/src/static/templates/NBufReg.maxj (at line 11)
[maxjcompiler] 	import com.maxeler.maxcompiler.v2.kernelcompiler.types.composite.DFEVectorType;
[maxjcompiler] 	       ^^^^^^^^^^^^^^^^^^^^^^^^^^^^^^^^^^^^^^^^^^^^^^^^^^^^^^^^^^^^^^^^^^^^^^^
[maxjcompiler] The import com.maxeler.maxcompiler.v2.kernelcompiler.types.composite.DFEVectorType is never used
[maxjcompiler] ----------
[maxjcompiler] ----------
[maxjcompiler] 130. WARNING in /local/ssd/home/mattfel/transform_regression_tests_21-24/hyperdsl/spatial/regression_tests/unit/17_SequentialWrites/out/maxj/src/static/templates/OnChipMem.maxj (at line 5)
[maxjcompiler] 	import com.maxeler.maxcompiler.v2.kernelcompiler.stdlib.memory.Memory;
[maxjcompiler] 	       ^^^^^^^^^^^^^^^^^^^^^^^^^^^^^^^^^^^^^^^^^^^^^^^^^^^^^^^^^^^^^^
[maxjcompiler] The import com.maxeler.maxcompiler.v2.kernelcompiler.stdlib.memory.Memory is never used
[maxjcompiler] ----------
[maxjcompiler] 131. WARNING in /local/ssd/home/mattfel/transform_regression_tests_21-24/hyperdsl/spatial/regression_tests/unit/17_SequentialWrites/out/maxj/src/static/templates/OnChipMem.maxj (at line 6)
[maxjcompiler] 	import com.maxeler.maxcompiler.v2.kernelcompiler.SMIO;
[maxjcompiler] 	       ^^^^^^^^^^^^^^^^^^^^^^^^^^^^^^^^^^^^^^^^^^^^^^
[maxjcompiler] The import com.maxeler.maxcompiler.v2.kernelcompiler.SMIO is never used
[maxjcompiler] ----------
[maxjcompiler] 132. WARNING in /local/ssd/home/mattfel/transform_regression_tests_21-24/hyperdsl/spatial/regression_tests/unit/17_SequentialWrites/out/maxj/src/static/templates/OnChipMem.maxj (at line 9)
[maxjcompiler] 	import com.maxeler.maxcompiler.v2.kernelcompiler.types.composite.DFEVector;
[maxjcompiler] 	       ^^^^^^^^^^^^^^^^^^^^^^^^^^^^^^^^^^^^^^^^^^^^^^^^^^^^^^^^^^^^^^^^^^^
[maxjcompiler] The import com.maxeler.maxcompiler.v2.kernelcompiler.types.composite.DFEVector is never used
[maxjcompiler] ----------
[maxjcompiler] ----------
[maxjcompiler] 133. WARNING in /local/ssd/home/mattfel/transform_regression_tests_21-24/hyperdsl/spatial/regression_tests/unit/17_SequentialWrites/out/maxj/src/static/templates/DblBufKernelLib.maxj (at line 3)
[maxjcompiler] 	import java.util.List;
[maxjcompiler] 	       ^^^^^^^^^^^^^^
[maxjcompiler] The import java.util.List is never used
[maxjcompiler] ----------
[maxjcompiler] 134. WARNING in /local/ssd/home/mattfel/transform_regression_tests_21-24/hyperdsl/spatial/regression_tests/unit/17_SequentialWrites/out/maxj/src/static/templates/DblBufKernelLib.maxj (at line 6)
[maxjcompiler] 	import com.maxeler.maxcompiler.v2.kernelcompiler.stdlib.memory.Memory;
[maxjcompiler] 	       ^^^^^^^^^^^^^^^^^^^^^^^^^^^^^^^^^^^^^^^^^^^^^^^^^^^^^^^^^^^^^^
[maxjcompiler] The import com.maxeler.maxcompiler.v2.kernelcompiler.stdlib.memory.Memory is never used
[maxjcompiler] ----------
[maxjcompiler] ----------
[maxjcompiler] 135. WARNING in /local/ssd/home/mattfel/transform_regression_tests_21-24/hyperdsl/spatial/regression_tests/unit/17_SequentialWrites/out/maxj/src/static/templates/GatherSM.maxj (at line 9)
[maxjcompiler] 	import com.maxeler.maxcompiler.v2.utils.MathUtils;
[maxjcompiler] 	       ^^^^^^^^^^^^^^^^^^^^^^^^^^^^^^^^^^^^^^^^^^
[maxjcompiler] The import com.maxeler.maxcompiler.v2.utils.MathUtils is never used
[maxjcompiler] ----------
[maxjcompiler] ----------
[maxjcompiler] 136. WARNING in /local/ssd/home/mattfel/transform_regression_tests_21-24/hyperdsl/spatial/regression_tests/unit/17_SequentialWrites/out/maxj/src/static/templates/BlockLoader.maxj (at line 6)
[maxjcompiler] 	import com.maxeler.maxcompiler.v2.kernelcompiler.stdlib.core.CounterChain;
[maxjcompiler] 	       ^^^^^^^^^^^^^^^^^^^^^^^^^^^^^^^^^^^^^^^^^^^^^^^^^^^^^^^^^^^^^^^^^^
[maxjcompiler] The import com.maxeler.maxcompiler.v2.kernelcompiler.stdlib.core.CounterChain is never used
[maxjcompiler] ----------
[maxjcompiler] 137. WARNING in /local/ssd/home/mattfel/transform_regression_tests_21-24/hyperdsl/spatial/regression_tests/unit/17_SequentialWrites/out/maxj/src/static/templates/BlockLoader.maxj (at line 11)
[maxjcompiler] 	import com.maxeler.maxcompiler.v2.kernelcompiler.Optimization;
[maxjcompiler] 	       ^^^^^^^^^^^^^^^^^^^^^^^^^^^^^^^^^^^^^^^^^^^^^^^^^^^^^^
[maxjcompiler] The import com.maxeler.maxcompiler.v2.kernelcompiler.Optimization is never used
[maxjcompiler] ----------
[maxjcompiler] 138. WARNING in /local/ssd/home/mattfel/transform_regression_tests_21-24/hyperdsl/spatial/regression_tests/unit/17_SequentialWrites/out/maxj/src/static/templates/BlockLoader.maxj (at line 308)
[maxjcompiler] 	DFEVector<DFEStruct> vecDataIn = vecType.newInstance(this);
[maxjcompiler] 	                     ^^^^^^^^^
[maxjcompiler] The local variable vecDataIn is never read
[maxjcompiler] ----------
[maxjcompiler] ----------
[maxjcompiler] 139. WARNING in /local/ssd/home/mattfel/transform_regression_tests_21-24/hyperdsl/spatial/regression_tests/unit/17_SequentialWrites/out/maxj/src/kernels/BaseLib.maxj (at line 20)
[maxjcompiler] 	import com.maxeler.maxcompiler.v2.kernelcompiler.types.base.DFEType;
[maxjcompiler] 	       ^^^^^^^^^^^^^^^^^^^^^^^^^^^^^^^^^^^^^^^^^^^^^^^^^^^^^^^^^^^^
[maxjcompiler] The import com.maxeler.maxcompiler.v2.kernelcompiler.types.base.DFEType is never used
[maxjcompiler] ----------
[maxjcompiler] 140. ERROR in /local/ssd/home/mattfel/transform_regression_tests_21-24/hyperdsl/spatial/regression_tests/unit/17_SequentialWrites/out/maxj/src/kernels/BaseLib.maxj (at line 52)
[maxjcompiler] 	NBufKernelLib BRAM1309_0 = new NBufKernelLib(this, "BRAM1309_0",
[maxjcompiler]                   96, 1, /*size0, size1*/
[maxjcompiler]                   dfeFixOffset( 32,0, SignMode.TWOSCOMPLEMENT), 1, 1, 2, /*banks, strides, depth*/
[maxjcompiler]                   true, /*all_same access (row_major or col_major)*/
[maxjcompiler]                   new boolean[] {true}, /*rowmajor read?*/
[maxjcompiler]                   1, 1 /*writepar, readpar*/);
[maxjcompiler] 	                           ^^^^^^^^^^^^^^^^^^^^^^^^^^^^^^^^^^^^^^^^^^^^^^^^^^^^^^^^^^^^^^^^^^^^^^^^^^^^^^^^^^^^^^^^^^^^^^^^^^^^^^^^^^^^^^^^^^^^^^^^^^^^^^^^^^^^^^^^^^^^^^^^^^^^^^^^^^^^^^^^^^^^^^^^^^^^^^^^^^^^^^^^^^^^^^^^^^^^^^^^^^^^^^^^^^^^^^^^^^^^^^^^^^^^^^^^^^^^^^^^^^^^^^^^^^^^^^^^^^^^^^^^^^^^^^^^^^^^^^^^^^^^^^^^^^^^^^^^^^^^^^^^^^^^^^^^^^^^^^^^^^^^^^^^^^^^^^^^^^^^^^^^^^^^^^^^
[maxjcompiler] The constructor NBufKernelLib(BaseLib, String, int, int, DFEFix, int, int, int, boolean, boolean[], int, int) is undefined
[maxjcompiler] ----------
[maxjcompiler] ----------
[maxjcompiler] 141. WARNING in /local/ssd/home/mattfel/transform_regression_tests_21-24/hyperdsl/spatial/regression_tests/unit/17_SequentialWrites/out/maxj/src/kernels/MaxJManager.maxj (at line 3)
[maxjcompiler] 	import com.maxeler.maxcompiler.v2.kernelcompiler.Kernel;
[maxjcompiler] 	       ^^^^^^^^^^^^^^^^^^^^^^^^^^^^^^^^^^^^^^^^^^^^^^^^
[maxjcompiler] The import com.maxeler.maxcompiler.v2.kernelcompiler.Kernel is never used
[maxjcompiler] ----------
[maxjcompiler] 142. WARNING in /local/ssd/home/mattfel/transform_regression_tests_21-24/hyperdsl/spatial/regression_tests/unit/17_SequentialWrites/out/maxj/src/kernels/MaxJManager.maxj (at line 4)
[maxjcompiler] 	import com.maxeler.maxcompiler.v2.managers.standard.Manager;
[maxjcompiler] 	       ^^^^^^^^^^^^^^^^^^^^^^^^^^^^^^^^^^^^^^^^^^^^^^^^^^^^
[maxjcompiler] The import com.maxeler.maxcompiler.v2.managers.standard.Manager is never used
[maxjcompiler] ----------
[maxjcompiler] 143. WARNING in /local/ssd/home/mattfel/transform_regression_tests_21-24/hyperdsl/spatial/regression_tests/unit/17_SequentialWrites/out/maxj/src/kernels/MaxJManager.maxj (at line 5)
[maxjcompiler] 	import com.maxeler.maxcompiler.v2.managers.standard.Manager.MemAccessPattern;
[maxjcompiler] 	       ^^^^^^^^^^^^^^^^^^^^^^^^^^^^^^^^^^^^^^^^^^^^^^^^^^^^^^^^^^^^^^^^^^^^^
[maxjcompiler] The import com.maxeler.maxcompiler.v2.managers.standard.Manager.MemAccessPattern is never used
[maxjcompiler] ----------
[maxjcompiler] 144. WARNING in /local/ssd/home/mattfel/transform_regression_tests_21-24/hyperdsl/spatial/regression_tests/unit/17_SequentialWrites/out/maxj/src/kernels/MaxJManager.maxj (at line 6)
[maxjcompiler] 	import com.maxeler.maxcompiler.v2.managers.standard.Manager.IOType;
[maxjcompiler] 	       ^^^^^^^^^^^^^^^^^^^^^^^^^^^^^^^^^^^^^^^^^^^^^^^^^^^^^^^^^^^
[maxjcompiler] The import com.maxeler.maxcompiler.v2.managers.standard.Manager.IOType is never used
[maxjcompiler] ----------
[maxjcompiler] 145. WARNING in /local/ssd/home/mattfel/transform_regression_tests_21-24/hyperdsl/spatial/regression_tests/unit/17_SequentialWrites/out/maxj/src/kernels/MaxJManager.maxj (at line 16)
[maxjcompiler] 	import com.maxeler.maxcompiler.v2.managers.custom.stdlib.MemoryControllerConfig;
[maxjcompiler] 	       ^^^^^^^^^^^^^^^^^^^^^^^^^^^^^^^^^^^^^^^^^^^^^^^^^^^^^^^^^^^^^^^^^^^^^^^^
[maxjcompiler] The import com.maxeler.maxcompiler.v2.managers.custom.stdlib.MemoryControllerConfig is never used
[maxjcompiler] ----------
[maxjcompiler] 146. WARNING in /local/ssd/home/mattfel/transform_regression_tests_21-24/hyperdsl/spatial/regression_tests/unit/17_SequentialWrites/out/maxj/src/kernels/MaxJManager.maxj (at line 18)
[maxjcompiler] 	import com.maxeler.maxcompiler.v2.kernelcompiler.KernelConfiguration.OptimizationOptions;
[maxjcompiler] 	       ^^^^^^^^^^^^^^^^^^^^^^^^^^^^^^^^^^^^^^^^^^^^^^^^^^^^^^^^^^^^^^^^^^^^^^^^^^^^^^^^^
[maxjcompiler] The import com.maxeler.maxcompiler.v2.kernelcompiler.KernelConfiguration.OptimizationOptions is never used
[maxjcompiler] ----------
[maxjcompiler] 147. WARNING in /local/ssd/home/mattfel/transform_regression_tests_21-24/hyperdsl/spatial/regression_tests/unit/17_SequentialWrites/out/maxj/src/kernels/MaxJManager.maxj (at line 19)
[maxjcompiler] 	import com.maxeler.maxcompiler.v2.kernelcompiler.KernelConfiguration.OptimizationOptions.OptimizationTechnique;
[maxjcompiler] 	       ^^^^^^^^^^^^^^^^^^^^^^^^^^^^^^^^^^^^^^^^^^^^^^^^^^^^^^^^^^^^^^^^^^^^^^^^^^^^^^^^^^^^^^^^^^^^^^^^^^^^^^^
[maxjcompiler] The import com.maxeler.maxcompiler.v2.kernelcompiler.KernelConfiguration.OptimizationOptions.OptimizationTechnique is never used
[maxjcompiler] ----------
[maxjcompiler] 148. WARNING in /local/ssd/home/mattfel/transform_regression_tests_21-24/hyperdsl/spatial/regression_tests/unit/17_SequentialWrites/out/maxj/src/kernels/MaxJManager.maxj (at line 23)
[maxjcompiler] 	private static final CPUTypes int8_t =    CPUTypes.INT8;
[maxjcompiler] 	                              ^^^^^^
[maxjcompiler] The field TopManager.int8_t is never read locally
[maxjcompiler] ----------
[maxjcompiler] 149. WARNING in /local/ssd/home/mattfel/transform_regression_tests_21-24/hyperdsl/spatial/regression_tests/unit/17_SequentialWrites/out/maxj/src/kernels/MaxJManager.maxj (at line 24)
[maxjcompiler] 	private static final CPUTypes int16_t =    CPUTypes.INT16;
[maxjcompiler] 	                              ^^^^^^^
[maxjcompiler] The field TopManager.int16_t is never read locally
[maxjcompiler] ----------
[maxjcompiler] 150. WARNING in /local/ssd/home/mattfel/transform_regression_tests_21-24/hyperdsl/spatial/regression_tests/unit/17_SequentialWrites/out/maxj/src/kernels/MaxJManager.maxj (at line 26)
[maxjcompiler] 	private static final CPUTypes int64_t =    CPUTypes.INT64;
[maxjcompiler] 	                              ^^^^^^^
[maxjcompiler] The field TopManager.int64_t is never read locally
[maxjcompiler] ----------
[maxjcompiler] 151. WARNING in /local/ssd/home/mattfel/transform_regression_tests_21-24/hyperdsl/spatial/regression_tests/unit/17_SequentialWrites/out/maxj/src/kernels/MaxJManager.maxj (at line 28)
[maxjcompiler] 	private static final CPUTypes uint16_t =    CPUTypes.UINT16;
[maxjcompiler] 	                              ^^^^^^^^
[maxjcompiler] The field TopManager.uint16_t is never read locally
[maxjcompiler] ----------
[maxjcompiler] 152. WARNING in /local/ssd/home/mattfel/transform_regression_tests_21-24/hyperdsl/spatial/regression_tests/unit/17_SequentialWrites/out/maxj/src/kernels/MaxJManager.maxj (at line 30)
[maxjcompiler] 	private static final CPUTypes uint64_t =    CPUTypes.UINT64;
[maxjcompiler] 	                              ^^^^^^^^
[maxjcompiler] The field TopManager.uint64_t is never read locally
[maxjcompiler] ----------
[maxjcompiler] 153. WARNING in /local/ssd/home/mattfel/transform_regression_tests_21-24/hyperdsl/spatial/regression_tests/unit/17_SequentialWrites/out/maxj/src/kernels/MaxJManager.maxj (at line 31)
[maxjcompiler] 	private static final CPUTypes FLOAT = CPUTypes.FLOAT;
[maxjcompiler] 	                              ^^^^^
[maxjcompiler] The field TopManager.FLOAT is never read locally
[maxjcompiler] ----------
[maxjcompiler] 154. WARNING in /local/ssd/home/mattfel/transform_regression_tests_21-24/hyperdsl/spatial/regression_tests/unit/17_SequentialWrites/out/maxj/src/kernels/MaxJManager.maxj (at line 32)
[maxjcompiler] 	private static final CPUTypes DOUBLE = CPUTypes.DOUBLE;
[maxjcompiler] 	                              ^^^^^^
[maxjcompiler] The field TopManager.DOUBLE is never read locally
[maxjcompiler] ----------
[maxjcompiler] ----------
[maxjcompiler] 155. WARNING in /local/ssd/home/mattfel/transform_regression_tests_21-24/hyperdsl/spatial/regression_tests/unit/17_SequentialWrites/out/maxj/src/kernels/TopKernelLib.maxj (at line 5)
[maxjcompiler] 	import com.maxeler.maxcompiler.v2.kernelcompiler.stdlib.core.Count.Counter;
[maxjcompiler] 	       ^^^^^^^^^^^^^^^^^^^^^^^^^^^^^^^^^^^^^^^^^^^^^^^^^^^^^^^^^^^^^^^^^^^
[maxjcompiler] The import com.maxeler.maxcompiler.v2.kernelcompiler.stdlib.core.Count.Counter is never used
[maxjcompiler] ----------
[maxjcompiler] 156. WARNING in /local/ssd/home/mattfel/transform_regression_tests_21-24/hyperdsl/spatial/regression_tests/unit/17_SequentialWrites/out/maxj/src/kernels/TopKernelLib.maxj (at line 6)
[maxjcompiler] 	import com.maxeler.maxcompiler.v2.kernelcompiler.stdlib.core.CounterChain;
[maxjcompiler] 	       ^^^^^^^^^^^^^^^^^^^^^^^^^^^^^^^^^^^^^^^^^^^^^^^^^^^^^^^^^^^^^^^^^^
[maxjcompiler] The import com.maxeler.maxcompiler.v2.kernelcompiler.stdlib.core.CounterChain is never used
[maxjcompiler] ----------
[maxjcompiler] 157. WARNING in /local/ssd/home/mattfel/transform_regression_tests_21-24/hyperdsl/spatial/regression_tests/unit/17_SequentialWrites/out/maxj/src/kernels/TopKernelLib.maxj (at line 7)
[maxjcompiler] 	import com.maxeler.maxcompiler.v2.kernelcompiler.stdlib.core.Count;
[maxjcompiler] 	       ^^^^^^^^^^^^^^^^^^^^^^^^^^^^^^^^^^^^^^^^^^^^^^^^^^^^^^^^^^^
[maxjcompiler] The import com.maxeler.maxcompiler.v2.kernelcompiler.stdlib.core.Count is never used
[maxjcompiler] ----------
[maxjcompiler] 158. WARNING in /local/ssd/home/mattfel/transform_regression_tests_21-24/hyperdsl/spatial/regression_tests/unit/17_SequentialWrites/out/maxj/src/kernels/TopKernelLib.maxj (at line 8)
[maxjcompiler] 	import com.maxeler.maxcompiler.v2.kernelcompiler.stdlib.core.Count.WrapMode;
[maxjcompiler] 	       ^^^^^^^^^^^^^^^^^^^^^^^^^^^^^^^^^^^^^^^^^^^^^^^^^^^^^^^^^^^^^^^^^^^^
[maxjcompiler] The import com.maxeler.maxcompiler.v2.kernelcompiler.stdlib.core.Count.WrapMode is never used
[maxjcompiler] ----------
[maxjcompiler] 159. WARNING in /local/ssd/home/mattfel/transform_regression_tests_21-24/hyperdsl/spatial/regression_tests/unit/17_SequentialWrites/out/maxj/src/kernels/TopKernelLib.maxj (at line 9)
[maxjcompiler] 	import com.maxeler.maxcompiler.v2.kernelcompiler.stdlib.core.Count.Params;
[maxjcompiler] 	       ^^^^^^^^^^^^^^^^^^^^^^^^^^^^^^^^^^^^^^^^^^^^^^^^^^^^^^^^^^^^^^^^^^
[maxjcompiler] The import com.maxeler.maxcompiler.v2.kernelcompiler.stdlib.core.Count.Params is never used
[maxjcompiler] ----------
[maxjcompiler] 160. WARNING in /local/ssd/home/mattfel/transform_regression_tests_21-24/hyperdsl/spatial/regression_tests/unit/17_SequentialWrites/out/maxj/src/kernels/TopKernelLib.maxj (at line 10)
[maxjcompiler] 	import com.maxeler.maxcompiler.v2.kernelcompiler.stdlib.memory.Memory;
[maxjcompiler] 	       ^^^^^^^^^^^^^^^^^^^^^^^^^^^^^^^^^^^^^^^^^^^^^^^^^^^^^^^^^^^^^^
[maxjcompiler] The import com.maxeler.maxcompiler.v2.kernelcompiler.stdlib.memory.Memory is never used
[maxjcompiler] ----------
[maxjcompiler] 161. WARNING in /local/ssd/home/mattfel/transform_regression_tests_21-24/hyperdsl/spatial/regression_tests/unit/17_SequentialWrites/out/maxj/src/kernels/TopKernelLib.maxj (at line 11)
[maxjcompiler] 	import com.maxeler.maxcompiler.v2.kernelcompiler.Kernel;
[maxjcompiler] 	       ^^^^^^^^^^^^^^^^^^^^^^^^^^^^^^^^^^^^^^^^^^^^^^^^
[maxjcompiler] The import com.maxeler.maxcompiler.v2.kernelcompiler.Kernel is never used
[maxjcompiler] ----------
[maxjcompiler] 162. WARNING in /local/ssd/home/mattfel/transform_regression_tests_21-24/hyperdsl/spatial/regression_tests/unit/17_SequentialWrites/out/maxj/src/kernels/TopKernelLib.maxj (at line 12)
[maxjcompiler] 	import com.maxeler.maxcompiler.v2.kernelcompiler.KernelParameters;
[maxjcompiler] 	       ^^^^^^^^^^^^^^^^^^^^^^^^^^^^^^^^^^^^^^^^^^^^^^^^^^^^^^^^^^
[maxjcompiler] The import com.maxeler.maxcompiler.v2.kernelcompiler.KernelParameters is never used
[maxjcompiler] ----------
[maxjcompiler] 163. WARNING in /local/ssd/home/mattfel/transform_regression_tests_21-24/hyperdsl/spatial/regression_tests/unit/17_SequentialWrites/out/maxj/src/kernels/TopKernelLib.maxj (at line 14)
[maxjcompiler] 	import com.maxeler.maxcompiler.v2.utils.MathUtils;
[maxjcompiler] 	       ^^^^^^^^^^^^^^^^^^^^^^^^^^^^^^^^^^^^^^^^^^
[maxjcompiler] The import com.maxeler.maxcompiler.v2.utils.MathUtils is never used
[maxjcompiler] ----------
[maxjcompiler] 164. WARNING in /local/ssd/home/mattfel/transform_regression_tests_21-24/hyperdsl/spatial/regression_tests/unit/17_SequentialWrites/out/maxj/src/kernels/TopKernelLib.maxj (at line 15)
[maxjcompiler] 	import com.maxeler.maxcompiler.v2.utils.Bits;
[maxjcompiler] 	       ^^^^^^^^^^^^^^^^^^^^^^^^^^^^^^^^^^^^^
[maxjcompiler] The import com.maxeler.maxcompiler.v2.utils.Bits is never used
[maxjcompiler] ----------
[maxjcompiler] 165. WARNING in /local/ssd/home/mattfel/transform_regression_tests_21-24/hyperdsl/spatial/regression_tests/unit/17_SequentialWrites/out/maxj/src/kernels/TopKernelLib.maxj (at line 17)
[maxjcompiler] 	import com.maxeler.maxcompiler.v2.kernelcompiler.stdlib.KernelMath;
[maxjcompiler] 	       ^^^^^^^^^^^^^^^^^^^^^^^^^^^^^^^^^^^^^^^^^^^^^^^^^^^^^^^^^^^
[maxjcompiler] The import com.maxeler.maxcompiler.v2.kernelcompiler.stdlib.KernelMath is never used
[maxjcompiler] ----------
[maxjcompiler] 166. WARNING in /local/ssd/home/mattfel/transform_regression_tests_21-24/hyperdsl/spatial/regression_tests/unit/17_SequentialWrites/out/maxj/src/kernels/TopKernelLib.maxj (at line 18)
[maxjcompiler] 	import com.maxeler.maxcompiler.v2.kernelcompiler.types.base.DFEType;
[maxjcompiler] 	       ^^^^^^^^^^^^^^^^^^^^^^^^^^^^^^^^^^^^^^^^^^^^^^^^^^^^^^^^^^^^
[maxjcompiler] The import com.maxeler.maxcompiler.v2.kernelcompiler.types.base.DFEType is never used
[maxjcompiler] ----------
[maxjcompiler] 167. WARNING in /local/ssd/home/mattfel/transform_regression_tests_21-24/hyperdsl/spatial/regression_tests/unit/17_SequentialWrites/out/maxj/src/kernels/TopKernelLib.maxj (at line 20)
[maxjcompiler] 	import com.maxeler.maxcompiler.v2.kernelcompiler.stdlib.Reductions;
[maxjcompiler] 	       ^^^^^^^^^^^^^^^^^^^^^^^^^^^^^^^^^^^^^^^^^^^^^^^^^^^^^^^^^^^
[maxjcompiler] The import com.maxeler.maxcompiler.v2.kernelcompiler.stdlib.Reductions is never used
[maxjcompiler] ----------
[maxjcompiler] 168. WARNING in /local/ssd/home/mattfel/transform_regression_tests_21-24/hyperdsl/spatial/regression_tests/unit/17_SequentialWrites/out/maxj/src/kernels/TopKernelLib.maxj (at line 22)
[maxjcompiler] 	import com.maxeler.maxcompiler.v2.kernelcompiler.stdlib.Accumulator;
[maxjcompiler] 	       ^^^^^^^^^^^^^^^^^^^^^^^^^^^^^^^^^^^^^^^^^^^^^^^^^^^^^^^^^^^^
[maxjcompiler] The import com.maxeler.maxcompiler.v2.kernelcompiler.stdlib.Accumulator is never used
[maxjcompiler] ----------
[maxjcompiler] 169. WARNING in /local/ssd/home/mattfel/transform_regression_tests_21-24/hyperdsl/spatial/regression_tests/unit/17_SequentialWrites/out/maxj/src/kernels/TopKernelLib.maxj (at line 23)
[maxjcompiler] 	import com.maxeler.maxcompiler.v2.kernelcompiler.types.base.DFEType;
[maxjcompiler] 	       ^^^^^^^^^^^^^^^^^^^^^^^^^^^^^^^^^^^^^^^^^^^^^^^^^^^^^^^^^^^^
[maxjcompiler] The import com.maxeler.maxcompiler.v2.kernelcompiler.types.base.DFEType is never used
[maxjcompiler] ----------
[maxjcompiler] 170. WARNING in /local/ssd/home/mattfel/transform_regression_tests_21-24/hyperdsl/spatial/regression_tests/unit/17_SequentialWrites/out/maxj/src/kernels/TopKernelLib.maxj (at line 74)
[maxjcompiler] 	DFEVar void1343_ctr_en = void1343_datapath_en;
[maxjcompiler] 	       ^^^^^^^^^^^^^^^
[maxjcompiler] The local variable void1343_ctr_en is never read
[maxjcompiler] ----------
[maxjcompiler] 171. WARNING in /local/ssd/home/mattfel/transform_regression_tests_21-24/hyperdsl/spatial/regression_tests/unit/17_SequentialWrites/out/maxj/src/kernels/TopKernelLib.maxj (at line 93)
[maxjcompiler] 	DFEVar void1304_ctr_en = void1304_datapath_en;
[maxjcompiler] 	       ^^^^^^^^^^^^^^^
[maxjcompiler] The local variable void1304_ctr_en is never read
[maxjcompiler] ----------
[maxjcompiler] 172. WARNING in /local/ssd/home/mattfel/transform_regression_tests_21-24/hyperdsl/spatial/regression_tests/unit/17_SequentialWrites/out/maxj/src/kernels/TopKernelLib.maxj (at line 97)
[maxjcompiler] 	MemoryCmdGenLib void1294 = new MemoryCmdGenLib(
[maxjcompiler] 	                ^^^^^^^^
[maxjcompiler] The local variable void1294 is never read
[maxjcompiler] ----------
[maxjcompiler] 173. WARNING in /local/ssd/home/mattfel/transform_regression_tests_21-24/hyperdsl/spatial/regression_tests/unit/17_SequentialWrites/out/maxj/src/kernels/TopKernelLib.maxj (at line 118)
[maxjcompiler] 	DFEVar Counter1295_max_0 = pipe1302_sm.getOutput("ctr_maxOut_0");
[maxjcompiler] 	       ^^^^^^^^^^^^^^^^^
[maxjcompiler] The local variable Counter1295_max_0 is never read
[maxjcompiler] ----------
[maxjcompiler] 174. WARNING in /local/ssd/home/mattfel/transform_regression_tests_21-24/hyperdsl/spatial/regression_tests/unit/17_SequentialWrites/out/maxj/src/kernels/TopKernelLib.maxj (at line 126)
[maxjcompiler] 	OffsetExpr CounterChain1296_offset = stream.makeOffsetAutoLoop("CounterChain1296_offset");
[maxjcompiler] 	           ^^^^^^^^^^^^^^^^^^^^^^^
[maxjcompiler] The local variable CounterChain1296_offset is never read
[maxjcompiler] ----------
[maxjcompiler] 175. WARNING in /local/ssd/home/mattfel/transform_regression_tests_21-24/hyperdsl/spatial/regression_tests/unit/17_SequentialWrites/out/maxj/src/kernels/TopKernelLib.maxj (at line 130)
[maxjcompiler] 	DFEVar CounterChain1296_maxed = CounterChain1296.getOutput("saturated");
[maxjcompiler] 	       ^^^^^^^^^^^^^^^^^^^^^^
[maxjcompiler] The local variable CounterChain1296_maxed is never read
[maxjcompiler] ----------
[maxjcompiler] 176. WARNING in /local/ssd/home/mattfel/transform_regression_tests_21-24/hyperdsl/spatial/regression_tests/unit/17_SequentialWrites/out/maxj/src/kernels/TopKernelLib.maxj (at line 132)
[maxjcompiler] 	OffsetExpr CounterChain1296_additionalOffset = new OffsetExpr();
[maxjcompiler] 	           ^^^^^^^^^^^^^^^^^^^^^^^^^^^^^^^^^
[maxjcompiler] The local variable CounterChain1296_additionalOffset is never read
[maxjcompiler] ----------
[maxjcompiler] 177. WARNING in /local/ssd/home/mattfel/transform_regression_tests_21-24/hyperdsl/spatial/regression_tests/unit/17_SequentialWrites/out/maxj/src/kernels/TopKernelLib.maxj (at line 165)
[maxjcompiler] 	DFEVar metapipe1329_rst_en = metapipe1329_sm.getOutput("rst_en");
[maxjcompiler] 	       ^^^^^^^^^^^^^^^^^^^
[maxjcompiler] The local variable metapipe1329_rst_en is never read
[maxjcompiler] ----------
[maxjcompiler] 178. WARNING in /local/ssd/home/mattfel/transform_regression_tests_21-24/hyperdsl/spatial/regression_tests/unit/17_SequentialWrites/out/maxj/src/kernels/TopKernelLib.maxj (at line 170)
[maxjcompiler] 	DFEVar Counter1305_max_0 = const5_FixedPoint75;
[maxjcompiler] 	       ^^^^^^^^^^^^^^^^^
[maxjcompiler] The local variable Counter1305_max_0 is never read
[maxjcompiler] ----------
[maxjcompiler] 179. WARNING in /local/ssd/home/mattfel/transform_regression_tests_21-24/hyperdsl/spatial/regression_tests/unit/17_SequentialWrites/out/maxj/src/kernels/TopKernelLib.maxj (at line 171)
[maxjcompiler] 	DFEVar metapipe1329_datapath_en = metapipe1329_en;
[maxjcompiler] 	       ^^^^^^^^^^^^^^^^^^^^^^^^
[maxjcompiler] The local variable metapipe1329_datapath_en is never read
[maxjcompiler] ----------
[maxjcompiler] 180. WARNING in /local/ssd/home/mattfel/transform_regression_tests_21-24/hyperdsl/spatial/regression_tests/unit/17_SequentialWrites/out/maxj/src/kernels/TopKernelLib.maxj (at line 172)
[maxjcompiler] 	DFEVar metapipe1329_ctr_en = pipe1317_done;
[maxjcompiler] 	       ^^^^^^^^^^^^^^^^^^^
[maxjcompiler] The local variable metapipe1329_ctr_en is never read
[maxjcompiler] ----------
[maxjcompiler] 181. WARNING in /local/ssd/home/mattfel/transform_regression_tests_21-24/hyperdsl/spatial/regression_tests/unit/17_SequentialWrites/out/maxj/src/kernels/TopKernelLib.maxj (at line 177)
[maxjcompiler] 	OffsetExpr CounterChain1306_offset = stream.makeOffsetAutoLoop("CounterChain1306_offset");
[maxjcompiler] 	           ^^^^^^^^^^^^^^^^^^^^^^^
[maxjcompiler] The local variable CounterChain1306_offset is never read
[maxjcompiler] ----------
[maxjcompiler] 182. WARNING in /local/ssd/home/mattfel/transform_regression_tests_21-24/hyperdsl/spatial/regression_tests/unit/17_SequentialWrites/out/maxj/src/kernels/TopKernelLib.maxj (at line 181)
[maxjcompiler] 	DFEVar CounterChain1306_maxed = CounterChain1306.getOutput("saturated");
[maxjcompiler] 	       ^^^^^^^^^^^^^^^^^^^^^^
[maxjcompiler] The local variable CounterChain1306_maxed is never read
[maxjcompiler] ----------
[maxjcompiler] 183. WARNING in /local/ssd/home/mattfel/transform_regression_tests_21-24/hyperdsl/spatial/regression_tests/unit/17_SequentialWrites/out/maxj/src/kernels/TopKernelLib.maxj (at line 182)
[maxjcompiler] 	DFEVar CounterChain1306_done = stream.offset(CounterChain1306.getOutput("done"), -1);
[maxjcompiler] 	       ^^^^^^^^^^^^^^^^^^^^^
[maxjcompiler] The local variable CounterChain1306_done is never read
[maxjcompiler] ----------
[maxjcompiler] 184. WARNING in /local/ssd/home/mattfel/transform_regression_tests_21-24/hyperdsl/spatial/regression_tests/unit/17_SequentialWrites/out/maxj/src/kernels/TopKernelLib.maxj (at line 183)
[maxjcompiler] 	OffsetExpr CounterChain1306_additionalOffset = new OffsetExpr();
[maxjcompiler] 	           ^^^^^^^^^^^^^^^^^^^^^^^^^^^^^^^^^
[maxjcompiler] The local variable CounterChain1306_additionalOffset is never read
[maxjcompiler] ----------
[maxjcompiler] 185. WARNING in /local/ssd/home/mattfel/transform_regression_tests_21-24/hyperdsl/spatial/regression_tests/unit/17_SequentialWrites/out/maxj/src/kernels/TopKernelLib.maxj (at line 211)
[maxjcompiler] 	DFEVar pipe1317_ctr_en = pipe1317_datapath_en;
[maxjcompiler] 	       ^^^^^^^^^^^^^^^
[maxjcompiler] The local variable pipe1317_ctr_en is never read
[maxjcompiler] ----------
[maxjcompiler] 186. WARNING in /local/ssd/home/mattfel/transform_regression_tests_21-24/hyperdsl/spatial/regression_tests/unit/17_SequentialWrites/out/maxj/src/kernels/TopKernelLib.maxj (at line 216)
[maxjcompiler] 	OffsetExpr CounterChain1311_offset = stream.makeOffsetAutoLoop("CounterChain1311_offset");
[maxjcompiler] 	           ^^^^^^^^^^^^^^^^^^^^^^^
[maxjcompiler] The local variable CounterChain1311_offset is never read
[maxjcompiler] ----------
[maxjcompiler] 187. WARNING in /local/ssd/home/mattfel/transform_regression_tests_21-24/hyperdsl/spatial/regression_tests/unit/17_SequentialWrites/out/maxj/src/kernels/TopKernelLib.maxj (at line 220)
[maxjcompiler] 	DFEVar CounterChain1311_maxed = CounterChain1311.getOutput("saturated");
[maxjcompiler] 	       ^^^^^^^^^^^^^^^^^^^^^^
[maxjcompiler] The local variable CounterChain1311_maxed is never read
[maxjcompiler] ----------
[maxjcompiler] 188. WARNING in /local/ssd/home/mattfel/transform_regression_tests_21-24/hyperdsl/spatial/regression_tests/unit/17_SequentialWrites/out/maxj/src/kernels/TopKernelLib.maxj (at line 222)
[maxjcompiler] 	OffsetExpr CounterChain1311_additionalOffset = new OffsetExpr();
[maxjcompiler] 	           ^^^^^^^^^^^^^^^^^^^^^^^^^^^^^^^^^
[maxjcompiler] The local variable CounterChain1311_additionalOffset is never read
[maxjcompiler] ----------
[maxjcompiler] 189. WARNING in /local/ssd/home/mattfel/transform_regression_tests_21-24/hyperdsl/spatial/regression_tests/unit/17_SequentialWrites/out/maxj/src/kernels/TopKernelLib.maxj (at line 227)
[maxjcompiler] 	DFEVar pipe1317_redLoop_done = constant.var(true); // Hack for new fold unrolling...
[maxjcompiler] 	       ^^^^^^^^^^^^^^^^^^^^^
[maxjcompiler] The local variable pipe1317_redLoop_done is never read
[maxjcompiler] ----------
[maxjcompiler] 190. WARNING in /local/ssd/home/mattfel/transform_regression_tests_21-24/hyperdsl/spatial/regression_tests/unit/17_SequentialWrites/out/maxj/src/kernels/TopKernelLib.maxj (at line 249)
[maxjcompiler] 	DFEVar Counter1307_max_0 = pipe1327_sm.getOutput("ctr_maxOut_0");
[maxjcompiler] 	       ^^^^^^^^^^^^^^^^^
[maxjcompiler] The local variable Counter1307_max_0 is never read
[maxjcompiler] ----------
[maxjcompiler] 191. WARNING in /local/ssd/home/mattfel/transform_regression_tests_21-24/hyperdsl/spatial/regression_tests/unit/17_SequentialWrites/out/maxj/src/kernels/TopKernelLib.maxj (at line 252)
[maxjcompiler] 	DFEVar pipe1327_ctr_en = pipe1327_datapath_en;
[maxjcompiler] 	       ^^^^^^^^^^^^^^^
[maxjcompiler] The local variable pipe1327_ctr_en is never read
[maxjcompiler] ----------
[maxjcompiler] 192. WARNING in /local/ssd/home/mattfel/transform_regression_tests_21-24/hyperdsl/spatial/regression_tests/unit/17_SequentialWrites/out/maxj/src/kernels/TopKernelLib.maxj (at line 257)
[maxjcompiler] 	OffsetExpr CounterChain1308_offset = stream.makeOffsetAutoLoop("CounterChain1308_offset");
[maxjcompiler] 	           ^^^^^^^^^^^^^^^^^^^^^^^
[maxjcompiler] The local variable CounterChain1308_offset is never read
[maxjcompiler] ----------
[maxjcompiler] 193. WARNING in /local/ssd/home/mattfel/transform_regression_tests_21-24/hyperdsl/spatial/regression_tests/unit/17_SequentialWrites/out/maxj/src/kernels/TopKernelLib.maxj (at line 261)
[maxjcompiler] 	DFEVar CounterChain1308_maxed = CounterChain1308.getOutput("saturated");
[maxjcompiler] 	       ^^^^^^^^^^^^^^^^^^^^^^
[maxjcompiler] The local variable CounterChain1308_maxed is never read
[maxjcompiler] ----------
[maxjcompiler] 194. WARNING in /local/ssd/home/mattfel/transform_regression_tests_21-24/hyperdsl/spatial/regression_tests/unit/17_SequentialWrites/out/maxj/src/kernels/TopKernelLib.maxj (at line 263)
[maxjcompiler] 	OffsetExpr CounterChain1308_additionalOffset = new OffsetExpr();
[maxjcompiler] 	           ^^^^^^^^^^^^^^^^^^^^^^^^^^^^^^^^^
[maxjcompiler] The local variable CounterChain1308_additionalOffset is never read
[maxjcompiler] ----------
[maxjcompiler] 195. WARNING in /local/ssd/home/mattfel/transform_regression_tests_21-24/hyperdsl/spatial/regression_tests/unit/17_SequentialWrites/out/maxj/src/kernels/TopKernelLib.maxj (at line 299)
[maxjcompiler] 	DFEVector<DFEVar> FIFO1330_rdata = new DFEVectorType<DFEVar>(dfeFixOffset( 32,0, SignMode.TWOSCOMPLEMENT), 1).newInstance(this);
[maxjcompiler] 	                  ^^^^^^^^^^^^^^
[maxjcompiler] The local variable FIFO1330_rdata is never read
[maxjcompiler] ----------
[maxjcompiler] 196. WARNING in /local/ssd/home/mattfel/transform_regression_tests_21-24/hyperdsl/spatial/regression_tests/unit/17_SequentialWrites/out/maxj/src/kernels/TopKernelLib.maxj (at line 315)
[maxjcompiler] 	DFEVar void1341_ctr_en = void1341_datapath_en;
[maxjcompiler] 	       ^^^^^^^^^^^^^^^
[maxjcompiler] The local variable void1341_ctr_en is never read
[maxjcompiler] ----------
[maxjcompiler] 197. WARNING in /local/ssd/home/mattfel/transform_regression_tests_21-24/hyperdsl/spatial/regression_tests/unit/17_SequentialWrites/out/maxj/src/kernels/TopKernelLib.maxj (at line 331)
[maxjcompiler] 	DFEVar Counter1331_max_0 = pipe1338_sm.getOutput("ctr_maxOut_0");
[maxjcompiler] 	       ^^^^^^^^^^^^^^^^^
[maxjcompiler] The local variable Counter1331_max_0 is never read
[maxjcompiler] ----------
[maxjcompiler] 198. WARNING in /local/ssd/home/mattfel/transform_regression_tests_21-24/hyperdsl/spatial/regression_tests/unit/17_SequentialWrites/out/maxj/src/kernels/TopKernelLib.maxj (at line 339)
[maxjcompiler] 	OffsetExpr CounterChain1332_offset = stream.makeOffsetAutoLoop("CounterChain1332_offset");
[maxjcompiler] 	           ^^^^^^^^^^^^^^^^^^^^^^^
[maxjcompiler] The local variable CounterChain1332_offset is never read
[maxjcompiler] ----------
[maxjcompiler] 199. WARNING in /local/ssd/home/mattfel/transform_regression_tests_21-24/hyperdsl/spatial/regression_tests/unit/17_SequentialWrites/out/maxj/src/kernels/TopKernelLib.maxj (at line 343)
[maxjcompiler] 	DFEVar CounterChain1332_maxed = CounterChain1332.getOutput("saturated");
[maxjcompiler] 	       ^^^^^^^^^^^^^^^^^^^^^^
[maxjcompiler] The local variable CounterChain1332_maxed is never read
[maxjcompiler] ----------
[maxjcompiler] 200. WARNING in /local/ssd/home/mattfel/transform_regression_tests_21-24/hyperdsl/spatial/regression_tests/unit/17_SequentialWrites/out/maxj/src/kernels/TopKernelLib.maxj (at line 345)
[maxjcompiler] 	OffsetExpr CounterChain1332_additionalOffset = new OffsetExpr();
[maxjcompiler] 	           ^^^^^^^^^^^^^^^^^^^^^^^^^^^^^^^^^
[maxjcompiler] The local variable CounterChain1332_additionalOffset is never read
[maxjcompiler] ----------
[maxjcompiler] 201. WARNING in /local/ssd/home/mattfel/transform_regression_tests_21-24/hyperdsl/spatial/regression_tests/unit/17_SequentialWrites/out/maxj/src/kernels/TopKernelLib.maxj (at line 350)
[maxjcompiler] 	DFEVar pipe1338_redLoop_done = constant.var(true); // Hack for new fold unrolling...
[maxjcompiler] 	       ^^^^^^^^^^^^^^^^^^^^^
[maxjcompiler] The local variable pipe1338_redLoop_done is never read
[maxjcompiler] ----------
[maxjcompiler] 202. WARNING in /local/ssd/home/mattfel/transform_regression_tests_21-24/hyperdsl/spatial/regression_tests/unit/17_SequentialWrites/out/maxj/src/kernels/TopKernelLib.maxj (at line 352)
[maxjcompiler] 	DFEVector<DFEVar> Vector1128 = new DFEVectorType<DFEVar>(dfeFixOffset( 32,0, SignMode.TWOSCOMPLEMENT), 1).newInstance(this, Arrays.asList(FixedPoint1127));
[maxjcompiler] 	                  ^^^^^^^^^^
[maxjcompiler] The local variable Vector1128 is never read
[maxjcompiler] ----------
[maxjcompiler] 203. WARNING in /local/ssd/home/mattfel/transform_regression_tests_21-24/hyperdsl/spatial/regression_tests/unit/17_SequentialWrites/out/maxj/src/kernels/TopKernelLib.maxj (at line 358)
[maxjcompiler] 	DFEVector<DFEVar> Vector1133 = new DFEVectorType<DFEVar>(dfeFixOffset(1, 0, SignMode.UNSIGNED), 1).newInstance(this, Arrays.asList(Bit1132));
[maxjcompiler] 	                  ^^^^^^^^^^
[maxjcompiler] The local variable Vector1133 is never read
[maxjcompiler] ----------
[maxjcompiler] 204. WARNING in /local/ssd/home/mattfel/transform_regression_tests_21-24/hyperdsl/spatial/regression_tests/unit/17_SequentialWrites/out/maxj/src/kernels/TopKernelLib.maxj (at line 367)
[maxjcompiler] 	MemoryCmdStLib void1339 = new MemoryCmdStLib(
[maxjcompiler] 	               ^^^^^^^^
[maxjcompiler] The local variable void1339 is never read
[maxjcompiler] ----------
[maxjcompiler] ----------
[maxjcompiler] 205. WARNING in /local/ssd/home/mattfel/transform_regression_tests_21-24/hyperdsl/spatial/regression_tests/unit/17_SequentialWrites/out/maxj/src/kernels/pipe1327_reduce_kernel.maxj (at line 2)
[maxjcompiler] 	import com.maxeler.maxcompiler.v2.kernelcompiler.stdlib.core.Count.Counter;
[maxjcompiler] 	       ^^^^^^^^^^^^^^^^^^^^^^^^^^^^^^^^^^^^^^^^^^^^^^^^^^^^^^^^^^^^^^^^^^^
[maxjcompiler] The import com.maxeler.maxcompiler.v2.kernelcompiler.stdlib.core.Count.Counter is never used
[maxjcompiler] ----------
[maxjcompiler] 206. WARNING in /local/ssd/home/mattfel/transform_regression_tests_21-24/hyperdsl/spatial/regression_tests/unit/17_SequentialWrites/out/maxj/src/kernels/pipe1327_reduce_kernel.maxj (at line 3)
[maxjcompiler] 	import com.maxeler.maxcompiler.v2.kernelcompiler.stdlib.core.CounterChain;
[maxjcompiler] 	       ^^^^^^^^^^^^^^^^^^^^^^^^^^^^^^^^^^^^^^^^^^^^^^^^^^^^^^^^^^^^^^^^^^
[maxjcompiler] The import com.maxeler.maxcompiler.v2.kernelcompiler.stdlib.core.CounterChain is never used
[maxjcompiler] ----------
[maxjcompiler] 207. WARNING in /local/ssd/home/mattfel/transform_regression_tests_21-24/hyperdsl/spatial/regression_tests/unit/17_SequentialWrites/out/maxj/src/kernels/pipe1327_reduce_kernel.maxj (at line 4)
[maxjcompiler] 	import com.maxeler.maxcompiler.v2.kernelcompiler.stdlib.core.Count;
[maxjcompiler] 	       ^^^^^^^^^^^^^^^^^^^^^^^^^^^^^^^^^^^^^^^^^^^^^^^^^^^^^^^^^^^
[maxjcompiler] The import com.maxeler.maxcompiler.v2.kernelcompiler.stdlib.core.Count is never used
[maxjcompiler] ----------
[maxjcompiler] 208. WARNING in /local/ssd/home/mattfel/transform_regression_tests_21-24/hyperdsl/spatial/regression_tests/unit/17_SequentialWrites/out/maxj/src/kernels/pipe1327_reduce_kernel.maxj (at line 5)
[maxjcompiler] 	import com.maxeler.maxcompiler.v2.kernelcompiler.stdlib.core.Count.WrapMode;
[maxjcompiler] 	       ^^^^^^^^^^^^^^^^^^^^^^^^^^^^^^^^^^^^^^^^^^^^^^^^^^^^^^^^^^^^^^^^^^^^
[maxjcompiler] The import com.maxeler.maxcompiler.v2.kernelcompiler.stdlib.core.Count.WrapMode is never used
[maxjcompiler] ----------
[maxjcompiler] 209. WARNING in /local/ssd/home/mattfel/transform_regression_tests_21-24/hyperdsl/spatial/regression_tests/unit/17_SequentialWrites/out/maxj/src/kernels/pipe1327_reduce_kernel.maxj (at line 6)
[maxjcompiler] 	import com.maxeler.maxcompiler.v2.kernelcompiler.stdlib.core.Count.Params;
[maxjcompiler] 	       ^^^^^^^^^^^^^^^^^^^^^^^^^^^^^^^^^^^^^^^^^^^^^^^^^^^^^^^^^^^^^^^^^^
[maxjcompiler] The import com.maxeler.maxcompiler.v2.kernelcompiler.stdlib.core.Count.Params is never used
[maxjcompiler] ----------
[maxjcompiler] 210. WARNING in /local/ssd/home/mattfel/transform_regression_tests_21-24/hyperdsl/spatial/regression_tests/unit/17_SequentialWrites/out/maxj/src/kernels/pipe1327_reduce_kernel.maxj (at line 7)
[maxjcompiler] 	import com.maxeler.maxcompiler.v2.kernelcompiler.stdlib.memory.Memory;
[maxjcompiler] 	       ^^^^^^^^^^^^^^^^^^^^^^^^^^^^^^^^^^^^^^^^^^^^^^^^^^^^^^^^^^^^^^
[maxjcompiler] The import com.maxeler.maxcompiler.v2.kernelcompiler.stdlib.memory.Memory is never used
[maxjcompiler] ----------
[maxjcompiler] 211. WARNING in /local/ssd/home/mattfel/transform_regression_tests_21-24/hyperdsl/spatial/regression_tests/unit/17_SequentialWrites/out/maxj/src/kernels/pipe1327_reduce_kernel.maxj (at line 8)
[maxjcompiler] 	import com.maxeler.maxcompiler.v2.kernelcompiler.Kernel;
[maxjcompiler] 	       ^^^^^^^^^^^^^^^^^^^^^^^^^^^^^^^^^^^^^^^^^^^^^^^^
[maxjcompiler] The import com.maxeler.maxcompiler.v2.kernelcompiler.Kernel is never used
[maxjcompiler] ----------
[maxjcompiler] 212. WARNING in /local/ssd/home/mattfel/transform_regression_tests_21-24/hyperdsl/spatial/regression_tests/unit/17_SequentialWrites/out/maxj/src/kernels/pipe1327_reduce_kernel.maxj (at line 9)
[maxjcompiler] 	import com.maxeler.maxcompiler.v2.kernelcompiler.KernelParameters;
[maxjcompiler] 	       ^^^^^^^^^^^^^^^^^^^^^^^^^^^^^^^^^^^^^^^^^^^^^^^^^^^^^^^^^^
[maxjcompiler] The import com.maxeler.maxcompiler.v2.kernelcompiler.KernelParameters is never used
[maxjcompiler] ----------
[maxjcompiler] 213. WARNING in /local/ssd/home/mattfel/transform_regression_tests_21-24/hyperdsl/spatial/regression_tests/unit/17_SequentialWrites/out/maxj/src/kernels/pipe1327_reduce_kernel.maxj (at line 11)
[maxjcompiler] 	import com.maxeler.maxcompiler.v2.utils.MathUtils;
[maxjcompiler] 	       ^^^^^^^^^^^^^^^^^^^^^^^^^^^^^^^^^^^^^^^^^^
[maxjcompiler] The import com.maxeler.maxcompiler.v2.utils.MathUtils is never used
[maxjcompiler] ----------
[maxjcompiler] 214. WARNING in /local/ssd/home/mattfel/transform_regression_tests_21-24/hyperdsl/spatial/regression_tests/unit/17_SequentialWrites/out/maxj/src/kernels/pipe1327_reduce_kernel.maxj (at line 12)
[maxjcompiler] 	import com.maxeler.maxcompiler.v2.utils.Bits;
[maxjcompiler] 	       ^^^^^^^^^^^^^^^^^^^^^^^^^^^^^^^^^^^^^
[maxjcompiler] The import com.maxeler.maxcompiler.v2.utils.Bits is never used
[maxjcompiler] ----------
[maxjcompiler] 215. WARNING in /local/ssd/home/mattfel/transform_regression_tests_21-24/hyperdsl/spatial/regression_tests/unit/17_SequentialWrites/out/maxj/src/kernels/pipe1327_reduce_kernel.maxj (at line 14)
[maxjcompiler] 	import com.maxeler.maxcompiler.v2.kernelcompiler.stdlib.KernelMath;
[maxjcompiler] 	       ^^^^^^^^^^^^^^^^^^^^^^^^^^^^^^^^^^^^^^^^^^^^^^^^^^^^^^^^^^^
[maxjcompiler] The import com.maxeler.maxcompiler.v2.kernelcompiler.stdlib.KernelMath is never used
[maxjcompiler] ----------
[maxjcompiler] 216. WARNING in /local/ssd/home/mattfel/transform_regression_tests_21-24/hyperdsl/spatial/regression_tests/unit/17_SequentialWrites/out/maxj/src/kernels/pipe1327_reduce_kernel.maxj (at line 15)
[maxjcompiler] 	import com.maxeler.maxcompiler.v2.kernelcompiler.types.base.DFEType;
[maxjcompiler] 	       ^^^^^^^^^^^^^^^^^^^^^^^^^^^^^^^^^^^^^^^^^^^^^^^^^^^^^^^^^^^^
[maxjcompiler] The import com.maxeler.maxcompiler.v2.kernelcompiler.types.base.DFEType is never used
[maxjcompiler] ----------
[maxjcompiler] 217. WARNING in /local/ssd/home/mattfel/transform_regression_tests_21-24/hyperdsl/spatial/regression_tests/unit/17_SequentialWrites/out/maxj/src/kernels/pipe1327_reduce_kernel.maxj (at line 16)
[maxjcompiler] 	import com.maxeler.maxcompiler.v2.kernelcompiler.stdlib.core.Stream.OffsetExpr;
[maxjcompiler] 	       ^^^^^^^^^^^^^^^^^^^^^^^^^^^^^^^^^^^^^^^^^^^^^^^^^^^^^^^^^^^^^^^^^^^^^^^
[maxjcompiler] The import com.maxeler.maxcompiler.v2.kernelcompiler.stdlib.core.Stream.OffsetExpr is never used
[maxjcompiler] ----------
[maxjcompiler] 218. WARNING in /local/ssd/home/mattfel/transform_regression_tests_21-24/hyperdsl/spatial/regression_tests/unit/17_SequentialWrites/out/maxj/src/kernels/pipe1327_reduce_kernel.maxj (at line 17)
[maxjcompiler] 	import com.maxeler.maxcompiler.v2.kernelcompiler.stdlib.Reductions;
[maxjcompiler] 	       ^^^^^^^^^^^^^^^^^^^^^^^^^^^^^^^^^^^^^^^^^^^^^^^^^^^^^^^^^^^
[maxjcompiler] The import com.maxeler.maxcompiler.v2.kernelcompiler.stdlib.Reductions is never used
[maxjcompiler] ----------
[maxjcompiler] 219. WARNING in /local/ssd/home/mattfel/transform_regression_tests_21-24/hyperdsl/spatial/regression_tests/unit/17_SequentialWrites/out/maxj/src/kernels/pipe1327_reduce_kernel.maxj (at line 18)
[maxjcompiler] 	import com.maxeler.maxcompiler.v2.kernelcompiler.SMIO;
[maxjcompiler] 	       ^^^^^^^^^^^^^^^^^^^^^^^^^^^^^^^^^^^^^^^^^^^^^^
[maxjcompiler] The import com.maxeler.maxcompiler.v2.kernelcompiler.SMIO is never used
[maxjcompiler] ----------
[maxjcompiler] 220. WARNING in /local/ssd/home/mattfel/transform_regression_tests_21-24/hyperdsl/spatial/regression_tests/unit/17_SequentialWrites/out/maxj/src/kernels/pipe1327_reduce_kernel.maxj (at line 19)
[maxjcompiler] 	import com.maxeler.maxcompiler.v2.kernelcompiler.stdlib.Accumulator;
[maxjcompiler] 	       ^^^^^^^^^^^^^^^^^^^^^^^^^^^^^^^^^^^^^^^^^^^^^^^^^^^^^^^^^^^^
[maxjcompiler] The import com.maxeler.maxcompiler.v2.kernelcompiler.stdlib.Accumulator is never used
[maxjcompiler] ----------
[maxjcompiler] 221. WARNING in /local/ssd/home/mattfel/transform_regression_tests_21-24/hyperdsl/spatial/regression_tests/unit/17_SequentialWrites/out/maxj/src/kernels/pipe1327_reduce_kernel.maxj (at line 20)
[maxjcompiler] 	import com.maxeler.maxcompiler.v2.kernelcompiler.types.base.DFEType;
[maxjcompiler] 	       ^^^^^^^^^^^^^^^^^^^^^^^^^^^^^^^^^^^^^^^^^^^^^^^^^^^^^^^^^^^^
[maxjcompiler] The import com.maxeler.maxcompiler.v2.kernelcompiler.types.base.DFEType is never used
[maxjcompiler] ----------
[maxjcompiler] 222. WARNING in /local/ssd/home/mattfel/transform_regression_tests_21-24/hyperdsl/spatial/regression_tests/unit/17_SequentialWrites/out/maxj/src/kernels/pipe1327_reduce_kernel.maxj (at line 22)
[maxjcompiler] 	import com.maxeler.maxcompiler.v2.kernelcompiler.types.composite.DFEVectorType;
[maxjcompiler] 	       ^^^^^^^^^^^^^^^^^^^^^^^^^^^^^^^^^^^^^^^^^^^^^^^^^^^^^^^^^^^^^^^^^^^^^^^
[maxjcompiler] The import com.maxeler.maxcompiler.v2.kernelcompiler.types.composite.DFEVectorType is never used
[maxjcompiler] ----------
[maxjcompiler] 223. WARNING in /local/ssd/home/mattfel/transform_regression_tests_21-24/hyperdsl/spatial/regression_tests/unit/17_SequentialWrites/out/maxj/src/kernels/pipe1327_reduce_kernel.maxj (at line 24)
[maxjcompiler] 	import java.util.Arrays;
[maxjcompiler] 	       ^^^^^^^^^^^^^^^^
[maxjcompiler] The import java.util.Arrays is never used
[maxjcompiler] ----------
[maxjcompiler] 223 problems (1 error, 222 warnings)

BUILD FAILED
/local/ssd/home/mattfel/transform_regression_tests_21-24/hyperdsl/spatial/regression_tests/unit/17_SequentialWrites/out/build.xml:40: /local/ssd/home/mattfel/transform_regression_tests_21-24/hyperdsl/spatial/regression_tests/unit/17_SequentialWrites/out/build.xml:40: Compile failed; see the compiler error output for details.

Total time: 7 seconds
make: *** [bitstream-sim] Error 1
