Ignoring silly LD_PRELOAD  e r r o r
Ignoring silly LD_PRELOAD  e r r o r
Delite Application Being Staged:[CharLoadTest$]
******Generating the program******
Loaded RoutingLUTs model from file
Loaded FanoutRegisters model from file
Loaded UnavailableALMs model from file
Resource Estimate Breakdown: 
-----------------------------
Estimated unavailable ALMs: 577
LUT3: 23523
LUT4: 11474
LUT5: 12420
LUT6: 9253
LUT7: 468
Estimated routing luts: 20426
Logic+register ALMs: 48717
Register-only ALMS:  0
Recovered ALMs:      35125
MEM64: 4619
MEM32: 523
MEM16: 559
Design registers: 77095
Memory registers: 0
Fanout registers: 4956
Design BRAMs: 1060
Fanout BRAMs: 0

Resource Estimate Summary: 
---------------------------
ALMs: 48717 / 262400 (18.57%)
Regs: 82051
DSPs: 0 / 1963 (0.00%)
BRAM: 1060 / 2567 (41.29%)

Loaded TileLoadModel model from file
Estimated cycles: 442862
Estimated runtime (at 150.00MHz): 0.00295241s
Instruction statistics:
  Instructions: 1475527 (0.001 GI)
  FLOPs: 0 (0.000 GFLOPs)
  On-chip loads: 11796512 bits (0.001 GB)
  On-chip stores: 11796480 bits (0.001 GB)
  Off-chip loads: 11796480 bits (0.001 GB)
  Off-chip stores: 0 bits (0.000 GB)
--
  Total on-chip transfers: 0.003 GB
  Total off-chip transfers: 0.001 GB

Performance statistics (based on estimated runtime):
  Instructions: 0.500 GIPS
  Floating point: 0.000 GFLOPS
  On-chip load bandwidth: 0.465 GB/s
  On-chip store bandwidth: 0.465 GB/s
  Off-chip load bandwidth: 0.465 GB/s
  Off-chip store bandwidth: 0.000 GB/s
--
  Total on-chip bandwidth: 0.930 GB/s
  Total off-chip bandwidth: 0.465 GB/s
[getFileStream] Created file /home/mattfel/transform_regression_tests_21-24/hyperdsl/spatial/published/Spatial/generated/CharLoadTest//maxj/kernels//TopKernelLib.maxj
[emitAnyNode] s = x50, tpestr = FixedPoint[Signed,B32,B0]
[emitAnyNode] s = x50, tpestr = int32_t 
[emitAnyNode] s = x50, tpestr = spatial.compiler.ops.FixedPoint[spatial.shared.Signed, spatial.shared.B32, spatial.shared.B0]
[emitAnyNode] kernelName = x50, node = ConstFixPt, supportedTargets = ListBuffer(scala, cpp, maxj)
[emitAnyNode] s = x598, tpestr = Array[FixedPoint[Signed,B32,B0]]
[emitAnyNode] s = x598, tpestr = int32_t  *
[emitAnyNode] s = x598, tpestr = spatial.compiler.ops.Register[spatial.compiler.ops.FixedPoint[spatial.shared.Signed, spatial.shared.B32, spatial.shared.B0]]
[emitAnyNode] kernelName = x598, node = Argin_new, supportedTargets = ListBuffer(scala, cpp, maxj)
[emitAnyNode] s = x599, tpestr = Array[FixedPoint[Signed,B32,B0]]
[emitAnyNode] s = x599, tpestr = int32_t  *
[emitAnyNode] s = x599, tpestr = spatial.compiler.ops.Register[spatial.compiler.ops.FixedPoint[spatial.shared.Signed, spatial.shared.B32, spatial.shared.B0]]
[emitAnyNode] kernelName = x599, node = Argout_new, supportedTargets = ListBuffer(scala, cpp, maxj)
[emitAnyNode] s = x1, tpestr = java.lang.String
[emitAnyNode] s = x1, tpestr = string 
[emitAnyNode] s = x1, tpestr = java.lang.String
[30m[43mmaxj: don't know how to generate code for: ArrayApply(Sym(0),Const(0))[0m
[emitAnyNode] kernelName = x1, node = ArrayApply, supportedTargets = ListBuffer(scala, cpp, maxj)
[emitAnyNode] s = x2, tpestr = FixedPoint[Signed,B32,B0]
[emitAnyNode] s = x2, tpestr = int32_t 
[emitAnyNode] s = x2, tpestr = spatial.compiler.ops.FixedPoint[spatial.shared.Signed, spatial.shared.B32, spatial.shared.B0]
[30m[43mmaxj: don't know how to generate code for: Tpes_String_to_fixpt(Sym(1))[0m
[emitAnyNode] kernelName = x2, node = Tpes_String_to_fixpt, supportedTargets = ListBuffer(scala, cpp, maxj)
[emitAnyNode] s = x600, tpestr = Unit
[emitAnyNode] s = x600, tpestr = void 
[emitAnyNode] s = x600, tpestr = Unit
[emitAnyNode] kernelName = x600, node = Set_arg, supportedTargets = ListBuffer(scala, cpp, maxj)
[emitAnyNode] s = x3, tpestr = FixedPoint[Signed,B32,B0]
[emitAnyNode] s = x3, tpestr = int32_t 
[emitAnyNode] s = x3, tpestr = spatial.compiler.ops.FixedPoint[spatial.shared.Signed, spatial.shared.B32, spatial.shared.B0]
[emitAnyNode] kernelName = x3, node = ConstFixPt, supportedTargets = ListBuffer(scala, cpp, maxj)
[emitAnyNode] s = x601, tpestr = Array[FixedPoint[Signed,B32,B0]]
[emitAnyNode] s = x601, tpestr = maxjLmem *
[emitAnyNode] s = x601, tpestr = spatial.compiler.ops.DRAM[spatial.compiler.ops.FixedPoint[spatial.shared.Signed, spatial.shared.B32, spatial.shared.B0]]
[emitAnyNode] kernelName = x601, node = Offchip_new, supportedTargets = ListBuffer(scala, cpp, maxj)
[emitAnyNode] s = x4, tpestr = Int
[emitAnyNode] s = x4, tpestr = int32_t 
[emitAnyNode] s = x4, tpestr = Int
[30m[43mmaxj: don't know how to generate code for: Tpes_Fix_to_int(Sym(3))[0m
[emitAnyNode] kernelName = x4, node = Tpes_Fix_to_int, supportedTargets = ListBuffer(scala, cpp, maxj)
[emitAnyNode] s = x638, tpestr = Array[FixedPoint[Signed,B32,B0]]
[emitAnyNode] s = x638, tpestr = cppDeliteArrayint32_t *
[emitAnyNode] s = x638, tpestr = ppl.delite.framework.datastructures.DeliteArray[spatial.compiler.ops.FixedPoint[spatial.shared.Signed, spatial.shared.B32, spatial.shared.B0]]
[30m[43mmaxj: don't know how to generate code for: DeliteArrayNew(Sym(9),spatial.compiler.ops.FixedPoint[CharLoadTest$@112740e8.type#spatial.shared.SpatialIdentifiers$Signed, CharLoadTest$@112740e8.type#spatial.shared.SpatialIdentifiers$B32, CharLoadTest$@112740e8.type#spatial.shared.SpatialIdentifiers$B0],PartitionTag(DeliteArray,false))[0m
[30m[43mmaxj: don't know how to generate code for: DeliteArrayUpdate(Sym(7),Sym(5),Sym(8))[0m
[emitAnyNode] kernelName = x638, node = SimpleFatLoop, supportedTargets = ListBuffer(scala, cpp, maxj)
[emitAnyNode] s = x639, tpestr = Unit
[emitAnyNode] s = x639, tpestr = void 
[emitAnyNode] s = x639, tpestr = Unit
[emitAnyNode] kernelName = x639, node = Set_mem, supportedTargets = ListBuffer(scala, cpp, maxj)
[emitAnyNode] s = x686, tpestr = Unit
[emitAnyNode] s = x686, tpestr = void 
[emitAnyNode] s = x686, tpestr = Unit
Checking writers of Sym(647) ((Sym(648),(Sym(650),false))) for Sym(648)
Checking writers of Sym(670) ((Sym(672),(Sym(674),false))) for Sym(672)
Checking writers of Sym(599) ((Sym(676),(Sym(678),false))) for Sym(676)
[emitAnyNode] kernelName = x686, node = Hwblock, supportedTargets = ListBuffer(scala, cpp, maxj)
[emitAnyNode] s = x687, tpestr = FixedPoint[Signed,B32,B0]
[emitAnyNode] s = x687, tpestr = int32_t 
[emitAnyNode] s = x687, tpestr = spatial.compiler.ops.FixedPoint[spatial.shared.Signed, spatial.shared.B32, spatial.shared.B0]
[emitAnyNode] kernelName = x687, node = Get_arg, supportedTargets = ListBuffer(scala, cpp, maxj)
[emitAnyNode] s = x688, tpestr = Unit
[emitAnyNode] s = x688, tpestr = void 
[emitAnyNode] s = x688, tpestr = Unit
[emitAnyNode] kernelName = x688, node = Nosynth1_Println, supportedTargets = ListBuffer(scala, cpp, maxj)
[emitAnyNode] s = x689, tpestr = Boolean
[emitAnyNode] s = x689, tpestr = bool 
[emitAnyNode] s = x689, tpestr = spatial.compiler.ops.SpatialBit
[emitAnyNode] kernelName = x689, node = FixPt_Eql, supportedTargets = ListBuffer(scala, cpp, maxj)
[emitAnyNode] s = x690, tpestr = java.lang.String
[emitAnyNode] s = x690, tpestr = string 
[emitAnyNode] s = x690, tpestr = java.lang.String
[30m[43mmaxj: don't know how to generate code for: FString_Forge_string_plus(Const(PASS: ),Sym(689))[0m
[emitAnyNode] kernelName = x690, node = FString_Forge_string_plus, supportedTargets = ListBuffer(scala, cpp, maxj)
[emitAnyNode] s = x691, tpestr = java.lang.String
[emitAnyNode] s = x691, tpestr = string 
[emitAnyNode] s = x691, tpestr = java.lang.String
[30m[43mmaxj: don't know how to generate code for: FString_Forge_string_plus(Sym(690),Const( (CharLoadTest)))[0m
[emitAnyNode] kernelName = x691, node = FString_Forge_string_plus, supportedTargets = ListBuffer(scala, cpp, maxj)
[emitAnyNode] s = x692, tpestr = Unit
[emitAnyNode] s = x692, tpestr = void 
[emitAnyNode] s = x692, tpestr = Unit
[emitAnyNode] kernelName = x692, node = Nosynth1_Println, supportedTargets = ListBuffer(scala, cpp, maxj)
[delite info 2016-10-09 21:41:38.818971]: Generating DEG file with options: {'enable_pir': True, 'verbose': False, 'no_fusion': False, 'cluster': False, 'debuglast': False, 'no_blas': False, 'no_multidimgpu': False, 'latency': False, 'xdebug': False, 'jar_app': False, 'opencl': False, 'build_dir': '/home/mattfel/transform_regression_tests_21-24/hyperdsl/spatial/published/Spatial', 'maxj': False, 'dump_exception': True, 'no_soa': False, 'strict_control': False, 'profile': False, 'enable_dse': True, 'debug': False, 'optimize': 0, 'long_int': False, 'xnocache': False, 'cuda': False, 'cpp': False, 'dot': False}
Ignoring silly LD_PRELOAD  e r r o r
Ignoring silly LD_PRELOAD  e r r o r
numMaxJ = 1
scheduler = dynamic
[MaxJExecutableGenerator::makeNestedFunction() Cannot generate 'Free_x1')
[MaxJExecutableGenerator::makeNestedFunction() Cannot generate 'Free_x2')
[MaxJExecutableGenerator::makeNestedFunction() Cannot generate 'Free_x600')
[MaxJExecutableGenerator::makeNestedFunction() Cannot generate 'Free_x4')
[MaxJExecutableGenerator::makeNestedFunction() Cannot generate 'Free_x638')
[MaxJExecutableGenerator::makeNestedFunction() Cannot generate 'Free_x639')
[MaxJExecutableGenerator::makeNestedFunction() Cannot generate 'Free_x686')
[MaxJExecutableGenerator::makeNestedFunction() Cannot generate 'Free_x687')
[MaxJExecutableGenerator::makeNestedFunction() Cannot generate 'Free_x689')
[MaxJExecutableGenerator::makeNestedFunction() Cannot generate 'Free_x690')
[MaxJExecutableGenerator::makeNestedFunction() Cannot generate 'Free_x691')
[MaxJExecutableGenerator::makeNestedFunction() Cannot generate 'Free_x692')
[delite info 2016-10-09 21:41:49.017181]: executing application: CharLoadTest.deg 
Parsing log
Running Spatial with arguments: 
/opt/maxcompiler/bin/maxcompilersim -n Top$(md5sum ./maxj/src/kernels/TopKernelLib.maxj | cut -c1-5 | sed 's/1/z/g' | sed 's/2/y/g' | sed 's/3/q/g' | sed 's/4/r/g' | sed 's/5/s/g' | sed 's/6/t/g' | sed 's/7/u/g' | sed 's/8/v/g' | sed 's/9/w/g' | sed 's/0/x/g') stop
ERROR: No PID or lock files found for simulation 'Toprfwzr' on host 'london'.
make: [clean] Error 1 (ignored)
rm -f maxobj_Top_DFE_SIM.o
rm -f Top_sim
rm -rf bin Top_MAX4848A_DFE_SIM
rm -f maxj/src/runtime/Executable1.o cpp/src/kernels/cpphelperFuncs.o cpp/src/kernels/x1.o cpp/src/kernels/x2.o cpp/src/kernels/x3.o cpp/src/kernels/x4.o cpp/src/kernels/x50.o cpp/src/kernels/x598.o cpp/src/kernels/x599.o cpp/src/kernels/x600.o cpp/src/kernels/x601.o cpp/src/kernels/x638.o cpp/src/kernels/x639.o cpp/src/kernels/x686.o cpp/src/kernels/x687.o cpp/src/kernels/x688.o cpp/src/kernels/x689.o cpp/src/kernels/x690.o cpp/src/kernels/x691.o cpp/src/kernels/x692.o cpp/src/static/cpp/Config.o cpp/src/static/cpp/cppDeliteArray.o cpp/src/static/cpp/cppInit.o cpp/src/static/cpp/cppList.o cpp/src/static/cpp/cppRef.o cpp/src/static/cpp/DeliteCpp.o cpp/src/static/cpp/DeliteCppProfiler.o cpp/src/static/cpp/DeliteMemory.o cpp/src/static/cpp/DeliteThreadPool.o cpp/src/static/cpp/pcmHelper.o
rm -f *.log
rm -rf debug*
ant
Buildfile: /local/ssd/home/mattfel/transform_regression_tests_21-24/hyperdsl/spatial/regression_tests/characterization/0_CharLoadTest/out/build.xml

init:
    [mkdir] Created dir: /local/ssd/home/mattfel/transform_regression_tests_21-24/hyperdsl/spatial/regression_tests/characterization/0_CharLoadTest/out/bin

compile:
     [echo] Using MaxCompiler from: /opt/maxcompiler
     [echo] Compiling templates
[maxjcompiler] 
[maxjcompiler] 
[maxjcompiler] Compiling to folder /local/ssd/home/mattfel/transform_regression_tests_21-24/hyperdsl/spatial/regression_tests/characterization/0_CharLoadTest/out/bin
[maxjcompiler] ----------
[maxjcompiler] 1. WARNING in /local/ssd/home/mattfel/transform_regression_tests_21-24/hyperdsl/spatial/regression_tests/characterization/0_CharLoadTest/out/maxj/src/static/templates/SingleCtrSM.maxj (at line 8)
[maxjcompiler] 	import com.maxeler.maxcompiler.v2.statemachine.DFEsmValue;
[maxjcompiler] 	       ^^^^^^^^^^^^^^^^^^^^^^^^^^^^^^^^^^^^^^^^^^^^^^^^^^
[maxjcompiler] The import com.maxeler.maxcompiler.v2.statemachine.DFEsmValue is never used
[maxjcompiler] ----------
[maxjcompiler] ----------
[maxjcompiler] 2. WARNING in /local/ssd/home/mattfel/transform_regression_tests_21-24/hyperdsl/spatial/regression_tests/characterization/0_CharLoadTest/out/maxj/src/static/templates/PQ.maxj (at line 5)
[maxjcompiler] 	import com.maxeler.maxcompiler.v2.kernelcompiler.stdlib.memory.Memory;
[maxjcompiler] 	       ^^^^^^^^^^^^^^^^^^^^^^^^^^^^^^^^^^^^^^^^^^^^^^^^^^^^^^^^^^^^^^
[maxjcompiler] The import com.maxeler.maxcompiler.v2.kernelcompiler.stdlib.memory.Memory is never used
[maxjcompiler] ----------
[maxjcompiler] 3. WARNING in /local/ssd/home/mattfel/transform_regression_tests_21-24/hyperdsl/spatial/regression_tests/characterization/0_CharLoadTest/out/maxj/src/static/templates/PQ.maxj (at line 9)
[maxjcompiler] 	import com.maxeler.maxcompiler.v2.kernelcompiler.types.composite.DFEVector;
[maxjcompiler] 	       ^^^^^^^^^^^^^^^^^^^^^^^^^^^^^^^^^^^^^^^^^^^^^^^^^^^^^^^^^^^^^^^^^^^
[maxjcompiler] The import com.maxeler.maxcompiler.v2.kernelcompiler.types.composite.DFEVector is never used
[maxjcompiler] ----------
[maxjcompiler] 4. WARNING in /local/ssd/home/mattfel/transform_regression_tests_21-24/hyperdsl/spatial/regression_tests/characterization/0_CharLoadTest/out/maxj/src/static/templates/PQ.maxj (at line 10)
[maxjcompiler] 	import com.maxeler.maxcompiler.v2.kernelcompiler.stdlib.Reductions;
[maxjcompiler] 	       ^^^^^^^^^^^^^^^^^^^^^^^^^^^^^^^^^^^^^^^^^^^^^^^^^^^^^^^^^^^
[maxjcompiler] The import com.maxeler.maxcompiler.v2.kernelcompiler.stdlib.Reductions is never used
[maxjcompiler] ----------
[maxjcompiler] ----------
[maxjcompiler] 5. WARNING in /local/ssd/home/mattfel/transform_regression_tests_21-24/hyperdsl/spatial/regression_tests/characterization/0_CharLoadTest/out/maxj/src/static/templates/Scatter.maxj (at line 6)
[maxjcompiler] 	import com.maxeler.maxcompiler.v2.kernelcompiler.stdlib.core.CounterChain;
[maxjcompiler] 	       ^^^^^^^^^^^^^^^^^^^^^^^^^^^^^^^^^^^^^^^^^^^^^^^^^^^^^^^^^^^^^^^^^^
[maxjcompiler] The import com.maxeler.maxcompiler.v2.kernelcompiler.stdlib.core.CounterChain is never used
[maxjcompiler] ----------
[maxjcompiler] 6. WARNING in /local/ssd/home/mattfel/transform_regression_tests_21-24/hyperdsl/spatial/regression_tests/characterization/0_CharLoadTest/out/maxj/src/static/templates/Scatter.maxj (at line 7)
[maxjcompiler] 	import com.maxeler.maxcompiler.v2.kernelcompiler.stdlib.core.Count.WrapMode;
[maxjcompiler] 	       ^^^^^^^^^^^^^^^^^^^^^^^^^^^^^^^^^^^^^^^^^^^^^^^^^^^^^^^^^^^^^^^^^^^^
[maxjcompiler] The import com.maxeler.maxcompiler.v2.kernelcompiler.stdlib.core.Count.WrapMode is never used
[maxjcompiler] ----------
[maxjcompiler] 7. WARNING in /local/ssd/home/mattfel/transform_regression_tests_21-24/hyperdsl/spatial/regression_tests/characterization/0_CharLoadTest/out/maxj/src/static/templates/Scatter.maxj (at line 11)
[maxjcompiler] 	import com.maxeler.maxcompiler.v2.kernelcompiler.Optimization;
[maxjcompiler] 	       ^^^^^^^^^^^^^^^^^^^^^^^^^^^^^^^^^^^^^^^^^^^^^^^^^^^^^^
[maxjcompiler] The import com.maxeler.maxcompiler.v2.kernelcompiler.Optimization is never used
[maxjcompiler] ----------
[maxjcompiler] 8. WARNING in /local/ssd/home/mattfel/transform_regression_tests_21-24/hyperdsl/spatial/regression_tests/characterization/0_CharLoadTest/out/maxj/src/static/templates/Scatter.maxj (at line 12)
[maxjcompiler] 	import com.maxeler.maxcompiler.v2.kernelcompiler.stdlib.Reductions;
[maxjcompiler] 	       ^^^^^^^^^^^^^^^^^^^^^^^^^^^^^^^^^^^^^^^^^^^^^^^^^^^^^^^^^^^
[maxjcompiler] The import com.maxeler.maxcompiler.v2.kernelcompiler.stdlib.Reductions is never used
[maxjcompiler] ----------
[maxjcompiler] 9. WARNING in /local/ssd/home/mattfel/transform_regression_tests_21-24/hyperdsl/spatial/regression_tests/characterization/0_CharLoadTest/out/maxj/src/static/templates/Scatter.maxj (at line 19)
[maxjcompiler] 	import com.maxeler.maxcompiler.v2.kernelcompiler.types.composite.DFEVector;
[maxjcompiler] 	       ^^^^^^^^^^^^^^^^^^^^^^^^^^^^^^^^^^^^^^^^^^^^^^^^^^^^^^^^^^^^^^^^^^^
[maxjcompiler] The import com.maxeler.maxcompiler.v2.kernelcompiler.types.composite.DFEVector is never used
[maxjcompiler] ----------
[maxjcompiler] 10. WARNING in /local/ssd/home/mattfel/transform_regression_tests_21-24/hyperdsl/spatial/regression_tests/characterization/0_CharLoadTest/out/maxj/src/static/templates/Scatter.maxj (at line 20)
[maxjcompiler] 	import com.maxeler.maxcompiler.v2.kernelcompiler.types.composite.DFEVectorType;
[maxjcompiler] 	       ^^^^^^^^^^^^^^^^^^^^^^^^^^^^^^^^^^^^^^^^^^^^^^^^^^^^^^^^^^^^^^^^^^^^^^^
[maxjcompiler] The import com.maxeler.maxcompiler.v2.kernelcompiler.types.composite.DFEVectorType is never used
[maxjcompiler] ----------
[maxjcompiler] 11. WARNING in /local/ssd/home/mattfel/transform_regression_tests_21-24/hyperdsl/spatial/regression_tests/characterization/0_CharLoadTest/out/maxj/src/static/templates/Scatter.maxj (at line 21)
[maxjcompiler] 	import com.maxeler.maxcompiler.v2.kernelcompiler.types.composite.DFEStruct;
[maxjcompiler] 	       ^^^^^^^^^^^^^^^^^^^^^^^^^^^^^^^^^^^^^^^^^^^^^^^^^^^^^^^^^^^^^^^^^^^
[maxjcompiler] The import com.maxeler.maxcompiler.v2.kernelcompiler.types.composite.DFEStruct is never used
[maxjcompiler] ----------
[maxjcompiler] 12. WARNING in /local/ssd/home/mattfel/transform_regression_tests_21-24/hyperdsl/spatial/regression_tests/characterization/0_CharLoadTest/out/maxj/src/static/templates/Scatter.maxj (at line 22)
[maxjcompiler] 	import com.maxeler.maxcompiler.v2.kernelcompiler.types.composite.DFEStructType;
[maxjcompiler] 	       ^^^^^^^^^^^^^^^^^^^^^^^^^^^^^^^^^^^^^^^^^^^^^^^^^^^^^^^^^^^^^^^^^^^^^^^
[maxjcompiler] The import com.maxeler.maxcompiler.v2.kernelcompiler.types.composite.DFEStructType is never used
[maxjcompiler] ----------
[maxjcompiler] 13. WARNING in /local/ssd/home/mattfel/transform_regression_tests_21-24/hyperdsl/spatial/regression_tests/characterization/0_CharLoadTest/out/maxj/src/static/templates/Scatter.maxj (at line 23)
[maxjcompiler] 	import com.maxeler.maxcompiler.v2.kernelcompiler.types.composite.DFEStructType.StructFieldType;
[maxjcompiler] 	       ^^^^^^^^^^^^^^^^^^^^^^^^^^^^^^^^^^^^^^^^^^^^^^^^^^^^^^^^^^^^^^^^^^^^^^^^^^^^^^^^^^^^^^^
[maxjcompiler] The import com.maxeler.maxcompiler.v2.kernelcompiler.types.composite.DFEStructType.StructFieldType is never used
[maxjcompiler] ----------
[maxjcompiler] 14. WARNING in /local/ssd/home/mattfel/transform_regression_tests_21-24/hyperdsl/spatial/regression_tests/characterization/0_CharLoadTest/out/maxj/src/static/templates/Scatter.maxj (at line 24)
[maxjcompiler] 	import java.util.ArrayList;
[maxjcompiler] 	       ^^^^^^^^^^^^^^^^^^^
[maxjcompiler] The import java.util.ArrayList is never used
[maxjcompiler] ----------
[maxjcompiler] 15. WARNING in /local/ssd/home/mattfel/transform_regression_tests_21-24/hyperdsl/spatial/regression_tests/characterization/0_CharLoadTest/out/maxj/src/static/templates/Scatter.maxj (at line 75)
[maxjcompiler] 	DFEVar package_done = sm.getOutput("package_done");
[maxjcompiler] 	       ^^^^^^^^^^^^
[maxjcompiler] The local variable package_done is never read
[maxjcompiler] ----------
[maxjcompiler] 16. WARNING in /local/ssd/home/mattfel/transform_regression_tests_21-24/hyperdsl/spatial/regression_tests/characterization/0_CharLoadTest/out/maxj/src/static/templates/Scatter.maxj (at line 274)
[maxjcompiler] 	DFEVar package_done = sm.getOutput("package_done");
[maxjcompiler] 	       ^^^^^^^^^^^^
[maxjcompiler] The local variable package_done is never read
[maxjcompiler] ----------
[maxjcompiler] ----------
[maxjcompiler] 17. WARNING in /local/ssd/home/mattfel/transform_regression_tests_21-24/hyperdsl/spatial/regression_tests/characterization/0_CharLoadTest/out/maxj/src/static/templates/NBufSM.maxj (at line 9)
[maxjcompiler] 	import java.util.ArrayList;
[maxjcompiler] 	       ^^^^^^^^^^^^^^^^^^^
[maxjcompiler] The import java.util.ArrayList is never used
[maxjcompiler] ----------
[maxjcompiler] 18. WARNING in /local/ssd/home/mattfel/transform_regression_tests_21-24/hyperdsl/spatial/regression_tests/characterization/0_CharLoadTest/out/maxj/src/static/templates/NBufSM.maxj (at line 10)
[maxjcompiler] 	import java.util.List;
[maxjcompiler] 	       ^^^^^^^^^^^^^^
[maxjcompiler] The import java.util.List is never used
[maxjcompiler] ----------
[maxjcompiler] ----------
[maxjcompiler] 19. WARNING in /local/ssd/home/mattfel/transform_regression_tests_21-24/hyperdsl/spatial/regression_tests/characterization/0_CharLoadTest/out/maxj/src/static/templates/DblBufStateMachine.maxj (at line 48)
[maxjcompiler] 	this.numIter = numIter;
[maxjcompiler] 	^^^^^^^^^^^^^^^^^^^^^^
[maxjcompiler] The assignment to variable numIter has no effect
[maxjcompiler] ----------
[maxjcompiler] ----------
[maxjcompiler] 20. WARNING in /local/ssd/home/mattfel/transform_regression_tests_21-24/hyperdsl/spatial/regression_tests/characterization/0_CharLoadTest/out/maxj/src/static/templates/DblBufReg.maxj (at line 5)
[maxjcompiler] 	import com.maxeler.maxcompiler.v2.kernelcompiler.stdlib.memory.Memory;
[maxjcompiler] 	       ^^^^^^^^^^^^^^^^^^^^^^^^^^^^^^^^^^^^^^^^^^^^^^^^^^^^^^^^^^^^^^
[maxjcompiler] The import com.maxeler.maxcompiler.v2.kernelcompiler.stdlib.memory.Memory is never used
[maxjcompiler] ----------
[maxjcompiler] 21. WARNING in /local/ssd/home/mattfel/transform_regression_tests_21-24/hyperdsl/spatial/regression_tests/characterization/0_CharLoadTest/out/maxj/src/static/templates/DblBufReg.maxj (at line 7)
[maxjcompiler] 	import com.maxeler.maxcompiler.v2.utils.MathUtils;
[maxjcompiler] 	       ^^^^^^^^^^^^^^^^^^^^^^^^^^^^^^^^^^^^^^^^^^
[maxjcompiler] The import com.maxeler.maxcompiler.v2.utils.MathUtils is never used
[maxjcompiler] ----------
[maxjcompiler] 22. WARNING in /local/ssd/home/mattfel/transform_regression_tests_21-24/hyperdsl/spatial/regression_tests/characterization/0_CharLoadTest/out/maxj/src/static/templates/DblBufReg.maxj (at line 9)
[maxjcompiler] 	import com.maxeler.maxcompiler.v2.kernelcompiler.Optimization;
[maxjcompiler] 	       ^^^^^^^^^^^^^^^^^^^^^^^^^^^^^^^^^^^^^^^^^^^^^^^^^^^^^^
[maxjcompiler] The import com.maxeler.maxcompiler.v2.kernelcompiler.Optimization is never used
[maxjcompiler] ----------
[maxjcompiler] ----------
[maxjcompiler] 23. WARNING in /local/ssd/home/mattfel/transform_regression_tests_21-24/hyperdsl/spatial/regression_tests/characterization/0_CharLoadTest/out/maxj/src/static/templates/ScatterSM.maxj (at line 9)
[maxjcompiler] 	import com.maxeler.maxcompiler.v2.utils.MathUtils;
[maxjcompiler] 	       ^^^^^^^^^^^^^^^^^^^^^^^^^^^^^^^^^^^^^^^^^^
[maxjcompiler] The import com.maxeler.maxcompiler.v2.utils.MathUtils is never used
[maxjcompiler] ----------
[maxjcompiler] ----------
[maxjcompiler] 24. WARNING in /local/ssd/home/mattfel/transform_regression_tests_21-24/hyperdsl/spatial/regression_tests/characterization/0_CharLoadTest/out/maxj/src/static/templates/Gather.maxj (at line 6)
[maxjcompiler] 	import com.maxeler.maxcompiler.v2.kernelcompiler.stdlib.core.CounterChain;
[maxjcompiler] 	       ^^^^^^^^^^^^^^^^^^^^^^^^^^^^^^^^^^^^^^^^^^^^^^^^^^^^^^^^^^^^^^^^^^
[maxjcompiler] The import com.maxeler.maxcompiler.v2.kernelcompiler.stdlib.core.CounterChain is never used
[maxjcompiler] ----------
[maxjcompiler] 25. WARNING in /local/ssd/home/mattfel/transform_regression_tests_21-24/hyperdsl/spatial/regression_tests/characterization/0_CharLoadTest/out/maxj/src/static/templates/Gather.maxj (at line 7)
[maxjcompiler] 	import com.maxeler.maxcompiler.v2.kernelcompiler.stdlib.core.Count.WrapMode;
[maxjcompiler] 	       ^^^^^^^^^^^^^^^^^^^^^^^^^^^^^^^^^^^^^^^^^^^^^^^^^^^^^^^^^^^^^^^^^^^^
[maxjcompiler] The import com.maxeler.maxcompiler.v2.kernelcompiler.stdlib.core.Count.WrapMode is never used
[maxjcompiler] ----------
[maxjcompiler] 26. WARNING in /local/ssd/home/mattfel/transform_regression_tests_21-24/hyperdsl/spatial/regression_tests/characterization/0_CharLoadTest/out/maxj/src/static/templates/Gather.maxj (at line 11)
[maxjcompiler] 	import com.maxeler.maxcompiler.v2.kernelcompiler.Optimization;
[maxjcompiler] 	       ^^^^^^^^^^^^^^^^^^^^^^^^^^^^^^^^^^^^^^^^^^^^^^^^^^^^^^
[maxjcompiler] The import com.maxeler.maxcompiler.v2.kernelcompiler.Optimization is never used
[maxjcompiler] ----------
[maxjcompiler] 27. WARNING in /local/ssd/home/mattfel/transform_regression_tests_21-24/hyperdsl/spatial/regression_tests/characterization/0_CharLoadTest/out/maxj/src/static/templates/Gather.maxj (at line 12)
[maxjcompiler] 	import com.maxeler.maxcompiler.v2.kernelcompiler.stdlib.Reductions;
[maxjcompiler] 	       ^^^^^^^^^^^^^^^^^^^^^^^^^^^^^^^^^^^^^^^^^^^^^^^^^^^^^^^^^^^
[maxjcompiler] The import com.maxeler.maxcompiler.v2.kernelcompiler.stdlib.Reductions is never used
[maxjcompiler] ----------
[maxjcompiler] 28. WARNING in /local/ssd/home/mattfel/transform_regression_tests_21-24/hyperdsl/spatial/regression_tests/characterization/0_CharLoadTest/out/maxj/src/static/templates/Gather.maxj (at line 21)
[maxjcompiler] 	import com.maxeler.maxcompiler.v2.kernelcompiler.types.composite.DFEStruct;
[maxjcompiler] 	       ^^^^^^^^^^^^^^^^^^^^^^^^^^^^^^^^^^^^^^^^^^^^^^^^^^^^^^^^^^^^^^^^^^^
[maxjcompiler] The import com.maxeler.maxcompiler.v2.kernelcompiler.types.composite.DFEStruct is never used
[maxjcompiler] ----------
[maxjcompiler] 29. WARNING in /local/ssd/home/mattfel/transform_regression_tests_21-24/hyperdsl/spatial/regression_tests/characterization/0_CharLoadTest/out/maxj/src/static/templates/Gather.maxj (at line 22)
[maxjcompiler] 	import com.maxeler.maxcompiler.v2.kernelcompiler.types.composite.DFEStructType;
[maxjcompiler] 	       ^^^^^^^^^^^^^^^^^^^^^^^^^^^^^^^^^^^^^^^^^^^^^^^^^^^^^^^^^^^^^^^^^^^^^^^
[maxjcompiler] The import com.maxeler.maxcompiler.v2.kernelcompiler.types.composite.DFEStructType is never used
[maxjcompiler] ----------
[maxjcompiler] 30. WARNING in /local/ssd/home/mattfel/transform_regression_tests_21-24/hyperdsl/spatial/regression_tests/characterization/0_CharLoadTest/out/maxj/src/static/templates/Gather.maxj (at line 23)
[maxjcompiler] 	import com.maxeler.maxcompiler.v2.kernelcompiler.types.composite.DFEStructType.StructFieldType;
[maxjcompiler] 	       ^^^^^^^^^^^^^^^^^^^^^^^^^^^^^^^^^^^^^^^^^^^^^^^^^^^^^^^^^^^^^^^^^^^^^^^^^^^^^^^^^^^^^^^
[maxjcompiler] The import com.maxeler.maxcompiler.v2.kernelcompiler.types.composite.DFEStructType.StructFieldType is never used
[maxjcompiler] ----------
[maxjcompiler] 31. WARNING in /local/ssd/home/mattfel/transform_regression_tests_21-24/hyperdsl/spatial/regression_tests/characterization/0_CharLoadTest/out/maxj/src/static/templates/Gather.maxj (at line 24)
[maxjcompiler] 	import java.util.ArrayList;
[maxjcompiler] 	       ^^^^^^^^^^^^^^^^^^^
[maxjcompiler] The import java.util.ArrayList is never used
[maxjcompiler] ----------
[maxjcompiler] 32. WARNING in /local/ssd/home/mattfel/transform_regression_tests_21-24/hyperdsl/spatial/regression_tests/characterization/0_CharLoadTest/out/maxj/src/static/templates/Gather.maxj (at line 105)
[maxjcompiler] 	DFEVar package_done = sm.getOutput("package_done");
[maxjcompiler] 	       ^^^^^^^^^^^^
[maxjcompiler] The local variable package_done is never read
[maxjcompiler] ----------
[maxjcompiler] 33. WARNING in /local/ssd/home/mattfel/transform_regression_tests_21-24/hyperdsl/spatial/regression_tests/characterization/0_CharLoadTest/out/maxj/src/static/templates/Gather.maxj (at line 303)
[maxjcompiler] 	DFEVar package_done = sm.getOutput("package_done");
[maxjcompiler] 	       ^^^^^^^^^^^^
[maxjcompiler] The local variable package_done is never read
[maxjcompiler] ----------
[maxjcompiler] ----------
[maxjcompiler] 34. WARNING in /local/ssd/home/mattfel/transform_regression_tests_21-24/hyperdsl/spatial/regression_tests/characterization/0_CharLoadTest/out/maxj/src/static/templates/GBRSM.maxj (at line 8)
[maxjcompiler] 	import com.maxeler.maxcompiler.v2.statemachine.DFEsmValue;
[maxjcompiler] 	       ^^^^^^^^^^^^^^^^^^^^^^^^^^^^^^^^^^^^^^^^^^^^^^^^^^
[maxjcompiler] The import com.maxeler.maxcompiler.v2.statemachine.DFEsmValue is never used
[maxjcompiler] ----------
[maxjcompiler] ----------
[maxjcompiler] 35. WARNING in /local/ssd/home/mattfel/transform_regression_tests_21-24/hyperdsl/spatial/regression_tests/characterization/0_CharLoadTest/out/maxj/src/static/templates/DblBufStateMachine_2.maxj (at line 41)
[maxjcompiler] 	DFEsmValueType counterType = dfeUInt(2);
[maxjcompiler] 	               ^^^^^^^^^^^
[maxjcompiler] The local variable counterType is never read
[maxjcompiler] ----------
[maxjcompiler] 36. WARNING in /local/ssd/home/mattfel/transform_regression_tests_21-24/hyperdsl/spatial/regression_tests/characterization/0_CharLoadTest/out/maxj/src/static/templates/DblBufStateMachine_2.maxj (at line 59)
[maxjcompiler] 	this.numIter = numIter;
[maxjcompiler] 	^^^^^^^^^^^^^^^^^^^^^^
[maxjcompiler] The assignment to variable numIter has no effect
[maxjcompiler] ----------
[maxjcompiler] ----------
[maxjcompiler] 37. WARNING in /local/ssd/home/mattfel/transform_regression_tests_21-24/hyperdsl/spatial/regression_tests/characterization/0_CharLoadTest/out/maxj/src/static/templates/VDblBufKernelLib.maxj (at line 8)
[maxjcompiler] 	import com.maxeler.maxcompiler.v2.kernelcompiler.types.base.DFEType;
[maxjcompiler] 	       ^^^^^^^^^^^^^^^^^^^^^^^^^^^^^^^^^^^^^^^^^^^^^^^^^^^^^^^^^^^^
[maxjcompiler] The import com.maxeler.maxcompiler.v2.kernelcompiler.types.base.DFEType is never used
[maxjcompiler] ----------
[maxjcompiler] ----------
[maxjcompiler] 38. WARNING in /local/ssd/home/mattfel/transform_regression_tests_21-24/hyperdsl/spatial/regression_tests/characterization/0_CharLoadTest/out/maxj/src/static/templates/NBufKernelLib.maxj (at line 5)
[maxjcompiler] 	import com.maxeler.maxcompiler.v2.kernelcompiler.stdlib.memory.Memory;
[maxjcompiler] 	       ^^^^^^^^^^^^^^^^^^^^^^^^^^^^^^^^^^^^^^^^^^^^^^^^^^^^^^^^^^^^^^
[maxjcompiler] The import com.maxeler.maxcompiler.v2.kernelcompiler.stdlib.memory.Memory is never used
[maxjcompiler] ----------
[maxjcompiler] 39. WARNING in /local/ssd/home/mattfel/transform_regression_tests_21-24/hyperdsl/spatial/regression_tests/characterization/0_CharLoadTest/out/maxj/src/static/templates/NBufKernelLib.maxj (at line 9)
[maxjcompiler] 	import com.maxeler.maxcompiler.v2.kernelcompiler.Optimization;
[maxjcompiler] 	       ^^^^^^^^^^^^^^^^^^^^^^^^^^^^^^^^^^^^^^^^^^^^^^^^^^^^^^
[maxjcompiler] The import com.maxeler.maxcompiler.v2.kernelcompiler.Optimization is never used
[maxjcompiler] ----------
[maxjcompiler] 40. WARNING in /local/ssd/home/mattfel/transform_regression_tests_21-24/hyperdsl/spatial/regression_tests/characterization/0_CharLoadTest/out/maxj/src/static/templates/NBufKernelLib.maxj (at line 12)
[maxjcompiler] 	import com.maxeler.maxcompiler.v2.utils.Bits;
[maxjcompiler] 	       ^^^^^^^^^^^^^^^^^^^^^^^^^^^^^^^^^^^^^
[maxjcompiler] The import com.maxeler.maxcompiler.v2.utils.Bits is never used
[maxjcompiler] ----------
[maxjcompiler] 41. WARNING in /local/ssd/home/mattfel/transform_regression_tests_21-24/hyperdsl/spatial/regression_tests/characterization/0_CharLoadTest/out/maxj/src/static/templates/NBufKernelLib.maxj (at line 105)
[maxjcompiler] 	this.type = type;
[maxjcompiler] 	^^^^^^^^^^^^^^^^
[maxjcompiler] The assignment to variable type has no effect
[maxjcompiler] ----------
[maxjcompiler] ----------
[maxjcompiler] 42. WARNING in /local/ssd/home/mattfel/transform_regression_tests_21-24/hyperdsl/spatial/regression_tests/characterization/0_CharLoadTest/out/maxj/src/static/templates/MemoryCmdSM.maxj (at line 6)
[maxjcompiler] 	import com.maxeler.maxcompiler.v2.statemachine.DFEsmStateValue;
[maxjcompiler] 	       ^^^^^^^^^^^^^^^^^^^^^^^^^^^^^^^^^^^^^^^^^^^^^^^^^^^^^^^
[maxjcompiler] The import com.maxeler.maxcompiler.v2.statemachine.DFEsmStateValue is never used
[maxjcompiler] ----------
[maxjcompiler] 43. WARNING in /local/ssd/home/mattfel/transform_regression_tests_21-24/hyperdsl/spatial/regression_tests/characterization/0_CharLoadTest/out/maxj/src/static/templates/MemoryCmdSM.maxj (at line 35)
[maxjcompiler] 	DFEsmValueType counterType = dfeUInt(32);
[maxjcompiler] 	               ^^^^^^^^^^^
[maxjcompiler] The local variable counterType is never read
[maxjcompiler] ----------
[maxjcompiler] ----------
[maxjcompiler] 44. WARNING in /local/ssd/home/mattfel/transform_regression_tests_21-24/hyperdsl/spatial/regression_tests/characterization/0_CharLoadTest/out/maxj/src/static/templates/MemoryCmdGen.maxj (at line 7)
[maxjcompiler] 	import com.maxeler.maxcompiler.v2.kernelcompiler.stdlib.core.CounterChain;
[maxjcompiler] 	       ^^^^^^^^^^^^^^^^^^^^^^^^^^^^^^^^^^^^^^^^^^^^^^^^^^^^^^^^^^^^^^^^^^
[maxjcompiler] The import com.maxeler.maxcompiler.v2.kernelcompiler.stdlib.core.CounterChain is never used
[maxjcompiler] ----------
[maxjcompiler] 45. WARNING in /local/ssd/home/mattfel/transform_regression_tests_21-24/hyperdsl/spatial/regression_tests/characterization/0_CharLoadTest/out/maxj/src/static/templates/MemoryCmdGen.maxj (at line 10)
[maxjcompiler] 	import com.maxeler.maxcompiler.v2.utils.MathUtils;
[maxjcompiler] 	       ^^^^^^^^^^^^^^^^^^^^^^^^^^^^^^^^^^^^^^^^^^
[maxjcompiler] The import com.maxeler.maxcompiler.v2.utils.MathUtils is never used
[maxjcompiler] ----------
[maxjcompiler] 46. WARNING in /local/ssd/home/mattfel/transform_regression_tests_21-24/hyperdsl/spatial/regression_tests/characterization/0_CharLoadTest/out/maxj/src/static/templates/MemoryCmdGen.maxj (at line 13)
[maxjcompiler] 	import com.maxeler.maxcompiler.v2.kernelcompiler.Optimization;
[maxjcompiler] 	       ^^^^^^^^^^^^^^^^^^^^^^^^^^^^^^^^^^^^^^^^^^^^^^^^^^^^^^
[maxjcompiler] The import com.maxeler.maxcompiler.v2.kernelcompiler.Optimization is never used
[maxjcompiler] ----------
[maxjcompiler] 47. WARNING in /local/ssd/home/mattfel/transform_regression_tests_21-24/hyperdsl/spatial/regression_tests/characterization/0_CharLoadTest/out/maxj/src/static/templates/MemoryCmdGen.maxj (at line 14)
[maxjcompiler] 	import com.maxeler.maxcompiler.v2.kernelcompiler.stdlib.Reductions;
[maxjcompiler] 	       ^^^^^^^^^^^^^^^^^^^^^^^^^^^^^^^^^^^^^^^^^^^^^^^^^^^^^^^^^^^
[maxjcompiler] The import com.maxeler.maxcompiler.v2.kernelcompiler.stdlib.Reductions is never used
[maxjcompiler] ----------
[maxjcompiler] 48. WARNING in /local/ssd/home/mattfel/transform_regression_tests_21-24/hyperdsl/spatial/regression_tests/characterization/0_CharLoadTest/out/maxj/src/static/templates/MemoryCmdGen.maxj (at line 15)
[maxjcompiler] 	import com.maxeler.maxcompiler.v2.kernelcompiler.stdlib.core.Stream.OffsetExpr;
[maxjcompiler] 	       ^^^^^^^^^^^^^^^^^^^^^^^^^^^^^^^^^^^^^^^^^^^^^^^^^^^^^^^^^^^^^^^^^^^^^^^
[maxjcompiler] The import com.maxeler.maxcompiler.v2.kernelcompiler.stdlib.core.Stream.OffsetExpr is never used
[maxjcompiler] ----------
[maxjcompiler] 49. WARNING in /local/ssd/home/mattfel/transform_regression_tests_21-24/hyperdsl/spatial/regression_tests/characterization/0_CharLoadTest/out/maxj/src/static/templates/MemoryCmdGen.maxj (at line 20)
[maxjcompiler] 	import com.maxeler.maxcompiler.v2.kernelcompiler.types.composite.DFEStruct;
[maxjcompiler] 	       ^^^^^^^^^^^^^^^^^^^^^^^^^^^^^^^^^^^^^^^^^^^^^^^^^^^^^^^^^^^^^^^^^^^
[maxjcompiler] The import com.maxeler.maxcompiler.v2.kernelcompiler.types.composite.DFEStruct is never used
[maxjcompiler] ----------
[maxjcompiler] 50. WARNING in /local/ssd/home/mattfel/transform_regression_tests_21-24/hyperdsl/spatial/regression_tests/characterization/0_CharLoadTest/out/maxj/src/static/templates/MemoryCmdGen.maxj (at line 21)
[maxjcompiler] 	import com.maxeler.maxcompiler.v2.kernelcompiler.types.composite.DFEStructType;
[maxjcompiler] 	       ^^^^^^^^^^^^^^^^^^^^^^^^^^^^^^^^^^^^^^^^^^^^^^^^^^^^^^^^^^^^^^^^^^^^^^^
[maxjcompiler] The import com.maxeler.maxcompiler.v2.kernelcompiler.types.composite.DFEStructType is never used
[maxjcompiler] ----------
[maxjcompiler] 51. WARNING in /local/ssd/home/mattfel/transform_regression_tests_21-24/hyperdsl/spatial/regression_tests/characterization/0_CharLoadTest/out/maxj/src/static/templates/MemoryCmdGen.maxj (at line 22)
[maxjcompiler] 	import com.maxeler.maxcompiler.v2.kernelcompiler.types.composite.DFEStructType.StructFieldType;
[maxjcompiler] 	       ^^^^^^^^^^^^^^^^^^^^^^^^^^^^^^^^^^^^^^^^^^^^^^^^^^^^^^^^^^^^^^^^^^^^^^^^^^^^^^^^^^^^^^^
[maxjcompiler] The import com.maxeler.maxcompiler.v2.kernelcompiler.types.composite.DFEStructType.StructFieldType is never used
[maxjcompiler] ----------
[maxjcompiler] 52. WARNING in /local/ssd/home/mattfel/transform_regression_tests_21-24/hyperdsl/spatial/regression_tests/characterization/0_CharLoadTest/out/maxj/src/static/templates/MemoryCmdGen.maxj (at line 23)
[maxjcompiler] 	import java.util.ArrayList;
[maxjcompiler] 	       ^^^^^^^^^^^^^^^^^^^
[maxjcompiler] The import java.util.ArrayList is never used
[maxjcompiler] ----------
[maxjcompiler] 53. WARNING in /local/ssd/home/mattfel/transform_regression_tests_21-24/hyperdsl/spatial/regression_tests/characterization/0_CharLoadTest/out/maxj/src/static/templates/MemoryCmdGen.maxj (at line 102)
[maxjcompiler] 	int par = wdata.getSize();
[maxjcompiler] 	    ^^^
[maxjcompiler] The local variable par is never read
[maxjcompiler] ----------
[maxjcompiler] 54. WARNING in /local/ssd/home/mattfel/transform_regression_tests_21-24/hyperdsl/spatial/regression_tests/characterization/0_CharLoadTest/out/maxj/src/static/templates/MemoryCmdGen.maxj (at line 188)
[maxjcompiler] 	DFEVar sizecheck = upcast(size_int, wdata[0].getType());
[maxjcompiler] 	       ^^^^^^^^^
[maxjcompiler] The local variable sizecheck is never read
[maxjcompiler] ----------
[maxjcompiler] ----------
[maxjcompiler] 55. WARNING in /local/ssd/home/mattfel/transform_regression_tests_21-24/hyperdsl/spatial/regression_tests/characterization/0_CharLoadTest/out/maxj/src/static/templates/CtrChainLib.maxj (at line 6)
[maxjcompiler] 	import com.maxeler.maxcompiler.v2.kernelcompiler.SMIO;
[maxjcompiler] 	       ^^^^^^^^^^^^^^^^^^^^^^^^^^^^^^^^^^^^^^^^^^^^^^
[maxjcompiler] The import com.maxeler.maxcompiler.v2.kernelcompiler.SMIO is never used
[maxjcompiler] ----------
[maxjcompiler] 56. WARNING in /local/ssd/home/mattfel/transform_regression_tests_21-24/hyperdsl/spatial/regression_tests/characterization/0_CharLoadTest/out/maxj/src/static/templates/CtrChainLib.maxj (at line 7)
[maxjcompiler] 	import com.maxeler.maxcompiler.v2.kernelcompiler.stdlib.core.CounterChain;
[maxjcompiler] 	       ^^^^^^^^^^^^^^^^^^^^^^^^^^^^^^^^^^^^^^^^^^^^^^^^^^^^^^^^^^^^^^^^^^
[maxjcompiler] The import com.maxeler.maxcompiler.v2.kernelcompiler.stdlib.core.CounterChain is never used
[maxjcompiler] ----------
[maxjcompiler] 57. WARNING in /local/ssd/home/mattfel/transform_regression_tests_21-24/hyperdsl/spatial/regression_tests/characterization/0_CharLoadTest/out/maxj/src/static/templates/CtrChainLib.maxj (at line 8)
[maxjcompiler] 	import com.maxeler.maxcompiler.v2.utils.MathUtils;
[maxjcompiler] 	       ^^^^^^^^^^^^^^^^^^^^^^^^^^^^^^^^^^^^^^^^^^
[maxjcompiler] The import com.maxeler.maxcompiler.v2.utils.MathUtils is never used
[maxjcompiler] ----------
[maxjcompiler] ----------
[maxjcompiler] 58. WARNING in /local/ssd/home/mattfel/transform_regression_tests_21-24/hyperdsl/spatial/regression_tests/characterization/0_CharLoadTest/out/maxj/src/static/templates/PQSM.maxj (at line 5)
[maxjcompiler] 	import com.maxeler.maxcompiler.v2.statemachine.DFEsmStateEnum;
[maxjcompiler] 	       ^^^^^^^^^^^^^^^^^^^^^^^^^^^^^^^^^^^^^^^^^^^^^^^^^^^^^^
[maxjcompiler] The import com.maxeler.maxcompiler.v2.statemachine.DFEsmStateEnum is never used
[maxjcompiler] ----------
[maxjcompiler] 59. WARNING in /local/ssd/home/mattfel/transform_regression_tests_21-24/hyperdsl/spatial/regression_tests/characterization/0_CharLoadTest/out/maxj/src/static/templates/PQSM.maxj (at line 9)
[maxjcompiler] 	import com.maxeler.maxcompiler.v2.statemachine.DFEsmAssignableValue;
[maxjcompiler] 	       ^^^^^^^^^^^^^^^^^^^^^^^^^^^^^^^^^^^^^^^^^^^^^^^^^^^^^^^^^^^^
[maxjcompiler] The import com.maxeler.maxcompiler.v2.statemachine.DFEsmAssignableValue is never used
[maxjcompiler] ----------
[maxjcompiler] 60. WARNING in /local/ssd/home/mattfel/transform_regression_tests_21-24/hyperdsl/spatial/regression_tests/characterization/0_CharLoadTest/out/maxj/src/static/templates/PQSM.maxj (at line 11)
[maxjcompiler] 	import com.maxeler.maxcompiler.v2.statemachine.DFEsmVariable;
[maxjcompiler] 	       ^^^^^^^^^^^^^^^^^^^^^^^^^^^^^^^^^^^^^^^^^^^^^^^^^^^^^
[maxjcompiler] The import com.maxeler.maxcompiler.v2.statemachine.DFEsmVariable is never used
[maxjcompiler] ----------
[maxjcompiler] 61. WARNING in /local/ssd/home/mattfel/transform_regression_tests_21-24/hyperdsl/spatial/regression_tests/characterization/0_CharLoadTest/out/maxj/src/static/templates/PQSM.maxj (at line 13)
[maxjcompiler] 	import com.maxeler.maxcompiler.v2.statemachine.types.DFEsmTypeFactory;
[maxjcompiler] 	       ^^^^^^^^^^^^^^^^^^^^^^^^^^^^^^^^^^^^^^^^^^^^^^^^^^^^^^^^^^^^^^
[maxjcompiler] The import com.maxeler.maxcompiler.v2.statemachine.types.DFEsmTypeFactory is never used
[maxjcompiler] ----------
[maxjcompiler] 62. WARNING in /local/ssd/home/mattfel/transform_regression_tests_21-24/hyperdsl/spatial/regression_tests/characterization/0_CharLoadTest/out/maxj/src/static/templates/PQSM.maxj (at line 14)
[maxjcompiler] 	import com.maxeler.maxcompiler.v2.statemachine.StateMachineLib;
[maxjcompiler] 	       ^^^^^^^^^^^^^^^^^^^^^^^^^^^^^^^^^^^^^^^^^^^^^^^^^^^^^^^
[maxjcompiler] The import com.maxeler.maxcompiler.v2.statemachine.StateMachineLib is never used
[maxjcompiler] ----------
[maxjcompiler] 63. WARNING in /local/ssd/home/mattfel/transform_regression_tests_21-24/hyperdsl/spatial/regression_tests/characterization/0_CharLoadTest/out/maxj/src/static/templates/PQSM.maxj (at line 90)
[maxjcompiler] 	private void resetElemsFF() {
[maxjcompiler] 	             ^^^^^^^^^^^^^^
[maxjcompiler] The method resetElemsFF() from the type PQSM is never used locally
[maxjcompiler] ----------
[maxjcompiler] 64. WARNING in /local/ssd/home/mattfel/transform_regression_tests_21-24/hyperdsl/spatial/regression_tests/characterization/0_CharLoadTest/out/maxj/src/static/templates/PQSM.maxj (at line 99)
[maxjcompiler] 	private void write() {
[maxjcompiler] 	             ^^^^^^^
[maxjcompiler] The method write() from the type PQSM is never used locally
[maxjcompiler] ----------
[maxjcompiler] 65. WARNING in /local/ssd/home/mattfel/transform_regression_tests_21-24/hyperdsl/spatial/regression_tests/characterization/0_CharLoadTest/out/maxj/src/static/templates/PQSM.maxj (at line 116)
[maxjcompiler] 	private void stall() {
[maxjcompiler] 	             ^^^^^^^
[maxjcompiler] The method stall() from the type PQSM is never used locally
[maxjcompiler] ----------
[maxjcompiler] ----------
[maxjcompiler] 66. WARNING in /local/ssd/home/mattfel/transform_regression_tests_21-24/hyperdsl/spatial/regression_tests/characterization/0_CharLoadTest/out/maxj/src/static/templates/BoxedMem.maxj (at line 7)
[maxjcompiler] 	import com.maxeler.maxcompiler.v2.kernelcompiler.SMIO;
[maxjcompiler] 	       ^^^^^^^^^^^^^^^^^^^^^^^^^^^^^^^^^^^^^^^^^^^^^^
[maxjcompiler] The import com.maxeler.maxcompiler.v2.kernelcompiler.SMIO is never used
[maxjcompiler] ----------
[maxjcompiler] 67. WARNING in /local/ssd/home/mattfel/transform_regression_tests_21-24/hyperdsl/spatial/regression_tests/characterization/0_CharLoadTest/out/maxj/src/static/templates/BoxedMem.maxj (at line 8)
[maxjcompiler] 	import com.maxeler.maxcompiler.v2.utils.MathUtils;
[maxjcompiler] 	       ^^^^^^^^^^^^^^^^^^^^^^^^^^^^^^^^^^^^^^^^^^
[maxjcompiler] The import com.maxeler.maxcompiler.v2.utils.MathUtils is never used
[maxjcompiler] ----------
[maxjcompiler] 68. WARNING in /local/ssd/home/mattfel/transform_regression_tests_21-24/hyperdsl/spatial/regression_tests/characterization/0_CharLoadTest/out/maxj/src/static/templates/BoxedMem.maxj (at line 10)
[maxjcompiler] 	import com.maxeler.maxcompiler.v2.kernelcompiler.types.composite.DFEVector;
[maxjcompiler] 	       ^^^^^^^^^^^^^^^^^^^^^^^^^^^^^^^^^^^^^^^^^^^^^^^^^^^^^^^^^^^^^^^^^^^
[maxjcompiler] The import com.maxeler.maxcompiler.v2.kernelcompiler.types.composite.DFEVector is never used
[maxjcompiler] ----------
[maxjcompiler] ----------
[maxjcompiler] 69. WARNING in /local/ssd/home/mattfel/transform_regression_tests_21-24/hyperdsl/spatial/regression_tests/characterization/0_CharLoadTest/out/maxj/src/static/templates/MemoryCmdSt.maxj (at line 7)
[maxjcompiler] 	import com.maxeler.maxcompiler.v2.kernelcompiler.stdlib.core.CounterChain;
[maxjcompiler] 	       ^^^^^^^^^^^^^^^^^^^^^^^^^^^^^^^^^^^^^^^^^^^^^^^^^^^^^^^^^^^^^^^^^^
[maxjcompiler] The import com.maxeler.maxcompiler.v2.kernelcompiler.stdlib.core.CounterChain is never used
[maxjcompiler] ----------
[maxjcompiler] 70. WARNING in /local/ssd/home/mattfel/transform_regression_tests_21-24/hyperdsl/spatial/regression_tests/characterization/0_CharLoadTest/out/maxj/src/static/templates/MemoryCmdSt.maxj (at line 12)
[maxjcompiler] 	import com.maxeler.maxcompiler.v2.kernelcompiler.Optimization;
[maxjcompiler] 	       ^^^^^^^^^^^^^^^^^^^^^^^^^^^^^^^^^^^^^^^^^^^^^^^^^^^^^^
[maxjcompiler] The import com.maxeler.maxcompiler.v2.kernelcompiler.Optimization is never used
[maxjcompiler] ----------
[maxjcompiler] 71. WARNING in /local/ssd/home/mattfel/transform_regression_tests_21-24/hyperdsl/spatial/regression_tests/characterization/0_CharLoadTest/out/maxj/src/static/templates/MemoryCmdSt.maxj (at line 13)
[maxjcompiler] 	import com.maxeler.maxcompiler.v2.kernelcompiler.stdlib.Reductions;
[maxjcompiler] 	       ^^^^^^^^^^^^^^^^^^^^^^^^^^^^^^^^^^^^^^^^^^^^^^^^^^^^^^^^^^^
[maxjcompiler] The import com.maxeler.maxcompiler.v2.kernelcompiler.stdlib.Reductions is never used
[maxjcompiler] ----------
[maxjcompiler] 72. WARNING in /local/ssd/home/mattfel/transform_regression_tests_21-24/hyperdsl/spatial/regression_tests/characterization/0_CharLoadTest/out/maxj/src/static/templates/MemoryCmdSt.maxj (at line 14)
[maxjcompiler] 	import com.maxeler.maxcompiler.v2.kernelcompiler.stdlib.core.Stream.OffsetExpr;
[maxjcompiler] 	       ^^^^^^^^^^^^^^^^^^^^^^^^^^^^^^^^^^^^^^^^^^^^^^^^^^^^^^^^^^^^^^^^^^^^^^^
[maxjcompiler] The import com.maxeler.maxcompiler.v2.kernelcompiler.stdlib.core.Stream.OffsetExpr is never used
[maxjcompiler] ----------
[maxjcompiler] 73. WARNING in /local/ssd/home/mattfel/transform_regression_tests_21-24/hyperdsl/spatial/regression_tests/characterization/0_CharLoadTest/out/maxj/src/static/templates/MemoryCmdSt.maxj (at line 19)
[maxjcompiler] 	import com.maxeler.maxcompiler.v2.kernelcompiler.types.composite.DFEStruct;
[maxjcompiler] 	       ^^^^^^^^^^^^^^^^^^^^^^^^^^^^^^^^^^^^^^^^^^^^^^^^^^^^^^^^^^^^^^^^^^^
[maxjcompiler] The import com.maxeler.maxcompiler.v2.kernelcompiler.types.composite.DFEStruct is never used
[maxjcompiler] ----------
[maxjcompiler] 74. WARNING in /local/ssd/home/mattfel/transform_regression_tests_21-24/hyperdsl/spatial/regression_tests/characterization/0_CharLoadTest/out/maxj/src/static/templates/MemoryCmdSt.maxj (at line 20)
[maxjcompiler] 	import com.maxeler.maxcompiler.v2.kernelcompiler.types.composite.DFEStructType;
[maxjcompiler] 	       ^^^^^^^^^^^^^^^^^^^^^^^^^^^^^^^^^^^^^^^^^^^^^^^^^^^^^^^^^^^^^^^^^^^^^^^
[maxjcompiler] The import com.maxeler.maxcompiler.v2.kernelcompiler.types.composite.DFEStructType is never used
[maxjcompiler] ----------
[maxjcompiler] 75. WARNING in /local/ssd/home/mattfel/transform_regression_tests_21-24/hyperdsl/spatial/regression_tests/characterization/0_CharLoadTest/out/maxj/src/static/templates/MemoryCmdSt.maxj (at line 21)
[maxjcompiler] 	import com.maxeler.maxcompiler.v2.kernelcompiler.types.composite.DFEStructType.StructFieldType;
[maxjcompiler] 	       ^^^^^^^^^^^^^^^^^^^^^^^^^^^^^^^^^^^^^^^^^^^^^^^^^^^^^^^^^^^^^^^^^^^^^^^^^^^^^^^^^^^^^^^
[maxjcompiler] The import com.maxeler.maxcompiler.v2.kernelcompiler.types.composite.DFEStructType.StructFieldType is never used
[maxjcompiler] ----------
[maxjcompiler] 76. WARNING in /local/ssd/home/mattfel/transform_regression_tests_21-24/hyperdsl/spatial/regression_tests/characterization/0_CharLoadTest/out/maxj/src/static/templates/MemoryCmdSt.maxj (at line 22)
[maxjcompiler] 	import java.util.ArrayList;
[maxjcompiler] 	       ^^^^^^^^^^^^^^^^^^^
[maxjcompiler] The import java.util.ArrayList is never used
[maxjcompiler] ----------
[maxjcompiler] 77. WARNING in /local/ssd/home/mattfel/transform_regression_tests_21-24/hyperdsl/spatial/regression_tests/characterization/0_CharLoadTest/out/maxj/src/static/templates/MemoryCmdSt.maxj (at line 83)
[maxjcompiler] 	int par = wdata.getSize();
[maxjcompiler] 	    ^^^
[maxjcompiler] The local variable par is never read
[maxjcompiler] ----------
[maxjcompiler] ----------
[maxjcompiler] 78. WARNING in /local/ssd/home/mattfel/transform_regression_tests_21-24/hyperdsl/spatial/regression_tests/characterization/0_CharLoadTest/out/maxj/src/static/templates/DoubleCtrSM.maxj (at line 8)
[maxjcompiler] 	import com.maxeler.maxcompiler.v2.statemachine.DFEsmValue;
[maxjcompiler] 	       ^^^^^^^^^^^^^^^^^^^^^^^^^^^^^^^^^^^^^^^^^^^^^^^^^^
[maxjcompiler] The import com.maxeler.maxcompiler.v2.statemachine.DFEsmValue is never used
[maxjcompiler] ----------
[maxjcompiler] 79. WARNING in /local/ssd/home/mattfel/transform_regression_tests_21-24/hyperdsl/spatial/regression_tests/characterization/0_CharLoadTest/out/maxj/src/static/templates/DoubleCtrSM.maxj (at line 21)
[maxjcompiler] 	private final int start0;
[maxjcompiler] 	                  ^^^^^^
[maxjcompiler] The field DoubleCtrSM.start0 is never read locally
[maxjcompiler] ----------
[maxjcompiler] 80. WARNING in /local/ssd/home/mattfel/transform_regression_tests_21-24/hyperdsl/spatial/regression_tests/characterization/0_CharLoadTest/out/maxj/src/static/templates/DoubleCtrSM.maxj (at line 24)
[maxjcompiler] 	private final int start1;
[maxjcompiler] 	                  ^^^^^^
[maxjcompiler] The field DoubleCtrSM.start1 is never read locally
[maxjcompiler] ----------
[maxjcompiler] ----------
[maxjcompiler] 81. WARNING in /local/ssd/home/mattfel/transform_regression_tests_21-24/hyperdsl/spatial/regression_tests/characterization/0_CharLoadTest/out/maxj/src/static/templates/BlockStorer.maxj (at line 6)
[maxjcompiler] 	import com.maxeler.maxcompiler.v2.kernelcompiler.stdlib.core.CounterChain;
[maxjcompiler] 	       ^^^^^^^^^^^^^^^^^^^^^^^^^^^^^^^^^^^^^^^^^^^^^^^^^^^^^^^^^^^^^^^^^^
[maxjcompiler] The import com.maxeler.maxcompiler.v2.kernelcompiler.stdlib.core.CounterChain is never used
[maxjcompiler] ----------
[maxjcompiler] 82. WARNING in /local/ssd/home/mattfel/transform_regression_tests_21-24/hyperdsl/spatial/regression_tests/characterization/0_CharLoadTest/out/maxj/src/static/templates/BlockStorer.maxj (at line 11)
[maxjcompiler] 	import com.maxeler.maxcompiler.v2.kernelcompiler.Optimization;
[maxjcompiler] 	       ^^^^^^^^^^^^^^^^^^^^^^^^^^^^^^^^^^^^^^^^^^^^^^^^^^^^^^
[maxjcompiler] The import com.maxeler.maxcompiler.v2.kernelcompiler.Optimization is never used
[maxjcompiler] ----------
[maxjcompiler] ----------
[maxjcompiler] 83. WARNING in /local/ssd/home/mattfel/transform_regression_tests_21-24/hyperdsl/spatial/regression_tests/characterization/0_CharLoadTest/out/maxj/src/static/templates/DummyMemLib.maxj (at line 5)
[maxjcompiler] 	import com.maxeler.maxcompiler.v2.kernelcompiler.stdlib.memory.Memory;
[maxjcompiler] 	       ^^^^^^^^^^^^^^^^^^^^^^^^^^^^^^^^^^^^^^^^^^^^^^^^^^^^^^^^^^^^^^
[maxjcompiler] The import com.maxeler.maxcompiler.v2.kernelcompiler.stdlib.memory.Memory is never used
[maxjcompiler] ----------
[maxjcompiler] 84. WARNING in /local/ssd/home/mattfel/transform_regression_tests_21-24/hyperdsl/spatial/regression_tests/characterization/0_CharLoadTest/out/maxj/src/static/templates/DummyMemLib.maxj (at line 6)
[maxjcompiler] 	import com.maxeler.maxcompiler.v2.kernelcompiler.SMIO;
[maxjcompiler] 	       ^^^^^^^^^^^^^^^^^^^^^^^^^^^^^^^^^^^^^^^^^^^^^^
[maxjcompiler] The import com.maxeler.maxcompiler.v2.kernelcompiler.SMIO is never used
[maxjcompiler] ----------
[maxjcompiler] 85. WARNING in /local/ssd/home/mattfel/transform_regression_tests_21-24/hyperdsl/spatial/regression_tests/characterization/0_CharLoadTest/out/maxj/src/static/templates/DummyMemLib.maxj (at line 7)
[maxjcompiler] 	import com.maxeler.maxcompiler.v2.utils.MathUtils;
[maxjcompiler] 	       ^^^^^^^^^^^^^^^^^^^^^^^^^^^^^^^^^^^^^^^^^^
[maxjcompiler] The import com.maxeler.maxcompiler.v2.utils.MathUtils is never used
[maxjcompiler] ----------
[maxjcompiler] ----------
[maxjcompiler] 86. WARNING in /local/ssd/home/mattfel/transform_regression_tests_21-24/hyperdsl/spatial/regression_tests/characterization/0_CharLoadTest/out/maxj/src/static/templates/BramLib.maxj (at line 5)
[maxjcompiler] 	import com.maxeler.maxcompiler.v2.kernelcompiler.stdlib.memory.Memory;
[maxjcompiler] 	       ^^^^^^^^^^^^^^^^^^^^^^^^^^^^^^^^^^^^^^^^^^^^^^^^^^^^^^^^^^^^^^
[maxjcompiler] The import com.maxeler.maxcompiler.v2.kernelcompiler.stdlib.memory.Memory is never used
[maxjcompiler] ----------
[maxjcompiler] 87. WARNING in /local/ssd/home/mattfel/transform_regression_tests_21-24/hyperdsl/spatial/regression_tests/characterization/0_CharLoadTest/out/maxj/src/static/templates/BramLib.maxj (at line 6)
[maxjcompiler] 	import com.maxeler.maxcompiler.v2.kernelcompiler.SMIO;
[maxjcompiler] 	       ^^^^^^^^^^^^^^^^^^^^^^^^^^^^^^^^^^^^^^^^^^^^^^
[maxjcompiler] The import com.maxeler.maxcompiler.v2.kernelcompiler.SMIO is never used
[maxjcompiler] ----------
[maxjcompiler] 88. WARNING in /local/ssd/home/mattfel/transform_regression_tests_21-24/hyperdsl/spatial/regression_tests/characterization/0_CharLoadTest/out/maxj/src/static/templates/BramLib.maxj (at line 635)
[maxjcompiler] 	DFEVar bank_addr = bankAndLocalAddr(srcAddr[i], AddrMode.BANK);
[maxjcompiler] 	       ^^^^^^^^^
[maxjcompiler] The local variable bank_addr is never read
[maxjcompiler] ----------
[maxjcompiler] 89. WARNING in /local/ssd/home/mattfel/transform_regression_tests_21-24/hyperdsl/spatial/regression_tests/characterization/0_CharLoadTest/out/maxj/src/static/templates/BramLib.maxj (at line 648)
[maxjcompiler] 	DFEVar rd_delta = srcAddr[1] - srcAddr[0];
[maxjcompiler] 	       ^^^^^^^^
[maxjcompiler] The local variable rd_delta is never read
[maxjcompiler] ----------
[maxjcompiler] ----------
[maxjcompiler] 90. WARNING in /local/ssd/home/mattfel/transform_regression_tests_21-24/hyperdsl/spatial/regression_tests/characterization/0_CharLoadTest/out/maxj/src/static/templates/GroupByReduce.maxj (at line 5)
[maxjcompiler] 	import com.maxeler.maxcompiler.v2.kernelcompiler.stdlib.memory.Memory;
[maxjcompiler] 	       ^^^^^^^^^^^^^^^^^^^^^^^^^^^^^^^^^^^^^^^^^^^^^^^^^^^^^^^^^^^^^^
[maxjcompiler] The import com.maxeler.maxcompiler.v2.kernelcompiler.stdlib.memory.Memory is never used
[maxjcompiler] ----------
[maxjcompiler] 91. WARNING in /local/ssd/home/mattfel/transform_regression_tests_21-24/hyperdsl/spatial/regression_tests/characterization/0_CharLoadTest/out/maxj/src/static/templates/GroupByReduce.maxj (at line 7)
[maxjcompiler] 	import com.maxeler.maxcompiler.v2.utils.MathUtils;
[maxjcompiler] 	       ^^^^^^^^^^^^^^^^^^^^^^^^^^^^^^^^^^^^^^^^^^
[maxjcompiler] The import com.maxeler.maxcompiler.v2.utils.MathUtils is never used
[maxjcompiler] ----------
[maxjcompiler] 92. WARNING in /local/ssd/home/mattfel/transform_regression_tests_21-24/hyperdsl/spatial/regression_tests/characterization/0_CharLoadTest/out/maxj/src/static/templates/GroupByReduce.maxj (at line 11)
[maxjcompiler] 	import com.maxeler.maxcompiler.v2.kernelcompiler.stdlib.KernelMath;
[maxjcompiler] 	       ^^^^^^^^^^^^^^^^^^^^^^^^^^^^^^^^^^^^^^^^^^^^^^^^^^^^^^^^^^^
[maxjcompiler] The import com.maxeler.maxcompiler.v2.kernelcompiler.stdlib.KernelMath is never used
[maxjcompiler] ----------
[maxjcompiler] 93. WARNING in /local/ssd/home/mattfel/transform_regression_tests_21-24/hyperdsl/spatial/regression_tests/characterization/0_CharLoadTest/out/maxj/src/static/templates/GroupByReduce.maxj (at line 14)
[maxjcompiler] 	import java.util.ArrayList;
[maxjcompiler] 	       ^^^^^^^^^^^^^^^^^^^
[maxjcompiler] The import java.util.ArrayList is never used
[maxjcompiler] ----------
[maxjcompiler] 94. WARNING in /local/ssd/home/mattfel/transform_regression_tests_21-24/hyperdsl/spatial/regression_tests/characterization/0_CharLoadTest/out/maxj/src/static/templates/GroupByReduce.maxj (at line 77)
[maxjcompiler] 	DFEVar test = constant.var(tag.getType(), 0) === tag;
[maxjcompiler] 	       ^^^^
[maxjcompiler] The local variable test is never read
[maxjcompiler] ----------
[maxjcompiler] ----------
[maxjcompiler] 95. WARNING in /local/ssd/home/mattfel/transform_regression_tests_21-24/hyperdsl/spatial/regression_tests/characterization/0_CharLoadTest/out/maxj/src/static/templates/FFMem.maxj (at line 5)
[maxjcompiler] 	import com.maxeler.maxcompiler.v2.kernelcompiler.stdlib.memory.Memory;
[maxjcompiler] 	       ^^^^^^^^^^^^^^^^^^^^^^^^^^^^^^^^^^^^^^^^^^^^^^^^^^^^^^^^^^^^^^
[maxjcompiler] The import com.maxeler.maxcompiler.v2.kernelcompiler.stdlib.memory.Memory is never used
[maxjcompiler] ----------
[maxjcompiler] 96. WARNING in /local/ssd/home/mattfel/transform_regression_tests_21-24/hyperdsl/spatial/regression_tests/characterization/0_CharLoadTest/out/maxj/src/static/templates/FFMem.maxj (at line 6)
[maxjcompiler] 	import com.maxeler.maxcompiler.v2.kernelcompiler.SMIO;
[maxjcompiler] 	       ^^^^^^^^^^^^^^^^^^^^^^^^^^^^^^^^^^^^^^^^^^^^^^
[maxjcompiler] The import com.maxeler.maxcompiler.v2.kernelcompiler.SMIO is never used
[maxjcompiler] ----------
[maxjcompiler] 97. WARNING in /local/ssd/home/mattfel/transform_regression_tests_21-24/hyperdsl/spatial/regression_tests/characterization/0_CharLoadTest/out/maxj/src/static/templates/FFMem.maxj (at line 7)
[maxjcompiler] 	import com.maxeler.maxcompiler.v2.utils.MathUtils;
[maxjcompiler] 	       ^^^^^^^^^^^^^^^^^^^^^^^^^^^^^^^^^^^^^^^^^^
[maxjcompiler] The import com.maxeler.maxcompiler.v2.utils.MathUtils is never used
[maxjcompiler] ----------
[maxjcompiler] 98. WARNING in /local/ssd/home/mattfel/transform_regression_tests_21-24/hyperdsl/spatial/regression_tests/characterization/0_CharLoadTest/out/maxj/src/static/templates/FFMem.maxj (at line 9)
[maxjcompiler] 	import com.maxeler.maxcompiler.v2.kernelcompiler.types.composite.DFEVector;
[maxjcompiler] 	       ^^^^^^^^^^^^^^^^^^^^^^^^^^^^^^^^^^^^^^^^^^^^^^^^^^^^^^^^^^^^^^^^^^^
[maxjcompiler] The import com.maxeler.maxcompiler.v2.kernelcompiler.types.composite.DFEVector is never used
[maxjcompiler] ----------
[maxjcompiler] ----------
[maxjcompiler] 99. WARNING in /local/ssd/home/mattfel/transform_regression_tests_21-24/hyperdsl/spatial/regression_tests/characterization/0_CharLoadTest/out/maxj/src/static/templates/SpatialUtils.maxj (at line 2)
[maxjcompiler] 	import com.maxeler.maxcompiler.v2.kernelcompiler.stdlib.core.Count.Counter;
[maxjcompiler] 	       ^^^^^^^^^^^^^^^^^^^^^^^^^^^^^^^^^^^^^^^^^^^^^^^^^^^^^^^^^^^^^^^^^^^
[maxjcompiler] The import com.maxeler.maxcompiler.v2.kernelcompiler.stdlib.core.Count.Counter is never used
[maxjcompiler] ----------
[maxjcompiler] 100. WARNING in /local/ssd/home/mattfel/transform_regression_tests_21-24/hyperdsl/spatial/regression_tests/characterization/0_CharLoadTest/out/maxj/src/static/templates/SpatialUtils.maxj (at line 3)
[maxjcompiler] 	import com.maxeler.maxcompiler.v2.kernelcompiler.stdlib.core.CounterChain;
[maxjcompiler] 	       ^^^^^^^^^^^^^^^^^^^^^^^^^^^^^^^^^^^^^^^^^^^^^^^^^^^^^^^^^^^^^^^^^^
[maxjcompiler] The import com.maxeler.maxcompiler.v2.kernelcompiler.stdlib.core.CounterChain is never used
[maxjcompiler] ----------
[maxjcompiler] 101. WARNING in /local/ssd/home/mattfel/transform_regression_tests_21-24/hyperdsl/spatial/regression_tests/characterization/0_CharLoadTest/out/maxj/src/static/templates/SpatialUtils.maxj (at line 4)
[maxjcompiler] 	import com.maxeler.maxcompiler.v2.kernelcompiler.stdlib.core.Count;
[maxjcompiler] 	       ^^^^^^^^^^^^^^^^^^^^^^^^^^^^^^^^^^^^^^^^^^^^^^^^^^^^^^^^^^^
[maxjcompiler] The import com.maxeler.maxcompiler.v2.kernelcompiler.stdlib.core.Count is never used
[maxjcompiler] ----------
[maxjcompiler] 102. WARNING in /local/ssd/home/mattfel/transform_regression_tests_21-24/hyperdsl/spatial/regression_tests/characterization/0_CharLoadTest/out/maxj/src/static/templates/SpatialUtils.maxj (at line 5)
[maxjcompiler] 	import com.maxeler.maxcompiler.v2.kernelcompiler.stdlib.core.Count.WrapMode;
[maxjcompiler] 	       ^^^^^^^^^^^^^^^^^^^^^^^^^^^^^^^^^^^^^^^^^^^^^^^^^^^^^^^^^^^^^^^^^^^^
[maxjcompiler] The import com.maxeler.maxcompiler.v2.kernelcompiler.stdlib.core.Count.WrapMode is never used
[maxjcompiler] ----------
[maxjcompiler] 103. WARNING in /local/ssd/home/mattfel/transform_regression_tests_21-24/hyperdsl/spatial/regression_tests/characterization/0_CharLoadTest/out/maxj/src/static/templates/SpatialUtils.maxj (at line 6)
[maxjcompiler] 	import com.maxeler.maxcompiler.v2.kernelcompiler.stdlib.core.Count.Params;
[maxjcompiler] 	       ^^^^^^^^^^^^^^^^^^^^^^^^^^^^^^^^^^^^^^^^^^^^^^^^^^^^^^^^^^^^^^^^^^
[maxjcompiler] The import com.maxeler.maxcompiler.v2.kernelcompiler.stdlib.core.Count.Params is never used
[maxjcompiler] ----------
[maxjcompiler] 104. WARNING in /local/ssd/home/mattfel/transform_regression_tests_21-24/hyperdsl/spatial/regression_tests/characterization/0_CharLoadTest/out/maxj/src/static/templates/SpatialUtils.maxj (at line 7)
[maxjcompiler] 	import com.maxeler.maxcompiler.v2.kernelcompiler.stdlib.memory.Memory;
[maxjcompiler] 	       ^^^^^^^^^^^^^^^^^^^^^^^^^^^^^^^^^^^^^^^^^^^^^^^^^^^^^^^^^^^^^^
[maxjcompiler] The import com.maxeler.maxcompiler.v2.kernelcompiler.stdlib.memory.Memory is never used
[maxjcompiler] ----------
[maxjcompiler] 105. WARNING in /local/ssd/home/mattfel/transform_regression_tests_21-24/hyperdsl/spatial/regression_tests/characterization/0_CharLoadTest/out/maxj/src/static/templates/SpatialUtils.maxj (at line 8)
[maxjcompiler] 	import com.maxeler.maxcompiler.v2.kernelcompiler.Kernel;
[maxjcompiler] 	       ^^^^^^^^^^^^^^^^^^^^^^^^^^^^^^^^^^^^^^^^^^^^^^^^
[maxjcompiler] The import com.maxeler.maxcompiler.v2.kernelcompiler.Kernel is never used
[maxjcompiler] ----------
[maxjcompiler] 106. WARNING in /local/ssd/home/mattfel/transform_regression_tests_21-24/hyperdsl/spatial/regression_tests/characterization/0_CharLoadTest/out/maxj/src/static/templates/SpatialUtils.maxj (at line 9)
[maxjcompiler] 	import com.maxeler.maxcompiler.v2.kernelcompiler.KernelParameters;
[maxjcompiler] 	       ^^^^^^^^^^^^^^^^^^^^^^^^^^^^^^^^^^^^^^^^^^^^^^^^^^^^^^^^^^
[maxjcompiler] The import com.maxeler.maxcompiler.v2.kernelcompiler.KernelParameters is never used
[maxjcompiler] ----------
[maxjcompiler] 107. WARNING in /local/ssd/home/mattfel/transform_regression_tests_21-24/hyperdsl/spatial/regression_tests/characterization/0_CharLoadTest/out/maxj/src/static/templates/SpatialUtils.maxj (at line 11)
[maxjcompiler] 	import com.maxeler.maxcompiler.v2.utils.MathUtils;
[maxjcompiler] 	       ^^^^^^^^^^^^^^^^^^^^^^^^^^^^^^^^^^^^^^^^^^
[maxjcompiler] The import com.maxeler.maxcompiler.v2.utils.MathUtils is never used
[maxjcompiler] ----------
[maxjcompiler] 108. WARNING in /local/ssd/home/mattfel/transform_regression_tests_21-24/hyperdsl/spatial/regression_tests/characterization/0_CharLoadTest/out/maxj/src/static/templates/SpatialUtils.maxj (at line 14)
[maxjcompiler] 	import com.maxeler.maxcompiler.v2.kernelcompiler.stdlib.KernelMath;
[maxjcompiler] 	       ^^^^^^^^^^^^^^^^^^^^^^^^^^^^^^^^^^^^^^^^^^^^^^^^^^^^^^^^^^^
[maxjcompiler] The import com.maxeler.maxcompiler.v2.kernelcompiler.stdlib.KernelMath is never used
[maxjcompiler] ----------
[maxjcompiler] 109. WARNING in /local/ssd/home/mattfel/transform_regression_tests_21-24/hyperdsl/spatial/regression_tests/characterization/0_CharLoadTest/out/maxj/src/static/templates/SpatialUtils.maxj (at line 15)
[maxjcompiler] 	import com.maxeler.maxcompiler.v2.kernelcompiler.types.base.DFEType;
[maxjcompiler] 	       ^^^^^^^^^^^^^^^^^^^^^^^^^^^^^^^^^^^^^^^^^^^^^^^^^^^^^^^^^^^^
[maxjcompiler] The import com.maxeler.maxcompiler.v2.kernelcompiler.types.base.DFEType is never used
[maxjcompiler] ----------
[maxjcompiler] 110. WARNING in /local/ssd/home/mattfel/transform_regression_tests_21-24/hyperdsl/spatial/regression_tests/characterization/0_CharLoadTest/out/maxj/src/static/templates/SpatialUtils.maxj (at line 16)
[maxjcompiler] 	import com.maxeler.maxcompiler.v2.kernelcompiler.stdlib.core.Stream.OffsetExpr;
[maxjcompiler] 	       ^^^^^^^^^^^^^^^^^^^^^^^^^^^^^^^^^^^^^^^^^^^^^^^^^^^^^^^^^^^^^^^^^^^^^^^
[maxjcompiler] The import com.maxeler.maxcompiler.v2.kernelcompiler.stdlib.core.Stream.OffsetExpr is never used
[maxjcompiler] ----------
[maxjcompiler] 111. WARNING in /local/ssd/home/mattfel/transform_regression_tests_21-24/hyperdsl/spatial/regression_tests/characterization/0_CharLoadTest/out/maxj/src/static/templates/SpatialUtils.maxj (at line 17)
[maxjcompiler] 	import com.maxeler.maxcompiler.v2.kernelcompiler.stdlib.Reductions;
[maxjcompiler] 	       ^^^^^^^^^^^^^^^^^^^^^^^^^^^^^^^^^^^^^^^^^^^^^^^^^^^^^^^^^^^
[maxjcompiler] The import com.maxeler.maxcompiler.v2.kernelcompiler.stdlib.Reductions is never used
[maxjcompiler] ----------
[maxjcompiler] 112. WARNING in /local/ssd/home/mattfel/transform_regression_tests_21-24/hyperdsl/spatial/regression_tests/characterization/0_CharLoadTest/out/maxj/src/static/templates/SpatialUtils.maxj (at line 18)
[maxjcompiler] 	import com.maxeler.maxcompiler.v2.kernelcompiler.SMIO;
[maxjcompiler] 	       ^^^^^^^^^^^^^^^^^^^^^^^^^^^^^^^^^^^^^^^^^^^^^^
[maxjcompiler] The import com.maxeler.maxcompiler.v2.kernelcompiler.SMIO is never used
[maxjcompiler] ----------
[maxjcompiler] 113. WARNING in /local/ssd/home/mattfel/transform_regression_tests_21-24/hyperdsl/spatial/regression_tests/characterization/0_CharLoadTest/out/maxj/src/static/templates/SpatialUtils.maxj (at line 19)
[maxjcompiler] 	import com.maxeler.maxcompiler.v2.kernelcompiler.stdlib.Accumulator;
[maxjcompiler] 	       ^^^^^^^^^^^^^^^^^^^^^^^^^^^^^^^^^^^^^^^^^^^^^^^^^^^^^^^^^^^^
[maxjcompiler] The import com.maxeler.maxcompiler.v2.kernelcompiler.stdlib.Accumulator is never used
[maxjcompiler] ----------
[maxjcompiler] 114. WARNING in /local/ssd/home/mattfel/transform_regression_tests_21-24/hyperdsl/spatial/regression_tests/characterization/0_CharLoadTest/out/maxj/src/static/templates/SpatialUtils.maxj (at line 20)
[maxjcompiler] 	import com.maxeler.maxcompiler.v2.kernelcompiler.types.base.DFEType;
[maxjcompiler] 	       ^^^^^^^^^^^^^^^^^^^^^^^^^^^^^^^^^^^^^^^^^^^^^^^^^^^^^^^^^^^^
[maxjcompiler] The import com.maxeler.maxcompiler.v2.kernelcompiler.types.base.DFEType is never used
[maxjcompiler] ----------
[maxjcompiler] 115. WARNING in /local/ssd/home/mattfel/transform_regression_tests_21-24/hyperdsl/spatial/regression_tests/characterization/0_CharLoadTest/out/maxj/src/static/templates/SpatialUtils.maxj (at line 21)
[maxjcompiler] 	import com.maxeler.maxcompiler.v2.kernelcompiler.types.composite.DFEVector;
[maxjcompiler] 	       ^^^^^^^^^^^^^^^^^^^^^^^^^^^^^^^^^^^^^^^^^^^^^^^^^^^^^^^^^^^^^^^^^^^
[maxjcompiler] The import com.maxeler.maxcompiler.v2.kernelcompiler.types.composite.DFEVector is never used
[maxjcompiler] ----------
[maxjcompiler] 116. WARNING in /local/ssd/home/mattfel/transform_regression_tests_21-24/hyperdsl/spatial/regression_tests/characterization/0_CharLoadTest/out/maxj/src/static/templates/SpatialUtils.maxj (at line 22)
[maxjcompiler] 	import com.maxeler.maxcompiler.v2.kernelcompiler.types.composite.DFEVectorType;
[maxjcompiler] 	       ^^^^^^^^^^^^^^^^^^^^^^^^^^^^^^^^^^^^^^^^^^^^^^^^^^^^^^^^^^^^^^^^^^^^^^^
[maxjcompiler] The import com.maxeler.maxcompiler.v2.kernelcompiler.types.composite.DFEVectorType is never used
[maxjcompiler] ----------
[maxjcompiler] 117. WARNING in /local/ssd/home/mattfel/transform_regression_tests_21-24/hyperdsl/spatial/regression_tests/characterization/0_CharLoadTest/out/maxj/src/static/templates/SpatialUtils.maxj (at line 24)
[maxjcompiler] 	import java.util.Arrays;
[maxjcompiler] 	       ^^^^^^^^^^^^^^^^
[maxjcompiler] The import java.util.Arrays is never used
[maxjcompiler] ----------
[maxjcompiler] ----------
[maxjcompiler] 118. WARNING in /local/ssd/home/mattfel/transform_regression_tests_21-24/hyperdsl/spatial/regression_tests/characterization/0_CharLoadTest/out/maxj/src/static/templates/NBufReg.maxj (at line 5)
[maxjcompiler] 	import com.maxeler.maxcompiler.v2.kernelcompiler.stdlib.memory.Memory;
[maxjcompiler] 	       ^^^^^^^^^^^^^^^^^^^^^^^^^^^^^^^^^^^^^^^^^^^^^^^^^^^^^^^^^^^^^^
[maxjcompiler] The import com.maxeler.maxcompiler.v2.kernelcompiler.stdlib.memory.Memory is never used
[maxjcompiler] ----------
[maxjcompiler] 119. WARNING in /local/ssd/home/mattfel/transform_regression_tests_21-24/hyperdsl/spatial/regression_tests/characterization/0_CharLoadTest/out/maxj/src/static/templates/NBufReg.maxj (at line 9)
[maxjcompiler] 	import com.maxeler.maxcompiler.v2.kernelcompiler.Optimization;
[maxjcompiler] 	       ^^^^^^^^^^^^^^^^^^^^^^^^^^^^^^^^^^^^^^^^^^^^^^^^^^^^^^
[maxjcompiler] The import com.maxeler.maxcompiler.v2.kernelcompiler.Optimization is never used
[maxjcompiler] ----------
[maxjcompiler] 120. WARNING in /local/ssd/home/mattfel/transform_regression_tests_21-24/hyperdsl/spatial/regression_tests/characterization/0_CharLoadTest/out/maxj/src/static/templates/NBufReg.maxj (at line 10)
[maxjcompiler] 	import com.maxeler.maxcompiler.v2.kernelcompiler.types.composite.DFEVector;
[maxjcompiler] 	       ^^^^^^^^^^^^^^^^^^^^^^^^^^^^^^^^^^^^^^^^^^^^^^^^^^^^^^^^^^^^^^^^^^^
[maxjcompiler] The import com.maxeler.maxcompiler.v2.kernelcompiler.types.composite.DFEVector is never used
[maxjcompiler] ----------
[maxjcompiler] 121. WARNING in /local/ssd/home/mattfel/transform_regression_tests_21-24/hyperdsl/spatial/regression_tests/characterization/0_CharLoadTest/out/maxj/src/static/templates/NBufReg.maxj (at line 11)
[maxjcompiler] 	import com.maxeler.maxcompiler.v2.kernelcompiler.types.composite.DFEVectorType;
[maxjcompiler] 	       ^^^^^^^^^^^^^^^^^^^^^^^^^^^^^^^^^^^^^^^^^^^^^^^^^^^^^^^^^^^^^^^^^^^^^^^
[maxjcompiler] The import com.maxeler.maxcompiler.v2.kernelcompiler.types.composite.DFEVectorType is never used
[maxjcompiler] ----------
[maxjcompiler] ----------
[maxjcompiler] 122. WARNING in /local/ssd/home/mattfel/transform_regression_tests_21-24/hyperdsl/spatial/regression_tests/characterization/0_CharLoadTest/out/maxj/src/static/templates/OnChipMem.maxj (at line 5)
[maxjcompiler] 	import com.maxeler.maxcompiler.v2.kernelcompiler.stdlib.memory.Memory;
[maxjcompiler] 	       ^^^^^^^^^^^^^^^^^^^^^^^^^^^^^^^^^^^^^^^^^^^^^^^^^^^^^^^^^^^^^^
[maxjcompiler] The import com.maxeler.maxcompiler.v2.kernelcompiler.stdlib.memory.Memory is never used
[maxjcompiler] ----------
[maxjcompiler] 123. WARNING in /local/ssd/home/mattfel/transform_regression_tests_21-24/hyperdsl/spatial/regression_tests/characterization/0_CharLoadTest/out/maxj/src/static/templates/OnChipMem.maxj (at line 6)
[maxjcompiler] 	import com.maxeler.maxcompiler.v2.kernelcompiler.SMIO;
[maxjcompiler] 	       ^^^^^^^^^^^^^^^^^^^^^^^^^^^^^^^^^^^^^^^^^^^^^^
[maxjcompiler] The import com.maxeler.maxcompiler.v2.kernelcompiler.SMIO is never used
[maxjcompiler] ----------
[maxjcompiler] 124. WARNING in /local/ssd/home/mattfel/transform_regression_tests_21-24/hyperdsl/spatial/regression_tests/characterization/0_CharLoadTest/out/maxj/src/static/templates/OnChipMem.maxj (at line 9)
[maxjcompiler] 	import com.maxeler.maxcompiler.v2.kernelcompiler.types.composite.DFEVector;
[maxjcompiler] 	       ^^^^^^^^^^^^^^^^^^^^^^^^^^^^^^^^^^^^^^^^^^^^^^^^^^^^^^^^^^^^^^^^^^^
[maxjcompiler] The import com.maxeler.maxcompiler.v2.kernelcompiler.types.composite.DFEVector is never used
[maxjcompiler] ----------
[maxjcompiler] ----------
[maxjcompiler] 125. WARNING in /local/ssd/home/mattfel/transform_regression_tests_21-24/hyperdsl/spatial/regression_tests/characterization/0_CharLoadTest/out/maxj/src/static/templates/DblBufKernelLib.maxj (at line 3)
[maxjcompiler] 	import java.util.List;
[maxjcompiler] 	       ^^^^^^^^^^^^^^
[maxjcompiler] The import java.util.List is never used
[maxjcompiler] ----------
[maxjcompiler] 126. WARNING in /local/ssd/home/mattfel/transform_regression_tests_21-24/hyperdsl/spatial/regression_tests/characterization/0_CharLoadTest/out/maxj/src/static/templates/DblBufKernelLib.maxj (at line 6)
[maxjcompiler] 	import com.maxeler.maxcompiler.v2.kernelcompiler.stdlib.memory.Memory;
[maxjcompiler] 	       ^^^^^^^^^^^^^^^^^^^^^^^^^^^^^^^^^^^^^^^^^^^^^^^^^^^^^^^^^^^^^^
[maxjcompiler] The import com.maxeler.maxcompiler.v2.kernelcompiler.stdlib.memory.Memory is never used
[maxjcompiler] ----------
[maxjcompiler] ----------
[maxjcompiler] 127. WARNING in /local/ssd/home/mattfel/transform_regression_tests_21-24/hyperdsl/spatial/regression_tests/characterization/0_CharLoadTest/out/maxj/src/static/templates/GatherSM.maxj (at line 9)
[maxjcompiler] 	import com.maxeler.maxcompiler.v2.utils.MathUtils;
[maxjcompiler] 	       ^^^^^^^^^^^^^^^^^^^^^^^^^^^^^^^^^^^^^^^^^^
[maxjcompiler] The import com.maxeler.maxcompiler.v2.utils.MathUtils is never used
[maxjcompiler] ----------
[maxjcompiler] ----------
[maxjcompiler] 128. WARNING in /local/ssd/home/mattfel/transform_regression_tests_21-24/hyperdsl/spatial/regression_tests/characterization/0_CharLoadTest/out/maxj/src/static/templates/BlockLoader.maxj (at line 6)
[maxjcompiler] 	import com.maxeler.maxcompiler.v2.kernelcompiler.stdlib.core.CounterChain;
[maxjcompiler] 	       ^^^^^^^^^^^^^^^^^^^^^^^^^^^^^^^^^^^^^^^^^^^^^^^^^^^^^^^^^^^^^^^^^^
[maxjcompiler] The import com.maxeler.maxcompiler.v2.kernelcompiler.stdlib.core.CounterChain is never used
[maxjcompiler] ----------
[maxjcompiler] 129. WARNING in /local/ssd/home/mattfel/transform_regression_tests_21-24/hyperdsl/spatial/regression_tests/characterization/0_CharLoadTest/out/maxj/src/static/templates/BlockLoader.maxj (at line 11)
[maxjcompiler] 	import com.maxeler.maxcompiler.v2.kernelcompiler.Optimization;
[maxjcompiler] 	       ^^^^^^^^^^^^^^^^^^^^^^^^^^^^^^^^^^^^^^^^^^^^^^^^^^^^^^
[maxjcompiler] The import com.maxeler.maxcompiler.v2.kernelcompiler.Optimization is never used
[maxjcompiler] ----------
[maxjcompiler] 130. WARNING in /local/ssd/home/mattfel/transform_regression_tests_21-24/hyperdsl/spatial/regression_tests/characterization/0_CharLoadTest/out/maxj/src/static/templates/BlockLoader.maxj (at line 308)
[maxjcompiler] 	DFEVector<DFEStruct> vecDataIn = vecType.newInstance(this);
[maxjcompiler] 	                     ^^^^^^^^^
[maxjcompiler] The local variable vecDataIn is never read
[maxjcompiler] ----------
[maxjcompiler] 130 problems (130 warnings)
     [echo] Compiling kernel
[maxjcompiler] 
[maxjcompiler] 
[maxjcompiler] Compiling to folder /local/ssd/home/mattfel/transform_regression_tests_21-24/hyperdsl/spatial/regression_tests/characterization/0_CharLoadTest/out/bin
[maxjcompiler] ----------
[maxjcompiler] 1. WARNING in /local/ssd/home/mattfel/transform_regression_tests_21-24/hyperdsl/spatial/regression_tests/characterization/0_CharLoadTest/out/maxj/src/static/TopKernel.maxj (at line 3)
[maxjcompiler] 	import com.maxeler.maxcompiler.v2.kernelcompiler.stdlib.core.Count.Counter;
[maxjcompiler] 	       ^^^^^^^^^^^^^^^^^^^^^^^^^^^^^^^^^^^^^^^^^^^^^^^^^^^^^^^^^^^^^^^^^^^
[maxjcompiler] The import com.maxeler.maxcompiler.v2.kernelcompiler.stdlib.core.Count.Counter is never used
[maxjcompiler] ----------
[maxjcompiler] 2. WARNING in /local/ssd/home/mattfel/transform_regression_tests_21-24/hyperdsl/spatial/regression_tests/characterization/0_CharLoadTest/out/maxj/src/static/TopKernel.maxj (at line 4)
[maxjcompiler] 	import com.maxeler.maxcompiler.v2.kernelcompiler.stdlib.core.CounterChain;
[maxjcompiler] 	       ^^^^^^^^^^^^^^^^^^^^^^^^^^^^^^^^^^^^^^^^^^^^^^^^^^^^^^^^^^^^^^^^^^
[maxjcompiler] The import com.maxeler.maxcompiler.v2.kernelcompiler.stdlib.core.CounterChain is never used
[maxjcompiler] ----------
[maxjcompiler] 3. WARNING in /local/ssd/home/mattfel/transform_regression_tests_21-24/hyperdsl/spatial/regression_tests/characterization/0_CharLoadTest/out/maxj/src/static/TopKernel.maxj (at line 6)
[maxjcompiler] 	import com.maxeler.maxcompiler.v2.kernelcompiler.stdlib.core.Count.Params;
[maxjcompiler] 	       ^^^^^^^^^^^^^^^^^^^^^^^^^^^^^^^^^^^^^^^^^^^^^^^^^^^^^^^^^^^^^^^^^^
[maxjcompiler] The import com.maxeler.maxcompiler.v2.kernelcompiler.stdlib.core.Count.Params is never used
[maxjcompiler] ----------
[maxjcompiler] 4. WARNING in /local/ssd/home/mattfel/transform_regression_tests_21-24/hyperdsl/spatial/regression_tests/characterization/0_CharLoadTest/out/maxj/src/static/TopKernel.maxj (at line 7)
[maxjcompiler] 	import com.maxeler.maxcompiler.v2.kernelcompiler.stdlib.memory.Memory;
[maxjcompiler] 	       ^^^^^^^^^^^^^^^^^^^^^^^^^^^^^^^^^^^^^^^^^^^^^^^^^^^^^^^^^^^^^^
[maxjcompiler] The import com.maxeler.maxcompiler.v2.kernelcompiler.stdlib.memory.Memory is never used
[maxjcompiler] ----------
[maxjcompiler] 5. WARNING in /local/ssd/home/mattfel/transform_regression_tests_21-24/hyperdsl/spatial/regression_tests/characterization/0_CharLoadTest/out/maxj/src/static/TopKernel.maxj (at line 12)
[maxjcompiler] 	import com.maxeler.maxcompiler.v2.utils.MathUtils;
[maxjcompiler] 	       ^^^^^^^^^^^^^^^^^^^^^^^^^^^^^^^^^^^^^^^^^^
[maxjcompiler] The import com.maxeler.maxcompiler.v2.utils.MathUtils is never used
[maxjcompiler] ----------
[maxjcompiler] 6. WARNING in /local/ssd/home/mattfel/transform_regression_tests_21-24/hyperdsl/spatial/regression_tests/characterization/0_CharLoadTest/out/maxj/src/static/TopKernel.maxj (at line 13)
[maxjcompiler] 	import com.maxeler.maxcompiler.v2.utils.Bits;
[maxjcompiler] 	       ^^^^^^^^^^^^^^^^^^^^^^^^^^^^^^^^^^^^^
[maxjcompiler] The import com.maxeler.maxcompiler.v2.utils.Bits is never used
[maxjcompiler] ----------
[maxjcompiler] 7. WARNING in /local/ssd/home/mattfel/transform_regression_tests_21-24/hyperdsl/spatial/regression_tests/characterization/0_CharLoadTest/out/maxj/src/static/TopKernel.maxj (at line 14)
[maxjcompiler] 	import com.maxeler.maxcompiler.v2.kernelcompiler.stdlib.core.CounterChain;
[maxjcompiler] 	       ^^^^^^^^^^^^^^^^^^^^^^^^^^^^^^^^^^^^^^^^^^^^^^^^^^^^^^^^^^^^^^^^^^
[maxjcompiler] The import com.maxeler.maxcompiler.v2.kernelcompiler.stdlib.core.CounterChain is never used
[maxjcompiler] ----------
[maxjcompiler] 8. WARNING in /local/ssd/home/mattfel/transform_regression_tests_21-24/hyperdsl/spatial/regression_tests/characterization/0_CharLoadTest/out/maxj/src/static/TopKernel.maxj (at line 17)
[maxjcompiler] 	import java.util.Random;
[maxjcompiler] 	       ^^^^^^^^^^^^^^^^
[maxjcompiler] The import java.util.Random is never used
[maxjcompiler] ----------
[maxjcompiler] ----------
[maxjcompiler] 9. WARNING in /local/ssd/home/mattfel/transform_regression_tests_21-24/hyperdsl/spatial/regression_tests/characterization/0_CharLoadTest/out/maxj/src/static/templates/SingleCtrSM.maxj (at line 8)
[maxjcompiler] 	import com.maxeler.maxcompiler.v2.statemachine.DFEsmValue;
[maxjcompiler] 	       ^^^^^^^^^^^^^^^^^^^^^^^^^^^^^^^^^^^^^^^^^^^^^^^^^^
[maxjcompiler] The import com.maxeler.maxcompiler.v2.statemachine.DFEsmValue is never used
[maxjcompiler] ----------
[maxjcompiler] ----------
[maxjcompiler] 10. WARNING in /local/ssd/home/mattfel/transform_regression_tests_21-24/hyperdsl/spatial/regression_tests/characterization/0_CharLoadTest/out/maxj/src/static/templates/PQ.maxj (at line 5)
[maxjcompiler] 	import com.maxeler.maxcompiler.v2.kernelcompiler.stdlib.memory.Memory;
[maxjcompiler] 	       ^^^^^^^^^^^^^^^^^^^^^^^^^^^^^^^^^^^^^^^^^^^^^^^^^^^^^^^^^^^^^^
[maxjcompiler] The import com.maxeler.maxcompiler.v2.kernelcompiler.stdlib.memory.Memory is never used
[maxjcompiler] ----------
[maxjcompiler] 11. WARNING in /local/ssd/home/mattfel/transform_regression_tests_21-24/hyperdsl/spatial/regression_tests/characterization/0_CharLoadTest/out/maxj/src/static/templates/PQ.maxj (at line 9)
[maxjcompiler] 	import com.maxeler.maxcompiler.v2.kernelcompiler.types.composite.DFEVector;
[maxjcompiler] 	       ^^^^^^^^^^^^^^^^^^^^^^^^^^^^^^^^^^^^^^^^^^^^^^^^^^^^^^^^^^^^^^^^^^^
[maxjcompiler] The import com.maxeler.maxcompiler.v2.kernelcompiler.types.composite.DFEVector is never used
[maxjcompiler] ----------
[maxjcompiler] 12. WARNING in /local/ssd/home/mattfel/transform_regression_tests_21-24/hyperdsl/spatial/regression_tests/characterization/0_CharLoadTest/out/maxj/src/static/templates/PQ.maxj (at line 10)
[maxjcompiler] 	import com.maxeler.maxcompiler.v2.kernelcompiler.stdlib.Reductions;
[maxjcompiler] 	       ^^^^^^^^^^^^^^^^^^^^^^^^^^^^^^^^^^^^^^^^^^^^^^^^^^^^^^^^^^^
[maxjcompiler] The import com.maxeler.maxcompiler.v2.kernelcompiler.stdlib.Reductions is never used
[maxjcompiler] ----------
[maxjcompiler] ----------
[maxjcompiler] 13. WARNING in /local/ssd/home/mattfel/transform_regression_tests_21-24/hyperdsl/spatial/regression_tests/characterization/0_CharLoadTest/out/maxj/src/static/templates/Scatter.maxj (at line 6)
[maxjcompiler] 	import com.maxeler.maxcompiler.v2.kernelcompiler.stdlib.core.CounterChain;
[maxjcompiler] 	       ^^^^^^^^^^^^^^^^^^^^^^^^^^^^^^^^^^^^^^^^^^^^^^^^^^^^^^^^^^^^^^^^^^
[maxjcompiler] The import com.maxeler.maxcompiler.v2.kernelcompiler.stdlib.core.CounterChain is never used
[maxjcompiler] ----------
[maxjcompiler] 14. WARNING in /local/ssd/home/mattfel/transform_regression_tests_21-24/hyperdsl/spatial/regression_tests/characterization/0_CharLoadTest/out/maxj/src/static/templates/Scatter.maxj (at line 7)
[maxjcompiler] 	import com.maxeler.maxcompiler.v2.kernelcompiler.stdlib.core.Count.WrapMode;
[maxjcompiler] 	       ^^^^^^^^^^^^^^^^^^^^^^^^^^^^^^^^^^^^^^^^^^^^^^^^^^^^^^^^^^^^^^^^^^^^
[maxjcompiler] The import com.maxeler.maxcompiler.v2.kernelcompiler.stdlib.core.Count.WrapMode is never used
[maxjcompiler] ----------
[maxjcompiler] 15. WARNING in /local/ssd/home/mattfel/transform_regression_tests_21-24/hyperdsl/spatial/regression_tests/characterization/0_CharLoadTest/out/maxj/src/static/templates/Scatter.maxj (at line 11)
[maxjcompiler] 	import com.maxeler.maxcompiler.v2.kernelcompiler.Optimization;
[maxjcompiler] 	       ^^^^^^^^^^^^^^^^^^^^^^^^^^^^^^^^^^^^^^^^^^^^^^^^^^^^^^
[maxjcompiler] The import com.maxeler.maxcompiler.v2.kernelcompiler.Optimization is never used
[maxjcompiler] ----------
[maxjcompiler] 16. WARNING in /local/ssd/home/mattfel/transform_regression_tests_21-24/hyperdsl/spatial/regression_tests/characterization/0_CharLoadTest/out/maxj/src/static/templates/Scatter.maxj (at line 12)
[maxjcompiler] 	import com.maxeler.maxcompiler.v2.kernelcompiler.stdlib.Reductions;
[maxjcompiler] 	       ^^^^^^^^^^^^^^^^^^^^^^^^^^^^^^^^^^^^^^^^^^^^^^^^^^^^^^^^^^^
[maxjcompiler] The import com.maxeler.maxcompiler.v2.kernelcompiler.stdlib.Reductions is never used
[maxjcompiler] ----------
[maxjcompiler] 17. WARNING in /local/ssd/home/mattfel/transform_regression_tests_21-24/hyperdsl/spatial/regression_tests/characterization/0_CharLoadTest/out/maxj/src/static/templates/Scatter.maxj (at line 19)
[maxjcompiler] 	import com.maxeler.maxcompiler.v2.kernelcompiler.types.composite.DFEVector;
[maxjcompiler] 	       ^^^^^^^^^^^^^^^^^^^^^^^^^^^^^^^^^^^^^^^^^^^^^^^^^^^^^^^^^^^^^^^^^^^
[maxjcompiler] The import com.maxeler.maxcompiler.v2.kernelcompiler.types.composite.DFEVector is never used
[maxjcompiler] ----------
[maxjcompiler] 18. WARNING in /local/ssd/home/mattfel/transform_regression_tests_21-24/hyperdsl/spatial/regression_tests/characterization/0_CharLoadTest/out/maxj/src/static/templates/Scatter.maxj (at line 20)
[maxjcompiler] 	import com.maxeler.maxcompiler.v2.kernelcompiler.types.composite.DFEVectorType;
[maxjcompiler] 	       ^^^^^^^^^^^^^^^^^^^^^^^^^^^^^^^^^^^^^^^^^^^^^^^^^^^^^^^^^^^^^^^^^^^^^^^
[maxjcompiler] The import com.maxeler.maxcompiler.v2.kernelcompiler.types.composite.DFEVectorType is never used
[maxjcompiler] ----------
[maxjcompiler] 19. WARNING in /local/ssd/home/mattfel/transform_regression_tests_21-24/hyperdsl/spatial/regression_tests/characterization/0_CharLoadTest/out/maxj/src/static/templates/Scatter.maxj (at line 21)
[maxjcompiler] 	import com.maxeler.maxcompiler.v2.kernelcompiler.types.composite.DFEStruct;
[maxjcompiler] 	       ^^^^^^^^^^^^^^^^^^^^^^^^^^^^^^^^^^^^^^^^^^^^^^^^^^^^^^^^^^^^^^^^^^^
[maxjcompiler] The import com.maxeler.maxcompiler.v2.kernelcompiler.types.composite.DFEStruct is never used
[maxjcompiler] ----------
[maxjcompiler] 20. WARNING in /local/ssd/home/mattfel/transform_regression_tests_21-24/hyperdsl/spatial/regression_tests/characterization/0_CharLoadTest/out/maxj/src/static/templates/Scatter.maxj (at line 22)
[maxjcompiler] 	import com.maxeler.maxcompiler.v2.kernelcompiler.types.composite.DFEStructType;
[maxjcompiler] 	       ^^^^^^^^^^^^^^^^^^^^^^^^^^^^^^^^^^^^^^^^^^^^^^^^^^^^^^^^^^^^^^^^^^^^^^^
[maxjcompiler] The import com.maxeler.maxcompiler.v2.kernelcompiler.types.composite.DFEStructType is never used
[maxjcompiler] ----------
[maxjcompiler] 21. WARNING in /local/ssd/home/mattfel/transform_regression_tests_21-24/hyperdsl/spatial/regression_tests/characterization/0_CharLoadTest/out/maxj/src/static/templates/Scatter.maxj (at line 23)
[maxjcompiler] 	import com.maxeler.maxcompiler.v2.kernelcompiler.types.composite.DFEStructType.StructFieldType;
[maxjcompiler] 	       ^^^^^^^^^^^^^^^^^^^^^^^^^^^^^^^^^^^^^^^^^^^^^^^^^^^^^^^^^^^^^^^^^^^^^^^^^^^^^^^^^^^^^^^
[maxjcompiler] The import com.maxeler.maxcompiler.v2.kernelcompiler.types.composite.DFEStructType.StructFieldType is never used
[maxjcompiler] ----------
[maxjcompiler] 22. WARNING in /local/ssd/home/mattfel/transform_regression_tests_21-24/hyperdsl/spatial/regression_tests/characterization/0_CharLoadTest/out/maxj/src/static/templates/Scatter.maxj (at line 24)
[maxjcompiler] 	import java.util.ArrayList;
[maxjcompiler] 	       ^^^^^^^^^^^^^^^^^^^
[maxjcompiler] The import java.util.ArrayList is never used
[maxjcompiler] ----------
[maxjcompiler] 23. WARNING in /local/ssd/home/mattfel/transform_regression_tests_21-24/hyperdsl/spatial/regression_tests/characterization/0_CharLoadTest/out/maxj/src/static/templates/Scatter.maxj (at line 75)
[maxjcompiler] 	DFEVar package_done = sm.getOutput("package_done");
[maxjcompiler] 	       ^^^^^^^^^^^^
[maxjcompiler] The local variable package_done is never read
[maxjcompiler] ----------
[maxjcompiler] 24. WARNING in /local/ssd/home/mattfel/transform_regression_tests_21-24/hyperdsl/spatial/regression_tests/characterization/0_CharLoadTest/out/maxj/src/static/templates/Scatter.maxj (at line 274)
[maxjcompiler] 	DFEVar package_done = sm.getOutput("package_done");
[maxjcompiler] 	       ^^^^^^^^^^^^
[maxjcompiler] The local variable package_done is never read
[maxjcompiler] ----------
[maxjcompiler] ----------
[maxjcompiler] 25. WARNING in /local/ssd/home/mattfel/transform_regression_tests_21-24/hyperdsl/spatial/regression_tests/characterization/0_CharLoadTest/out/maxj/src/static/templates/NBufSM.maxj (at line 9)
[maxjcompiler] 	import java.util.ArrayList;
[maxjcompiler] 	       ^^^^^^^^^^^^^^^^^^^
[maxjcompiler] The import java.util.ArrayList is never used
[maxjcompiler] ----------
[maxjcompiler] 26. WARNING in /local/ssd/home/mattfel/transform_regression_tests_21-24/hyperdsl/spatial/regression_tests/characterization/0_CharLoadTest/out/maxj/src/static/templates/NBufSM.maxj (at line 10)
[maxjcompiler] 	import java.util.List;
[maxjcompiler] 	       ^^^^^^^^^^^^^^
[maxjcompiler] The import java.util.List is never used
[maxjcompiler] ----------
[maxjcompiler] ----------
[maxjcompiler] 27. WARNING in /local/ssd/home/mattfel/transform_regression_tests_21-24/hyperdsl/spatial/regression_tests/characterization/0_CharLoadTest/out/maxj/src/static/templates/DblBufStateMachine.maxj (at line 48)
[maxjcompiler] 	this.numIter = numIter;
[maxjcompiler] 	^^^^^^^^^^^^^^^^^^^^^^
[maxjcompiler] The assignment to variable numIter has no effect
[maxjcompiler] ----------
[maxjcompiler] ----------
[maxjcompiler] 28. WARNING in /local/ssd/home/mattfel/transform_regression_tests_21-24/hyperdsl/spatial/regression_tests/characterization/0_CharLoadTest/out/maxj/src/static/templates/DblBufReg.maxj (at line 5)
[maxjcompiler] 	import com.maxeler.maxcompiler.v2.kernelcompiler.stdlib.memory.Memory;
[maxjcompiler] 	       ^^^^^^^^^^^^^^^^^^^^^^^^^^^^^^^^^^^^^^^^^^^^^^^^^^^^^^^^^^^^^^
[maxjcompiler] The import com.maxeler.maxcompiler.v2.kernelcompiler.stdlib.memory.Memory is never used
[maxjcompiler] ----------
[maxjcompiler] 29. WARNING in /local/ssd/home/mattfel/transform_regression_tests_21-24/hyperdsl/spatial/regression_tests/characterization/0_CharLoadTest/out/maxj/src/static/templates/DblBufReg.maxj (at line 7)
[maxjcompiler] 	import com.maxeler.maxcompiler.v2.utils.MathUtils;
[maxjcompiler] 	       ^^^^^^^^^^^^^^^^^^^^^^^^^^^^^^^^^^^^^^^^^^
[maxjcompiler] The import com.maxeler.maxcompiler.v2.utils.MathUtils is never used
[maxjcompiler] ----------
[maxjcompiler] 30. WARNING in /local/ssd/home/mattfel/transform_regression_tests_21-24/hyperdsl/spatial/regression_tests/characterization/0_CharLoadTest/out/maxj/src/static/templates/DblBufReg.maxj (at line 9)
[maxjcompiler] 	import com.maxeler.maxcompiler.v2.kernelcompiler.Optimization;
[maxjcompiler] 	       ^^^^^^^^^^^^^^^^^^^^^^^^^^^^^^^^^^^^^^^^^^^^^^^^^^^^^^
[maxjcompiler] The import com.maxeler.maxcompiler.v2.kernelcompiler.Optimization is never used
[maxjcompiler] ----------
[maxjcompiler] ----------
[maxjcompiler] 31. WARNING in /local/ssd/home/mattfel/transform_regression_tests_21-24/hyperdsl/spatial/regression_tests/characterization/0_CharLoadTest/out/maxj/src/static/templates/ScatterSM.maxj (at line 9)
[maxjcompiler] 	import com.maxeler.maxcompiler.v2.utils.MathUtils;
[maxjcompiler] 	       ^^^^^^^^^^^^^^^^^^^^^^^^^^^^^^^^^^^^^^^^^^
[maxjcompiler] The import com.maxeler.maxcompiler.v2.utils.MathUtils is never used
[maxjcompiler] ----------
[maxjcompiler] ----------
[maxjcompiler] 32. WARNING in /local/ssd/home/mattfel/transform_regression_tests_21-24/hyperdsl/spatial/regression_tests/characterization/0_CharLoadTest/out/maxj/src/static/templates/Gather.maxj (at line 6)
[maxjcompiler] 	import com.maxeler.maxcompiler.v2.kernelcompiler.stdlib.core.CounterChain;
[maxjcompiler] 	       ^^^^^^^^^^^^^^^^^^^^^^^^^^^^^^^^^^^^^^^^^^^^^^^^^^^^^^^^^^^^^^^^^^
[maxjcompiler] The import com.maxeler.maxcompiler.v2.kernelcompiler.stdlib.core.CounterChain is never used
[maxjcompiler] ----------
[maxjcompiler] 33. WARNING in /local/ssd/home/mattfel/transform_regression_tests_21-24/hyperdsl/spatial/regression_tests/characterization/0_CharLoadTest/out/maxj/src/static/templates/Gather.maxj (at line 7)
[maxjcompiler] 	import com.maxeler.maxcompiler.v2.kernelcompiler.stdlib.core.Count.WrapMode;
[maxjcompiler] 	       ^^^^^^^^^^^^^^^^^^^^^^^^^^^^^^^^^^^^^^^^^^^^^^^^^^^^^^^^^^^^^^^^^^^^
[maxjcompiler] The import com.maxeler.maxcompiler.v2.kernelcompiler.stdlib.core.Count.WrapMode is never used
[maxjcompiler] ----------
[maxjcompiler] 34. WARNING in /local/ssd/home/mattfel/transform_regression_tests_21-24/hyperdsl/spatial/regression_tests/characterization/0_CharLoadTest/out/maxj/src/static/templates/Gather.maxj (at line 11)
[maxjcompiler] 	import com.maxeler.maxcompiler.v2.kernelcompiler.Optimization;
[maxjcompiler] 	       ^^^^^^^^^^^^^^^^^^^^^^^^^^^^^^^^^^^^^^^^^^^^^^^^^^^^^^
[maxjcompiler] The import com.maxeler.maxcompiler.v2.kernelcompiler.Optimization is never used
[maxjcompiler] ----------
[maxjcompiler] 35. WARNING in /local/ssd/home/mattfel/transform_regression_tests_21-24/hyperdsl/spatial/regression_tests/characterization/0_CharLoadTest/out/maxj/src/static/templates/Gather.maxj (at line 12)
[maxjcompiler] 	import com.maxeler.maxcompiler.v2.kernelcompiler.stdlib.Reductions;
[maxjcompiler] 	       ^^^^^^^^^^^^^^^^^^^^^^^^^^^^^^^^^^^^^^^^^^^^^^^^^^^^^^^^^^^
[maxjcompiler] The import com.maxeler.maxcompiler.v2.kernelcompiler.stdlib.Reductions is never used
[maxjcompiler] ----------
[maxjcompiler] 36. WARNING in /local/ssd/home/mattfel/transform_regression_tests_21-24/hyperdsl/spatial/regression_tests/characterization/0_CharLoadTest/out/maxj/src/static/templates/Gather.maxj (at line 21)
[maxjcompiler] 	import com.maxeler.maxcompiler.v2.kernelcompiler.types.composite.DFEStruct;
[maxjcompiler] 	       ^^^^^^^^^^^^^^^^^^^^^^^^^^^^^^^^^^^^^^^^^^^^^^^^^^^^^^^^^^^^^^^^^^^
[maxjcompiler] The import com.maxeler.maxcompiler.v2.kernelcompiler.types.composite.DFEStruct is never used
[maxjcompiler] ----------
[maxjcompiler] 37. WARNING in /local/ssd/home/mattfel/transform_regression_tests_21-24/hyperdsl/spatial/regression_tests/characterization/0_CharLoadTest/out/maxj/src/static/templates/Gather.maxj (at line 22)
[maxjcompiler] 	import com.maxeler.maxcompiler.v2.kernelcompiler.types.composite.DFEStructType;
[maxjcompiler] 	       ^^^^^^^^^^^^^^^^^^^^^^^^^^^^^^^^^^^^^^^^^^^^^^^^^^^^^^^^^^^^^^^^^^^^^^^
[maxjcompiler] The import com.maxeler.maxcompiler.v2.kernelcompiler.types.composite.DFEStructType is never used
[maxjcompiler] ----------
[maxjcompiler] 38. WARNING in /local/ssd/home/mattfel/transform_regression_tests_21-24/hyperdsl/spatial/regression_tests/characterization/0_CharLoadTest/out/maxj/src/static/templates/Gather.maxj (at line 23)
[maxjcompiler] 	import com.maxeler.maxcompiler.v2.kernelcompiler.types.composite.DFEStructType.StructFieldType;
[maxjcompiler] 	       ^^^^^^^^^^^^^^^^^^^^^^^^^^^^^^^^^^^^^^^^^^^^^^^^^^^^^^^^^^^^^^^^^^^^^^^^^^^^^^^^^^^^^^^
[maxjcompiler] The import com.maxeler.maxcompiler.v2.kernelcompiler.types.composite.DFEStructType.StructFieldType is never used
[maxjcompiler] ----------
[maxjcompiler] 39. WARNING in /local/ssd/home/mattfel/transform_regression_tests_21-24/hyperdsl/spatial/regression_tests/characterization/0_CharLoadTest/out/maxj/src/static/templates/Gather.maxj (at line 24)
[maxjcompiler] 	import java.util.ArrayList;
[maxjcompiler] 	       ^^^^^^^^^^^^^^^^^^^
[maxjcompiler] The import java.util.ArrayList is never used
[maxjcompiler] ----------
[maxjcompiler] 40. WARNING in /local/ssd/home/mattfel/transform_regression_tests_21-24/hyperdsl/spatial/regression_tests/characterization/0_CharLoadTest/out/maxj/src/static/templates/Gather.maxj (at line 105)
[maxjcompiler] 	DFEVar package_done = sm.getOutput("package_done");
[maxjcompiler] 	       ^^^^^^^^^^^^
[maxjcompiler] The local variable package_done is never read
[maxjcompiler] ----------
[maxjcompiler] 41. WARNING in /local/ssd/home/mattfel/transform_regression_tests_21-24/hyperdsl/spatial/regression_tests/characterization/0_CharLoadTest/out/maxj/src/static/templates/Gather.maxj (at line 303)
[maxjcompiler] 	DFEVar package_done = sm.getOutput("package_done");
[maxjcompiler] 	       ^^^^^^^^^^^^
[maxjcompiler] The local variable package_done is never read
[maxjcompiler] ----------
[maxjcompiler] ----------
[maxjcompiler] 42. WARNING in /local/ssd/home/mattfel/transform_regression_tests_21-24/hyperdsl/spatial/regression_tests/characterization/0_CharLoadTest/out/maxj/src/static/templates/GBRSM.maxj (at line 8)
[maxjcompiler] 	import com.maxeler.maxcompiler.v2.statemachine.DFEsmValue;
[maxjcompiler] 	       ^^^^^^^^^^^^^^^^^^^^^^^^^^^^^^^^^^^^^^^^^^^^^^^^^^
[maxjcompiler] The import com.maxeler.maxcompiler.v2.statemachine.DFEsmValue is never used
[maxjcompiler] ----------
[maxjcompiler] ----------
[maxjcompiler] 43. WARNING in /local/ssd/home/mattfel/transform_regression_tests_21-24/hyperdsl/spatial/regression_tests/characterization/0_CharLoadTest/out/maxj/src/static/templates/DblBufStateMachine_2.maxj (at line 41)
[maxjcompiler] 	DFEsmValueType counterType = dfeUInt(2);
[maxjcompiler] 	               ^^^^^^^^^^^
[maxjcompiler] The local variable counterType is never read
[maxjcompiler] ----------
[maxjcompiler] 44. WARNING in /local/ssd/home/mattfel/transform_regression_tests_21-24/hyperdsl/spatial/regression_tests/characterization/0_CharLoadTest/out/maxj/src/static/templates/DblBufStateMachine_2.maxj (at line 59)
[maxjcompiler] 	this.numIter = numIter;
[maxjcompiler] 	^^^^^^^^^^^^^^^^^^^^^^
[maxjcompiler] The assignment to variable numIter has no effect
[maxjcompiler] ----------
[maxjcompiler] ----------
[maxjcompiler] 45. WARNING in /local/ssd/home/mattfel/transform_regression_tests_21-24/hyperdsl/spatial/regression_tests/characterization/0_CharLoadTest/out/maxj/src/static/templates/VDblBufKernelLib.maxj (at line 8)
[maxjcompiler] 	import com.maxeler.maxcompiler.v2.kernelcompiler.types.base.DFEType;
[maxjcompiler] 	       ^^^^^^^^^^^^^^^^^^^^^^^^^^^^^^^^^^^^^^^^^^^^^^^^^^^^^^^^^^^^
[maxjcompiler] The import com.maxeler.maxcompiler.v2.kernelcompiler.types.base.DFEType is never used
[maxjcompiler] ----------
[maxjcompiler] ----------
[maxjcompiler] 46. WARNING in /local/ssd/home/mattfel/transform_regression_tests_21-24/hyperdsl/spatial/regression_tests/characterization/0_CharLoadTest/out/maxj/src/static/templates/NBufKernelLib.maxj (at line 5)
[maxjcompiler] 	import com.maxeler.maxcompiler.v2.kernelcompiler.stdlib.memory.Memory;
[maxjcompiler] 	       ^^^^^^^^^^^^^^^^^^^^^^^^^^^^^^^^^^^^^^^^^^^^^^^^^^^^^^^^^^^^^^
[maxjcompiler] The import com.maxeler.maxcompiler.v2.kernelcompiler.stdlib.memory.Memory is never used
[maxjcompiler] ----------
[maxjcompiler] 47. WARNING in /local/ssd/home/mattfel/transform_regression_tests_21-24/hyperdsl/spatial/regression_tests/characterization/0_CharLoadTest/out/maxj/src/static/templates/NBufKernelLib.maxj (at line 9)
[maxjcompiler] 	import com.maxeler.maxcompiler.v2.kernelcompiler.Optimization;
[maxjcompiler] 	       ^^^^^^^^^^^^^^^^^^^^^^^^^^^^^^^^^^^^^^^^^^^^^^^^^^^^^^
[maxjcompiler] The import com.maxeler.maxcompiler.v2.kernelcompiler.Optimization is never used
[maxjcompiler] ----------
[maxjcompiler] 48. WARNING in /local/ssd/home/mattfel/transform_regression_tests_21-24/hyperdsl/spatial/regression_tests/characterization/0_CharLoadTest/out/maxj/src/static/templates/NBufKernelLib.maxj (at line 12)
[maxjcompiler] 	import com.maxeler.maxcompiler.v2.utils.Bits;
[maxjcompiler] 	       ^^^^^^^^^^^^^^^^^^^^^^^^^^^^^^^^^^^^^
[maxjcompiler] The import com.maxeler.maxcompiler.v2.utils.Bits is never used
[maxjcompiler] ----------
[maxjcompiler] 49. WARNING in /local/ssd/home/mattfel/transform_regression_tests_21-24/hyperdsl/spatial/regression_tests/characterization/0_CharLoadTest/out/maxj/src/static/templates/NBufKernelLib.maxj (at line 105)
[maxjcompiler] 	this.type = type;
[maxjcompiler] 	^^^^^^^^^^^^^^^^
[maxjcompiler] The assignment to variable type has no effect
[maxjcompiler] ----------
[maxjcompiler] ----------
[maxjcompiler] 50. WARNING in /local/ssd/home/mattfel/transform_regression_tests_21-24/hyperdsl/spatial/regression_tests/characterization/0_CharLoadTest/out/maxj/src/static/templates/MemoryCmdSM.maxj (at line 6)
[maxjcompiler] 	import com.maxeler.maxcompiler.v2.statemachine.DFEsmStateValue;
[maxjcompiler] 	       ^^^^^^^^^^^^^^^^^^^^^^^^^^^^^^^^^^^^^^^^^^^^^^^^^^^^^^^
[maxjcompiler] The import com.maxeler.maxcompiler.v2.statemachine.DFEsmStateValue is never used
[maxjcompiler] ----------
[maxjcompiler] 51. WARNING in /local/ssd/home/mattfel/transform_regression_tests_21-24/hyperdsl/spatial/regression_tests/characterization/0_CharLoadTest/out/maxj/src/static/templates/MemoryCmdSM.maxj (at line 35)
[maxjcompiler] 	DFEsmValueType counterType = dfeUInt(32);
[maxjcompiler] 	               ^^^^^^^^^^^
[maxjcompiler] The local variable counterType is never read
[maxjcompiler] ----------
[maxjcompiler] ----------
[maxjcompiler] 52. WARNING in /local/ssd/home/mattfel/transform_regression_tests_21-24/hyperdsl/spatial/regression_tests/characterization/0_CharLoadTest/out/maxj/src/static/templates/MemoryCmdGen.maxj (at line 7)
[maxjcompiler] 	import com.maxeler.maxcompiler.v2.kernelcompiler.stdlib.core.CounterChain;
[maxjcompiler] 	       ^^^^^^^^^^^^^^^^^^^^^^^^^^^^^^^^^^^^^^^^^^^^^^^^^^^^^^^^^^^^^^^^^^
[maxjcompiler] The import com.maxeler.maxcompiler.v2.kernelcompiler.stdlib.core.CounterChain is never used
[maxjcompiler] ----------
[maxjcompiler] 53. WARNING in /local/ssd/home/mattfel/transform_regression_tests_21-24/hyperdsl/spatial/regression_tests/characterization/0_CharLoadTest/out/maxj/src/static/templates/MemoryCmdGen.maxj (at line 10)
[maxjcompiler] 	import com.maxeler.maxcompiler.v2.utils.MathUtils;
[maxjcompiler] 	       ^^^^^^^^^^^^^^^^^^^^^^^^^^^^^^^^^^^^^^^^^^
[maxjcompiler] The import com.maxeler.maxcompiler.v2.utils.MathUtils is never used
[maxjcompiler] ----------
[maxjcompiler] 54. WARNING in /local/ssd/home/mattfel/transform_regression_tests_21-24/hyperdsl/spatial/regression_tests/characterization/0_CharLoadTest/out/maxj/src/static/templates/MemoryCmdGen.maxj (at line 13)
[maxjcompiler] 	import com.maxeler.maxcompiler.v2.kernelcompiler.Optimization;
[maxjcompiler] 	       ^^^^^^^^^^^^^^^^^^^^^^^^^^^^^^^^^^^^^^^^^^^^^^^^^^^^^^
[maxjcompiler] The import com.maxeler.maxcompiler.v2.kernelcompiler.Optimization is never used
[maxjcompiler] ----------
[maxjcompiler] 55. WARNING in /local/ssd/home/mattfel/transform_regression_tests_21-24/hyperdsl/spatial/regression_tests/characterization/0_CharLoadTest/out/maxj/src/static/templates/MemoryCmdGen.maxj (at line 14)
[maxjcompiler] 	import com.maxeler.maxcompiler.v2.kernelcompiler.stdlib.Reductions;
[maxjcompiler] 	       ^^^^^^^^^^^^^^^^^^^^^^^^^^^^^^^^^^^^^^^^^^^^^^^^^^^^^^^^^^^
[maxjcompiler] The import com.maxeler.maxcompiler.v2.kernelcompiler.stdlib.Reductions is never used
[maxjcompiler] ----------
[maxjcompiler] 56. WARNING in /local/ssd/home/mattfel/transform_regression_tests_21-24/hyperdsl/spatial/regression_tests/characterization/0_CharLoadTest/out/maxj/src/static/templates/MemoryCmdGen.maxj (at line 15)
[maxjcompiler] 	import com.maxeler.maxcompiler.v2.kernelcompiler.stdlib.core.Stream.OffsetExpr;
[maxjcompiler] 	       ^^^^^^^^^^^^^^^^^^^^^^^^^^^^^^^^^^^^^^^^^^^^^^^^^^^^^^^^^^^^^^^^^^^^^^^
[maxjcompiler] The import com.maxeler.maxcompiler.v2.kernelcompiler.stdlib.core.Stream.OffsetExpr is never used
[maxjcompiler] ----------
[maxjcompiler] 57. WARNING in /local/ssd/home/mattfel/transform_regression_tests_21-24/hyperdsl/spatial/regression_tests/characterization/0_CharLoadTest/out/maxj/src/static/templates/MemoryCmdGen.maxj (at line 20)
[maxjcompiler] 	import com.maxeler.maxcompiler.v2.kernelcompiler.types.composite.DFEStruct;
[maxjcompiler] 	       ^^^^^^^^^^^^^^^^^^^^^^^^^^^^^^^^^^^^^^^^^^^^^^^^^^^^^^^^^^^^^^^^^^^
[maxjcompiler] The import com.maxeler.maxcompiler.v2.kernelcompiler.types.composite.DFEStruct is never used
[maxjcompiler] ----------
[maxjcompiler] 58. WARNING in /local/ssd/home/mattfel/transform_regression_tests_21-24/hyperdsl/spatial/regression_tests/characterization/0_CharLoadTest/out/maxj/src/static/templates/MemoryCmdGen.maxj (at line 21)
[maxjcompiler] 	import com.maxeler.maxcompiler.v2.kernelcompiler.types.composite.DFEStructType;
[maxjcompiler] 	       ^^^^^^^^^^^^^^^^^^^^^^^^^^^^^^^^^^^^^^^^^^^^^^^^^^^^^^^^^^^^^^^^^^^^^^^
[maxjcompiler] The import com.maxeler.maxcompiler.v2.kernelcompiler.types.composite.DFEStructType is never used
[maxjcompiler] ----------
[maxjcompiler] 59. WARNING in /local/ssd/home/mattfel/transform_regression_tests_21-24/hyperdsl/spatial/regression_tests/characterization/0_CharLoadTest/out/maxj/src/static/templates/MemoryCmdGen.maxj (at line 22)
[maxjcompiler] 	import com.maxeler.maxcompiler.v2.kernelcompiler.types.composite.DFEStructType.StructFieldType;
[maxjcompiler] 	       ^^^^^^^^^^^^^^^^^^^^^^^^^^^^^^^^^^^^^^^^^^^^^^^^^^^^^^^^^^^^^^^^^^^^^^^^^^^^^^^^^^^^^^^
[maxjcompiler] The import com.maxeler.maxcompiler.v2.kernelcompiler.types.composite.DFEStructType.StructFieldType is never used
[maxjcompiler] ----------
[maxjcompiler] 60. WARNING in /local/ssd/home/mattfel/transform_regression_tests_21-24/hyperdsl/spatial/regression_tests/characterization/0_CharLoadTest/out/maxj/src/static/templates/MemoryCmdGen.maxj (at line 23)
[maxjcompiler] 	import java.util.ArrayList;
[maxjcompiler] 	       ^^^^^^^^^^^^^^^^^^^
[maxjcompiler] The import java.util.ArrayList is never used
[maxjcompiler] ----------
[maxjcompiler] 61. WARNING in /local/ssd/home/mattfel/transform_regression_tests_21-24/hyperdsl/spatial/regression_tests/characterization/0_CharLoadTest/out/maxj/src/static/templates/MemoryCmdGen.maxj (at line 102)
[maxjcompiler] 	int par = wdata.getSize();
[maxjcompiler] 	    ^^^
[maxjcompiler] The local variable par is never read
[maxjcompiler] ----------
[maxjcompiler] 62. WARNING in /local/ssd/home/mattfel/transform_regression_tests_21-24/hyperdsl/spatial/regression_tests/characterization/0_CharLoadTest/out/maxj/src/static/templates/MemoryCmdGen.maxj (at line 188)
[maxjcompiler] 	DFEVar sizecheck = upcast(size_int, wdata[0].getType());
[maxjcompiler] 	       ^^^^^^^^^
[maxjcompiler] The local variable sizecheck is never read
[maxjcompiler] ----------
[maxjcompiler] ----------
[maxjcompiler] 63. WARNING in /local/ssd/home/mattfel/transform_regression_tests_21-24/hyperdsl/spatial/regression_tests/characterization/0_CharLoadTest/out/maxj/src/static/templates/CtrChainLib.maxj (at line 6)
[maxjcompiler] 	import com.maxeler.maxcompiler.v2.kernelcompiler.SMIO;
[maxjcompiler] 	       ^^^^^^^^^^^^^^^^^^^^^^^^^^^^^^^^^^^^^^^^^^^^^^
[maxjcompiler] The import com.maxeler.maxcompiler.v2.kernelcompiler.SMIO is never used
[maxjcompiler] ----------
[maxjcompiler] 64. WARNING in /local/ssd/home/mattfel/transform_regression_tests_21-24/hyperdsl/spatial/regression_tests/characterization/0_CharLoadTest/out/maxj/src/static/templates/CtrChainLib.maxj (at line 7)
[maxjcompiler] 	import com.maxeler.maxcompiler.v2.kernelcompiler.stdlib.core.CounterChain;
[maxjcompiler] 	       ^^^^^^^^^^^^^^^^^^^^^^^^^^^^^^^^^^^^^^^^^^^^^^^^^^^^^^^^^^^^^^^^^^
[maxjcompiler] The import com.maxeler.maxcompiler.v2.kernelcompiler.stdlib.core.CounterChain is never used
[maxjcompiler] ----------
[maxjcompiler] 65. WARNING in /local/ssd/home/mattfel/transform_regression_tests_21-24/hyperdsl/spatial/regression_tests/characterization/0_CharLoadTest/out/maxj/src/static/templates/CtrChainLib.maxj (at line 8)
[maxjcompiler] 	import com.maxeler.maxcompiler.v2.utils.MathUtils;
[maxjcompiler] 	       ^^^^^^^^^^^^^^^^^^^^^^^^^^^^^^^^^^^^^^^^^^
[maxjcompiler] The import com.maxeler.maxcompiler.v2.utils.MathUtils is never used
[maxjcompiler] ----------
[maxjcompiler] ----------
[maxjcompiler] 66. WARNING in /local/ssd/home/mattfel/transform_regression_tests_21-24/hyperdsl/spatial/regression_tests/characterization/0_CharLoadTest/out/maxj/src/static/templates/PQSM.maxj (at line 5)
[maxjcompiler] 	import com.maxeler.maxcompiler.v2.statemachine.DFEsmStateEnum;
[maxjcompiler] 	       ^^^^^^^^^^^^^^^^^^^^^^^^^^^^^^^^^^^^^^^^^^^^^^^^^^^^^^
[maxjcompiler] The import com.maxeler.maxcompiler.v2.statemachine.DFEsmStateEnum is never used
[maxjcompiler] ----------
[maxjcompiler] 67. WARNING in /local/ssd/home/mattfel/transform_regression_tests_21-24/hyperdsl/spatial/regression_tests/characterization/0_CharLoadTest/out/maxj/src/static/templates/PQSM.maxj (at line 9)
[maxjcompiler] 	import com.maxeler.maxcompiler.v2.statemachine.DFEsmAssignableValue;
[maxjcompiler] 	       ^^^^^^^^^^^^^^^^^^^^^^^^^^^^^^^^^^^^^^^^^^^^^^^^^^^^^^^^^^^^
[maxjcompiler] The import com.maxeler.maxcompiler.v2.statemachine.DFEsmAssignableValue is never used
[maxjcompiler] ----------
[maxjcompiler] 68. WARNING in /local/ssd/home/mattfel/transform_regression_tests_21-24/hyperdsl/spatial/regression_tests/characterization/0_CharLoadTest/out/maxj/src/static/templates/PQSM.maxj (at line 11)
[maxjcompiler] 	import com.maxeler.maxcompiler.v2.statemachine.DFEsmVariable;
[maxjcompiler] 	       ^^^^^^^^^^^^^^^^^^^^^^^^^^^^^^^^^^^^^^^^^^^^^^^^^^^^^
[maxjcompiler] The import com.maxeler.maxcompiler.v2.statemachine.DFEsmVariable is never used
[maxjcompiler] ----------
[maxjcompiler] 69. WARNING in /local/ssd/home/mattfel/transform_regression_tests_21-24/hyperdsl/spatial/regression_tests/characterization/0_CharLoadTest/out/maxj/src/static/templates/PQSM.maxj (at line 13)
[maxjcompiler] 	import com.maxeler.maxcompiler.v2.statemachine.types.DFEsmTypeFactory;
[maxjcompiler] 	       ^^^^^^^^^^^^^^^^^^^^^^^^^^^^^^^^^^^^^^^^^^^^^^^^^^^^^^^^^^^^^^
[maxjcompiler] The import com.maxeler.maxcompiler.v2.statemachine.types.DFEsmTypeFactory is never used
[maxjcompiler] ----------
[maxjcompiler] 70. WARNING in /local/ssd/home/mattfel/transform_regression_tests_21-24/hyperdsl/spatial/regression_tests/characterization/0_CharLoadTest/out/maxj/src/static/templates/PQSM.maxj (at line 14)
[maxjcompiler] 	import com.maxeler.maxcompiler.v2.statemachine.StateMachineLib;
[maxjcompiler] 	       ^^^^^^^^^^^^^^^^^^^^^^^^^^^^^^^^^^^^^^^^^^^^^^^^^^^^^^^
[maxjcompiler] The import com.maxeler.maxcompiler.v2.statemachine.StateMachineLib is never used
[maxjcompiler] ----------
[maxjcompiler] 71. WARNING in /local/ssd/home/mattfel/transform_regression_tests_21-24/hyperdsl/spatial/regression_tests/characterization/0_CharLoadTest/out/maxj/src/static/templates/PQSM.maxj (at line 90)
[maxjcompiler] 	private void resetElemsFF() {
[maxjcompiler] 	             ^^^^^^^^^^^^^^
[maxjcompiler] The method resetElemsFF() from the type PQSM is never used locally
[maxjcompiler] ----------
[maxjcompiler] 72. WARNING in /local/ssd/home/mattfel/transform_regression_tests_21-24/hyperdsl/spatial/regression_tests/characterization/0_CharLoadTest/out/maxj/src/static/templates/PQSM.maxj (at line 99)
[maxjcompiler] 	private void write() {
[maxjcompiler] 	             ^^^^^^^
[maxjcompiler] The method write() from the type PQSM is never used locally
[maxjcompiler] ----------
[maxjcompiler] 73. WARNING in /local/ssd/home/mattfel/transform_regression_tests_21-24/hyperdsl/spatial/regression_tests/characterization/0_CharLoadTest/out/maxj/src/static/templates/PQSM.maxj (at line 116)
[maxjcompiler] 	private void stall() {
[maxjcompiler] 	             ^^^^^^^
[maxjcompiler] The method stall() from the type PQSM is never used locally
[maxjcompiler] ----------
[maxjcompiler] ----------
[maxjcompiler] 74. WARNING in /local/ssd/home/mattfel/transform_regression_tests_21-24/hyperdsl/spatial/regression_tests/characterization/0_CharLoadTest/out/maxj/src/static/templates/BoxedMem.maxj (at line 7)
[maxjcompiler] 	import com.maxeler.maxcompiler.v2.kernelcompiler.SMIO;
[maxjcompiler] 	       ^^^^^^^^^^^^^^^^^^^^^^^^^^^^^^^^^^^^^^^^^^^^^^
[maxjcompiler] The import com.maxeler.maxcompiler.v2.kernelcompiler.SMIO is never used
[maxjcompiler] ----------
[maxjcompiler] 75. WARNING in /local/ssd/home/mattfel/transform_regression_tests_21-24/hyperdsl/spatial/regression_tests/characterization/0_CharLoadTest/out/maxj/src/static/templates/BoxedMem.maxj (at line 8)
[maxjcompiler] 	import com.maxeler.maxcompiler.v2.utils.MathUtils;
[maxjcompiler] 	       ^^^^^^^^^^^^^^^^^^^^^^^^^^^^^^^^^^^^^^^^^^
[maxjcompiler] The import com.maxeler.maxcompiler.v2.utils.MathUtils is never used
[maxjcompiler] ----------
[maxjcompiler] 76. WARNING in /local/ssd/home/mattfel/transform_regression_tests_21-24/hyperdsl/spatial/regression_tests/characterization/0_CharLoadTest/out/maxj/src/static/templates/BoxedMem.maxj (at line 10)
[maxjcompiler] 	import com.maxeler.maxcompiler.v2.kernelcompiler.types.composite.DFEVector;
[maxjcompiler] 	       ^^^^^^^^^^^^^^^^^^^^^^^^^^^^^^^^^^^^^^^^^^^^^^^^^^^^^^^^^^^^^^^^^^^
[maxjcompiler] The import com.maxeler.maxcompiler.v2.kernelcompiler.types.composite.DFEVector is never used
[maxjcompiler] ----------
[maxjcompiler] ----------
[maxjcompiler] 77. WARNING in /local/ssd/home/mattfel/transform_regression_tests_21-24/hyperdsl/spatial/regression_tests/characterization/0_CharLoadTest/out/maxj/src/static/templates/MemoryCmdSt.maxj (at line 7)
[maxjcompiler] 	import com.maxeler.maxcompiler.v2.kernelcompiler.stdlib.core.CounterChain;
[maxjcompiler] 	       ^^^^^^^^^^^^^^^^^^^^^^^^^^^^^^^^^^^^^^^^^^^^^^^^^^^^^^^^^^^^^^^^^^
[maxjcompiler] The import com.maxeler.maxcompiler.v2.kernelcompiler.stdlib.core.CounterChain is never used
[maxjcompiler] ----------
[maxjcompiler] 78. WARNING in /local/ssd/home/mattfel/transform_regression_tests_21-24/hyperdsl/spatial/regression_tests/characterization/0_CharLoadTest/out/maxj/src/static/templates/MemoryCmdSt.maxj (at line 12)
[maxjcompiler] 	import com.maxeler.maxcompiler.v2.kernelcompiler.Optimization;
[maxjcompiler] 	       ^^^^^^^^^^^^^^^^^^^^^^^^^^^^^^^^^^^^^^^^^^^^^^^^^^^^^^
[maxjcompiler] The import com.maxeler.maxcompiler.v2.kernelcompiler.Optimization is never used
[maxjcompiler] ----------
[maxjcompiler] 79. WARNING in /local/ssd/home/mattfel/transform_regression_tests_21-24/hyperdsl/spatial/regression_tests/characterization/0_CharLoadTest/out/maxj/src/static/templates/MemoryCmdSt.maxj (at line 13)
[maxjcompiler] 	import com.maxeler.maxcompiler.v2.kernelcompiler.stdlib.Reductions;
[maxjcompiler] 	       ^^^^^^^^^^^^^^^^^^^^^^^^^^^^^^^^^^^^^^^^^^^^^^^^^^^^^^^^^^^
[maxjcompiler] The import com.maxeler.maxcompiler.v2.kernelcompiler.stdlib.Reductions is never used
[maxjcompiler] ----------
[maxjcompiler] 80. WARNING in /local/ssd/home/mattfel/transform_regression_tests_21-24/hyperdsl/spatial/regression_tests/characterization/0_CharLoadTest/out/maxj/src/static/templates/MemoryCmdSt.maxj (at line 14)
[maxjcompiler] 	import com.maxeler.maxcompiler.v2.kernelcompiler.stdlib.core.Stream.OffsetExpr;
[maxjcompiler] 	       ^^^^^^^^^^^^^^^^^^^^^^^^^^^^^^^^^^^^^^^^^^^^^^^^^^^^^^^^^^^^^^^^^^^^^^^
[maxjcompiler] The import com.maxeler.maxcompiler.v2.kernelcompiler.stdlib.core.Stream.OffsetExpr is never used
[maxjcompiler] ----------
[maxjcompiler] 81. WARNING in /local/ssd/home/mattfel/transform_regression_tests_21-24/hyperdsl/spatial/regression_tests/characterization/0_CharLoadTest/out/maxj/src/static/templates/MemoryCmdSt.maxj (at line 19)
[maxjcompiler] 	import com.maxeler.maxcompiler.v2.kernelcompiler.types.composite.DFEStruct;
[maxjcompiler] 	       ^^^^^^^^^^^^^^^^^^^^^^^^^^^^^^^^^^^^^^^^^^^^^^^^^^^^^^^^^^^^^^^^^^^
[maxjcompiler] The import com.maxeler.maxcompiler.v2.kernelcompiler.types.composite.DFEStruct is never used
[maxjcompiler] ----------
[maxjcompiler] 82. WARNING in /local/ssd/home/mattfel/transform_regression_tests_21-24/hyperdsl/spatial/regression_tests/characterization/0_CharLoadTest/out/maxj/src/static/templates/MemoryCmdSt.maxj (at line 20)
[maxjcompiler] 	import com.maxeler.maxcompiler.v2.kernelcompiler.types.composite.DFEStructType;
[maxjcompiler] 	       ^^^^^^^^^^^^^^^^^^^^^^^^^^^^^^^^^^^^^^^^^^^^^^^^^^^^^^^^^^^^^^^^^^^^^^^
[maxjcompiler] The import com.maxeler.maxcompiler.v2.kernelcompiler.types.composite.DFEStructType is never used
[maxjcompiler] ----------
[maxjcompiler] 83. WARNING in /local/ssd/home/mattfel/transform_regression_tests_21-24/hyperdsl/spatial/regression_tests/characterization/0_CharLoadTest/out/maxj/src/static/templates/MemoryCmdSt.maxj (at line 21)
[maxjcompiler] 	import com.maxeler.maxcompiler.v2.kernelcompiler.types.composite.DFEStructType.StructFieldType;
[maxjcompiler] 	       ^^^^^^^^^^^^^^^^^^^^^^^^^^^^^^^^^^^^^^^^^^^^^^^^^^^^^^^^^^^^^^^^^^^^^^^^^^^^^^^^^^^^^^^
[maxjcompiler] The import com.maxeler.maxcompiler.v2.kernelcompiler.types.composite.DFEStructType.StructFieldType is never used
[maxjcompiler] ----------
[maxjcompiler] 84. WARNING in /local/ssd/home/mattfel/transform_regression_tests_21-24/hyperdsl/spatial/regression_tests/characterization/0_CharLoadTest/out/maxj/src/static/templates/MemoryCmdSt.maxj (at line 22)
[maxjcompiler] 	import java.util.ArrayList;
[maxjcompiler] 	       ^^^^^^^^^^^^^^^^^^^
[maxjcompiler] The import java.util.ArrayList is never used
[maxjcompiler] ----------
[maxjcompiler] 85. WARNING in /local/ssd/home/mattfel/transform_regression_tests_21-24/hyperdsl/spatial/regression_tests/characterization/0_CharLoadTest/out/maxj/src/static/templates/MemoryCmdSt.maxj (at line 83)
[maxjcompiler] 	int par = wdata.getSize();
[maxjcompiler] 	    ^^^
[maxjcompiler] The local variable par is never read
[maxjcompiler] ----------
[maxjcompiler] ----------
[maxjcompiler] 86. WARNING in /local/ssd/home/mattfel/transform_regression_tests_21-24/hyperdsl/spatial/regression_tests/characterization/0_CharLoadTest/out/maxj/src/static/templates/DoubleCtrSM.maxj (at line 8)
[maxjcompiler] 	import com.maxeler.maxcompiler.v2.statemachine.DFEsmValue;
[maxjcompiler] 	       ^^^^^^^^^^^^^^^^^^^^^^^^^^^^^^^^^^^^^^^^^^^^^^^^^^
[maxjcompiler] The import com.maxeler.maxcompiler.v2.statemachine.DFEsmValue is never used
[maxjcompiler] ----------
[maxjcompiler] 87. WARNING in /local/ssd/home/mattfel/transform_regression_tests_21-24/hyperdsl/spatial/regression_tests/characterization/0_CharLoadTest/out/maxj/src/static/templates/DoubleCtrSM.maxj (at line 21)
[maxjcompiler] 	private final int start0;
[maxjcompiler] 	                  ^^^^^^
[maxjcompiler] The field DoubleCtrSM.start0 is never read locally
[maxjcompiler] ----------
[maxjcompiler] 88. WARNING in /local/ssd/home/mattfel/transform_regression_tests_21-24/hyperdsl/spatial/regression_tests/characterization/0_CharLoadTest/out/maxj/src/static/templates/DoubleCtrSM.maxj (at line 24)
[maxjcompiler] 	private final int start1;
[maxjcompiler] 	                  ^^^^^^
[maxjcompiler] The field DoubleCtrSM.start1 is never read locally
[maxjcompiler] ----------
[maxjcompiler] ----------
[maxjcompiler] 89. WARNING in /local/ssd/home/mattfel/transform_regression_tests_21-24/hyperdsl/spatial/regression_tests/characterization/0_CharLoadTest/out/maxj/src/static/templates/BlockStorer.maxj (at line 6)
[maxjcompiler] 	import com.maxeler.maxcompiler.v2.kernelcompiler.stdlib.core.CounterChain;
[maxjcompiler] 	       ^^^^^^^^^^^^^^^^^^^^^^^^^^^^^^^^^^^^^^^^^^^^^^^^^^^^^^^^^^^^^^^^^^
[maxjcompiler] The import com.maxeler.maxcompiler.v2.kernelcompiler.stdlib.core.CounterChain is never used
[maxjcompiler] ----------
[maxjcompiler] 90. WARNING in /local/ssd/home/mattfel/transform_regression_tests_21-24/hyperdsl/spatial/regression_tests/characterization/0_CharLoadTest/out/maxj/src/static/templates/BlockStorer.maxj (at line 11)
[maxjcompiler] 	import com.maxeler.maxcompiler.v2.kernelcompiler.Optimization;
[maxjcompiler] 	       ^^^^^^^^^^^^^^^^^^^^^^^^^^^^^^^^^^^^^^^^^^^^^^^^^^^^^^
[maxjcompiler] The import com.maxeler.maxcompiler.v2.kernelcompiler.Optimization is never used
[maxjcompiler] ----------
[maxjcompiler] ----------
[maxjcompiler] 91. WARNING in /local/ssd/home/mattfel/transform_regression_tests_21-24/hyperdsl/spatial/regression_tests/characterization/0_CharLoadTest/out/maxj/src/static/templates/DummyMemLib.maxj (at line 5)
[maxjcompiler] 	import com.maxeler.maxcompiler.v2.kernelcompiler.stdlib.memory.Memory;
[maxjcompiler] 	       ^^^^^^^^^^^^^^^^^^^^^^^^^^^^^^^^^^^^^^^^^^^^^^^^^^^^^^^^^^^^^^
[maxjcompiler] The import com.maxeler.maxcompiler.v2.kernelcompiler.stdlib.memory.Memory is never used
[maxjcompiler] ----------
[maxjcompiler] 92. WARNING in /local/ssd/home/mattfel/transform_regression_tests_21-24/hyperdsl/spatial/regression_tests/characterization/0_CharLoadTest/out/maxj/src/static/templates/DummyMemLib.maxj (at line 6)
[maxjcompiler] 	import com.maxeler.maxcompiler.v2.kernelcompiler.SMIO;
[maxjcompiler] 	       ^^^^^^^^^^^^^^^^^^^^^^^^^^^^^^^^^^^^^^^^^^^^^^
[maxjcompiler] The import com.maxeler.maxcompiler.v2.kernelcompiler.SMIO is never used
[maxjcompiler] ----------
[maxjcompiler] 93. WARNING in /local/ssd/home/mattfel/transform_regression_tests_21-24/hyperdsl/spatial/regression_tests/characterization/0_CharLoadTest/out/maxj/src/static/templates/DummyMemLib.maxj (at line 7)
[maxjcompiler] 	import com.maxeler.maxcompiler.v2.utils.MathUtils;
[maxjcompiler] 	       ^^^^^^^^^^^^^^^^^^^^^^^^^^^^^^^^^^^^^^^^^^
[maxjcompiler] The import com.maxeler.maxcompiler.v2.utils.MathUtils is never used
[maxjcompiler] ----------
[maxjcompiler] ----------
[maxjcompiler] 94. WARNING in /local/ssd/home/mattfel/transform_regression_tests_21-24/hyperdsl/spatial/regression_tests/characterization/0_CharLoadTest/out/maxj/src/static/templates/BramLib.maxj (at line 5)
[maxjcompiler] 	import com.maxeler.maxcompiler.v2.kernelcompiler.stdlib.memory.Memory;
[maxjcompiler] 	       ^^^^^^^^^^^^^^^^^^^^^^^^^^^^^^^^^^^^^^^^^^^^^^^^^^^^^^^^^^^^^^
[maxjcompiler] The import com.maxeler.maxcompiler.v2.kernelcompiler.stdlib.memory.Memory is never used
[maxjcompiler] ----------
[maxjcompiler] 95. WARNING in /local/ssd/home/mattfel/transform_regression_tests_21-24/hyperdsl/spatial/regression_tests/characterization/0_CharLoadTest/out/maxj/src/static/templates/BramLib.maxj (at line 6)
[maxjcompiler] 	import com.maxeler.maxcompiler.v2.kernelcompiler.SMIO;
[maxjcompiler] 	       ^^^^^^^^^^^^^^^^^^^^^^^^^^^^^^^^^^^^^^^^^^^^^^
[maxjcompiler] The import com.maxeler.maxcompiler.v2.kernelcompiler.SMIO is never used
[maxjcompiler] ----------
[maxjcompiler] 96. WARNING in /local/ssd/home/mattfel/transform_regression_tests_21-24/hyperdsl/spatial/regression_tests/characterization/0_CharLoadTest/out/maxj/src/static/templates/BramLib.maxj (at line 635)
[maxjcompiler] 	DFEVar bank_addr = bankAndLocalAddr(srcAddr[i], AddrMode.BANK);
[maxjcompiler] 	       ^^^^^^^^^
[maxjcompiler] The local variable bank_addr is never read
[maxjcompiler] ----------
[maxjcompiler] 97. WARNING in /local/ssd/home/mattfel/transform_regression_tests_21-24/hyperdsl/spatial/regression_tests/characterization/0_CharLoadTest/out/maxj/src/static/templates/BramLib.maxj (at line 648)
[maxjcompiler] 	DFEVar rd_delta = srcAddr[1] - srcAddr[0];
[maxjcompiler] 	       ^^^^^^^^
[maxjcompiler] The local variable rd_delta is never read
[maxjcompiler] ----------
[maxjcompiler] ----------
[maxjcompiler] 98. WARNING in /local/ssd/home/mattfel/transform_regression_tests_21-24/hyperdsl/spatial/regression_tests/characterization/0_CharLoadTest/out/maxj/src/static/templates/GroupByReduce.maxj (at line 5)
[maxjcompiler] 	import com.maxeler.maxcompiler.v2.kernelcompiler.stdlib.memory.Memory;
[maxjcompiler] 	       ^^^^^^^^^^^^^^^^^^^^^^^^^^^^^^^^^^^^^^^^^^^^^^^^^^^^^^^^^^^^^^
[maxjcompiler] The import com.maxeler.maxcompiler.v2.kernelcompiler.stdlib.memory.Memory is never used
[maxjcompiler] ----------
[maxjcompiler] 99. WARNING in /local/ssd/home/mattfel/transform_regression_tests_21-24/hyperdsl/spatial/regression_tests/characterization/0_CharLoadTest/out/maxj/src/static/templates/GroupByReduce.maxj (at line 7)
[maxjcompiler] 	import com.maxeler.maxcompiler.v2.utils.MathUtils;
[maxjcompiler] 	       ^^^^^^^^^^^^^^^^^^^^^^^^^^^^^^^^^^^^^^^^^^
[maxjcompiler] The import com.maxeler.maxcompiler.v2.utils.MathUtils is never used
[maxjcompiler] ----------
[maxjcompiler] 100. WARNING in /local/ssd/home/mattfel/transform_regression_tests_21-24/hyperdsl/spatial/regression_tests/characterization/0_CharLoadTest/out/maxj/src/static/templates/GroupByReduce.maxj (at line 11)
[maxjcompiler] 	import com.maxeler.maxcompiler.v2.kernelcompiler.stdlib.KernelMath;
[maxjcompiler] 	       ^^^^^^^^^^^^^^^^^^^^^^^^^^^^^^^^^^^^^^^^^^^^^^^^^^^^^^^^^^^
[maxjcompiler] The import com.maxeler.maxcompiler.v2.kernelcompiler.stdlib.KernelMath is never used
[maxjcompiler] ----------
[maxjcompiler] 101. WARNING in /local/ssd/home/mattfel/transform_regression_tests_21-24/hyperdsl/spatial/regression_tests/characterization/0_CharLoadTest/out/maxj/src/static/templates/GroupByReduce.maxj (at line 14)
[maxjcompiler] 	import java.util.ArrayList;
[maxjcompiler] 	       ^^^^^^^^^^^^^^^^^^^
[maxjcompiler] The import java.util.ArrayList is never used
[maxjcompiler] ----------
[maxjcompiler] 102. WARNING in /local/ssd/home/mattfel/transform_regression_tests_21-24/hyperdsl/spatial/regression_tests/characterization/0_CharLoadTest/out/maxj/src/static/templates/GroupByReduce.maxj (at line 77)
[maxjcompiler] 	DFEVar test = constant.var(tag.getType(), 0) === tag;
[maxjcompiler] 	       ^^^^
[maxjcompiler] The local variable test is never read
[maxjcompiler] ----------
[maxjcompiler] ----------
[maxjcompiler] 103. WARNING in /local/ssd/home/mattfel/transform_regression_tests_21-24/hyperdsl/spatial/regression_tests/characterization/0_CharLoadTest/out/maxj/src/static/templates/FFMem.maxj (at line 5)
[maxjcompiler] 	import com.maxeler.maxcompiler.v2.kernelcompiler.stdlib.memory.Memory;
[maxjcompiler] 	       ^^^^^^^^^^^^^^^^^^^^^^^^^^^^^^^^^^^^^^^^^^^^^^^^^^^^^^^^^^^^^^
[maxjcompiler] The import com.maxeler.maxcompiler.v2.kernelcompiler.stdlib.memory.Memory is never used
[maxjcompiler] ----------
[maxjcompiler] 104. WARNING in /local/ssd/home/mattfel/transform_regression_tests_21-24/hyperdsl/spatial/regression_tests/characterization/0_CharLoadTest/out/maxj/src/static/templates/FFMem.maxj (at line 6)
[maxjcompiler] 	import com.maxeler.maxcompiler.v2.kernelcompiler.SMIO;
[maxjcompiler] 	       ^^^^^^^^^^^^^^^^^^^^^^^^^^^^^^^^^^^^^^^^^^^^^^
[maxjcompiler] The import com.maxeler.maxcompiler.v2.kernelcompiler.SMIO is never used
[maxjcompiler] ----------
[maxjcompiler] 105. WARNING in /local/ssd/home/mattfel/transform_regression_tests_21-24/hyperdsl/spatial/regression_tests/characterization/0_CharLoadTest/out/maxj/src/static/templates/FFMem.maxj (at line 7)
[maxjcompiler] 	import com.maxeler.maxcompiler.v2.utils.MathUtils;
[maxjcompiler] 	       ^^^^^^^^^^^^^^^^^^^^^^^^^^^^^^^^^^^^^^^^^^
[maxjcompiler] The import com.maxeler.maxcompiler.v2.utils.MathUtils is never used
[maxjcompiler] ----------
[maxjcompiler] 106. WARNING in /local/ssd/home/mattfel/transform_regression_tests_21-24/hyperdsl/spatial/regression_tests/characterization/0_CharLoadTest/out/maxj/src/static/templates/FFMem.maxj (at line 9)
[maxjcompiler] 	import com.maxeler.maxcompiler.v2.kernelcompiler.types.composite.DFEVector;
[maxjcompiler] 	       ^^^^^^^^^^^^^^^^^^^^^^^^^^^^^^^^^^^^^^^^^^^^^^^^^^^^^^^^^^^^^^^^^^^
[maxjcompiler] The import com.maxeler.maxcompiler.v2.kernelcompiler.types.composite.DFEVector is never used
[maxjcompiler] ----------
[maxjcompiler] ----------
[maxjcompiler] 107. WARNING in /local/ssd/home/mattfel/transform_regression_tests_21-24/hyperdsl/spatial/regression_tests/characterization/0_CharLoadTest/out/maxj/src/static/templates/SpatialUtils.maxj (at line 2)
[maxjcompiler] 	import com.maxeler.maxcompiler.v2.kernelcompiler.stdlib.core.Count.Counter;
[maxjcompiler] 	       ^^^^^^^^^^^^^^^^^^^^^^^^^^^^^^^^^^^^^^^^^^^^^^^^^^^^^^^^^^^^^^^^^^^
[maxjcompiler] The import com.maxeler.maxcompiler.v2.kernelcompiler.stdlib.core.Count.Counter is never used
[maxjcompiler] ----------
[maxjcompiler] 108. WARNING in /local/ssd/home/mattfel/transform_regression_tests_21-24/hyperdsl/spatial/regression_tests/characterization/0_CharLoadTest/out/maxj/src/static/templates/SpatialUtils.maxj (at line 3)
[maxjcompiler] 	import com.maxeler.maxcompiler.v2.kernelcompiler.stdlib.core.CounterChain;
[maxjcompiler] 	       ^^^^^^^^^^^^^^^^^^^^^^^^^^^^^^^^^^^^^^^^^^^^^^^^^^^^^^^^^^^^^^^^^^
[maxjcompiler] The import com.maxeler.maxcompiler.v2.kernelcompiler.stdlib.core.CounterChain is never used
[maxjcompiler] ----------
[maxjcompiler] 109. WARNING in /local/ssd/home/mattfel/transform_regression_tests_21-24/hyperdsl/spatial/regression_tests/characterization/0_CharLoadTest/out/maxj/src/static/templates/SpatialUtils.maxj (at line 4)
[maxjcompiler] 	import com.maxeler.maxcompiler.v2.kernelcompiler.stdlib.core.Count;
[maxjcompiler] 	       ^^^^^^^^^^^^^^^^^^^^^^^^^^^^^^^^^^^^^^^^^^^^^^^^^^^^^^^^^^^
[maxjcompiler] The import com.maxeler.maxcompiler.v2.kernelcompiler.stdlib.core.Count is never used
[maxjcompiler] ----------
[maxjcompiler] 110. WARNING in /local/ssd/home/mattfel/transform_regression_tests_21-24/hyperdsl/spatial/regression_tests/characterization/0_CharLoadTest/out/maxj/src/static/templates/SpatialUtils.maxj (at line 5)
[maxjcompiler] 	import com.maxeler.maxcompiler.v2.kernelcompiler.stdlib.core.Count.WrapMode;
[maxjcompiler] 	       ^^^^^^^^^^^^^^^^^^^^^^^^^^^^^^^^^^^^^^^^^^^^^^^^^^^^^^^^^^^^^^^^^^^^
[maxjcompiler] The import com.maxeler.maxcompiler.v2.kernelcompiler.stdlib.core.Count.WrapMode is never used
[maxjcompiler] ----------
[maxjcompiler] 111. WARNING in /local/ssd/home/mattfel/transform_regression_tests_21-24/hyperdsl/spatial/regression_tests/characterization/0_CharLoadTest/out/maxj/src/static/templates/SpatialUtils.maxj (at line 6)
[maxjcompiler] 	import com.maxeler.maxcompiler.v2.kernelcompiler.stdlib.core.Count.Params;
[maxjcompiler] 	       ^^^^^^^^^^^^^^^^^^^^^^^^^^^^^^^^^^^^^^^^^^^^^^^^^^^^^^^^^^^^^^^^^^
[maxjcompiler] The import com.maxeler.maxcompiler.v2.kernelcompiler.stdlib.core.Count.Params is never used
[maxjcompiler] ----------
[maxjcompiler] 112. WARNING in /local/ssd/home/mattfel/transform_regression_tests_21-24/hyperdsl/spatial/regression_tests/characterization/0_CharLoadTest/out/maxj/src/static/templates/SpatialUtils.maxj (at line 7)
[maxjcompiler] 	import com.maxeler.maxcompiler.v2.kernelcompiler.stdlib.memory.Memory;
[maxjcompiler] 	       ^^^^^^^^^^^^^^^^^^^^^^^^^^^^^^^^^^^^^^^^^^^^^^^^^^^^^^^^^^^^^^
[maxjcompiler] The import com.maxeler.maxcompiler.v2.kernelcompiler.stdlib.memory.Memory is never used
[maxjcompiler] ----------
[maxjcompiler] 113. WARNING in /local/ssd/home/mattfel/transform_regression_tests_21-24/hyperdsl/spatial/regression_tests/characterization/0_CharLoadTest/out/maxj/src/static/templates/SpatialUtils.maxj (at line 8)
[maxjcompiler] 	import com.maxeler.maxcompiler.v2.kernelcompiler.Kernel;
[maxjcompiler] 	       ^^^^^^^^^^^^^^^^^^^^^^^^^^^^^^^^^^^^^^^^^^^^^^^^
[maxjcompiler] The import com.maxeler.maxcompiler.v2.kernelcompiler.Kernel is never used
[maxjcompiler] ----------
[maxjcompiler] 114. WARNING in /local/ssd/home/mattfel/transform_regression_tests_21-24/hyperdsl/spatial/regression_tests/characterization/0_CharLoadTest/out/maxj/src/static/templates/SpatialUtils.maxj (at line 9)
[maxjcompiler] 	import com.maxeler.maxcompiler.v2.kernelcompiler.KernelParameters;
[maxjcompiler] 	       ^^^^^^^^^^^^^^^^^^^^^^^^^^^^^^^^^^^^^^^^^^^^^^^^^^^^^^^^^^
[maxjcompiler] The import com.maxeler.maxcompiler.v2.kernelcompiler.KernelParameters is never used
[maxjcompiler] ----------
[maxjcompiler] 115. WARNING in /local/ssd/home/mattfel/transform_regression_tests_21-24/hyperdsl/spatial/regression_tests/characterization/0_CharLoadTest/out/maxj/src/static/templates/SpatialUtils.maxj (at line 11)
[maxjcompiler] 	import com.maxeler.maxcompiler.v2.utils.MathUtils;
[maxjcompiler] 	       ^^^^^^^^^^^^^^^^^^^^^^^^^^^^^^^^^^^^^^^^^^
[maxjcompiler] The import com.maxeler.maxcompiler.v2.utils.MathUtils is never used
[maxjcompiler] ----------
[maxjcompiler] 116. WARNING in /local/ssd/home/mattfel/transform_regression_tests_21-24/hyperdsl/spatial/regression_tests/characterization/0_CharLoadTest/out/maxj/src/static/templates/SpatialUtils.maxj (at line 14)
[maxjcompiler] 	import com.maxeler.maxcompiler.v2.kernelcompiler.stdlib.KernelMath;
[maxjcompiler] 	       ^^^^^^^^^^^^^^^^^^^^^^^^^^^^^^^^^^^^^^^^^^^^^^^^^^^^^^^^^^^
[maxjcompiler] The import com.maxeler.maxcompiler.v2.kernelcompiler.stdlib.KernelMath is never used
[maxjcompiler] ----------
[maxjcompiler] 117. WARNING in /local/ssd/home/mattfel/transform_regression_tests_21-24/hyperdsl/spatial/regression_tests/characterization/0_CharLoadTest/out/maxj/src/static/templates/SpatialUtils.maxj (at line 15)
[maxjcompiler] 	import com.maxeler.maxcompiler.v2.kernelcompiler.types.base.DFEType;
[maxjcompiler] 	       ^^^^^^^^^^^^^^^^^^^^^^^^^^^^^^^^^^^^^^^^^^^^^^^^^^^^^^^^^^^^
[maxjcompiler] The import com.maxeler.maxcompiler.v2.kernelcompiler.types.base.DFEType is never used
[maxjcompiler] ----------
[maxjcompiler] 118. WARNING in /local/ssd/home/mattfel/transform_regression_tests_21-24/hyperdsl/spatial/regression_tests/characterization/0_CharLoadTest/out/maxj/src/static/templates/SpatialUtils.maxj (at line 16)
[maxjcompiler] 	import com.maxeler.maxcompiler.v2.kernelcompiler.stdlib.core.Stream.OffsetExpr;
[maxjcompiler] 	       ^^^^^^^^^^^^^^^^^^^^^^^^^^^^^^^^^^^^^^^^^^^^^^^^^^^^^^^^^^^^^^^^^^^^^^^
[maxjcompiler] The import com.maxeler.maxcompiler.v2.kernelcompiler.stdlib.core.Stream.OffsetExpr is never used
[maxjcompiler] ----------
[maxjcompiler] 119. WARNING in /local/ssd/home/mattfel/transform_regression_tests_21-24/hyperdsl/spatial/regression_tests/characterization/0_CharLoadTest/out/maxj/src/static/templates/SpatialUtils.maxj (at line 17)
[maxjcompiler] 	import com.maxeler.maxcompiler.v2.kernelcompiler.stdlib.Reductions;
[maxjcompiler] 	       ^^^^^^^^^^^^^^^^^^^^^^^^^^^^^^^^^^^^^^^^^^^^^^^^^^^^^^^^^^^
[maxjcompiler] The import com.maxeler.maxcompiler.v2.kernelcompiler.stdlib.Reductions is never used
[maxjcompiler] ----------
[maxjcompiler] 120. WARNING in /local/ssd/home/mattfel/transform_regression_tests_21-24/hyperdsl/spatial/regression_tests/characterization/0_CharLoadTest/out/maxj/src/static/templates/SpatialUtils.maxj (at line 18)
[maxjcompiler] 	import com.maxeler.maxcompiler.v2.kernelcompiler.SMIO;
[maxjcompiler] 	       ^^^^^^^^^^^^^^^^^^^^^^^^^^^^^^^^^^^^^^^^^^^^^^
[maxjcompiler] The import com.maxeler.maxcompiler.v2.kernelcompiler.SMIO is never used
[maxjcompiler] ----------
[maxjcompiler] 121. WARNING in /local/ssd/home/mattfel/transform_regression_tests_21-24/hyperdsl/spatial/regression_tests/characterization/0_CharLoadTest/out/maxj/src/static/templates/SpatialUtils.maxj (at line 19)
[maxjcompiler] 	import com.maxeler.maxcompiler.v2.kernelcompiler.stdlib.Accumulator;
[maxjcompiler] 	       ^^^^^^^^^^^^^^^^^^^^^^^^^^^^^^^^^^^^^^^^^^^^^^^^^^^^^^^^^^^^
[maxjcompiler] The import com.maxeler.maxcompiler.v2.kernelcompiler.stdlib.Accumulator is never used
[maxjcompiler] ----------
[maxjcompiler] 122. WARNING in /local/ssd/home/mattfel/transform_regression_tests_21-24/hyperdsl/spatial/regression_tests/characterization/0_CharLoadTest/out/maxj/src/static/templates/SpatialUtils.maxj (at line 20)
[maxjcompiler] 	import com.maxeler.maxcompiler.v2.kernelcompiler.types.base.DFEType;
[maxjcompiler] 	       ^^^^^^^^^^^^^^^^^^^^^^^^^^^^^^^^^^^^^^^^^^^^^^^^^^^^^^^^^^^^
[maxjcompiler] The import com.maxeler.maxcompiler.v2.kernelcompiler.types.base.DFEType is never used
[maxjcompiler] ----------
[maxjcompiler] 123. WARNING in /local/ssd/home/mattfel/transform_regression_tests_21-24/hyperdsl/spatial/regression_tests/characterization/0_CharLoadTest/out/maxj/src/static/templates/SpatialUtils.maxj (at line 21)
[maxjcompiler] 	import com.maxeler.maxcompiler.v2.kernelcompiler.types.composite.DFEVector;
[maxjcompiler] 	       ^^^^^^^^^^^^^^^^^^^^^^^^^^^^^^^^^^^^^^^^^^^^^^^^^^^^^^^^^^^^^^^^^^^
[maxjcompiler] The import com.maxeler.maxcompiler.v2.kernelcompiler.types.composite.DFEVector is never used
[maxjcompiler] ----------
[maxjcompiler] 124. WARNING in /local/ssd/home/mattfel/transform_regression_tests_21-24/hyperdsl/spatial/regression_tests/characterization/0_CharLoadTest/out/maxj/src/static/templates/SpatialUtils.maxj (at line 22)
[maxjcompiler] 	import com.maxeler.maxcompiler.v2.kernelcompiler.types.composite.DFEVectorType;
[maxjcompiler] 	       ^^^^^^^^^^^^^^^^^^^^^^^^^^^^^^^^^^^^^^^^^^^^^^^^^^^^^^^^^^^^^^^^^^^^^^^
[maxjcompiler] The import com.maxeler.maxcompiler.v2.kernelcompiler.types.composite.DFEVectorType is never used
[maxjcompiler] ----------
[maxjcompiler] 125. WARNING in /local/ssd/home/mattfel/transform_regression_tests_21-24/hyperdsl/spatial/regression_tests/characterization/0_CharLoadTest/out/maxj/src/static/templates/SpatialUtils.maxj (at line 24)
[maxjcompiler] 	import java.util.Arrays;
[maxjcompiler] 	       ^^^^^^^^^^^^^^^^
[maxjcompiler] The import java.util.Arrays is never used
[maxjcompiler] ----------
[maxjcompiler] ----------
[maxjcompiler] 126. WARNING in /local/ssd/home/mattfel/transform_regression_tests_21-24/hyperdsl/spatial/regression_tests/characterization/0_CharLoadTest/out/maxj/src/static/templates/NBufReg.maxj (at line 5)
[maxjcompiler] 	import com.maxeler.maxcompiler.v2.kernelcompiler.stdlib.memory.Memory;
[maxjcompiler] 	       ^^^^^^^^^^^^^^^^^^^^^^^^^^^^^^^^^^^^^^^^^^^^^^^^^^^^^^^^^^^^^^
[maxjcompiler] The import com.maxeler.maxcompiler.v2.kernelcompiler.stdlib.memory.Memory is never used
[maxjcompiler] ----------
[maxjcompiler] 127. WARNING in /local/ssd/home/mattfel/transform_regression_tests_21-24/hyperdsl/spatial/regression_tests/characterization/0_CharLoadTest/out/maxj/src/static/templates/NBufReg.maxj (at line 9)
[maxjcompiler] 	import com.maxeler.maxcompiler.v2.kernelcompiler.Optimization;
[maxjcompiler] 	       ^^^^^^^^^^^^^^^^^^^^^^^^^^^^^^^^^^^^^^^^^^^^^^^^^^^^^^
[maxjcompiler] The import com.maxeler.maxcompiler.v2.kernelcompiler.Optimization is never used
[maxjcompiler] ----------
[maxjcompiler] 128. WARNING in /local/ssd/home/mattfel/transform_regression_tests_21-24/hyperdsl/spatial/regression_tests/characterization/0_CharLoadTest/out/maxj/src/static/templates/NBufReg.maxj (at line 10)
[maxjcompiler] 	import com.maxeler.maxcompiler.v2.kernelcompiler.types.composite.DFEVector;
[maxjcompiler] 	       ^^^^^^^^^^^^^^^^^^^^^^^^^^^^^^^^^^^^^^^^^^^^^^^^^^^^^^^^^^^^^^^^^^^
[maxjcompiler] The import com.maxeler.maxcompiler.v2.kernelcompiler.types.composite.DFEVector is never used
[maxjcompiler] ----------
[maxjcompiler] 129. WARNING in /local/ssd/home/mattfel/transform_regression_tests_21-24/hyperdsl/spatial/regression_tests/characterization/0_CharLoadTest/out/maxj/src/static/templates/NBufReg.maxj (at line 11)
[maxjcompiler] 	import com.maxeler.maxcompiler.v2.kernelcompiler.types.composite.DFEVectorType;
[maxjcompiler] 	       ^^^^^^^^^^^^^^^^^^^^^^^^^^^^^^^^^^^^^^^^^^^^^^^^^^^^^^^^^^^^^^^^^^^^^^^
[maxjcompiler] The import com.maxeler.maxcompiler.v2.kernelcompiler.types.composite.DFEVectorType is never used
[maxjcompiler] ----------
[maxjcompiler] ----------
[maxjcompiler] 130. WARNING in /local/ssd/home/mattfel/transform_regression_tests_21-24/hyperdsl/spatial/regression_tests/characterization/0_CharLoadTest/out/maxj/src/static/templates/OnChipMem.maxj (at line 5)
[maxjcompiler] 	import com.maxeler.maxcompiler.v2.kernelcompiler.stdlib.memory.Memory;
[maxjcompiler] 	       ^^^^^^^^^^^^^^^^^^^^^^^^^^^^^^^^^^^^^^^^^^^^^^^^^^^^^^^^^^^^^^
[maxjcompiler] The import com.maxeler.maxcompiler.v2.kernelcompiler.stdlib.memory.Memory is never used
[maxjcompiler] ----------
[maxjcompiler] 131. WARNING in /local/ssd/home/mattfel/transform_regression_tests_21-24/hyperdsl/spatial/regression_tests/characterization/0_CharLoadTest/out/maxj/src/static/templates/OnChipMem.maxj (at line 6)
[maxjcompiler] 	import com.maxeler.maxcompiler.v2.kernelcompiler.SMIO;
[maxjcompiler] 	       ^^^^^^^^^^^^^^^^^^^^^^^^^^^^^^^^^^^^^^^^^^^^^^
[maxjcompiler] The import com.maxeler.maxcompiler.v2.kernelcompiler.SMIO is never used
[maxjcompiler] ----------
[maxjcompiler] 132. WARNING in /local/ssd/home/mattfel/transform_regression_tests_21-24/hyperdsl/spatial/regression_tests/characterization/0_CharLoadTest/out/maxj/src/static/templates/OnChipMem.maxj (at line 9)
[maxjcompiler] 	import com.maxeler.maxcompiler.v2.kernelcompiler.types.composite.DFEVector;
[maxjcompiler] 	       ^^^^^^^^^^^^^^^^^^^^^^^^^^^^^^^^^^^^^^^^^^^^^^^^^^^^^^^^^^^^^^^^^^^
[maxjcompiler] The import com.maxeler.maxcompiler.v2.kernelcompiler.types.composite.DFEVector is never used
[maxjcompiler] ----------
[maxjcompiler] ----------
[maxjcompiler] 133. WARNING in /local/ssd/home/mattfel/transform_regression_tests_21-24/hyperdsl/spatial/regression_tests/characterization/0_CharLoadTest/out/maxj/src/static/templates/DblBufKernelLib.maxj (at line 3)
[maxjcompiler] 	import java.util.List;
[maxjcompiler] 	       ^^^^^^^^^^^^^^
[maxjcompiler] The import java.util.List is never used
[maxjcompiler] ----------
[maxjcompiler] 134. WARNING in /local/ssd/home/mattfel/transform_regression_tests_21-24/hyperdsl/spatial/regression_tests/characterization/0_CharLoadTest/out/maxj/src/static/templates/DblBufKernelLib.maxj (at line 6)
[maxjcompiler] 	import com.maxeler.maxcompiler.v2.kernelcompiler.stdlib.memory.Memory;
[maxjcompiler] 	       ^^^^^^^^^^^^^^^^^^^^^^^^^^^^^^^^^^^^^^^^^^^^^^^^^^^^^^^^^^^^^^
[maxjcompiler] The import com.maxeler.maxcompiler.v2.kernelcompiler.stdlib.memory.Memory is never used
[maxjcompiler] ----------
[maxjcompiler] ----------
[maxjcompiler] 135. WARNING in /local/ssd/home/mattfel/transform_regression_tests_21-24/hyperdsl/spatial/regression_tests/characterization/0_CharLoadTest/out/maxj/src/static/templates/GatherSM.maxj (at line 9)
[maxjcompiler] 	import com.maxeler.maxcompiler.v2.utils.MathUtils;
[maxjcompiler] 	       ^^^^^^^^^^^^^^^^^^^^^^^^^^^^^^^^^^^^^^^^^^
[maxjcompiler] The import com.maxeler.maxcompiler.v2.utils.MathUtils is never used
[maxjcompiler] ----------
[maxjcompiler] ----------
[maxjcompiler] 136. WARNING in /local/ssd/home/mattfel/transform_regression_tests_21-24/hyperdsl/spatial/regression_tests/characterization/0_CharLoadTest/out/maxj/src/static/templates/BlockLoader.maxj (at line 6)
[maxjcompiler] 	import com.maxeler.maxcompiler.v2.kernelcompiler.stdlib.core.CounterChain;
[maxjcompiler] 	       ^^^^^^^^^^^^^^^^^^^^^^^^^^^^^^^^^^^^^^^^^^^^^^^^^^^^^^^^^^^^^^^^^^
[maxjcompiler] The import com.maxeler.maxcompiler.v2.kernelcompiler.stdlib.core.CounterChain is never used
[maxjcompiler] ----------
[maxjcompiler] 137. WARNING in /local/ssd/home/mattfel/transform_regression_tests_21-24/hyperdsl/spatial/regression_tests/characterization/0_CharLoadTest/out/maxj/src/static/templates/BlockLoader.maxj (at line 11)
[maxjcompiler] 	import com.maxeler.maxcompiler.v2.kernelcompiler.Optimization;
[maxjcompiler] 	       ^^^^^^^^^^^^^^^^^^^^^^^^^^^^^^^^^^^^^^^^^^^^^^^^^^^^^^
[maxjcompiler] The import com.maxeler.maxcompiler.v2.kernelcompiler.Optimization is never used
[maxjcompiler] ----------
[maxjcompiler] 138. WARNING in /local/ssd/home/mattfel/transform_regression_tests_21-24/hyperdsl/spatial/regression_tests/characterization/0_CharLoadTest/out/maxj/src/static/templates/BlockLoader.maxj (at line 308)
[maxjcompiler] 	DFEVector<DFEStruct> vecDataIn = vecType.newInstance(this);
[maxjcompiler] 	                     ^^^^^^^^^
[maxjcompiler] The local variable vecDataIn is never read
[maxjcompiler] ----------
[maxjcompiler] ----------
[maxjcompiler] 139. WARNING in /local/ssd/home/mattfel/transform_regression_tests_21-24/hyperdsl/spatial/regression_tests/characterization/0_CharLoadTest/out/maxj/src/kernels/parallel_void682.maxj (at line 38)
[maxjcompiler] 	DFEsmValueType counterType = dfeUInt(32);
[maxjcompiler] 	               ^^^^^^^^^^^
[maxjcompiler] The local variable counterType is never read
[maxjcompiler] ----------
[maxjcompiler] ----------
[maxjcompiler] 140. WARNING in /local/ssd/home/mattfel/transform_regression_tests_21-24/hyperdsl/spatial/regression_tests/characterization/0_CharLoadTest/out/maxj/src/kernels/parallel_void669.maxj (at line 38)
[maxjcompiler] 	DFEsmValueType counterType = dfeUInt(32);
[maxjcompiler] 	               ^^^^^^^^^^^
[maxjcompiler] The local variable counterType is never read
[maxjcompiler] ----------
[maxjcompiler] ----------
[maxjcompiler] 141. WARNING in /local/ssd/home/mattfel/transform_regression_tests_21-24/hyperdsl/spatial/regression_tests/characterization/0_CharLoadTest/out/maxj/src/kernels/BaseLib.maxj (at line 2)
[maxjcompiler] 	import com.maxeler.maxcompiler.v2.kernelcompiler.stdlib.core.Count.Counter;
[maxjcompiler] 	       ^^^^^^^^^^^^^^^^^^^^^^^^^^^^^^^^^^^^^^^^^^^^^^^^^^^^^^^^^^^^^^^^^^^
[maxjcompiler] The import com.maxeler.maxcompiler.v2.kernelcompiler.stdlib.core.Count.Counter is never used
[maxjcompiler] ----------
[maxjcompiler] 142. WARNING in /local/ssd/home/mattfel/transform_regression_tests_21-24/hyperdsl/spatial/regression_tests/characterization/0_CharLoadTest/out/maxj/src/kernels/BaseLib.maxj (at line 3)
[maxjcompiler] 	import com.maxeler.maxcompiler.v2.kernelcompiler.stdlib.core.CounterChain;
[maxjcompiler] 	       ^^^^^^^^^^^^^^^^^^^^^^^^^^^^^^^^^^^^^^^^^^^^^^^^^^^^^^^^^^^^^^^^^^
[maxjcompiler] The import com.maxeler.maxcompiler.v2.kernelcompiler.stdlib.core.CounterChain is never used
[maxjcompiler] ----------
[maxjcompiler] 143. WARNING in /local/ssd/home/mattfel/transform_regression_tests_21-24/hyperdsl/spatial/regression_tests/characterization/0_CharLoadTest/out/maxj/src/kernels/BaseLib.maxj (at line 4)
[maxjcompiler] 	import com.maxeler.maxcompiler.v2.kernelcompiler.stdlib.core.Count;
[maxjcompiler] 	       ^^^^^^^^^^^^^^^^^^^^^^^^^^^^^^^^^^^^^^^^^^^^^^^^^^^^^^^^^^^
[maxjcompiler] The import com.maxeler.maxcompiler.v2.kernelcompiler.stdlib.core.Count is never used
[maxjcompiler] ----------
[maxjcompiler] 144. WARNING in /local/ssd/home/mattfel/transform_regression_tests_21-24/hyperdsl/spatial/regression_tests/characterization/0_CharLoadTest/out/maxj/src/kernels/BaseLib.maxj (at line 5)
[maxjcompiler] 	import com.maxeler.maxcompiler.v2.kernelcompiler.stdlib.core.Count.WrapMode;
[maxjcompiler] 	       ^^^^^^^^^^^^^^^^^^^^^^^^^^^^^^^^^^^^^^^^^^^^^^^^^^^^^^^^^^^^^^^^^^^^
[maxjcompiler] The import com.maxeler.maxcompiler.v2.kernelcompiler.stdlib.core.Count.WrapMode is never used
[maxjcompiler] ----------
[maxjcompiler] 145. WARNING in /local/ssd/home/mattfel/transform_regression_tests_21-24/hyperdsl/spatial/regression_tests/characterization/0_CharLoadTest/out/maxj/src/kernels/BaseLib.maxj (at line 6)
[maxjcompiler] 	import com.maxeler.maxcompiler.v2.kernelcompiler.stdlib.core.Count.Params;
[maxjcompiler] 	       ^^^^^^^^^^^^^^^^^^^^^^^^^^^^^^^^^^^^^^^^^^^^^^^^^^^^^^^^^^^^^^^^^^
[maxjcompiler] The import com.maxeler.maxcompiler.v2.kernelcompiler.stdlib.core.Count.Params is never used
[maxjcompiler] ----------
[maxjcompiler] 146. WARNING in /local/ssd/home/mattfel/transform_regression_tests_21-24/hyperdsl/spatial/regression_tests/characterization/0_CharLoadTest/out/maxj/src/kernels/BaseLib.maxj (at line 7)
[maxjcompiler] 	import com.maxeler.maxcompiler.v2.kernelcompiler.stdlib.memory.Memory;
[maxjcompiler] 	       ^^^^^^^^^^^^^^^^^^^^^^^^^^^^^^^^^^^^^^^^^^^^^^^^^^^^^^^^^^^^^^
[maxjcompiler] The import com.maxeler.maxcompiler.v2.kernelcompiler.stdlib.memory.Memory is never used
[maxjcompiler] ----------
[maxjcompiler] 147. WARNING in /local/ssd/home/mattfel/transform_regression_tests_21-24/hyperdsl/spatial/regression_tests/characterization/0_CharLoadTest/out/maxj/src/kernels/BaseLib.maxj (at line 8)
[maxjcompiler] 	import com.maxeler.maxcompiler.v2.kernelcompiler.Kernel;
[maxjcompiler] 	       ^^^^^^^^^^^^^^^^^^^^^^^^^^^^^^^^^^^^^^^^^^^^^^^^
[maxjcompiler] The import com.maxeler.maxcompiler.v2.kernelcompiler.Kernel is never used
[maxjcompiler] ----------
[maxjcompiler] 148. WARNING in /local/ssd/home/mattfel/transform_regression_tests_21-24/hyperdsl/spatial/regression_tests/characterization/0_CharLoadTest/out/maxj/src/kernels/BaseLib.maxj (at line 9)
[maxjcompiler] 	import com.maxeler.maxcompiler.v2.kernelcompiler.KernelParameters;
[maxjcompiler] 	       ^^^^^^^^^^^^^^^^^^^^^^^^^^^^^^^^^^^^^^^^^^^^^^^^^^^^^^^^^^
[maxjcompiler] The import com.maxeler.maxcompiler.v2.kernelcompiler.KernelParameters is never used
[maxjcompiler] ----------
[maxjcompiler] 149. WARNING in /local/ssd/home/mattfel/transform_regression_tests_21-24/hyperdsl/spatial/regression_tests/characterization/0_CharLoadTest/out/maxj/src/kernels/BaseLib.maxj (at line 11)
[maxjcompiler] 	import com.maxeler.maxcompiler.v2.utils.MathUtils;
[maxjcompiler] 	       ^^^^^^^^^^^^^^^^^^^^^^^^^^^^^^^^^^^^^^^^^^
[maxjcompiler] The import com.maxeler.maxcompiler.v2.utils.MathUtils is never used
[maxjcompiler] ----------
[maxjcompiler] 150. WARNING in /local/ssd/home/mattfel/transform_regression_tests_21-24/hyperdsl/spatial/regression_tests/characterization/0_CharLoadTest/out/maxj/src/kernels/BaseLib.maxj (at line 14)
[maxjcompiler] 	import com.maxeler.maxcompiler.v2.kernelcompiler.stdlib.KernelMath;
[maxjcompiler] 	       ^^^^^^^^^^^^^^^^^^^^^^^^^^^^^^^^^^^^^^^^^^^^^^^^^^^^^^^^^^^
[maxjcompiler] The import com.maxeler.maxcompiler.v2.kernelcompiler.stdlib.KernelMath is never used
[maxjcompiler] ----------
[maxjcompiler] 151. WARNING in /local/ssd/home/mattfel/transform_regression_tests_21-24/hyperdsl/spatial/regression_tests/characterization/0_CharLoadTest/out/maxj/src/kernels/BaseLib.maxj (at line 15)
[maxjcompiler] 	import com.maxeler.maxcompiler.v2.kernelcompiler.types.base.DFEType;
[maxjcompiler] 	       ^^^^^^^^^^^^^^^^^^^^^^^^^^^^^^^^^^^^^^^^^^^^^^^^^^^^^^^^^^^^
[maxjcompiler] The import com.maxeler.maxcompiler.v2.kernelcompiler.types.base.DFEType is never used
[maxjcompiler] ----------
[maxjcompiler] 152. WARNING in /local/ssd/home/mattfel/transform_regression_tests_21-24/hyperdsl/spatial/regression_tests/characterization/0_CharLoadTest/out/maxj/src/kernels/BaseLib.maxj (at line 16)
[maxjcompiler] 	import com.maxeler.maxcompiler.v2.kernelcompiler.stdlib.core.Stream.OffsetExpr;
[maxjcompiler] 	       ^^^^^^^^^^^^^^^^^^^^^^^^^^^^^^^^^^^^^^^^^^^^^^^^^^^^^^^^^^^^^^^^^^^^^^^
[maxjcompiler] The import com.maxeler.maxcompiler.v2.kernelcompiler.stdlib.core.Stream.OffsetExpr is never used
[maxjcompiler] ----------
[maxjcompiler] 153. WARNING in /local/ssd/home/mattfel/transform_regression_tests_21-24/hyperdsl/spatial/regression_tests/characterization/0_CharLoadTest/out/maxj/src/kernels/BaseLib.maxj (at line 17)
[maxjcompiler] 	import com.maxeler.maxcompiler.v2.kernelcompiler.stdlib.Reductions;
[maxjcompiler] 	       ^^^^^^^^^^^^^^^^^^^^^^^^^^^^^^^^^^^^^^^^^^^^^^^^^^^^^^^^^^^
[maxjcompiler] The import com.maxeler.maxcompiler.v2.kernelcompiler.stdlib.Reductions is never used
[maxjcompiler] ----------
[maxjcompiler] 154. WARNING in /local/ssd/home/mattfel/transform_regression_tests_21-24/hyperdsl/spatial/regression_tests/characterization/0_CharLoadTest/out/maxj/src/kernels/BaseLib.maxj (at line 18)
[maxjcompiler] 	import com.maxeler.maxcompiler.v2.kernelcompiler.SMIO;
[maxjcompiler] 	       ^^^^^^^^^^^^^^^^^^^^^^^^^^^^^^^^^^^^^^^^^^^^^^
[maxjcompiler] The import com.maxeler.maxcompiler.v2.kernelcompiler.SMIO is never used
[maxjcompiler] ----------
[maxjcompiler] 155. WARNING in /local/ssd/home/mattfel/transform_regression_tests_21-24/hyperdsl/spatial/regression_tests/characterization/0_CharLoadTest/out/maxj/src/kernels/BaseLib.maxj (at line 19)
[maxjcompiler] 	import com.maxeler.maxcompiler.v2.kernelcompiler.stdlib.Accumulator;
[maxjcompiler] 	       ^^^^^^^^^^^^^^^^^^^^^^^^^^^^^^^^^^^^^^^^^^^^^^^^^^^^^^^^^^^^
[maxjcompiler] The import com.maxeler.maxcompiler.v2.kernelcompiler.stdlib.Accumulator is never used
[maxjcompiler] ----------
[maxjcompiler] 156. WARNING in /local/ssd/home/mattfel/transform_regression_tests_21-24/hyperdsl/spatial/regression_tests/characterization/0_CharLoadTest/out/maxj/src/kernels/BaseLib.maxj (at line 20)
[maxjcompiler] 	import com.maxeler.maxcompiler.v2.kernelcompiler.types.base.DFEType;
[maxjcompiler] 	       ^^^^^^^^^^^^^^^^^^^^^^^^^^^^^^^^^^^^^^^^^^^^^^^^^^^^^^^^^^^^
[maxjcompiler] The import com.maxeler.maxcompiler.v2.kernelcompiler.types.base.DFEType is never used
[maxjcompiler] ----------
[maxjcompiler] 157. WARNING in /local/ssd/home/mattfel/transform_regression_tests_21-24/hyperdsl/spatial/regression_tests/characterization/0_CharLoadTest/out/maxj/src/kernels/BaseLib.maxj (at line 21)
[maxjcompiler] 	import com.maxeler.maxcompiler.v2.kernelcompiler.types.composite.DFEVector;
[maxjcompiler] 	       ^^^^^^^^^^^^^^^^^^^^^^^^^^^^^^^^^^^^^^^^^^^^^^^^^^^^^^^^^^^^^^^^^^^
[maxjcompiler] The import com.maxeler.maxcompiler.v2.kernelcompiler.types.composite.DFEVector is never used
[maxjcompiler] ----------
[maxjcompiler] 158. WARNING in /local/ssd/home/mattfel/transform_regression_tests_21-24/hyperdsl/spatial/regression_tests/characterization/0_CharLoadTest/out/maxj/src/kernels/BaseLib.maxj (at line 22)
[maxjcompiler] 	import com.maxeler.maxcompiler.v2.kernelcompiler.types.composite.DFEVectorType;
[maxjcompiler] 	       ^^^^^^^^^^^^^^^^^^^^^^^^^^^^^^^^^^^^^^^^^^^^^^^^^^^^^^^^^^^^^^^^^^^^^^^
[maxjcompiler] The import com.maxeler.maxcompiler.v2.kernelcompiler.types.composite.DFEVectorType is never used
[maxjcompiler] ----------
[maxjcompiler] 159. WARNING in /local/ssd/home/mattfel/transform_regression_tests_21-24/hyperdsl/spatial/regression_tests/characterization/0_CharLoadTest/out/maxj/src/kernels/BaseLib.maxj (at line 24)
[maxjcompiler] 	import java.util.Arrays;
[maxjcompiler] 	       ^^^^^^^^^^^^^^^^
[maxjcompiler] The import java.util.Arrays is never used
[maxjcompiler] ----------
[maxjcompiler] ----------
[maxjcompiler] 160. WARNING in /local/ssd/home/mattfel/transform_regression_tests_21-24/hyperdsl/spatial/regression_tests/characterization/0_CharLoadTest/out/maxj/src/kernels/MaxJManager.maxj (at line 3)
[maxjcompiler] 	import com.maxeler.maxcompiler.v2.kernelcompiler.Kernel;
[maxjcompiler] 	       ^^^^^^^^^^^^^^^^^^^^^^^^^^^^^^^^^^^^^^^^^^^^^^^^
[maxjcompiler] The import com.maxeler.maxcompiler.v2.kernelcompiler.Kernel is never used
[maxjcompiler] ----------
[maxjcompiler] 161. WARNING in /local/ssd/home/mattfel/transform_regression_tests_21-24/hyperdsl/spatial/regression_tests/characterization/0_CharLoadTest/out/maxj/src/kernels/MaxJManager.maxj (at line 4)
[maxjcompiler] 	import com.maxeler.maxcompiler.v2.managers.standard.Manager;
[maxjcompiler] 	       ^^^^^^^^^^^^^^^^^^^^^^^^^^^^^^^^^^^^^^^^^^^^^^^^^^^^
[maxjcompiler] The import com.maxeler.maxcompiler.v2.managers.standard.Manager is never used
[maxjcompiler] ----------
[maxjcompiler] 162. WARNING in /local/ssd/home/mattfel/transform_regression_tests_21-24/hyperdsl/spatial/regression_tests/characterization/0_CharLoadTest/out/maxj/src/kernels/MaxJManager.maxj (at line 5)
[maxjcompiler] 	import com.maxeler.maxcompiler.v2.managers.standard.Manager.MemAccessPattern;
[maxjcompiler] 	       ^^^^^^^^^^^^^^^^^^^^^^^^^^^^^^^^^^^^^^^^^^^^^^^^^^^^^^^^^^^^^^^^^^^^^
[maxjcompiler] The import com.maxeler.maxcompiler.v2.managers.standard.Manager.MemAccessPattern is never used
[maxjcompiler] ----------
[maxjcompiler] 163. WARNING in /local/ssd/home/mattfel/transform_regression_tests_21-24/hyperdsl/spatial/regression_tests/characterization/0_CharLoadTest/out/maxj/src/kernels/MaxJManager.maxj (at line 6)
[maxjcompiler] 	import com.maxeler.maxcompiler.v2.managers.standard.Manager.IOType;
[maxjcompiler] 	       ^^^^^^^^^^^^^^^^^^^^^^^^^^^^^^^^^^^^^^^^^^^^^^^^^^^^^^^^^^^
[maxjcompiler] The import com.maxeler.maxcompiler.v2.managers.standard.Manager.IOType is never used
[maxjcompiler] ----------
[maxjcompiler] 164. WARNING in /local/ssd/home/mattfel/transform_regression_tests_21-24/hyperdsl/spatial/regression_tests/characterization/0_CharLoadTest/out/maxj/src/kernels/MaxJManager.maxj (at line 16)
[maxjcompiler] 	import com.maxeler.maxcompiler.v2.managers.custom.stdlib.MemoryControllerConfig;
[maxjcompiler] 	       ^^^^^^^^^^^^^^^^^^^^^^^^^^^^^^^^^^^^^^^^^^^^^^^^^^^^^^^^^^^^^^^^^^^^^^^^
[maxjcompiler] The import com.maxeler.maxcompiler.v2.managers.custom.stdlib.MemoryControllerConfig is never used
[maxjcompiler] ----------
[maxjcompiler] 165. WARNING in /local/ssd/home/mattfel/transform_regression_tests_21-24/hyperdsl/spatial/regression_tests/characterization/0_CharLoadTest/out/maxj/src/kernels/MaxJManager.maxj (at line 18)
[maxjcompiler] 	import com.maxeler.maxcompiler.v2.kernelcompiler.KernelConfiguration.OptimizationOptions;
[maxjcompiler] 	       ^^^^^^^^^^^^^^^^^^^^^^^^^^^^^^^^^^^^^^^^^^^^^^^^^^^^^^^^^^^^^^^^^^^^^^^^^^^^^^^^^
[maxjcompiler] The import com.maxeler.maxcompiler.v2.kernelcompiler.KernelConfiguration.OptimizationOptions is never used
[maxjcompiler] ----------
[maxjcompiler] 166. WARNING in /local/ssd/home/mattfel/transform_regression_tests_21-24/hyperdsl/spatial/regression_tests/characterization/0_CharLoadTest/out/maxj/src/kernels/MaxJManager.maxj (at line 19)
[maxjcompiler] 	import com.maxeler.maxcompiler.v2.kernelcompiler.KernelConfiguration.OptimizationOptions.OptimizationTechnique;
[maxjcompiler] 	       ^^^^^^^^^^^^^^^^^^^^^^^^^^^^^^^^^^^^^^^^^^^^^^^^^^^^^^^^^^^^^^^^^^^^^^^^^^^^^^^^^^^^^^^^^^^^^^^^^^^^^^^
[maxjcompiler] The import com.maxeler.maxcompiler.v2.kernelcompiler.KernelConfiguration.OptimizationOptions.OptimizationTechnique is never used
[maxjcompiler] ----------
[maxjcompiler] 167. WARNING in /local/ssd/home/mattfel/transform_regression_tests_21-24/hyperdsl/spatial/regression_tests/characterization/0_CharLoadTest/out/maxj/src/kernels/MaxJManager.maxj (at line 23)
[maxjcompiler] 	private static final CPUTypes int8_t =    CPUTypes.INT8;
[maxjcompiler] 	                              ^^^^^^
[maxjcompiler] The field TopManager.int8_t is never read locally
[maxjcompiler] ----------
[maxjcompiler] 168. WARNING in /local/ssd/home/mattfel/transform_regression_tests_21-24/hyperdsl/spatial/regression_tests/characterization/0_CharLoadTest/out/maxj/src/kernels/MaxJManager.maxj (at line 24)
[maxjcompiler] 	private static final CPUTypes int16_t =    CPUTypes.INT16;
[maxjcompiler] 	                              ^^^^^^^
[maxjcompiler] The field TopManager.int16_t is never read locally
[maxjcompiler] ----------
[maxjcompiler] 169. WARNING in /local/ssd/home/mattfel/transform_regression_tests_21-24/hyperdsl/spatial/regression_tests/characterization/0_CharLoadTest/out/maxj/src/kernels/MaxJManager.maxj (at line 26)
[maxjcompiler] 	private static final CPUTypes int64_t =    CPUTypes.INT64;
[maxjcompiler] 	                              ^^^^^^^
[maxjcompiler] The field TopManager.int64_t is never read locally
[maxjcompiler] ----------
[maxjcompiler] 170. WARNING in /local/ssd/home/mattfel/transform_regression_tests_21-24/hyperdsl/spatial/regression_tests/characterization/0_CharLoadTest/out/maxj/src/kernels/MaxJManager.maxj (at line 28)
[maxjcompiler] 	private static final CPUTypes uint16_t =    CPUTypes.UINT16;
[maxjcompiler] 	                              ^^^^^^^^
[maxjcompiler] The field TopManager.uint16_t is never read locally
[maxjcompiler] ----------
[maxjcompiler] 171. WARNING in /local/ssd/home/mattfel/transform_regression_tests_21-24/hyperdsl/spatial/regression_tests/characterization/0_CharLoadTest/out/maxj/src/kernels/MaxJManager.maxj (at line 30)
[maxjcompiler] 	private static final CPUTypes uint64_t =    CPUTypes.UINT64;
[maxjcompiler] 	                              ^^^^^^^^
[maxjcompiler] The field TopManager.uint64_t is never read locally
[maxjcompiler] ----------
[maxjcompiler] 172. WARNING in /local/ssd/home/mattfel/transform_regression_tests_21-24/hyperdsl/spatial/regression_tests/characterization/0_CharLoadTest/out/maxj/src/kernels/MaxJManager.maxj (at line 31)
[maxjcompiler] 	private static final CPUTypes FLOAT = CPUTypes.FLOAT;
[maxjcompiler] 	                              ^^^^^
[maxjcompiler] The field TopManager.FLOAT is never read locally
[maxjcompiler] ----------
[maxjcompiler] 173. WARNING in /local/ssd/home/mattfel/transform_regression_tests_21-24/hyperdsl/spatial/regression_tests/characterization/0_CharLoadTest/out/maxj/src/kernels/MaxJManager.maxj (at line 32)
[maxjcompiler] 	private static final CPUTypes DOUBLE = CPUTypes.DOUBLE;
[maxjcompiler] 	                              ^^^^^^
[maxjcompiler] The field TopManager.DOUBLE is never read locally
[maxjcompiler] ----------
[maxjcompiler] ----------
[maxjcompiler] 174. WARNING in /local/ssd/home/mattfel/transform_regression_tests_21-24/hyperdsl/spatial/regression_tests/characterization/0_CharLoadTest/out/maxj/src/kernels/TopKernelLib.maxj (at line 23)
[maxjcompiler] 	import com.maxeler.maxcompiler.v2.kernelcompiler.types.base.DFEType;
[maxjcompiler] 	       ^^^^^^^^^^^^^^^^^^^^^^^^^^^^^^^^^^^^^^^^^^^^^^^^^^^^^^^^^^^^
[maxjcompiler] The import com.maxeler.maxcompiler.v2.kernelcompiler.types.base.DFEType is never used
[maxjcompiler] ----------
[maxjcompiler] 175. ERROR in /local/ssd/home/mattfel/transform_regression_tests_21-24/hyperdsl/spatial/regression_tests/characterization/0_CharLoadTest/out/maxj/src/kernels/TopKernelLib.maxj (at line 243)
[maxjcompiler] 	BRAM643_0.connectWport(Vector660, Vector658, pipe663_datapath_en); //w6
[maxjcompiler] 	          ^^^^^^^^^^^^
[maxjcompiler] The method connectWport(DFEVector<DFEVar>, DFEVar, DFEVar, int[]) in the type DummyMemLib is not applicable for the arguments (DFEVector<DFEVar>, DFEVector<DFEVar>, DFEVar)
[maxjcompiler] ----------
[maxjcompiler] 175 problems (1 error, 174 warnings)

BUILD FAILED
/local/ssd/home/mattfel/transform_regression_tests_21-24/hyperdsl/spatial/regression_tests/characterization/0_CharLoadTest/out/build.xml:40: /local/ssd/home/mattfel/transform_regression_tests_21-24/hyperdsl/spatial/regression_tests/characterization/0_CharLoadTest/out/build.xml:40: Compile failed; see the compiler error output for details.

Total time: 3 seconds
make: *** [bitstream-sim] Error 1
