Ignoring silly LD_PRELOAD  e r r o r
Ignoring silly LD_PRELOAD  e r r o r
Delite Application Being Staged:[DotProduct$]
******Generating the program******
Loaded RoutingLUTs model from file
Loaded FanoutRegisters model from file
Loaded UnavailableALMs model from file
Resource Estimate Breakdown: 
-----------------------------
Estimated unavailable ALMs: 538
LUT3: 26432
LUT4: 11580
LUT5: 12630
LUT6: 9412
LUT7: 468
Estimated routing luts: 21200
Logic+register ALMs: 50816
Register-only ALMS:  0
Recovered ALMs:      37141
MEM64: 4619
MEM32: 519
MEM16: 559
Design registers: 81494
Memory registers: 0
Fanout registers: 3809
Design BRAMs: 340
Fanout BRAMs: 0

Resource Estimate Summary: 
---------------------------
ALMs: 50816 / 262400 (19.37%)
Regs: 85303
DSPs: 8 / 1963 (0.41%)
BRAM: 340 / 2567 (13.25%)

Loaded TileLoadModel model from file
Estimated cycles: 43446
Estimated runtime (at 150.00MHz): 0.00028964s
Instruction statistics:
  Instructions: 2320 (0.000 GI)
  FLOPs: 0 (0.000 GFLOPs)
  On-chip loads: 24576 bits (0.000 GB)
  On-chip stores: 12288 bits (0.000 GB)
  Off-chip loads: 12288 bits (0.000 GB)
  Off-chip stores: 0 bits (0.000 GB)
--
  Total on-chip transfers: 0.000 GB
  Total off-chip transfers: 0.000 GB

Performance statistics (based on estimated runtime):
  Instructions: 0.008 GIPS
  Floating point: 0.000 GFLOPS
  On-chip load bandwidth: 0.010 GB/s
  On-chip store bandwidth: 0.005 GB/s
  Off-chip load bandwidth: 0.005 GB/s
  Off-chip store bandwidth: 0.000 GB/s
--
  Total on-chip bandwidth: 0.015 GB/s
  Total off-chip bandwidth: 0.005 GB/s
 Reduction pipe1681 unroll Sym(1353) Vector_from_list(List(Sym(1351), Sym(1352)))
 Reduction pipe1681 unroll Sym(1668) Par_bram_load(Sym(1600),Sym(1353))
 Reduction pipe1681 unroll Sym(1669) Par_bram_load(Sym(1602),Sym(1353))
 Reduction pipe1681 unroll Sym(1670) Reg_read(Sym(1343))
 Reduction pipe1681 unroll Sym(1671) Vec_apply(Sym(1668),0)
 Reduction pipe1681 unroll Sym(1672) Vec_apply(Sym(1669),0)
 Reduction pipe1681 unroll Sym(1673) FixPt_Mul(Sym(1671),Sym(1672))
 Reduction pipe1681 unroll Sym(1674) Vec_apply(Sym(1668),1)
 Reduction pipe1681 unroll Sym(1675) Vec_apply(Sym(1669),1)
 Reduction pipe1681 unroll Sym(1676) FixPt_Mul(Sym(1674),Sym(1675))
 Reduction pipe1681 unroll Sym(1677) FixPt_Add(Sym(1673),Sym(1676))
 Reduction pipe1681 unroll Sym(1678) FixPt_Add(Sym(1677),Sym(1670))
 Reduction pipe1681 unroll Sym(1679) Reg_write(Sym(1343),Sym(1678),Sym(192))
 Reduction pipe1681 unroll Sym(1680) Reify(Sym(1679),Summary(mayRead(Sym(1600), Sym(1602), Sym(1343)), mstRead(Sym(1600), Sym(1602), Sym(1343)), mayWrite(Sym(1343)), mstWrite(Sym(1343))),List(Sym(1668), Sym(1669), Sym(1670), Sym(1679)))
 Reduction pipe1695 unroll Sym(1386) Vector_from_list(List(Sym(1384), Sym(1385)))
 Reduction pipe1695 unroll Sym(1682) Par_bram_load(Sym(1601),Sym(1386))
 Reduction pipe1695 unroll Sym(1683) Par_bram_load(Sym(1603),Sym(1386))
 Reduction pipe1695 unroll Sym(1684) Reg_read(Sym(1376))
 Reduction pipe1695 unroll Sym(1685) Vec_apply(Sym(1682),0)
 Reduction pipe1695 unroll Sym(1686) Vec_apply(Sym(1683),0)
 Reduction pipe1695 unroll Sym(1687) FixPt_Mul(Sym(1685),Sym(1686))
 Reduction pipe1695 unroll Sym(1688) Vec_apply(Sym(1682),1)
 Reduction pipe1695 unroll Sym(1689) Vec_apply(Sym(1683),1)
 Reduction pipe1695 unroll Sym(1690) FixPt_Mul(Sym(1688),Sym(1689))
 Reduction pipe1695 unroll Sym(1691) FixPt_Add(Sym(1687),Sym(1690))
 Reduction pipe1695 unroll Sym(1692) FixPt_Add(Sym(1691),Sym(1684))
 Reduction pipe1695 unroll Sym(1693) Reg_write(Sym(1376),Sym(1692),Sym(192))
 Reduction pipe1695 unroll Sym(1694) Reify(Sym(1693),Summary(mayRead(Sym(1601), Sym(1603), Sym(1376)), mstRead(Sym(1601), Sym(1603), Sym(1376)), mayWrite(Sym(1376)), mstWrite(Sym(1376))),List(Sym(1682), Sym(1683), Sym(1684), Sym(1693)))
 Reduction void1705 unroll Sym(1698) Reg_read(Sym(1662))
 Reduction void1705 unroll Sym(1699) Reg_read(Sym(1663))
 Reduction void1705 unroll Sym(1700) Reg_read(Sym(1594))
 Reduction void1705 unroll Sym(1701) FixPt_Add(Sym(1698),Sym(1699))
 Reduction void1705 unroll Sym(1702) FixPt_Add(Sym(1701),Sym(1700))
 Reduction void1705 unroll Sym(1703) Reg_write(Sym(1594),Sym(1702),Sym(192))
 Reduction void1705 unroll Sym(1704) Reify(Sym(1703),Summary(mayRead(Sym(1662), Sym(1663), Sym(1594)), mstRead(Sym(1662), Sym(1663), Sym(1594)), mayWrite(Sym(1594)), mstWrite(Sym(1594))),List(Sym(1698), Sym(1699), Sym(1700), Sym(1703)))
[getFileStream] Created file /home/mattfel/transform_regression_tests_21-24/hyperdsl/spatial/published/Spatial/generated/DotProduct//maxj/kernels//TopKernelLib.maxj
[emitAnyNode] s = x1, tpestr = java.lang.String
[emitAnyNode] s = x1, tpestr = string 
[emitAnyNode] s = x1, tpestr = java.lang.String
[30m[43mmaxj: don't know how to generate code for: ArrayApply(Sym(0),Const(0))[0m
[emitAnyNode] kernelName = x1, node = ArrayApply, supportedTargets = ListBuffer(scala, cpp, maxj)
[emitAnyNode] s = x2, tpestr = FixedPoint[Signed,B32,B0]
[emitAnyNode] s = x2, tpestr = int32_t 
[emitAnyNode] s = x2, tpestr = spatial.compiler.ops.FixedPoint[spatial.shared.Signed, spatial.shared.B32, spatial.shared.B0]
[30m[43mmaxj: don't know how to generate code for: Tpes_String_to_fixpt(Sym(1))[0m
[emitAnyNode] kernelName = x2, node = Tpes_String_to_fixpt, supportedTargets = ListBuffer(scala, cpp, maxj)
[emitAnyNode] s = x3, tpestr = Int
[emitAnyNode] s = x3, tpestr = int32_t 
[emitAnyNode] s = x3, tpestr = Int
[30m[43mmaxj: don't know how to generate code for: Tpes_Fix_to_int(Sym(2))[0m
[emitAnyNode] kernelName = x3, node = Tpes_Fix_to_int, supportedTargets = ListBuffer(scala, cpp, maxj)
[emitAnyNode] s = x5, tpestr = FixedPoint[Signed,B32,B0]
[emitAnyNode] s = x5, tpestr = int32_t 
[emitAnyNode] s = x5, tpestr = spatial.compiler.ops.FixedPoint[spatial.shared.Signed, spatial.shared.B32, spatial.shared.B0]
[emitAnyNode] kernelName = x5, node = ConstFixPt, supportedTargets = ListBuffer(scala, cpp, maxj)
[emitAnyNode] s = x1528, tpestr = Array[FixedPoint[Signed,B32,B0]]
[emitAnyNode] s = x1528, tpestr = cppDeliteArrayint32_t *
[emitAnyNode] s = x1528, tpestr = ppl.delite.framework.datastructures.DeliteArray[spatial.compiler.ops.FixedPoint[spatial.shared.Signed, spatial.shared.B32, spatial.shared.B0]]
[30m[43mmaxj: don't know how to generate code for: DeliteArrayFromFunction(Sym(3),<function1>)[0m
[emitAnyNode] kernelName = x1528, node = DeliteArrayFromFunction, supportedTargets = ListBuffer(scala, cpp, maxj)
[emitAnyNode] s = x1567, tpestr = Array[FixedPoint[Signed,B32,B0]]
[emitAnyNode] s = x1567, tpestr = cppDeliteArrayint32_t *
[emitAnyNode] s = x1567, tpestr = ppl.delite.framework.datastructures.DeliteArray[spatial.compiler.ops.FixedPoint[spatial.shared.Signed, spatial.shared.B32, spatial.shared.B0]]
[30m[43mmaxj: don't know how to generate code for: DeliteArrayFromFunction(Sym(3),<function1>)[0m
[emitAnyNode] kernelName = x1567, node = DeliteArrayFromFunction, supportedTargets = ListBuffer(scala, cpp, maxj)
[emitAnyNode] s = x1568, tpestr = Unit
[emitAnyNode] s = x1568, tpestr = void 
[emitAnyNode] s = x1568, tpestr = Unit
[emitAnyNode] kernelName = x1568, node = Nosynth1_Println, supportedTargets = ListBuffer(scala, cpp, maxj)
[emitAnyNode] s = x98, tpestr = FixedPoint[Signed,B32,B0]
[emitAnyNode] s = x98, tpestr = int32_t 
[emitAnyNode] s = x98, tpestr = spatial.compiler.ops.FixedPoint[spatial.shared.Signed, spatial.shared.B32, spatial.shared.B0]
[emitAnyNode] kernelName = x98, node = ConstFixPt, supportedTargets = ListBuffer(scala, cpp, maxj)
[emitAnyNode] s = x101, tpestr = FixedPoint[Signed,B32,B0]
[emitAnyNode] s = x101, tpestr = int32_t 
[emitAnyNode] s = x101, tpestr = spatial.compiler.ops.FixedPoint[spatial.shared.Signed, spatial.shared.B32, spatial.shared.B0]
[emitAnyNode] kernelName = x101, node = ConstFixPt, supportedTargets = ListBuffer(scala, cpp, maxj)
[emitAnyNode] s = x1569, tpestr = Int
[emitAnyNode] s = x1569, tpestr = int32_t 
[emitAnyNode] s = x1569, tpestr = Int
[30m[43mmaxj: don't know how to generate code for: DeliteArrayLength(Sym(1528))[0m
[emitAnyNode] kernelName = x1569, node = DeliteArrayLength, supportedTargets = ListBuffer(scala, cpp, maxj)
[emitAnyNode] s = x1570, tpestr = FixedPoint[Signed,B32,B0]
[emitAnyNode] s = x1570, tpestr = int32_t 
[emitAnyNode] s = x1570, tpestr = spatial.compiler.ops.FixedPoint[spatial.shared.Signed, spatial.shared.B32, spatial.shared.B0]
[emitAnyNode] kernelName = x1570, node = Tpes_Int_to_fix, supportedTargets = ListBuffer(scala, cpp, maxj)
[emitAnyNode] s = x1575, tpestr = Unit
[emitAnyNode] s = x1575, tpestr = void 
[emitAnyNode] s = x1575, tpestr = Unit
[30m[43mmaxj: don't know how to generate code for: Forloop(Sym(98),Sym(1570),Sym(101),Block(Sym(1574)),Sym(103))[0m
[emitAnyNode] kernelName = x1575, node = Forloop, supportedTargets = ListBuffer(scala, cpp, maxj)
[emitAnyNode] s = x1576, tpestr = Unit
[emitAnyNode] s = x1576, tpestr = void 
[emitAnyNode] s = x1576, tpestr = Unit
[emitAnyNode] kernelName = x1576, node = Nosynth1_Println, supportedTargets = ListBuffer(scala, cpp, maxj)
[emitAnyNode] s = x1577, tpestr = Unit
[emitAnyNode] s = x1577, tpestr = void 
[emitAnyNode] s = x1577, tpestr = Unit
[emitAnyNode] kernelName = x1577, node = Nosynth1_Println, supportedTargets = ListBuffer(scala, cpp, maxj)
[emitAnyNode] s = x1578, tpestr = Int
[emitAnyNode] s = x1578, tpestr = int32_t 
[emitAnyNode] s = x1578, tpestr = Int
[30m[43mmaxj: don't know how to generate code for: DeliteArrayLength(Sym(1567))[0m
[emitAnyNode] kernelName = x1578, node = DeliteArrayLength, supportedTargets = ListBuffer(scala, cpp, maxj)
[emitAnyNode] s = x1579, tpestr = FixedPoint[Signed,B32,B0]
[emitAnyNode] s = x1579, tpestr = int32_t 
[emitAnyNode] s = x1579, tpestr = spatial.compiler.ops.FixedPoint[spatial.shared.Signed, spatial.shared.B32, spatial.shared.B0]
[emitAnyNode] kernelName = x1579, node = Tpes_Int_to_fix, supportedTargets = ListBuffer(scala, cpp, maxj)
[emitAnyNode] s = x1584, tpestr = Unit
[emitAnyNode] s = x1584, tpestr = void 
[emitAnyNode] s = x1584, tpestr = Unit
[30m[43mmaxj: don't know how to generate code for: Forloop(Sym(98),Sym(1579),Sym(101),Block(Sym(1583)),Sym(115))[0m
[emitAnyNode] kernelName = x1584, node = Forloop, supportedTargets = ListBuffer(scala, cpp, maxj)
[emitAnyNode] s = x1585, tpestr = Unit
[emitAnyNode] s = x1585, tpestr = void 
[emitAnyNode] s = x1585, tpestr = Unit
[emitAnyNode] kernelName = x1585, node = Nosynth1_Println, supportedTargets = ListBuffer(scala, cpp, maxj)
[emitAnyNode] s = x1586, tpestr = Array[FixedPoint[Signed,B32,B0]]
[emitAnyNode] s = x1586, tpestr = int32_t  *
[emitAnyNode] s = x1586, tpestr = spatial.compiler.ops.Register[spatial.compiler.ops.FixedPoint[spatial.shared.Signed, spatial.shared.B32, spatial.shared.B0]]
[emitAnyNode] kernelName = x1586, node = Argin_new, supportedTargets = ListBuffer(scala, cpp, maxj)
[emitAnyNode] s = x1587, tpestr = Unit
[emitAnyNode] s = x1587, tpestr = void 
[emitAnyNode] s = x1587, tpestr = Unit
[emitAnyNode] kernelName = x1587, node = Set_arg, supportedTargets = ListBuffer(scala, cpp, maxj)
[emitAnyNode] s = x1588, tpestr = Array[FixedPoint[Signed,B32,B0]]
[emitAnyNode] s = x1588, tpestr = int32_t  *
[emitAnyNode] s = x1588, tpestr = spatial.compiler.ops.Register[spatial.compiler.ops.FixedPoint[spatial.shared.Signed, spatial.shared.B32, spatial.shared.B0]]
[emitAnyNode] kernelName = x1588, node = Argout_new, supportedTargets = ListBuffer(scala, cpp, maxj)
[emitAnyNode] s = x1589, tpestr = FixedPoint[Signed,B32,B0]
[emitAnyNode] s = x1589, tpestr = int32_t 
[emitAnyNode] s = x1589, tpestr = spatial.compiler.ops.FixedPoint[spatial.shared.Signed, spatial.shared.B32, spatial.shared.B0]
[emitAnyNode] kernelName = x1589, node = Reg_read, supportedTargets = ListBuffer(scala, cpp, maxj)
[emitAnyNode] s = x1590, tpestr = Array[FixedPoint[Signed,B32,B0]]
[emitAnyNode] s = x1590, tpestr = maxjLmem *
[emitAnyNode] s = x1590, tpestr = spatial.compiler.ops.DRAM[spatial.compiler.ops.FixedPoint[spatial.shared.Signed, spatial.shared.B32, spatial.shared.B0]]
[emitAnyNode] kernelName = x1590, node = Offchip_new, supportedTargets = ListBuffer(scala, cpp, maxj)
[emitAnyNode] s = x1591, tpestr = Array[FixedPoint[Signed,B32,B0]]
[emitAnyNode] s = x1591, tpestr = maxjLmem *
[emitAnyNode] s = x1591, tpestr = spatial.compiler.ops.DRAM[spatial.compiler.ops.FixedPoint[spatial.shared.Signed, spatial.shared.B32, spatial.shared.B0]]
[emitAnyNode] kernelName = x1591, node = Offchip_new, supportedTargets = ListBuffer(scala, cpp, maxj)
[emitAnyNode] s = x1592, tpestr = Unit
[emitAnyNode] s = x1592, tpestr = void 
[emitAnyNode] s = x1592, tpestr = Unit
[emitAnyNode] kernelName = x1592, node = Set_mem, supportedTargets = ListBuffer(scala, cpp, maxj)
[emitAnyNode] s = x1593, tpestr = Unit
[emitAnyNode] s = x1593, tpestr = void 
[emitAnyNode] s = x1593, tpestr = Unit
[emitAnyNode] kernelName = x1593, node = Set_mem, supportedTargets = ListBuffer(scala, cpp, maxj)
[emitAnyNode] s = x1025, tpestr = FixedPoint[Signed,B32,B0]
[emitAnyNode] s = x1025, tpestr = int32_t 
[emitAnyNode] s = x1025, tpestr = spatial.compiler.ops.FixedPoint[spatial.shared.Signed, spatial.shared.B32, spatial.shared.B0]
[emitAnyNode] kernelName = x1025, node = ConstFixPt, supportedTargets = ListBuffer(scala, cpp, maxj)
[emitAnyNode] s = x146, tpestr = FixedPoint[Signed,B32,B0]
[emitAnyNode] s = x146, tpestr = int32_t 
[emitAnyNode] s = x146, tpestr = spatial.compiler.ops.FixedPoint[spatial.shared.Signed, spatial.shared.B32, spatial.shared.B0]
[emitAnyNode] kernelName = x146, node = ConstFixPt, supportedTargets = ListBuffer(scala, cpp, maxj)
[emitAnyNode] s = x192, tpestr = Boolean
[emitAnyNode] s = x192, tpestr = bool 
[emitAnyNode] s = x192, tpestr = spatial.compiler.ops.SpatialBit
[emitAnyNode] kernelName = x192, node = ConstBit, supportedTargets = ListBuffer(scala, cpp, maxj)
[emitAnyNode] s = x1713, tpestr = Unit
[emitAnyNode] s = x1713, tpestr = void 
[emitAnyNode] s = x1713, tpestr = Unit
[30m[43mmaxj: don't know how to generate code for: ArrayApply(Sym(0),Const(0))[0m
[30m[43mmaxj: don't know how to generate code for: Tpes_String_to_fixpt(Sym(1))[0m
[30m[43mmaxj: don't know how to generate code for: Tpes_Fix_to_int(Sym(2))[0m
[30m[43mmaxj: don't know how to generate code for: DeliteArrayFromFunction(Sym(3),<function1>)[0m
[30m[43mmaxj: don't know how to generate code for: DeliteArrayLength(Sym(1528))[0m
[WARNING] Assume duplicate 0 is the inside reduction register and do not emit lib
[WARNING] Assume duplicate 0 is the inside reduction register and do not emit lib
[WARNING] Assume duplicate 0 is the inside reduction register and do not emit lib
Checking writers of Sym(1662) ((Sym(1679),(Sym(1681),false))) for Sym(1679)
Checking writers of Sym(1663) ((Sym(1693),(Sym(1695),false))) for Sym(1693)
Checking writers of Sym(1594) ((Sym(1703),(Sym(1705),false))) for Sym(1703)
Checking writers of Sym(1588) ((Sym(1709),(Sym(1711),false))) for Sym(1709)
[emitAnyNode] kernelName = x1713, node = Hwblock, supportedTargets = ListBuffer(scala, cpp, maxj)
[emitAnyNode] s = x1714, tpestr = FixedPoint[Signed,B32,B0]
[emitAnyNode] s = x1714, tpestr = int32_t 
[emitAnyNode] s = x1714, tpestr = spatial.compiler.ops.FixedPoint[spatial.shared.Signed, spatial.shared.B32, spatial.shared.B0]
[emitAnyNode] kernelName = x1714, node = Get_arg, supportedTargets = ListBuffer(scala, cpp, maxj)
[emitAnyNode] s = x1754, tpestr = Array[FixedPoint[Signed,B32,B0]]
[emitAnyNode] s = x1754, tpestr = cppDeliteArrayint32_t *
[emitAnyNode] s = x1754, tpestr = ppl.delite.framework.datastructures.DeliteArray[spatial.compiler.ops.FixedPoint[spatial.shared.Signed, spatial.shared.B32, spatial.shared.B0]]
[30m[43mmaxj: don't know how to generate code for: DeliteArrayNew(Sym(225),spatial.compiler.ops.FixedPoint[DotProduct$@1c6b7657.type#spatial.shared.SpatialIdentifiers$Signed, DotProduct$@1c6b7657.type#spatial.shared.SpatialIdentifiers$B32, DotProduct$@1c6b7657.type#spatial.shared.SpatialIdentifiers$B0],PartitionTag(DeliteArray,false))[0m
[30m[43mmaxj: don't know how to generate code for: DeliteArrayApply(Sym(1528),Sym(219))[0m
[30m[43mmaxj: don't know how to generate code for: DeliteArrayApply(Sym(1567),Sym(219))[0m
[30m[43mmaxj: don't know how to generate code for: DeliteArrayUpdate(Sym(223),Sym(219),Sym(224))[0m
[emitAnyNode] kernelName = x1754, node = SimpleFatLoop, supportedTargets = ListBuffer(scala, cpp, maxj)
[emitAnyNode] s = x1758, tpestr = FixedPoint[Signed,B32,B0]
[emitAnyNode] s = x1758, tpestr = int32_t 
[emitAnyNode] s = x1758, tpestr = spatial.compiler.ops.FixedPoint[spatial.shared.Signed, spatial.shared.B32, spatial.shared.B0]
[30m[43mmaxj: don't know how to generate code for: DeliteArrayApply(Sym(1754),Sym(266))[0m
[30m[43mmaxj: don't know how to generate code for: DeliteArrayApply(Sym(1754),Sym(266))[0m
[emitAnyNode] kernelName = x1758, node = SimpleFatLoop, supportedTargets = ListBuffer(scala, cpp, maxj)
[emitAnyNode] s = x1759, tpestr = java.lang.String
[emitAnyNode] s = x1759, tpestr = string 
[emitAnyNode] s = x1759, tpestr = java.lang.String
[30m[43mmaxj: don't know how to generate code for: FString_Forge_string_plus(Const(expected: ),Sym(1758))[0m
[emitAnyNode] kernelName = x1759, node = FString_Forge_string_plus, supportedTargets = ListBuffer(scala, cpp, maxj)
[emitAnyNode] s = x1760, tpestr = Unit
[emitAnyNode] s = x1760, tpestr = void 
[emitAnyNode] s = x1760, tpestr = Unit
[emitAnyNode] kernelName = x1760, node = Nosynth1_Println, supportedTargets = ListBuffer(scala, cpp, maxj)
[emitAnyNode] s = x1761, tpestr = java.lang.String
[emitAnyNode] s = x1761, tpestr = string 
[emitAnyNode] s = x1761, tpestr = java.lang.String
[30m[43mmaxj: don't know how to generate code for: FString_Forge_string_plus(Const(result: ),Sym(1714))[0m
[emitAnyNode] kernelName = x1761, node = FString_Forge_string_plus, supportedTargets = ListBuffer(scala, cpp, maxj)
[emitAnyNode] s = x1762, tpestr = Unit
[emitAnyNode] s = x1762, tpestr = void 
[emitAnyNode] s = x1762, tpestr = Unit
[emitAnyNode] kernelName = x1762, node = Nosynth1_Println, supportedTargets = ListBuffer(scala, cpp, maxj)
[emitAnyNode] s = x1763, tpestr = Boolean
[emitAnyNode] s = x1763, tpestr = bool 
[emitAnyNode] s = x1763, tpestr = spatial.compiler.ops.SpatialBit
[emitAnyNode] kernelName = x1763, node = FixPt_Eql, supportedTargets = ListBuffer(scala, cpp, maxj)
[emitAnyNode] s = x1764, tpestr = java.lang.String
[emitAnyNode] s = x1764, tpestr = string 
[emitAnyNode] s = x1764, tpestr = java.lang.String
[30m[43mmaxj: don't know how to generate code for: FString_Forge_string_plus(Const(PASS: ),Sym(1763))[0m
[emitAnyNode] kernelName = x1764, node = FString_Forge_string_plus, supportedTargets = ListBuffer(scala, cpp, maxj)
[emitAnyNode] s = x1765, tpestr = java.lang.String
[emitAnyNode] s = x1765, tpestr = string 
[emitAnyNode] s = x1765, tpestr = java.lang.String
[30m[43mmaxj: don't know how to generate code for: FString_Forge_string_plus(Sym(1764),Const( (DotProduct)))[0m
[emitAnyNode] kernelName = x1765, node = FString_Forge_string_plus, supportedTargets = ListBuffer(scala, cpp, maxj)
[emitAnyNode] s = x1766, tpestr = Unit
[emitAnyNode] s = x1766, tpestr = void 
[emitAnyNode] s = x1766, tpestr = Unit
[emitAnyNode] kernelName = x1766, node = Nosynth1_Println, supportedTargets = ListBuffer(scala, cpp, maxj)
[delite info 2016-10-09 21:41:35.621226]: Generating DEG file with options: {'enable_pir': True, 'verbose': False, 'no_fusion': False, 'cluster': False, 'debuglast': False, 'no_blas': False, 'no_multidimgpu': False, 'latency': False, 'xdebug': False, 'jar_app': False, 'opencl': False, 'build_dir': '/home/mattfel/transform_regression_tests_21-24/hyperdsl/spatial/published/Spatial', 'maxj': False, 'dump_exception': True, 'no_soa': False, 'strict_control': False, 'profile': False, 'enable_dse': True, 'debug': False, 'optimize': 0, 'long_int': False, 'xnocache': False, 'cuda': False, 'cpp': False, 'dot': False}
Ignoring silly LD_PRELOAD  e r r o r
Ignoring silly LD_PRELOAD  e r r o r
numMaxJ = 1
scheduler = dynamic
[MaxJExecutableGenerator::makeNestedFunction() Cannot generate 'Free_x1')
[MaxJExecutableGenerator::makeNestedFunction() Cannot generate 'Free_x2')
[MaxJExecutableGenerator::makeNestedFunction() Cannot generate 'Free_x3')
[MaxJExecutableGenerator::makeNestedFunction() Cannot generate 'Free_x1567')
[MaxJExecutableGenerator::makeNestedFunction() Cannot generate 'Free_x1579')
[MaxJExecutableGenerator::makeNestedFunction() Cannot generate 'Free_x1584')
[MaxJExecutableGenerator::makeNestedFunction() Cannot generate 'Free_x1587')
[MaxJExecutableGenerator::makeNestedFunction() Cannot generate 'Free_x1589')
[MaxJExecutableGenerator::makeNestedFunction() Cannot generate 'Free_x1591')
[MaxJExecutableGenerator::makeNestedFunction() Cannot generate 'Free_x1592')
[MaxJExecutableGenerator::makeNestedFunction() Cannot generate 'Free_x1593')
[MaxJExecutableGenerator::makeNestedFunction() Cannot generate 'Free_x1025')
[MaxJExecutableGenerator::makeNestedFunction() Cannot generate 'Free_x146')
[MaxJExecutableGenerator::makeNestedFunction() Cannot generate 'Free_x1713')
[MaxJExecutableGenerator::makeNestedFunction() Cannot generate 'Free_x1714')
[MaxJExecutableGenerator::makeNestedFunction() Cannot generate 'Free_x1754')
[MaxJExecutableGenerator::makeNestedFunction() Cannot generate 'Free_x1758')
[MaxJExecutableGenerator::makeNestedFunction() Cannot generate 'Free_x1760')
[MaxJExecutableGenerator::makeNestedFunction() Cannot generate 'Free_x1762')
[MaxJExecutableGenerator::makeNestedFunction() Cannot generate 'Free_x1763')
[MaxJExecutableGenerator::makeNestedFunction() Cannot generate 'Free_x1764')
[MaxJExecutableGenerator::makeNestedFunction() Cannot generate 'Free_x1765')
[MaxJExecutableGenerator::makeNestedFunction() Cannot generate 'Free_x1766')
[delite info 2016-10-09 21:41:56.717812]: executing application: DotProduct.deg 
Parsing log
Running Spatial with arguments: 
/opt/maxcompiler/bin/maxcompilersim -n Top$(md5sum ./maxj/src/kernels/TopKernelLib.maxj | cut -c1-5 | sed 's/1/z/g' | sed 's/2/y/g' | sed 's/3/q/g' | sed 's/4/r/g' | sed 's/5/s/g' | sed 's/6/t/g' | sed 's/7/u/g' | sed 's/8/v/g' | sed 's/9/w/g' | sed 's/0/x/g') stop
ERROR: No PID or lock files found for simulation 'Topttwfw' on host 'london'.
make: [clean] Error 1 (ignored)
rm -f maxobj_Top_DFE_SIM.o
rm -f Top_sim
rm -rf bin Top_MAX4848A_DFE_SIM
rm -f maxj/src/runtime/Executable1.o cpp/src/kernels/cpphelperFuncs.o cpp/src/kernels/x101.o cpp/src/kernels/x1025.o cpp/src/kernels/x146.o cpp/src/kernels/x1528.o cpp/src/kernels/x1567.o cpp/src/kernels/x1568.o cpp/src/kernels/x1569.o cpp/src/kernels/x1570.o cpp/src/kernels/x1575.o cpp/src/kernels/x1576.o cpp/src/kernels/x1577.o cpp/src/kernels/x1578.o cpp/src/kernels/x1579.o cpp/src/kernels/x1584.o cpp/src/kernels/x1585.o cpp/src/kernels/x1586.o cpp/src/kernels/x1587.o cpp/src/kernels/x1588.o cpp/src/kernels/x1589.o cpp/src/kernels/x1590.o cpp/src/kernels/x1591.o cpp/src/kernels/x1592.o cpp/src/kernels/x1593.o cpp/src/kernels/x1713.o cpp/src/kernels/x1714.o cpp/src/kernels/x1754.o cpp/src/kernels/x1758.o cpp/src/kernels/x1759.o cpp/src/kernels/x1760.o cpp/src/kernels/x1761.o cpp/src/kernels/x1762.o cpp/src/kernels/x1763.o cpp/src/kernels/x1764.o cpp/src/kernels/x1765.o cpp/src/kernels/x1766.o cpp/src/kernels/x192.o cpp/src/kernels/x1.o cpp/src/kernels/x2.o cpp/src/kernels/x3.o cpp/src/kernels/x5.o cpp/src/kernels/x98.o cpp/src/static/cpp/Config.o cpp/src/static/cpp/cppDeliteArray.o cpp/src/static/cpp/cppInit.o cpp/src/static/cpp/cppList.o cpp/src/static/cpp/cppRef.o cpp/src/static/cpp/DeliteCpp.o cpp/src/static/cpp/DeliteCppProfiler.o cpp/src/static/cpp/DeliteMemory.o cpp/src/static/cpp/DeliteThreadPool.o cpp/src/static/cpp/pcmHelper.o
rm -f *.log
rm -rf debug*
ant
Buildfile: /local/ssd/home/mattfel/transform_regression_tests_21-24/hyperdsl/spatial/regression_tests/dense/0_DotProduct/out/build.xml

init:
    [mkdir] Created dir: /local/ssd/home/mattfel/transform_regression_tests_21-24/hyperdsl/spatial/regression_tests/dense/0_DotProduct/out/bin

compile:
     [echo] Using MaxCompiler from: /opt/maxcompiler
     [echo] Compiling templates
[maxjcompiler] 
[maxjcompiler] 
[maxjcompiler] Compiling to folder /local/ssd/home/mattfel/transform_regression_tests_21-24/hyperdsl/spatial/regression_tests/dense/0_DotProduct/out/bin
[maxjcompiler] ----------
[maxjcompiler] 1. WARNING in /local/ssd/home/mattfel/transform_regression_tests_21-24/hyperdsl/spatial/regression_tests/dense/0_DotProduct/out/maxj/src/static/templates/SingleCtrSM.maxj (at line 8)
[maxjcompiler] 	import com.maxeler.maxcompiler.v2.statemachine.DFEsmValue;
[maxjcompiler] 	       ^^^^^^^^^^^^^^^^^^^^^^^^^^^^^^^^^^^^^^^^^^^^^^^^^^
[maxjcompiler] The import com.maxeler.maxcompiler.v2.statemachine.DFEsmValue is never used
[maxjcompiler] ----------
[maxjcompiler] ----------
[maxjcompiler] 2. WARNING in /local/ssd/home/mattfel/transform_regression_tests_21-24/hyperdsl/spatial/regression_tests/dense/0_DotProduct/out/maxj/src/static/templates/PQ.maxj (at line 5)
[maxjcompiler] 	import com.maxeler.maxcompiler.v2.kernelcompiler.stdlib.memory.Memory;
[maxjcompiler] 	       ^^^^^^^^^^^^^^^^^^^^^^^^^^^^^^^^^^^^^^^^^^^^^^^^^^^^^^^^^^^^^^
[maxjcompiler] The import com.maxeler.maxcompiler.v2.kernelcompiler.stdlib.memory.Memory is never used
[maxjcompiler] ----------
[maxjcompiler] 3. WARNING in /local/ssd/home/mattfel/transform_regression_tests_21-24/hyperdsl/spatial/regression_tests/dense/0_DotProduct/out/maxj/src/static/templates/PQ.maxj (at line 9)
[maxjcompiler] 	import com.maxeler.maxcompiler.v2.kernelcompiler.types.composite.DFEVector;
[maxjcompiler] 	       ^^^^^^^^^^^^^^^^^^^^^^^^^^^^^^^^^^^^^^^^^^^^^^^^^^^^^^^^^^^^^^^^^^^
[maxjcompiler] The import com.maxeler.maxcompiler.v2.kernelcompiler.types.composite.DFEVector is never used
[maxjcompiler] ----------
[maxjcompiler] 4. WARNING in /local/ssd/home/mattfel/transform_regression_tests_21-24/hyperdsl/spatial/regression_tests/dense/0_DotProduct/out/maxj/src/static/templates/PQ.maxj (at line 10)
[maxjcompiler] 	import com.maxeler.maxcompiler.v2.kernelcompiler.stdlib.Reductions;
[maxjcompiler] 	       ^^^^^^^^^^^^^^^^^^^^^^^^^^^^^^^^^^^^^^^^^^^^^^^^^^^^^^^^^^^
[maxjcompiler] The import com.maxeler.maxcompiler.v2.kernelcompiler.stdlib.Reductions is never used
[maxjcompiler] ----------
[maxjcompiler] ----------
[maxjcompiler] 5. WARNING in /local/ssd/home/mattfel/transform_regression_tests_21-24/hyperdsl/spatial/regression_tests/dense/0_DotProduct/out/maxj/src/static/templates/Scatter.maxj (at line 6)
[maxjcompiler] 	import com.maxeler.maxcompiler.v2.kernelcompiler.stdlib.core.CounterChain;
[maxjcompiler] 	       ^^^^^^^^^^^^^^^^^^^^^^^^^^^^^^^^^^^^^^^^^^^^^^^^^^^^^^^^^^^^^^^^^^
[maxjcompiler] The import com.maxeler.maxcompiler.v2.kernelcompiler.stdlib.core.CounterChain is never used
[maxjcompiler] ----------
[maxjcompiler] 6. WARNING in /local/ssd/home/mattfel/transform_regression_tests_21-24/hyperdsl/spatial/regression_tests/dense/0_DotProduct/out/maxj/src/static/templates/Scatter.maxj (at line 7)
[maxjcompiler] 	import com.maxeler.maxcompiler.v2.kernelcompiler.stdlib.core.Count.WrapMode;
[maxjcompiler] 	       ^^^^^^^^^^^^^^^^^^^^^^^^^^^^^^^^^^^^^^^^^^^^^^^^^^^^^^^^^^^^^^^^^^^^
[maxjcompiler] The import com.maxeler.maxcompiler.v2.kernelcompiler.stdlib.core.Count.WrapMode is never used
[maxjcompiler] ----------
[maxjcompiler] 7. WARNING in /local/ssd/home/mattfel/transform_regression_tests_21-24/hyperdsl/spatial/regression_tests/dense/0_DotProduct/out/maxj/src/static/templates/Scatter.maxj (at line 11)
[maxjcompiler] 	import com.maxeler.maxcompiler.v2.kernelcompiler.Optimization;
[maxjcompiler] 	       ^^^^^^^^^^^^^^^^^^^^^^^^^^^^^^^^^^^^^^^^^^^^^^^^^^^^^^
[maxjcompiler] The import com.maxeler.maxcompiler.v2.kernelcompiler.Optimization is never used
[maxjcompiler] ----------
[maxjcompiler] 8. WARNING in /local/ssd/home/mattfel/transform_regression_tests_21-24/hyperdsl/spatial/regression_tests/dense/0_DotProduct/out/maxj/src/static/templates/Scatter.maxj (at line 12)
[maxjcompiler] 	import com.maxeler.maxcompiler.v2.kernelcompiler.stdlib.Reductions;
[maxjcompiler] 	       ^^^^^^^^^^^^^^^^^^^^^^^^^^^^^^^^^^^^^^^^^^^^^^^^^^^^^^^^^^^
[maxjcompiler] The import com.maxeler.maxcompiler.v2.kernelcompiler.stdlib.Reductions is never used
[maxjcompiler] ----------
[maxjcompiler] 9. WARNING in /local/ssd/home/mattfel/transform_regression_tests_21-24/hyperdsl/spatial/regression_tests/dense/0_DotProduct/out/maxj/src/static/templates/Scatter.maxj (at line 19)
[maxjcompiler] 	import com.maxeler.maxcompiler.v2.kernelcompiler.types.composite.DFEVector;
[maxjcompiler] 	       ^^^^^^^^^^^^^^^^^^^^^^^^^^^^^^^^^^^^^^^^^^^^^^^^^^^^^^^^^^^^^^^^^^^
[maxjcompiler] The import com.maxeler.maxcompiler.v2.kernelcompiler.types.composite.DFEVector is never used
[maxjcompiler] ----------
[maxjcompiler] 10. WARNING in /local/ssd/home/mattfel/transform_regression_tests_21-24/hyperdsl/spatial/regression_tests/dense/0_DotProduct/out/maxj/src/static/templates/Scatter.maxj (at line 20)
[maxjcompiler] 	import com.maxeler.maxcompiler.v2.kernelcompiler.types.composite.DFEVectorType;
[maxjcompiler] 	       ^^^^^^^^^^^^^^^^^^^^^^^^^^^^^^^^^^^^^^^^^^^^^^^^^^^^^^^^^^^^^^^^^^^^^^^
[maxjcompiler] The import com.maxeler.maxcompiler.v2.kernelcompiler.types.composite.DFEVectorType is never used
[maxjcompiler] ----------
[maxjcompiler] 11. WARNING in /local/ssd/home/mattfel/transform_regression_tests_21-24/hyperdsl/spatial/regression_tests/dense/0_DotProduct/out/maxj/src/static/templates/Scatter.maxj (at line 21)
[maxjcompiler] 	import com.maxeler.maxcompiler.v2.kernelcompiler.types.composite.DFEStruct;
[maxjcompiler] 	       ^^^^^^^^^^^^^^^^^^^^^^^^^^^^^^^^^^^^^^^^^^^^^^^^^^^^^^^^^^^^^^^^^^^
[maxjcompiler] The import com.maxeler.maxcompiler.v2.kernelcompiler.types.composite.DFEStruct is never used
[maxjcompiler] ----------
[maxjcompiler] 12. WARNING in /local/ssd/home/mattfel/transform_regression_tests_21-24/hyperdsl/spatial/regression_tests/dense/0_DotProduct/out/maxj/src/static/templates/Scatter.maxj (at line 22)
[maxjcompiler] 	import com.maxeler.maxcompiler.v2.kernelcompiler.types.composite.DFEStructType;
[maxjcompiler] 	       ^^^^^^^^^^^^^^^^^^^^^^^^^^^^^^^^^^^^^^^^^^^^^^^^^^^^^^^^^^^^^^^^^^^^^^^
[maxjcompiler] The import com.maxeler.maxcompiler.v2.kernelcompiler.types.composite.DFEStructType is never used
[maxjcompiler] ----------
[maxjcompiler] 13. WARNING in /local/ssd/home/mattfel/transform_regression_tests_21-24/hyperdsl/spatial/regression_tests/dense/0_DotProduct/out/maxj/src/static/templates/Scatter.maxj (at line 23)
[maxjcompiler] 	import com.maxeler.maxcompiler.v2.kernelcompiler.types.composite.DFEStructType.StructFieldType;
[maxjcompiler] 	       ^^^^^^^^^^^^^^^^^^^^^^^^^^^^^^^^^^^^^^^^^^^^^^^^^^^^^^^^^^^^^^^^^^^^^^^^^^^^^^^^^^^^^^^
[maxjcompiler] The import com.maxeler.maxcompiler.v2.kernelcompiler.types.composite.DFEStructType.StructFieldType is never used
[maxjcompiler] ----------
[maxjcompiler] 14. WARNING in /local/ssd/home/mattfel/transform_regression_tests_21-24/hyperdsl/spatial/regression_tests/dense/0_DotProduct/out/maxj/src/static/templates/Scatter.maxj (at line 24)
[maxjcompiler] 	import java.util.ArrayList;
[maxjcompiler] 	       ^^^^^^^^^^^^^^^^^^^
[maxjcompiler] The import java.util.ArrayList is never used
[maxjcompiler] ----------
[maxjcompiler] 15. WARNING in /local/ssd/home/mattfel/transform_regression_tests_21-24/hyperdsl/spatial/regression_tests/dense/0_DotProduct/out/maxj/src/static/templates/Scatter.maxj (at line 75)
[maxjcompiler] 	DFEVar package_done = sm.getOutput("package_done");
[maxjcompiler] 	       ^^^^^^^^^^^^
[maxjcompiler] The local variable package_done is never read
[maxjcompiler] ----------
[maxjcompiler] 16. WARNING in /local/ssd/home/mattfel/transform_regression_tests_21-24/hyperdsl/spatial/regression_tests/dense/0_DotProduct/out/maxj/src/static/templates/Scatter.maxj (at line 274)
[maxjcompiler] 	DFEVar package_done = sm.getOutput("package_done");
[maxjcompiler] 	       ^^^^^^^^^^^^
[maxjcompiler] The local variable package_done is never read
[maxjcompiler] ----------
[maxjcompiler] ----------
[maxjcompiler] 17. WARNING in /local/ssd/home/mattfel/transform_regression_tests_21-24/hyperdsl/spatial/regression_tests/dense/0_DotProduct/out/maxj/src/static/templates/NBufSM.maxj (at line 9)
[maxjcompiler] 	import java.util.ArrayList;
[maxjcompiler] 	       ^^^^^^^^^^^^^^^^^^^
[maxjcompiler] The import java.util.ArrayList is never used
[maxjcompiler] ----------
[maxjcompiler] 18. WARNING in /local/ssd/home/mattfel/transform_regression_tests_21-24/hyperdsl/spatial/regression_tests/dense/0_DotProduct/out/maxj/src/static/templates/NBufSM.maxj (at line 10)
[maxjcompiler] 	import java.util.List;
[maxjcompiler] 	       ^^^^^^^^^^^^^^
[maxjcompiler] The import java.util.List is never used
[maxjcompiler] ----------
[maxjcompiler] ----------
[maxjcompiler] 19. WARNING in /local/ssd/home/mattfel/transform_regression_tests_21-24/hyperdsl/spatial/regression_tests/dense/0_DotProduct/out/maxj/src/static/templates/DblBufStateMachine.maxj (at line 48)
[maxjcompiler] 	this.numIter = numIter;
[maxjcompiler] 	^^^^^^^^^^^^^^^^^^^^^^
[maxjcompiler] The assignment to variable numIter has no effect
[maxjcompiler] ----------
[maxjcompiler] ----------
[maxjcompiler] 20. WARNING in /local/ssd/home/mattfel/transform_regression_tests_21-24/hyperdsl/spatial/regression_tests/dense/0_DotProduct/out/maxj/src/static/templates/DblBufReg.maxj (at line 5)
[maxjcompiler] 	import com.maxeler.maxcompiler.v2.kernelcompiler.stdlib.memory.Memory;
[maxjcompiler] 	       ^^^^^^^^^^^^^^^^^^^^^^^^^^^^^^^^^^^^^^^^^^^^^^^^^^^^^^^^^^^^^^
[maxjcompiler] The import com.maxeler.maxcompiler.v2.kernelcompiler.stdlib.memory.Memory is never used
[maxjcompiler] ----------
[maxjcompiler] 21. WARNING in /local/ssd/home/mattfel/transform_regression_tests_21-24/hyperdsl/spatial/regression_tests/dense/0_DotProduct/out/maxj/src/static/templates/DblBufReg.maxj (at line 7)
[maxjcompiler] 	import com.maxeler.maxcompiler.v2.utils.MathUtils;
[maxjcompiler] 	       ^^^^^^^^^^^^^^^^^^^^^^^^^^^^^^^^^^^^^^^^^^
[maxjcompiler] The import com.maxeler.maxcompiler.v2.utils.MathUtils is never used
[maxjcompiler] ----------
[maxjcompiler] 22. WARNING in /local/ssd/home/mattfel/transform_regression_tests_21-24/hyperdsl/spatial/regression_tests/dense/0_DotProduct/out/maxj/src/static/templates/DblBufReg.maxj (at line 9)
[maxjcompiler] 	import com.maxeler.maxcompiler.v2.kernelcompiler.Optimization;
[maxjcompiler] 	       ^^^^^^^^^^^^^^^^^^^^^^^^^^^^^^^^^^^^^^^^^^^^^^^^^^^^^^
[maxjcompiler] The import com.maxeler.maxcompiler.v2.kernelcompiler.Optimization is never used
[maxjcompiler] ----------
[maxjcompiler] ----------
[maxjcompiler] 23. WARNING in /local/ssd/home/mattfel/transform_regression_tests_21-24/hyperdsl/spatial/regression_tests/dense/0_DotProduct/out/maxj/src/static/templates/ScatterSM.maxj (at line 9)
[maxjcompiler] 	import com.maxeler.maxcompiler.v2.utils.MathUtils;
[maxjcompiler] 	       ^^^^^^^^^^^^^^^^^^^^^^^^^^^^^^^^^^^^^^^^^^
[maxjcompiler] The import com.maxeler.maxcompiler.v2.utils.MathUtils is never used
[maxjcompiler] ----------
[maxjcompiler] ----------
[maxjcompiler] 24. WARNING in /local/ssd/home/mattfel/transform_regression_tests_21-24/hyperdsl/spatial/regression_tests/dense/0_DotProduct/out/maxj/src/static/templates/Gather.maxj (at line 6)
[maxjcompiler] 	import com.maxeler.maxcompiler.v2.kernelcompiler.stdlib.core.CounterChain;
[maxjcompiler] 	       ^^^^^^^^^^^^^^^^^^^^^^^^^^^^^^^^^^^^^^^^^^^^^^^^^^^^^^^^^^^^^^^^^^
[maxjcompiler] The import com.maxeler.maxcompiler.v2.kernelcompiler.stdlib.core.CounterChain is never used
[maxjcompiler] ----------
[maxjcompiler] 25. WARNING in /local/ssd/home/mattfel/transform_regression_tests_21-24/hyperdsl/spatial/regression_tests/dense/0_DotProduct/out/maxj/src/static/templates/Gather.maxj (at line 7)
[maxjcompiler] 	import com.maxeler.maxcompiler.v2.kernelcompiler.stdlib.core.Count.WrapMode;
[maxjcompiler] 	       ^^^^^^^^^^^^^^^^^^^^^^^^^^^^^^^^^^^^^^^^^^^^^^^^^^^^^^^^^^^^^^^^^^^^
[maxjcompiler] The import com.maxeler.maxcompiler.v2.kernelcompiler.stdlib.core.Count.WrapMode is never used
[maxjcompiler] ----------
[maxjcompiler] 26. WARNING in /local/ssd/home/mattfel/transform_regression_tests_21-24/hyperdsl/spatial/regression_tests/dense/0_DotProduct/out/maxj/src/static/templates/Gather.maxj (at line 11)
[maxjcompiler] 	import com.maxeler.maxcompiler.v2.kernelcompiler.Optimization;
[maxjcompiler] 	       ^^^^^^^^^^^^^^^^^^^^^^^^^^^^^^^^^^^^^^^^^^^^^^^^^^^^^^
[maxjcompiler] The import com.maxeler.maxcompiler.v2.kernelcompiler.Optimization is never used
[maxjcompiler] ----------
[maxjcompiler] 27. WARNING in /local/ssd/home/mattfel/transform_regression_tests_21-24/hyperdsl/spatial/regression_tests/dense/0_DotProduct/out/maxj/src/static/templates/Gather.maxj (at line 12)
[maxjcompiler] 	import com.maxeler.maxcompiler.v2.kernelcompiler.stdlib.Reductions;
[maxjcompiler] 	       ^^^^^^^^^^^^^^^^^^^^^^^^^^^^^^^^^^^^^^^^^^^^^^^^^^^^^^^^^^^
[maxjcompiler] The import com.maxeler.maxcompiler.v2.kernelcompiler.stdlib.Reductions is never used
[maxjcompiler] ----------
[maxjcompiler] 28. WARNING in /local/ssd/home/mattfel/transform_regression_tests_21-24/hyperdsl/spatial/regression_tests/dense/0_DotProduct/out/maxj/src/static/templates/Gather.maxj (at line 21)
[maxjcompiler] 	import com.maxeler.maxcompiler.v2.kernelcompiler.types.composite.DFEStruct;
[maxjcompiler] 	       ^^^^^^^^^^^^^^^^^^^^^^^^^^^^^^^^^^^^^^^^^^^^^^^^^^^^^^^^^^^^^^^^^^^
[maxjcompiler] The import com.maxeler.maxcompiler.v2.kernelcompiler.types.composite.DFEStruct is never used
[maxjcompiler] ----------
[maxjcompiler] 29. WARNING in /local/ssd/home/mattfel/transform_regression_tests_21-24/hyperdsl/spatial/regression_tests/dense/0_DotProduct/out/maxj/src/static/templates/Gather.maxj (at line 22)
[maxjcompiler] 	import com.maxeler.maxcompiler.v2.kernelcompiler.types.composite.DFEStructType;
[maxjcompiler] 	       ^^^^^^^^^^^^^^^^^^^^^^^^^^^^^^^^^^^^^^^^^^^^^^^^^^^^^^^^^^^^^^^^^^^^^^^
[maxjcompiler] The import com.maxeler.maxcompiler.v2.kernelcompiler.types.composite.DFEStructType is never used
[maxjcompiler] ----------
[maxjcompiler] 30. WARNING in /local/ssd/home/mattfel/transform_regression_tests_21-24/hyperdsl/spatial/regression_tests/dense/0_DotProduct/out/maxj/src/static/templates/Gather.maxj (at line 23)
[maxjcompiler] 	import com.maxeler.maxcompiler.v2.kernelcompiler.types.composite.DFEStructType.StructFieldType;
[maxjcompiler] 	       ^^^^^^^^^^^^^^^^^^^^^^^^^^^^^^^^^^^^^^^^^^^^^^^^^^^^^^^^^^^^^^^^^^^^^^^^^^^^^^^^^^^^^^^
[maxjcompiler] The import com.maxeler.maxcompiler.v2.kernelcompiler.types.composite.DFEStructType.StructFieldType is never used
[maxjcompiler] ----------
[maxjcompiler] 31. WARNING in /local/ssd/home/mattfel/transform_regression_tests_21-24/hyperdsl/spatial/regression_tests/dense/0_DotProduct/out/maxj/src/static/templates/Gather.maxj (at line 24)
[maxjcompiler] 	import java.util.ArrayList;
[maxjcompiler] 	       ^^^^^^^^^^^^^^^^^^^
[maxjcompiler] The import java.util.ArrayList is never used
[maxjcompiler] ----------
[maxjcompiler] 32. WARNING in /local/ssd/home/mattfel/transform_regression_tests_21-24/hyperdsl/spatial/regression_tests/dense/0_DotProduct/out/maxj/src/static/templates/Gather.maxj (at line 105)
[maxjcompiler] 	DFEVar package_done = sm.getOutput("package_done");
[maxjcompiler] 	       ^^^^^^^^^^^^
[maxjcompiler] The local variable package_done is never read
[maxjcompiler] ----------
[maxjcompiler] 33. WARNING in /local/ssd/home/mattfel/transform_regression_tests_21-24/hyperdsl/spatial/regression_tests/dense/0_DotProduct/out/maxj/src/static/templates/Gather.maxj (at line 303)
[maxjcompiler] 	DFEVar package_done = sm.getOutput("package_done");
[maxjcompiler] 	       ^^^^^^^^^^^^
[maxjcompiler] The local variable package_done is never read
[maxjcompiler] ----------
[maxjcompiler] ----------
[maxjcompiler] 34. WARNING in /local/ssd/home/mattfel/transform_regression_tests_21-24/hyperdsl/spatial/regression_tests/dense/0_DotProduct/out/maxj/src/static/templates/GBRSM.maxj (at line 8)
[maxjcompiler] 	import com.maxeler.maxcompiler.v2.statemachine.DFEsmValue;
[maxjcompiler] 	       ^^^^^^^^^^^^^^^^^^^^^^^^^^^^^^^^^^^^^^^^^^^^^^^^^^
[maxjcompiler] The import com.maxeler.maxcompiler.v2.statemachine.DFEsmValue is never used
[maxjcompiler] ----------
[maxjcompiler] ----------
[maxjcompiler] 35. WARNING in /local/ssd/home/mattfel/transform_regression_tests_21-24/hyperdsl/spatial/regression_tests/dense/0_DotProduct/out/maxj/src/static/templates/DblBufStateMachine_2.maxj (at line 41)
[maxjcompiler] 	DFEsmValueType counterType = dfeUInt(2);
[maxjcompiler] 	               ^^^^^^^^^^^
[maxjcompiler] The local variable counterType is never read
[maxjcompiler] ----------
[maxjcompiler] 36. WARNING in /local/ssd/home/mattfel/transform_regression_tests_21-24/hyperdsl/spatial/regression_tests/dense/0_DotProduct/out/maxj/src/static/templates/DblBufStateMachine_2.maxj (at line 59)
[maxjcompiler] 	this.numIter = numIter;
[maxjcompiler] 	^^^^^^^^^^^^^^^^^^^^^^
[maxjcompiler] The assignment to variable numIter has no effect
[maxjcompiler] ----------
[maxjcompiler] ----------
[maxjcompiler] 37. WARNING in /local/ssd/home/mattfel/transform_regression_tests_21-24/hyperdsl/spatial/regression_tests/dense/0_DotProduct/out/maxj/src/static/templates/VDblBufKernelLib.maxj (at line 8)
[maxjcompiler] 	import com.maxeler.maxcompiler.v2.kernelcompiler.types.base.DFEType;
[maxjcompiler] 	       ^^^^^^^^^^^^^^^^^^^^^^^^^^^^^^^^^^^^^^^^^^^^^^^^^^^^^^^^^^^^
[maxjcompiler] The import com.maxeler.maxcompiler.v2.kernelcompiler.types.base.DFEType is never used
[maxjcompiler] ----------
[maxjcompiler] ----------
[maxjcompiler] 38. WARNING in /local/ssd/home/mattfel/transform_regression_tests_21-24/hyperdsl/spatial/regression_tests/dense/0_DotProduct/out/maxj/src/static/templates/NBufKernelLib.maxj (at line 5)
[maxjcompiler] 	import com.maxeler.maxcompiler.v2.kernelcompiler.stdlib.memory.Memory;
[maxjcompiler] 	       ^^^^^^^^^^^^^^^^^^^^^^^^^^^^^^^^^^^^^^^^^^^^^^^^^^^^^^^^^^^^^^
[maxjcompiler] The import com.maxeler.maxcompiler.v2.kernelcompiler.stdlib.memory.Memory is never used
[maxjcompiler] ----------
[maxjcompiler] 39. WARNING in /local/ssd/home/mattfel/transform_regression_tests_21-24/hyperdsl/spatial/regression_tests/dense/0_DotProduct/out/maxj/src/static/templates/NBufKernelLib.maxj (at line 9)
[maxjcompiler] 	import com.maxeler.maxcompiler.v2.kernelcompiler.Optimization;
[maxjcompiler] 	       ^^^^^^^^^^^^^^^^^^^^^^^^^^^^^^^^^^^^^^^^^^^^^^^^^^^^^^
[maxjcompiler] The import com.maxeler.maxcompiler.v2.kernelcompiler.Optimization is never used
[maxjcompiler] ----------
[maxjcompiler] 40. WARNING in /local/ssd/home/mattfel/transform_regression_tests_21-24/hyperdsl/spatial/regression_tests/dense/0_DotProduct/out/maxj/src/static/templates/NBufKernelLib.maxj (at line 12)
[maxjcompiler] 	import com.maxeler.maxcompiler.v2.utils.Bits;
[maxjcompiler] 	       ^^^^^^^^^^^^^^^^^^^^^^^^^^^^^^^^^^^^^
[maxjcompiler] The import com.maxeler.maxcompiler.v2.utils.Bits is never used
[maxjcompiler] ----------
[maxjcompiler] 41. WARNING in /local/ssd/home/mattfel/transform_regression_tests_21-24/hyperdsl/spatial/regression_tests/dense/0_DotProduct/out/maxj/src/static/templates/NBufKernelLib.maxj (at line 105)
[maxjcompiler] 	this.type = type;
[maxjcompiler] 	^^^^^^^^^^^^^^^^
[maxjcompiler] The assignment to variable type has no effect
[maxjcompiler] ----------
[maxjcompiler] ----------
[maxjcompiler] 42. WARNING in /local/ssd/home/mattfel/transform_regression_tests_21-24/hyperdsl/spatial/regression_tests/dense/0_DotProduct/out/maxj/src/static/templates/MemoryCmdSM.maxj (at line 6)
[maxjcompiler] 	import com.maxeler.maxcompiler.v2.statemachine.DFEsmStateValue;
[maxjcompiler] 	       ^^^^^^^^^^^^^^^^^^^^^^^^^^^^^^^^^^^^^^^^^^^^^^^^^^^^^^^
[maxjcompiler] The import com.maxeler.maxcompiler.v2.statemachine.DFEsmStateValue is never used
[maxjcompiler] ----------
[maxjcompiler] 43. WARNING in /local/ssd/home/mattfel/transform_regression_tests_21-24/hyperdsl/spatial/regression_tests/dense/0_DotProduct/out/maxj/src/static/templates/MemoryCmdSM.maxj (at line 35)
[maxjcompiler] 	DFEsmValueType counterType = dfeUInt(32);
[maxjcompiler] 	               ^^^^^^^^^^^
[maxjcompiler] The local variable counterType is never read
[maxjcompiler] ----------
[maxjcompiler] ----------
[maxjcompiler] 44. WARNING in /local/ssd/home/mattfel/transform_regression_tests_21-24/hyperdsl/spatial/regression_tests/dense/0_DotProduct/out/maxj/src/static/templates/MemoryCmdGen.maxj (at line 7)
[maxjcompiler] 	import com.maxeler.maxcompiler.v2.kernelcompiler.stdlib.core.CounterChain;
[maxjcompiler] 	       ^^^^^^^^^^^^^^^^^^^^^^^^^^^^^^^^^^^^^^^^^^^^^^^^^^^^^^^^^^^^^^^^^^
[maxjcompiler] The import com.maxeler.maxcompiler.v2.kernelcompiler.stdlib.core.CounterChain is never used
[maxjcompiler] ----------
[maxjcompiler] 45. WARNING in /local/ssd/home/mattfel/transform_regression_tests_21-24/hyperdsl/spatial/regression_tests/dense/0_DotProduct/out/maxj/src/static/templates/MemoryCmdGen.maxj (at line 10)
[maxjcompiler] 	import com.maxeler.maxcompiler.v2.utils.MathUtils;
[maxjcompiler] 	       ^^^^^^^^^^^^^^^^^^^^^^^^^^^^^^^^^^^^^^^^^^
[maxjcompiler] The import com.maxeler.maxcompiler.v2.utils.MathUtils is never used
[maxjcompiler] ----------
[maxjcompiler] 46. WARNING in /local/ssd/home/mattfel/transform_regression_tests_21-24/hyperdsl/spatial/regression_tests/dense/0_DotProduct/out/maxj/src/static/templates/MemoryCmdGen.maxj (at line 13)
[maxjcompiler] 	import com.maxeler.maxcompiler.v2.kernelcompiler.Optimization;
[maxjcompiler] 	       ^^^^^^^^^^^^^^^^^^^^^^^^^^^^^^^^^^^^^^^^^^^^^^^^^^^^^^
[maxjcompiler] The import com.maxeler.maxcompiler.v2.kernelcompiler.Optimization is never used
[maxjcompiler] ----------
[maxjcompiler] 47. WARNING in /local/ssd/home/mattfel/transform_regression_tests_21-24/hyperdsl/spatial/regression_tests/dense/0_DotProduct/out/maxj/src/static/templates/MemoryCmdGen.maxj (at line 14)
[maxjcompiler] 	import com.maxeler.maxcompiler.v2.kernelcompiler.stdlib.Reductions;
[maxjcompiler] 	       ^^^^^^^^^^^^^^^^^^^^^^^^^^^^^^^^^^^^^^^^^^^^^^^^^^^^^^^^^^^
[maxjcompiler] The import com.maxeler.maxcompiler.v2.kernelcompiler.stdlib.Reductions is never used
[maxjcompiler] ----------
[maxjcompiler] 48. WARNING in /local/ssd/home/mattfel/transform_regression_tests_21-24/hyperdsl/spatial/regression_tests/dense/0_DotProduct/out/maxj/src/static/templates/MemoryCmdGen.maxj (at line 15)
[maxjcompiler] 	import com.maxeler.maxcompiler.v2.kernelcompiler.stdlib.core.Stream.OffsetExpr;
[maxjcompiler] 	       ^^^^^^^^^^^^^^^^^^^^^^^^^^^^^^^^^^^^^^^^^^^^^^^^^^^^^^^^^^^^^^^^^^^^^^^
[maxjcompiler] The import com.maxeler.maxcompiler.v2.kernelcompiler.stdlib.core.Stream.OffsetExpr is never used
[maxjcompiler] ----------
[maxjcompiler] 49. WARNING in /local/ssd/home/mattfel/transform_regression_tests_21-24/hyperdsl/spatial/regression_tests/dense/0_DotProduct/out/maxj/src/static/templates/MemoryCmdGen.maxj (at line 20)
[maxjcompiler] 	import com.maxeler.maxcompiler.v2.kernelcompiler.types.composite.DFEStruct;
[maxjcompiler] 	       ^^^^^^^^^^^^^^^^^^^^^^^^^^^^^^^^^^^^^^^^^^^^^^^^^^^^^^^^^^^^^^^^^^^
[maxjcompiler] The import com.maxeler.maxcompiler.v2.kernelcompiler.types.composite.DFEStruct is never used
[maxjcompiler] ----------
[maxjcompiler] 50. WARNING in /local/ssd/home/mattfel/transform_regression_tests_21-24/hyperdsl/spatial/regression_tests/dense/0_DotProduct/out/maxj/src/static/templates/MemoryCmdGen.maxj (at line 21)
[maxjcompiler] 	import com.maxeler.maxcompiler.v2.kernelcompiler.types.composite.DFEStructType;
[maxjcompiler] 	       ^^^^^^^^^^^^^^^^^^^^^^^^^^^^^^^^^^^^^^^^^^^^^^^^^^^^^^^^^^^^^^^^^^^^^^^
[maxjcompiler] The import com.maxeler.maxcompiler.v2.kernelcompiler.types.composite.DFEStructType is never used
[maxjcompiler] ----------
[maxjcompiler] 51. WARNING in /local/ssd/home/mattfel/transform_regression_tests_21-24/hyperdsl/spatial/regression_tests/dense/0_DotProduct/out/maxj/src/static/templates/MemoryCmdGen.maxj (at line 22)
[maxjcompiler] 	import com.maxeler.maxcompiler.v2.kernelcompiler.types.composite.DFEStructType.StructFieldType;
[maxjcompiler] 	       ^^^^^^^^^^^^^^^^^^^^^^^^^^^^^^^^^^^^^^^^^^^^^^^^^^^^^^^^^^^^^^^^^^^^^^^^^^^^^^^^^^^^^^^
[maxjcompiler] The import com.maxeler.maxcompiler.v2.kernelcompiler.types.composite.DFEStructType.StructFieldType is never used
[maxjcompiler] ----------
[maxjcompiler] 52. WARNING in /local/ssd/home/mattfel/transform_regression_tests_21-24/hyperdsl/spatial/regression_tests/dense/0_DotProduct/out/maxj/src/static/templates/MemoryCmdGen.maxj (at line 23)
[maxjcompiler] 	import java.util.ArrayList;
[maxjcompiler] 	       ^^^^^^^^^^^^^^^^^^^
[maxjcompiler] The import java.util.ArrayList is never used
[maxjcompiler] ----------
[maxjcompiler] 53. WARNING in /local/ssd/home/mattfel/transform_regression_tests_21-24/hyperdsl/spatial/regression_tests/dense/0_DotProduct/out/maxj/src/static/templates/MemoryCmdGen.maxj (at line 102)
[maxjcompiler] 	int par = wdata.getSize();
[maxjcompiler] 	    ^^^
[maxjcompiler] The local variable par is never read
[maxjcompiler] ----------
[maxjcompiler] 54. WARNING in /local/ssd/home/mattfel/transform_regression_tests_21-24/hyperdsl/spatial/regression_tests/dense/0_DotProduct/out/maxj/src/static/templates/MemoryCmdGen.maxj (at line 188)
[maxjcompiler] 	DFEVar sizecheck = upcast(size_int, wdata[0].getType());
[maxjcompiler] 	       ^^^^^^^^^
[maxjcompiler] The local variable sizecheck is never read
[maxjcompiler] ----------
[maxjcompiler] ----------
[maxjcompiler] 55. WARNING in /local/ssd/home/mattfel/transform_regression_tests_21-24/hyperdsl/spatial/regression_tests/dense/0_DotProduct/out/maxj/src/static/templates/CtrChainLib.maxj (at line 6)
[maxjcompiler] 	import com.maxeler.maxcompiler.v2.kernelcompiler.SMIO;
[maxjcompiler] 	       ^^^^^^^^^^^^^^^^^^^^^^^^^^^^^^^^^^^^^^^^^^^^^^
[maxjcompiler] The import com.maxeler.maxcompiler.v2.kernelcompiler.SMIO is never used
[maxjcompiler] ----------
[maxjcompiler] 56. WARNING in /local/ssd/home/mattfel/transform_regression_tests_21-24/hyperdsl/spatial/regression_tests/dense/0_DotProduct/out/maxj/src/static/templates/CtrChainLib.maxj (at line 7)
[maxjcompiler] 	import com.maxeler.maxcompiler.v2.kernelcompiler.stdlib.core.CounterChain;
[maxjcompiler] 	       ^^^^^^^^^^^^^^^^^^^^^^^^^^^^^^^^^^^^^^^^^^^^^^^^^^^^^^^^^^^^^^^^^^
[maxjcompiler] The import com.maxeler.maxcompiler.v2.kernelcompiler.stdlib.core.CounterChain is never used
[maxjcompiler] ----------
[maxjcompiler] 57. WARNING in /local/ssd/home/mattfel/transform_regression_tests_21-24/hyperdsl/spatial/regression_tests/dense/0_DotProduct/out/maxj/src/static/templates/CtrChainLib.maxj (at line 8)
[maxjcompiler] 	import com.maxeler.maxcompiler.v2.utils.MathUtils;
[maxjcompiler] 	       ^^^^^^^^^^^^^^^^^^^^^^^^^^^^^^^^^^^^^^^^^^
[maxjcompiler] The import com.maxeler.maxcompiler.v2.utils.MathUtils is never used
[maxjcompiler] ----------
[maxjcompiler] ----------
[maxjcompiler] 58. WARNING in /local/ssd/home/mattfel/transform_regression_tests_21-24/hyperdsl/spatial/regression_tests/dense/0_DotProduct/out/maxj/src/static/templates/PQSM.maxj (at line 5)
[maxjcompiler] 	import com.maxeler.maxcompiler.v2.statemachine.DFEsmStateEnum;
[maxjcompiler] 	       ^^^^^^^^^^^^^^^^^^^^^^^^^^^^^^^^^^^^^^^^^^^^^^^^^^^^^^
[maxjcompiler] The import com.maxeler.maxcompiler.v2.statemachine.DFEsmStateEnum is never used
[maxjcompiler] ----------
[maxjcompiler] 59. WARNING in /local/ssd/home/mattfel/transform_regression_tests_21-24/hyperdsl/spatial/regression_tests/dense/0_DotProduct/out/maxj/src/static/templates/PQSM.maxj (at line 9)
[maxjcompiler] 	import com.maxeler.maxcompiler.v2.statemachine.DFEsmAssignableValue;
[maxjcompiler] 	       ^^^^^^^^^^^^^^^^^^^^^^^^^^^^^^^^^^^^^^^^^^^^^^^^^^^^^^^^^^^^
[maxjcompiler] The import com.maxeler.maxcompiler.v2.statemachine.DFEsmAssignableValue is never used
[maxjcompiler] ----------
[maxjcompiler] 60. WARNING in /local/ssd/home/mattfel/transform_regression_tests_21-24/hyperdsl/spatial/regression_tests/dense/0_DotProduct/out/maxj/src/static/templates/PQSM.maxj (at line 11)
[maxjcompiler] 	import com.maxeler.maxcompiler.v2.statemachine.DFEsmVariable;
[maxjcompiler] 	       ^^^^^^^^^^^^^^^^^^^^^^^^^^^^^^^^^^^^^^^^^^^^^^^^^^^^^
[maxjcompiler] The import com.maxeler.maxcompiler.v2.statemachine.DFEsmVariable is never used
[maxjcompiler] ----------
[maxjcompiler] 61. WARNING in /local/ssd/home/mattfel/transform_regression_tests_21-24/hyperdsl/spatial/regression_tests/dense/0_DotProduct/out/maxj/src/static/templates/PQSM.maxj (at line 13)
[maxjcompiler] 	import com.maxeler.maxcompiler.v2.statemachine.types.DFEsmTypeFactory;
[maxjcompiler] 	       ^^^^^^^^^^^^^^^^^^^^^^^^^^^^^^^^^^^^^^^^^^^^^^^^^^^^^^^^^^^^^^
[maxjcompiler] The import com.maxeler.maxcompiler.v2.statemachine.types.DFEsmTypeFactory is never used
[maxjcompiler] ----------
[maxjcompiler] 62. WARNING in /local/ssd/home/mattfel/transform_regression_tests_21-24/hyperdsl/spatial/regression_tests/dense/0_DotProduct/out/maxj/src/static/templates/PQSM.maxj (at line 14)
[maxjcompiler] 	import com.maxeler.maxcompiler.v2.statemachine.StateMachineLib;
[maxjcompiler] 	       ^^^^^^^^^^^^^^^^^^^^^^^^^^^^^^^^^^^^^^^^^^^^^^^^^^^^^^^
[maxjcompiler] The import com.maxeler.maxcompiler.v2.statemachine.StateMachineLib is never used
[maxjcompiler] ----------
[maxjcompiler] 63. WARNING in /local/ssd/home/mattfel/transform_regression_tests_21-24/hyperdsl/spatial/regression_tests/dense/0_DotProduct/out/maxj/src/static/templates/PQSM.maxj (at line 90)
[maxjcompiler] 	private void resetElemsFF() {
[maxjcompiler] 	             ^^^^^^^^^^^^^^
[maxjcompiler] The method resetElemsFF() from the type PQSM is never used locally
[maxjcompiler] ----------
[maxjcompiler] 64. WARNING in /local/ssd/home/mattfel/transform_regression_tests_21-24/hyperdsl/spatial/regression_tests/dense/0_DotProduct/out/maxj/src/static/templates/PQSM.maxj (at line 99)
[maxjcompiler] 	private void write() {
[maxjcompiler] 	             ^^^^^^^
[maxjcompiler] The method write() from the type PQSM is never used locally
[maxjcompiler] ----------
[maxjcompiler] 65. WARNING in /local/ssd/home/mattfel/transform_regression_tests_21-24/hyperdsl/spatial/regression_tests/dense/0_DotProduct/out/maxj/src/static/templates/PQSM.maxj (at line 116)
[maxjcompiler] 	private void stall() {
[maxjcompiler] 	             ^^^^^^^
[maxjcompiler] The method stall() from the type PQSM is never used locally
[maxjcompiler] ----------
[maxjcompiler] ----------
[maxjcompiler] 66. WARNING in /local/ssd/home/mattfel/transform_regression_tests_21-24/hyperdsl/spatial/regression_tests/dense/0_DotProduct/out/maxj/src/static/templates/BoxedMem.maxj (at line 7)
[maxjcompiler] 	import com.maxeler.maxcompiler.v2.kernelcompiler.SMIO;
[maxjcompiler] 	       ^^^^^^^^^^^^^^^^^^^^^^^^^^^^^^^^^^^^^^^^^^^^^^
[maxjcompiler] The import com.maxeler.maxcompiler.v2.kernelcompiler.SMIO is never used
[maxjcompiler] ----------
[maxjcompiler] 67. WARNING in /local/ssd/home/mattfel/transform_regression_tests_21-24/hyperdsl/spatial/regression_tests/dense/0_DotProduct/out/maxj/src/static/templates/BoxedMem.maxj (at line 8)
[maxjcompiler] 	import com.maxeler.maxcompiler.v2.utils.MathUtils;
[maxjcompiler] 	       ^^^^^^^^^^^^^^^^^^^^^^^^^^^^^^^^^^^^^^^^^^
[maxjcompiler] The import com.maxeler.maxcompiler.v2.utils.MathUtils is never used
[maxjcompiler] ----------
[maxjcompiler] 68. WARNING in /local/ssd/home/mattfel/transform_regression_tests_21-24/hyperdsl/spatial/regression_tests/dense/0_DotProduct/out/maxj/src/static/templates/BoxedMem.maxj (at line 10)
[maxjcompiler] 	import com.maxeler.maxcompiler.v2.kernelcompiler.types.composite.DFEVector;
[maxjcompiler] 	       ^^^^^^^^^^^^^^^^^^^^^^^^^^^^^^^^^^^^^^^^^^^^^^^^^^^^^^^^^^^^^^^^^^^
[maxjcompiler] The import com.maxeler.maxcompiler.v2.kernelcompiler.types.composite.DFEVector is never used
[maxjcompiler] ----------
[maxjcompiler] ----------
[maxjcompiler] 69. WARNING in /local/ssd/home/mattfel/transform_regression_tests_21-24/hyperdsl/spatial/regression_tests/dense/0_DotProduct/out/maxj/src/static/templates/MemoryCmdSt.maxj (at line 7)
[maxjcompiler] 	import com.maxeler.maxcompiler.v2.kernelcompiler.stdlib.core.CounterChain;
[maxjcompiler] 	       ^^^^^^^^^^^^^^^^^^^^^^^^^^^^^^^^^^^^^^^^^^^^^^^^^^^^^^^^^^^^^^^^^^
[maxjcompiler] The import com.maxeler.maxcompiler.v2.kernelcompiler.stdlib.core.CounterChain is never used
[maxjcompiler] ----------
[maxjcompiler] 70. WARNING in /local/ssd/home/mattfel/transform_regression_tests_21-24/hyperdsl/spatial/regression_tests/dense/0_DotProduct/out/maxj/src/static/templates/MemoryCmdSt.maxj (at line 12)
[maxjcompiler] 	import com.maxeler.maxcompiler.v2.kernelcompiler.Optimization;
[maxjcompiler] 	       ^^^^^^^^^^^^^^^^^^^^^^^^^^^^^^^^^^^^^^^^^^^^^^^^^^^^^^
[maxjcompiler] The import com.maxeler.maxcompiler.v2.kernelcompiler.Optimization is never used
[maxjcompiler] ----------
[maxjcompiler] 71. WARNING in /local/ssd/home/mattfel/transform_regression_tests_21-24/hyperdsl/spatial/regression_tests/dense/0_DotProduct/out/maxj/src/static/templates/MemoryCmdSt.maxj (at line 13)
[maxjcompiler] 	import com.maxeler.maxcompiler.v2.kernelcompiler.stdlib.Reductions;
[maxjcompiler] 	       ^^^^^^^^^^^^^^^^^^^^^^^^^^^^^^^^^^^^^^^^^^^^^^^^^^^^^^^^^^^
[maxjcompiler] The import com.maxeler.maxcompiler.v2.kernelcompiler.stdlib.Reductions is never used
[maxjcompiler] ----------
[maxjcompiler] 72. WARNING in /local/ssd/home/mattfel/transform_regression_tests_21-24/hyperdsl/spatial/regression_tests/dense/0_DotProduct/out/maxj/src/static/templates/MemoryCmdSt.maxj (at line 14)
[maxjcompiler] 	import com.maxeler.maxcompiler.v2.kernelcompiler.stdlib.core.Stream.OffsetExpr;
[maxjcompiler] 	       ^^^^^^^^^^^^^^^^^^^^^^^^^^^^^^^^^^^^^^^^^^^^^^^^^^^^^^^^^^^^^^^^^^^^^^^
[maxjcompiler] The import com.maxeler.maxcompiler.v2.kernelcompiler.stdlib.core.Stream.OffsetExpr is never used
[maxjcompiler] ----------
[maxjcompiler] 73. WARNING in /local/ssd/home/mattfel/transform_regression_tests_21-24/hyperdsl/spatial/regression_tests/dense/0_DotProduct/out/maxj/src/static/templates/MemoryCmdSt.maxj (at line 19)
[maxjcompiler] 	import com.maxeler.maxcompiler.v2.kernelcompiler.types.composite.DFEStruct;
[maxjcompiler] 	       ^^^^^^^^^^^^^^^^^^^^^^^^^^^^^^^^^^^^^^^^^^^^^^^^^^^^^^^^^^^^^^^^^^^
[maxjcompiler] The import com.maxeler.maxcompiler.v2.kernelcompiler.types.composite.DFEStruct is never used
[maxjcompiler] ----------
[maxjcompiler] 74. WARNING in /local/ssd/home/mattfel/transform_regression_tests_21-24/hyperdsl/spatial/regression_tests/dense/0_DotProduct/out/maxj/src/static/templates/MemoryCmdSt.maxj (at line 20)
[maxjcompiler] 	import com.maxeler.maxcompiler.v2.kernelcompiler.types.composite.DFEStructType;
[maxjcompiler] 	       ^^^^^^^^^^^^^^^^^^^^^^^^^^^^^^^^^^^^^^^^^^^^^^^^^^^^^^^^^^^^^^^^^^^^^^^
[maxjcompiler] The import com.maxeler.maxcompiler.v2.kernelcompiler.types.composite.DFEStructType is never used
[maxjcompiler] ----------
[maxjcompiler] 75. WARNING in /local/ssd/home/mattfel/transform_regression_tests_21-24/hyperdsl/spatial/regression_tests/dense/0_DotProduct/out/maxj/src/static/templates/MemoryCmdSt.maxj (at line 21)
[maxjcompiler] 	import com.maxeler.maxcompiler.v2.kernelcompiler.types.composite.DFEStructType.StructFieldType;
[maxjcompiler] 	       ^^^^^^^^^^^^^^^^^^^^^^^^^^^^^^^^^^^^^^^^^^^^^^^^^^^^^^^^^^^^^^^^^^^^^^^^^^^^^^^^^^^^^^^
[maxjcompiler] The import com.maxeler.maxcompiler.v2.kernelcompiler.types.composite.DFEStructType.StructFieldType is never used
[maxjcompiler] ----------
[maxjcompiler] 76. WARNING in /local/ssd/home/mattfel/transform_regression_tests_21-24/hyperdsl/spatial/regression_tests/dense/0_DotProduct/out/maxj/src/static/templates/MemoryCmdSt.maxj (at line 22)
[maxjcompiler] 	import java.util.ArrayList;
[maxjcompiler] 	       ^^^^^^^^^^^^^^^^^^^
[maxjcompiler] The import java.util.ArrayList is never used
[maxjcompiler] ----------
[maxjcompiler] 77. WARNING in /local/ssd/home/mattfel/transform_regression_tests_21-24/hyperdsl/spatial/regression_tests/dense/0_DotProduct/out/maxj/src/static/templates/MemoryCmdSt.maxj (at line 83)
[maxjcompiler] 	int par = wdata.getSize();
[maxjcompiler] 	    ^^^
[maxjcompiler] The local variable par is never read
[maxjcompiler] ----------
[maxjcompiler] ----------
[maxjcompiler] 78. WARNING in /local/ssd/home/mattfel/transform_regression_tests_21-24/hyperdsl/spatial/regression_tests/dense/0_DotProduct/out/maxj/src/static/templates/DoubleCtrSM.maxj (at line 8)
[maxjcompiler] 	import com.maxeler.maxcompiler.v2.statemachine.DFEsmValue;
[maxjcompiler] 	       ^^^^^^^^^^^^^^^^^^^^^^^^^^^^^^^^^^^^^^^^^^^^^^^^^^
[maxjcompiler] The import com.maxeler.maxcompiler.v2.statemachine.DFEsmValue is never used
[maxjcompiler] ----------
[maxjcompiler] 79. WARNING in /local/ssd/home/mattfel/transform_regression_tests_21-24/hyperdsl/spatial/regression_tests/dense/0_DotProduct/out/maxj/src/static/templates/DoubleCtrSM.maxj (at line 21)
[maxjcompiler] 	private final int start0;
[maxjcompiler] 	                  ^^^^^^
[maxjcompiler] The field DoubleCtrSM.start0 is never read locally
[maxjcompiler] ----------
[maxjcompiler] 80. WARNING in /local/ssd/home/mattfel/transform_regression_tests_21-24/hyperdsl/spatial/regression_tests/dense/0_DotProduct/out/maxj/src/static/templates/DoubleCtrSM.maxj (at line 24)
[maxjcompiler] 	private final int start1;
[maxjcompiler] 	                  ^^^^^^
[maxjcompiler] The field DoubleCtrSM.start1 is never read locally
[maxjcompiler] ----------
[maxjcompiler] ----------
[maxjcompiler] 81. WARNING in /local/ssd/home/mattfel/transform_regression_tests_21-24/hyperdsl/spatial/regression_tests/dense/0_DotProduct/out/maxj/src/static/templates/BlockStorer.maxj (at line 6)
[maxjcompiler] 	import com.maxeler.maxcompiler.v2.kernelcompiler.stdlib.core.CounterChain;
[maxjcompiler] 	       ^^^^^^^^^^^^^^^^^^^^^^^^^^^^^^^^^^^^^^^^^^^^^^^^^^^^^^^^^^^^^^^^^^
[maxjcompiler] The import com.maxeler.maxcompiler.v2.kernelcompiler.stdlib.core.CounterChain is never used
[maxjcompiler] ----------
[maxjcompiler] 82. WARNING in /local/ssd/home/mattfel/transform_regression_tests_21-24/hyperdsl/spatial/regression_tests/dense/0_DotProduct/out/maxj/src/static/templates/BlockStorer.maxj (at line 11)
[maxjcompiler] 	import com.maxeler.maxcompiler.v2.kernelcompiler.Optimization;
[maxjcompiler] 	       ^^^^^^^^^^^^^^^^^^^^^^^^^^^^^^^^^^^^^^^^^^^^^^^^^^^^^^
[maxjcompiler] The import com.maxeler.maxcompiler.v2.kernelcompiler.Optimization is never used
[maxjcompiler] ----------
[maxjcompiler] ----------
[maxjcompiler] 83. WARNING in /local/ssd/home/mattfel/transform_regression_tests_21-24/hyperdsl/spatial/regression_tests/dense/0_DotProduct/out/maxj/src/static/templates/DummyMemLib.maxj (at line 5)
[maxjcompiler] 	import com.maxeler.maxcompiler.v2.kernelcompiler.stdlib.memory.Memory;
[maxjcompiler] 	       ^^^^^^^^^^^^^^^^^^^^^^^^^^^^^^^^^^^^^^^^^^^^^^^^^^^^^^^^^^^^^^
[maxjcompiler] The import com.maxeler.maxcompiler.v2.kernelcompiler.stdlib.memory.Memory is never used
[maxjcompiler] ----------
[maxjcompiler] 84. WARNING in /local/ssd/home/mattfel/transform_regression_tests_21-24/hyperdsl/spatial/regression_tests/dense/0_DotProduct/out/maxj/src/static/templates/DummyMemLib.maxj (at line 6)
[maxjcompiler] 	import com.maxeler.maxcompiler.v2.kernelcompiler.SMIO;
[maxjcompiler] 	       ^^^^^^^^^^^^^^^^^^^^^^^^^^^^^^^^^^^^^^^^^^^^^^
[maxjcompiler] The import com.maxeler.maxcompiler.v2.kernelcompiler.SMIO is never used
[maxjcompiler] ----------
[maxjcompiler] 85. WARNING in /local/ssd/home/mattfel/transform_regression_tests_21-24/hyperdsl/spatial/regression_tests/dense/0_DotProduct/out/maxj/src/static/templates/DummyMemLib.maxj (at line 7)
[maxjcompiler] 	import com.maxeler.maxcompiler.v2.utils.MathUtils;
[maxjcompiler] 	       ^^^^^^^^^^^^^^^^^^^^^^^^^^^^^^^^^^^^^^^^^^
[maxjcompiler] The import com.maxeler.maxcompiler.v2.utils.MathUtils is never used
[maxjcompiler] ----------
[maxjcompiler] ----------
[maxjcompiler] 86. WARNING in /local/ssd/home/mattfel/transform_regression_tests_21-24/hyperdsl/spatial/regression_tests/dense/0_DotProduct/out/maxj/src/static/templates/BramLib.maxj (at line 5)
[maxjcompiler] 	import com.maxeler.maxcompiler.v2.kernelcompiler.stdlib.memory.Memory;
[maxjcompiler] 	       ^^^^^^^^^^^^^^^^^^^^^^^^^^^^^^^^^^^^^^^^^^^^^^^^^^^^^^^^^^^^^^
[maxjcompiler] The import com.maxeler.maxcompiler.v2.kernelcompiler.stdlib.memory.Memory is never used
[maxjcompiler] ----------
[maxjcompiler] 87. WARNING in /local/ssd/home/mattfel/transform_regression_tests_21-24/hyperdsl/spatial/regression_tests/dense/0_DotProduct/out/maxj/src/static/templates/BramLib.maxj (at line 6)
[maxjcompiler] 	import com.maxeler.maxcompiler.v2.kernelcompiler.SMIO;
[maxjcompiler] 	       ^^^^^^^^^^^^^^^^^^^^^^^^^^^^^^^^^^^^^^^^^^^^^^
[maxjcompiler] The import com.maxeler.maxcompiler.v2.kernelcompiler.SMIO is never used
[maxjcompiler] ----------
[maxjcompiler] 88. WARNING in /local/ssd/home/mattfel/transform_regression_tests_21-24/hyperdsl/spatial/regression_tests/dense/0_DotProduct/out/maxj/src/static/templates/BramLib.maxj (at line 635)
[maxjcompiler] 	DFEVar bank_addr = bankAndLocalAddr(srcAddr[i], AddrMode.BANK);
[maxjcompiler] 	       ^^^^^^^^^
[maxjcompiler] The local variable bank_addr is never read
[maxjcompiler] ----------
[maxjcompiler] 89. WARNING in /local/ssd/home/mattfel/transform_regression_tests_21-24/hyperdsl/spatial/regression_tests/dense/0_DotProduct/out/maxj/src/static/templates/BramLib.maxj (at line 648)
[maxjcompiler] 	DFEVar rd_delta = srcAddr[1] - srcAddr[0];
[maxjcompiler] 	       ^^^^^^^^
[maxjcompiler] The local variable rd_delta is never read
[maxjcompiler] ----------
[maxjcompiler] ----------
[maxjcompiler] 90. WARNING in /local/ssd/home/mattfel/transform_regression_tests_21-24/hyperdsl/spatial/regression_tests/dense/0_DotProduct/out/maxj/src/static/templates/GroupByReduce.maxj (at line 5)
[maxjcompiler] 	import com.maxeler.maxcompiler.v2.kernelcompiler.stdlib.memory.Memory;
[maxjcompiler] 	       ^^^^^^^^^^^^^^^^^^^^^^^^^^^^^^^^^^^^^^^^^^^^^^^^^^^^^^^^^^^^^^
[maxjcompiler] The import com.maxeler.maxcompiler.v2.kernelcompiler.stdlib.memory.Memory is never used
[maxjcompiler] ----------
[maxjcompiler] 91. WARNING in /local/ssd/home/mattfel/transform_regression_tests_21-24/hyperdsl/spatial/regression_tests/dense/0_DotProduct/out/maxj/src/static/templates/GroupByReduce.maxj (at line 7)
[maxjcompiler] 	import com.maxeler.maxcompiler.v2.utils.MathUtils;
[maxjcompiler] 	       ^^^^^^^^^^^^^^^^^^^^^^^^^^^^^^^^^^^^^^^^^^
[maxjcompiler] The import com.maxeler.maxcompiler.v2.utils.MathUtils is never used
[maxjcompiler] ----------
[maxjcompiler] 92. WARNING in /local/ssd/home/mattfel/transform_regression_tests_21-24/hyperdsl/spatial/regression_tests/dense/0_DotProduct/out/maxj/src/static/templates/GroupByReduce.maxj (at line 11)
[maxjcompiler] 	import com.maxeler.maxcompiler.v2.kernelcompiler.stdlib.KernelMath;
[maxjcompiler] 	       ^^^^^^^^^^^^^^^^^^^^^^^^^^^^^^^^^^^^^^^^^^^^^^^^^^^^^^^^^^^
[maxjcompiler] The import com.maxeler.maxcompiler.v2.kernelcompiler.stdlib.KernelMath is never used
[maxjcompiler] ----------
[maxjcompiler] 93. WARNING in /local/ssd/home/mattfel/transform_regression_tests_21-24/hyperdsl/spatial/regression_tests/dense/0_DotProduct/out/maxj/src/static/templates/GroupByReduce.maxj (at line 14)
[maxjcompiler] 	import java.util.ArrayList;
[maxjcompiler] 	       ^^^^^^^^^^^^^^^^^^^
[maxjcompiler] The import java.util.ArrayList is never used
[maxjcompiler] ----------
[maxjcompiler] 94. WARNING in /local/ssd/home/mattfel/transform_regression_tests_21-24/hyperdsl/spatial/regression_tests/dense/0_DotProduct/out/maxj/src/static/templates/GroupByReduce.maxj (at line 77)
[maxjcompiler] 	DFEVar test = constant.var(tag.getType(), 0) === tag;
[maxjcompiler] 	       ^^^^
[maxjcompiler] The local variable test is never read
[maxjcompiler] ----------
[maxjcompiler] ----------
[maxjcompiler] 95. WARNING in /local/ssd/home/mattfel/transform_regression_tests_21-24/hyperdsl/spatial/regression_tests/dense/0_DotProduct/out/maxj/src/static/templates/FFMem.maxj (at line 5)
[maxjcompiler] 	import com.maxeler.maxcompiler.v2.kernelcompiler.stdlib.memory.Memory;
[maxjcompiler] 	       ^^^^^^^^^^^^^^^^^^^^^^^^^^^^^^^^^^^^^^^^^^^^^^^^^^^^^^^^^^^^^^
[maxjcompiler] The import com.maxeler.maxcompiler.v2.kernelcompiler.stdlib.memory.Memory is never used
[maxjcompiler] ----------
[maxjcompiler] 96. WARNING in /local/ssd/home/mattfel/transform_regression_tests_21-24/hyperdsl/spatial/regression_tests/dense/0_DotProduct/out/maxj/src/static/templates/FFMem.maxj (at line 6)
[maxjcompiler] 	import com.maxeler.maxcompiler.v2.kernelcompiler.SMIO;
[maxjcompiler] 	       ^^^^^^^^^^^^^^^^^^^^^^^^^^^^^^^^^^^^^^^^^^^^^^
[maxjcompiler] The import com.maxeler.maxcompiler.v2.kernelcompiler.SMIO is never used
[maxjcompiler] ----------
[maxjcompiler] 97. WARNING in /local/ssd/home/mattfel/transform_regression_tests_21-24/hyperdsl/spatial/regression_tests/dense/0_DotProduct/out/maxj/src/static/templates/FFMem.maxj (at line 7)
[maxjcompiler] 	import com.maxeler.maxcompiler.v2.utils.MathUtils;
[maxjcompiler] 	       ^^^^^^^^^^^^^^^^^^^^^^^^^^^^^^^^^^^^^^^^^^
[maxjcompiler] The import com.maxeler.maxcompiler.v2.utils.MathUtils is never used
[maxjcompiler] ----------
[maxjcompiler] 98. WARNING in /local/ssd/home/mattfel/transform_regression_tests_21-24/hyperdsl/spatial/regression_tests/dense/0_DotProduct/out/maxj/src/static/templates/FFMem.maxj (at line 9)
[maxjcompiler] 	import com.maxeler.maxcompiler.v2.kernelcompiler.types.composite.DFEVector;
[maxjcompiler] 	       ^^^^^^^^^^^^^^^^^^^^^^^^^^^^^^^^^^^^^^^^^^^^^^^^^^^^^^^^^^^^^^^^^^^
[maxjcompiler] The import com.maxeler.maxcompiler.v2.kernelcompiler.types.composite.DFEVector is never used
[maxjcompiler] ----------
[maxjcompiler] ----------
[maxjcompiler] 99. WARNING in /local/ssd/home/mattfel/transform_regression_tests_21-24/hyperdsl/spatial/regression_tests/dense/0_DotProduct/out/maxj/src/static/templates/SpatialUtils.maxj (at line 2)
[maxjcompiler] 	import com.maxeler.maxcompiler.v2.kernelcompiler.stdlib.core.Count.Counter;
[maxjcompiler] 	       ^^^^^^^^^^^^^^^^^^^^^^^^^^^^^^^^^^^^^^^^^^^^^^^^^^^^^^^^^^^^^^^^^^^
[maxjcompiler] The import com.maxeler.maxcompiler.v2.kernelcompiler.stdlib.core.Count.Counter is never used
[maxjcompiler] ----------
[maxjcompiler] 100. WARNING in /local/ssd/home/mattfel/transform_regression_tests_21-24/hyperdsl/spatial/regression_tests/dense/0_DotProduct/out/maxj/src/static/templates/SpatialUtils.maxj (at line 3)
[maxjcompiler] 	import com.maxeler.maxcompiler.v2.kernelcompiler.stdlib.core.CounterChain;
[maxjcompiler] 	       ^^^^^^^^^^^^^^^^^^^^^^^^^^^^^^^^^^^^^^^^^^^^^^^^^^^^^^^^^^^^^^^^^^
[maxjcompiler] The import com.maxeler.maxcompiler.v2.kernelcompiler.stdlib.core.CounterChain is never used
[maxjcompiler] ----------
[maxjcompiler] 101. WARNING in /local/ssd/home/mattfel/transform_regression_tests_21-24/hyperdsl/spatial/regression_tests/dense/0_DotProduct/out/maxj/src/static/templates/SpatialUtils.maxj (at line 4)
[maxjcompiler] 	import com.maxeler.maxcompiler.v2.kernelcompiler.stdlib.core.Count;
[maxjcompiler] 	       ^^^^^^^^^^^^^^^^^^^^^^^^^^^^^^^^^^^^^^^^^^^^^^^^^^^^^^^^^^^
[maxjcompiler] The import com.maxeler.maxcompiler.v2.kernelcompiler.stdlib.core.Count is never used
[maxjcompiler] ----------
[maxjcompiler] 102. WARNING in /local/ssd/home/mattfel/transform_regression_tests_21-24/hyperdsl/spatial/regression_tests/dense/0_DotProduct/out/maxj/src/static/templates/SpatialUtils.maxj (at line 5)
[maxjcompiler] 	import com.maxeler.maxcompiler.v2.kernelcompiler.stdlib.core.Count.WrapMode;
[maxjcompiler] 	       ^^^^^^^^^^^^^^^^^^^^^^^^^^^^^^^^^^^^^^^^^^^^^^^^^^^^^^^^^^^^^^^^^^^^
[maxjcompiler] The import com.maxeler.maxcompiler.v2.kernelcompiler.stdlib.core.Count.WrapMode is never used
[maxjcompiler] ----------
[maxjcompiler] 103. WARNING in /local/ssd/home/mattfel/transform_regression_tests_21-24/hyperdsl/spatial/regression_tests/dense/0_DotProduct/out/maxj/src/static/templates/SpatialUtils.maxj (at line 6)
[maxjcompiler] 	import com.maxeler.maxcompiler.v2.kernelcompiler.stdlib.core.Count.Params;
[maxjcompiler] 	       ^^^^^^^^^^^^^^^^^^^^^^^^^^^^^^^^^^^^^^^^^^^^^^^^^^^^^^^^^^^^^^^^^^
[maxjcompiler] The import com.maxeler.maxcompiler.v2.kernelcompiler.stdlib.core.Count.Params is never used
[maxjcompiler] ----------
[maxjcompiler] 104. WARNING in /local/ssd/home/mattfel/transform_regression_tests_21-24/hyperdsl/spatial/regression_tests/dense/0_DotProduct/out/maxj/src/static/templates/SpatialUtils.maxj (at line 7)
[maxjcompiler] 	import com.maxeler.maxcompiler.v2.kernelcompiler.stdlib.memory.Memory;
[maxjcompiler] 	       ^^^^^^^^^^^^^^^^^^^^^^^^^^^^^^^^^^^^^^^^^^^^^^^^^^^^^^^^^^^^^^
[maxjcompiler] The import com.maxeler.maxcompiler.v2.kernelcompiler.stdlib.memory.Memory is never used
[maxjcompiler] ----------
[maxjcompiler] 105. WARNING in /local/ssd/home/mattfel/transform_regression_tests_21-24/hyperdsl/spatial/regression_tests/dense/0_DotProduct/out/maxj/src/static/templates/SpatialUtils.maxj (at line 8)
[maxjcompiler] 	import com.maxeler.maxcompiler.v2.kernelcompiler.Kernel;
[maxjcompiler] 	       ^^^^^^^^^^^^^^^^^^^^^^^^^^^^^^^^^^^^^^^^^^^^^^^^
[maxjcompiler] The import com.maxeler.maxcompiler.v2.kernelcompiler.Kernel is never used
[maxjcompiler] ----------
[maxjcompiler] 106. WARNING in /local/ssd/home/mattfel/transform_regression_tests_21-24/hyperdsl/spatial/regression_tests/dense/0_DotProduct/out/maxj/src/static/templates/SpatialUtils.maxj (at line 9)
[maxjcompiler] 	import com.maxeler.maxcompiler.v2.kernelcompiler.KernelParameters;
[maxjcompiler] 	       ^^^^^^^^^^^^^^^^^^^^^^^^^^^^^^^^^^^^^^^^^^^^^^^^^^^^^^^^^^
[maxjcompiler] The import com.maxeler.maxcompiler.v2.kernelcompiler.KernelParameters is never used
[maxjcompiler] ----------
[maxjcompiler] 107. WARNING in /local/ssd/home/mattfel/transform_regression_tests_21-24/hyperdsl/spatial/regression_tests/dense/0_DotProduct/out/maxj/src/static/templates/SpatialUtils.maxj (at line 11)
[maxjcompiler] 	import com.maxeler.maxcompiler.v2.utils.MathUtils;
[maxjcompiler] 	       ^^^^^^^^^^^^^^^^^^^^^^^^^^^^^^^^^^^^^^^^^^
[maxjcompiler] The import com.maxeler.maxcompiler.v2.utils.MathUtils is never used
[maxjcompiler] ----------
[maxjcompiler] 108. WARNING in /local/ssd/home/mattfel/transform_regression_tests_21-24/hyperdsl/spatial/regression_tests/dense/0_DotProduct/out/maxj/src/static/templates/SpatialUtils.maxj (at line 14)
[maxjcompiler] 	import com.maxeler.maxcompiler.v2.kernelcompiler.stdlib.KernelMath;
[maxjcompiler] 	       ^^^^^^^^^^^^^^^^^^^^^^^^^^^^^^^^^^^^^^^^^^^^^^^^^^^^^^^^^^^
[maxjcompiler] The import com.maxeler.maxcompiler.v2.kernelcompiler.stdlib.KernelMath is never used
[maxjcompiler] ----------
[maxjcompiler] 109. WARNING in /local/ssd/home/mattfel/transform_regression_tests_21-24/hyperdsl/spatial/regression_tests/dense/0_DotProduct/out/maxj/src/static/templates/SpatialUtils.maxj (at line 15)
[maxjcompiler] 	import com.maxeler.maxcompiler.v2.kernelcompiler.types.base.DFEType;
[maxjcompiler] 	       ^^^^^^^^^^^^^^^^^^^^^^^^^^^^^^^^^^^^^^^^^^^^^^^^^^^^^^^^^^^^
[maxjcompiler] The import com.maxeler.maxcompiler.v2.kernelcompiler.types.base.DFEType is never used
[maxjcompiler] ----------
[maxjcompiler] 110. WARNING in /local/ssd/home/mattfel/transform_regression_tests_21-24/hyperdsl/spatial/regression_tests/dense/0_DotProduct/out/maxj/src/static/templates/SpatialUtils.maxj (at line 16)
[maxjcompiler] 	import com.maxeler.maxcompiler.v2.kernelcompiler.stdlib.core.Stream.OffsetExpr;
[maxjcompiler] 	       ^^^^^^^^^^^^^^^^^^^^^^^^^^^^^^^^^^^^^^^^^^^^^^^^^^^^^^^^^^^^^^^^^^^^^^^
[maxjcompiler] The import com.maxeler.maxcompiler.v2.kernelcompiler.stdlib.core.Stream.OffsetExpr is never used
[maxjcompiler] ----------
[maxjcompiler] 111. WARNING in /local/ssd/home/mattfel/transform_regression_tests_21-24/hyperdsl/spatial/regression_tests/dense/0_DotProduct/out/maxj/src/static/templates/SpatialUtils.maxj (at line 17)
[maxjcompiler] 	import com.maxeler.maxcompiler.v2.kernelcompiler.stdlib.Reductions;
[maxjcompiler] 	       ^^^^^^^^^^^^^^^^^^^^^^^^^^^^^^^^^^^^^^^^^^^^^^^^^^^^^^^^^^^
[maxjcompiler] The import com.maxeler.maxcompiler.v2.kernelcompiler.stdlib.Reductions is never used
[maxjcompiler] ----------
[maxjcompiler] 112. WARNING in /local/ssd/home/mattfel/transform_regression_tests_21-24/hyperdsl/spatial/regression_tests/dense/0_DotProduct/out/maxj/src/static/templates/SpatialUtils.maxj (at line 18)
[maxjcompiler] 	import com.maxeler.maxcompiler.v2.kernelcompiler.SMIO;
[maxjcompiler] 	       ^^^^^^^^^^^^^^^^^^^^^^^^^^^^^^^^^^^^^^^^^^^^^^
[maxjcompiler] The import com.maxeler.maxcompiler.v2.kernelcompiler.SMIO is never used
[maxjcompiler] ----------
[maxjcompiler] 113. WARNING in /local/ssd/home/mattfel/transform_regression_tests_21-24/hyperdsl/spatial/regression_tests/dense/0_DotProduct/out/maxj/src/static/templates/SpatialUtils.maxj (at line 19)
[maxjcompiler] 	import com.maxeler.maxcompiler.v2.kernelcompiler.stdlib.Accumulator;
[maxjcompiler] 	       ^^^^^^^^^^^^^^^^^^^^^^^^^^^^^^^^^^^^^^^^^^^^^^^^^^^^^^^^^^^^
[maxjcompiler] The import com.maxeler.maxcompiler.v2.kernelcompiler.stdlib.Accumulator is never used
[maxjcompiler] ----------
[maxjcompiler] 114. WARNING in /local/ssd/home/mattfel/transform_regression_tests_21-24/hyperdsl/spatial/regression_tests/dense/0_DotProduct/out/maxj/src/static/templates/SpatialUtils.maxj (at line 20)
[maxjcompiler] 	import com.maxeler.maxcompiler.v2.kernelcompiler.types.base.DFEType;
[maxjcompiler] 	       ^^^^^^^^^^^^^^^^^^^^^^^^^^^^^^^^^^^^^^^^^^^^^^^^^^^^^^^^^^^^
[maxjcompiler] The import com.maxeler.maxcompiler.v2.kernelcompiler.types.base.DFEType is never used
[maxjcompiler] ----------
[maxjcompiler] 115. WARNING in /local/ssd/home/mattfel/transform_regression_tests_21-24/hyperdsl/spatial/regression_tests/dense/0_DotProduct/out/maxj/src/static/templates/SpatialUtils.maxj (at line 21)
[maxjcompiler] 	import com.maxeler.maxcompiler.v2.kernelcompiler.types.composite.DFEVector;
[maxjcompiler] 	       ^^^^^^^^^^^^^^^^^^^^^^^^^^^^^^^^^^^^^^^^^^^^^^^^^^^^^^^^^^^^^^^^^^^
[maxjcompiler] The import com.maxeler.maxcompiler.v2.kernelcompiler.types.composite.DFEVector is never used
[maxjcompiler] ----------
[maxjcompiler] 116. WARNING in /local/ssd/home/mattfel/transform_regression_tests_21-24/hyperdsl/spatial/regression_tests/dense/0_DotProduct/out/maxj/src/static/templates/SpatialUtils.maxj (at line 22)
[maxjcompiler] 	import com.maxeler.maxcompiler.v2.kernelcompiler.types.composite.DFEVectorType;
[maxjcompiler] 	       ^^^^^^^^^^^^^^^^^^^^^^^^^^^^^^^^^^^^^^^^^^^^^^^^^^^^^^^^^^^^^^^^^^^^^^^
[maxjcompiler] The import com.maxeler.maxcompiler.v2.kernelcompiler.types.composite.DFEVectorType is never used
[maxjcompiler] ----------
[maxjcompiler] 117. WARNING in /local/ssd/home/mattfel/transform_regression_tests_21-24/hyperdsl/spatial/regression_tests/dense/0_DotProduct/out/maxj/src/static/templates/SpatialUtils.maxj (at line 24)
[maxjcompiler] 	import java.util.Arrays;
[maxjcompiler] 	       ^^^^^^^^^^^^^^^^
[maxjcompiler] The import java.util.Arrays is never used
[maxjcompiler] ----------
[maxjcompiler] ----------
[maxjcompiler] 118. WARNING in /local/ssd/home/mattfel/transform_regression_tests_21-24/hyperdsl/spatial/regression_tests/dense/0_DotProduct/out/maxj/src/static/templates/NBufReg.maxj (at line 5)
[maxjcompiler] 	import com.maxeler.maxcompiler.v2.kernelcompiler.stdlib.memory.Memory;
[maxjcompiler] 	       ^^^^^^^^^^^^^^^^^^^^^^^^^^^^^^^^^^^^^^^^^^^^^^^^^^^^^^^^^^^^^^
[maxjcompiler] The import com.maxeler.maxcompiler.v2.kernelcompiler.stdlib.memory.Memory is never used
[maxjcompiler] ----------
[maxjcompiler] 119. WARNING in /local/ssd/home/mattfel/transform_regression_tests_21-24/hyperdsl/spatial/regression_tests/dense/0_DotProduct/out/maxj/src/static/templates/NBufReg.maxj (at line 9)
[maxjcompiler] 	import com.maxeler.maxcompiler.v2.kernelcompiler.Optimization;
[maxjcompiler] 	       ^^^^^^^^^^^^^^^^^^^^^^^^^^^^^^^^^^^^^^^^^^^^^^^^^^^^^^
[maxjcompiler] The import com.maxeler.maxcompiler.v2.kernelcompiler.Optimization is never used
[maxjcompiler] ----------
[maxjcompiler] 120. WARNING in /local/ssd/home/mattfel/transform_regression_tests_21-24/hyperdsl/spatial/regression_tests/dense/0_DotProduct/out/maxj/src/static/templates/NBufReg.maxj (at line 10)
[maxjcompiler] 	import com.maxeler.maxcompiler.v2.kernelcompiler.types.composite.DFEVector;
[maxjcompiler] 	       ^^^^^^^^^^^^^^^^^^^^^^^^^^^^^^^^^^^^^^^^^^^^^^^^^^^^^^^^^^^^^^^^^^^
[maxjcompiler] The import com.maxeler.maxcompiler.v2.kernelcompiler.types.composite.DFEVector is never used
[maxjcompiler] ----------
[maxjcompiler] 121. WARNING in /local/ssd/home/mattfel/transform_regression_tests_21-24/hyperdsl/spatial/regression_tests/dense/0_DotProduct/out/maxj/src/static/templates/NBufReg.maxj (at line 11)
[maxjcompiler] 	import com.maxeler.maxcompiler.v2.kernelcompiler.types.composite.DFEVectorType;
[maxjcompiler] 	       ^^^^^^^^^^^^^^^^^^^^^^^^^^^^^^^^^^^^^^^^^^^^^^^^^^^^^^^^^^^^^^^^^^^^^^^
[maxjcompiler] The import com.maxeler.maxcompiler.v2.kernelcompiler.types.composite.DFEVectorType is never used
[maxjcompiler] ----------
[maxjcompiler] ----------
[maxjcompiler] 122. WARNING in /local/ssd/home/mattfel/transform_regression_tests_21-24/hyperdsl/spatial/regression_tests/dense/0_DotProduct/out/maxj/src/static/templates/OnChipMem.maxj (at line 5)
[maxjcompiler] 	import com.maxeler.maxcompiler.v2.kernelcompiler.stdlib.memory.Memory;
[maxjcompiler] 	       ^^^^^^^^^^^^^^^^^^^^^^^^^^^^^^^^^^^^^^^^^^^^^^^^^^^^^^^^^^^^^^
[maxjcompiler] The import com.maxeler.maxcompiler.v2.kernelcompiler.stdlib.memory.Memory is never used
[maxjcompiler] ----------
[maxjcompiler] 123. WARNING in /local/ssd/home/mattfel/transform_regression_tests_21-24/hyperdsl/spatial/regression_tests/dense/0_DotProduct/out/maxj/src/static/templates/OnChipMem.maxj (at line 6)
[maxjcompiler] 	import com.maxeler.maxcompiler.v2.kernelcompiler.SMIO;
[maxjcompiler] 	       ^^^^^^^^^^^^^^^^^^^^^^^^^^^^^^^^^^^^^^^^^^^^^^
[maxjcompiler] The import com.maxeler.maxcompiler.v2.kernelcompiler.SMIO is never used
[maxjcompiler] ----------
[maxjcompiler] 124. WARNING in /local/ssd/home/mattfel/transform_regression_tests_21-24/hyperdsl/spatial/regression_tests/dense/0_DotProduct/out/maxj/src/static/templates/OnChipMem.maxj (at line 9)
[maxjcompiler] 	import com.maxeler.maxcompiler.v2.kernelcompiler.types.composite.DFEVector;
[maxjcompiler] 	       ^^^^^^^^^^^^^^^^^^^^^^^^^^^^^^^^^^^^^^^^^^^^^^^^^^^^^^^^^^^^^^^^^^^
[maxjcompiler] The import com.maxeler.maxcompiler.v2.kernelcompiler.types.composite.DFEVector is never used
[maxjcompiler] ----------
[maxjcompiler] ----------
[maxjcompiler] 125. WARNING in /local/ssd/home/mattfel/transform_regression_tests_21-24/hyperdsl/spatial/regression_tests/dense/0_DotProduct/out/maxj/src/static/templates/DblBufKernelLib.maxj (at line 3)
[maxjcompiler] 	import java.util.List;
[maxjcompiler] 	       ^^^^^^^^^^^^^^
[maxjcompiler] The import java.util.List is never used
[maxjcompiler] ----------
[maxjcompiler] 126. WARNING in /local/ssd/home/mattfel/transform_regression_tests_21-24/hyperdsl/spatial/regression_tests/dense/0_DotProduct/out/maxj/src/static/templates/DblBufKernelLib.maxj (at line 6)
[maxjcompiler] 	import com.maxeler.maxcompiler.v2.kernelcompiler.stdlib.memory.Memory;
[maxjcompiler] 	       ^^^^^^^^^^^^^^^^^^^^^^^^^^^^^^^^^^^^^^^^^^^^^^^^^^^^^^^^^^^^^^
[maxjcompiler] The import com.maxeler.maxcompiler.v2.kernelcompiler.stdlib.memory.Memory is never used
[maxjcompiler] ----------
[maxjcompiler] ----------
[maxjcompiler] 127. WARNING in /local/ssd/home/mattfel/transform_regression_tests_21-24/hyperdsl/spatial/regression_tests/dense/0_DotProduct/out/maxj/src/static/templates/GatherSM.maxj (at line 9)
[maxjcompiler] 	import com.maxeler.maxcompiler.v2.utils.MathUtils;
[maxjcompiler] 	       ^^^^^^^^^^^^^^^^^^^^^^^^^^^^^^^^^^^^^^^^^^
[maxjcompiler] The import com.maxeler.maxcompiler.v2.utils.MathUtils is never used
[maxjcompiler] ----------
[maxjcompiler] ----------
[maxjcompiler] 128. WARNING in /local/ssd/home/mattfel/transform_regression_tests_21-24/hyperdsl/spatial/regression_tests/dense/0_DotProduct/out/maxj/src/static/templates/BlockLoader.maxj (at line 6)
[maxjcompiler] 	import com.maxeler.maxcompiler.v2.kernelcompiler.stdlib.core.CounterChain;
[maxjcompiler] 	       ^^^^^^^^^^^^^^^^^^^^^^^^^^^^^^^^^^^^^^^^^^^^^^^^^^^^^^^^^^^^^^^^^^
[maxjcompiler] The import com.maxeler.maxcompiler.v2.kernelcompiler.stdlib.core.CounterChain is never used
[maxjcompiler] ----------
[maxjcompiler] 129. WARNING in /local/ssd/home/mattfel/transform_regression_tests_21-24/hyperdsl/spatial/regression_tests/dense/0_DotProduct/out/maxj/src/static/templates/BlockLoader.maxj (at line 11)
[maxjcompiler] 	import com.maxeler.maxcompiler.v2.kernelcompiler.Optimization;
[maxjcompiler] 	       ^^^^^^^^^^^^^^^^^^^^^^^^^^^^^^^^^^^^^^^^^^^^^^^^^^^^^^
[maxjcompiler] The import com.maxeler.maxcompiler.v2.kernelcompiler.Optimization is never used
[maxjcompiler] ----------
[maxjcompiler] 130. WARNING in /local/ssd/home/mattfel/transform_regression_tests_21-24/hyperdsl/spatial/regression_tests/dense/0_DotProduct/out/maxj/src/static/templates/BlockLoader.maxj (at line 308)
[maxjcompiler] 	DFEVector<DFEStruct> vecDataIn = vecType.newInstance(this);
[maxjcompiler] 	                     ^^^^^^^^^
[maxjcompiler] The local variable vecDataIn is never read
[maxjcompiler] ----------
[maxjcompiler] 130 problems (130 warnings)
     [echo] Compiling kernel
[maxjcompiler] 
[maxjcompiler] 
[maxjcompiler] Compiling to folder /local/ssd/home/mattfel/transform_regression_tests_21-24/hyperdsl/spatial/regression_tests/dense/0_DotProduct/out/bin
[maxjcompiler] ----------
[maxjcompiler] 1. WARNING in /local/ssd/home/mattfel/transform_regression_tests_21-24/hyperdsl/spatial/regression_tests/dense/0_DotProduct/out/maxj/src/static/TopKernel.maxj (at line 3)
[maxjcompiler] 	import com.maxeler.maxcompiler.v2.kernelcompiler.stdlib.core.Count.Counter;
[maxjcompiler] 	       ^^^^^^^^^^^^^^^^^^^^^^^^^^^^^^^^^^^^^^^^^^^^^^^^^^^^^^^^^^^^^^^^^^^
[maxjcompiler] The import com.maxeler.maxcompiler.v2.kernelcompiler.stdlib.core.Count.Counter is never used
[maxjcompiler] ----------
[maxjcompiler] 2. WARNING in /local/ssd/home/mattfel/transform_regression_tests_21-24/hyperdsl/spatial/regression_tests/dense/0_DotProduct/out/maxj/src/static/TopKernel.maxj (at line 4)
[maxjcompiler] 	import com.maxeler.maxcompiler.v2.kernelcompiler.stdlib.core.CounterChain;
[maxjcompiler] 	       ^^^^^^^^^^^^^^^^^^^^^^^^^^^^^^^^^^^^^^^^^^^^^^^^^^^^^^^^^^^^^^^^^^
[maxjcompiler] The import com.maxeler.maxcompiler.v2.kernelcompiler.stdlib.core.CounterChain is never used
[maxjcompiler] ----------
[maxjcompiler] 3. WARNING in /local/ssd/home/mattfel/transform_regression_tests_21-24/hyperdsl/spatial/regression_tests/dense/0_DotProduct/out/maxj/src/static/TopKernel.maxj (at line 6)
[maxjcompiler] 	import com.maxeler.maxcompiler.v2.kernelcompiler.stdlib.core.Count.Params;
[maxjcompiler] 	       ^^^^^^^^^^^^^^^^^^^^^^^^^^^^^^^^^^^^^^^^^^^^^^^^^^^^^^^^^^^^^^^^^^
[maxjcompiler] The import com.maxeler.maxcompiler.v2.kernelcompiler.stdlib.core.Count.Params is never used
[maxjcompiler] ----------
[maxjcompiler] 4. WARNING in /local/ssd/home/mattfel/transform_regression_tests_21-24/hyperdsl/spatial/regression_tests/dense/0_DotProduct/out/maxj/src/static/TopKernel.maxj (at line 7)
[maxjcompiler] 	import com.maxeler.maxcompiler.v2.kernelcompiler.stdlib.memory.Memory;
[maxjcompiler] 	       ^^^^^^^^^^^^^^^^^^^^^^^^^^^^^^^^^^^^^^^^^^^^^^^^^^^^^^^^^^^^^^
[maxjcompiler] The import com.maxeler.maxcompiler.v2.kernelcompiler.stdlib.memory.Memory is never used
[maxjcompiler] ----------
[maxjcompiler] 5. WARNING in /local/ssd/home/mattfel/transform_regression_tests_21-24/hyperdsl/spatial/regression_tests/dense/0_DotProduct/out/maxj/src/static/TopKernel.maxj (at line 12)
[maxjcompiler] 	import com.maxeler.maxcompiler.v2.utils.MathUtils;
[maxjcompiler] 	       ^^^^^^^^^^^^^^^^^^^^^^^^^^^^^^^^^^^^^^^^^^
[maxjcompiler] The import com.maxeler.maxcompiler.v2.utils.MathUtils is never used
[maxjcompiler] ----------
[maxjcompiler] 6. WARNING in /local/ssd/home/mattfel/transform_regression_tests_21-24/hyperdsl/spatial/regression_tests/dense/0_DotProduct/out/maxj/src/static/TopKernel.maxj (at line 13)
[maxjcompiler] 	import com.maxeler.maxcompiler.v2.utils.Bits;
[maxjcompiler] 	       ^^^^^^^^^^^^^^^^^^^^^^^^^^^^^^^^^^^^^
[maxjcompiler] The import com.maxeler.maxcompiler.v2.utils.Bits is never used
[maxjcompiler] ----------
[maxjcompiler] 7. WARNING in /local/ssd/home/mattfel/transform_regression_tests_21-24/hyperdsl/spatial/regression_tests/dense/0_DotProduct/out/maxj/src/static/TopKernel.maxj (at line 14)
[maxjcompiler] 	import com.maxeler.maxcompiler.v2.kernelcompiler.stdlib.core.CounterChain;
[maxjcompiler] 	       ^^^^^^^^^^^^^^^^^^^^^^^^^^^^^^^^^^^^^^^^^^^^^^^^^^^^^^^^^^^^^^^^^^
[maxjcompiler] The import com.maxeler.maxcompiler.v2.kernelcompiler.stdlib.core.CounterChain is never used
[maxjcompiler] ----------
[maxjcompiler] 8. WARNING in /local/ssd/home/mattfel/transform_regression_tests_21-24/hyperdsl/spatial/regression_tests/dense/0_DotProduct/out/maxj/src/static/TopKernel.maxj (at line 17)
[maxjcompiler] 	import java.util.Random;
[maxjcompiler] 	       ^^^^^^^^^^^^^^^^
[maxjcompiler] The import java.util.Random is never used
[maxjcompiler] ----------
[maxjcompiler] ----------
[maxjcompiler] 9. WARNING in /local/ssd/home/mattfel/transform_regression_tests_21-24/hyperdsl/spatial/regression_tests/dense/0_DotProduct/out/maxj/src/static/templates/SingleCtrSM.maxj (at line 8)
[maxjcompiler] 	import com.maxeler.maxcompiler.v2.statemachine.DFEsmValue;
[maxjcompiler] 	       ^^^^^^^^^^^^^^^^^^^^^^^^^^^^^^^^^^^^^^^^^^^^^^^^^^
[maxjcompiler] The import com.maxeler.maxcompiler.v2.statemachine.DFEsmValue is never used
[maxjcompiler] ----------
[maxjcompiler] ----------
[maxjcompiler] 10. WARNING in /local/ssd/home/mattfel/transform_regression_tests_21-24/hyperdsl/spatial/regression_tests/dense/0_DotProduct/out/maxj/src/static/templates/PQ.maxj (at line 5)
[maxjcompiler] 	import com.maxeler.maxcompiler.v2.kernelcompiler.stdlib.memory.Memory;
[maxjcompiler] 	       ^^^^^^^^^^^^^^^^^^^^^^^^^^^^^^^^^^^^^^^^^^^^^^^^^^^^^^^^^^^^^^
[maxjcompiler] The import com.maxeler.maxcompiler.v2.kernelcompiler.stdlib.memory.Memory is never used
[maxjcompiler] ----------
[maxjcompiler] 11. WARNING in /local/ssd/home/mattfel/transform_regression_tests_21-24/hyperdsl/spatial/regression_tests/dense/0_DotProduct/out/maxj/src/static/templates/PQ.maxj (at line 9)
[maxjcompiler] 	import com.maxeler.maxcompiler.v2.kernelcompiler.types.composite.DFEVector;
[maxjcompiler] 	       ^^^^^^^^^^^^^^^^^^^^^^^^^^^^^^^^^^^^^^^^^^^^^^^^^^^^^^^^^^^^^^^^^^^
[maxjcompiler] The import com.maxeler.maxcompiler.v2.kernelcompiler.types.composite.DFEVector is never used
[maxjcompiler] ----------
[maxjcompiler] 12. WARNING in /local/ssd/home/mattfel/transform_regression_tests_21-24/hyperdsl/spatial/regression_tests/dense/0_DotProduct/out/maxj/src/static/templates/PQ.maxj (at line 10)
[maxjcompiler] 	import com.maxeler.maxcompiler.v2.kernelcompiler.stdlib.Reductions;
[maxjcompiler] 	       ^^^^^^^^^^^^^^^^^^^^^^^^^^^^^^^^^^^^^^^^^^^^^^^^^^^^^^^^^^^
[maxjcompiler] The import com.maxeler.maxcompiler.v2.kernelcompiler.stdlib.Reductions is never used
[maxjcompiler] ----------
[maxjcompiler] ----------
[maxjcompiler] 13. WARNING in /local/ssd/home/mattfel/transform_regression_tests_21-24/hyperdsl/spatial/regression_tests/dense/0_DotProduct/out/maxj/src/static/templates/Scatter.maxj (at line 6)
[maxjcompiler] 	import com.maxeler.maxcompiler.v2.kernelcompiler.stdlib.core.CounterChain;
[maxjcompiler] 	       ^^^^^^^^^^^^^^^^^^^^^^^^^^^^^^^^^^^^^^^^^^^^^^^^^^^^^^^^^^^^^^^^^^
[maxjcompiler] The import com.maxeler.maxcompiler.v2.kernelcompiler.stdlib.core.CounterChain is never used
[maxjcompiler] ----------
[maxjcompiler] 14. WARNING in /local/ssd/home/mattfel/transform_regression_tests_21-24/hyperdsl/spatial/regression_tests/dense/0_DotProduct/out/maxj/src/static/templates/Scatter.maxj (at line 7)
[maxjcompiler] 	import com.maxeler.maxcompiler.v2.kernelcompiler.stdlib.core.Count.WrapMode;
[maxjcompiler] 	       ^^^^^^^^^^^^^^^^^^^^^^^^^^^^^^^^^^^^^^^^^^^^^^^^^^^^^^^^^^^^^^^^^^^^
[maxjcompiler] The import com.maxeler.maxcompiler.v2.kernelcompiler.stdlib.core.Count.WrapMode is never used
[maxjcompiler] ----------
[maxjcompiler] 15. WARNING in /local/ssd/home/mattfel/transform_regression_tests_21-24/hyperdsl/spatial/regression_tests/dense/0_DotProduct/out/maxj/src/static/templates/Scatter.maxj (at line 11)
[maxjcompiler] 	import com.maxeler.maxcompiler.v2.kernelcompiler.Optimization;
[maxjcompiler] 	       ^^^^^^^^^^^^^^^^^^^^^^^^^^^^^^^^^^^^^^^^^^^^^^^^^^^^^^
[maxjcompiler] The import com.maxeler.maxcompiler.v2.kernelcompiler.Optimization is never used
[maxjcompiler] ----------
[maxjcompiler] 16. WARNING in /local/ssd/home/mattfel/transform_regression_tests_21-24/hyperdsl/spatial/regression_tests/dense/0_DotProduct/out/maxj/src/static/templates/Scatter.maxj (at line 12)
[maxjcompiler] 	import com.maxeler.maxcompiler.v2.kernelcompiler.stdlib.Reductions;
[maxjcompiler] 	       ^^^^^^^^^^^^^^^^^^^^^^^^^^^^^^^^^^^^^^^^^^^^^^^^^^^^^^^^^^^
[maxjcompiler] The import com.maxeler.maxcompiler.v2.kernelcompiler.stdlib.Reductions is never used
[maxjcompiler] ----------
[maxjcompiler] 17. WARNING in /local/ssd/home/mattfel/transform_regression_tests_21-24/hyperdsl/spatial/regression_tests/dense/0_DotProduct/out/maxj/src/static/templates/Scatter.maxj (at line 19)
[maxjcompiler] 	import com.maxeler.maxcompiler.v2.kernelcompiler.types.composite.DFEVector;
[maxjcompiler] 	       ^^^^^^^^^^^^^^^^^^^^^^^^^^^^^^^^^^^^^^^^^^^^^^^^^^^^^^^^^^^^^^^^^^^
[maxjcompiler] The import com.maxeler.maxcompiler.v2.kernelcompiler.types.composite.DFEVector is never used
[maxjcompiler] ----------
[maxjcompiler] 18. WARNING in /local/ssd/home/mattfel/transform_regression_tests_21-24/hyperdsl/spatial/regression_tests/dense/0_DotProduct/out/maxj/src/static/templates/Scatter.maxj (at line 20)
[maxjcompiler] 	import com.maxeler.maxcompiler.v2.kernelcompiler.types.composite.DFEVectorType;
[maxjcompiler] 	       ^^^^^^^^^^^^^^^^^^^^^^^^^^^^^^^^^^^^^^^^^^^^^^^^^^^^^^^^^^^^^^^^^^^^^^^
[maxjcompiler] The import com.maxeler.maxcompiler.v2.kernelcompiler.types.composite.DFEVectorType is never used
[maxjcompiler] ----------
[maxjcompiler] 19. WARNING in /local/ssd/home/mattfel/transform_regression_tests_21-24/hyperdsl/spatial/regression_tests/dense/0_DotProduct/out/maxj/src/static/templates/Scatter.maxj (at line 21)
[maxjcompiler] 	import com.maxeler.maxcompiler.v2.kernelcompiler.types.composite.DFEStruct;
[maxjcompiler] 	       ^^^^^^^^^^^^^^^^^^^^^^^^^^^^^^^^^^^^^^^^^^^^^^^^^^^^^^^^^^^^^^^^^^^
[maxjcompiler] The import com.maxeler.maxcompiler.v2.kernelcompiler.types.composite.DFEStruct is never used
[maxjcompiler] ----------
[maxjcompiler] 20. WARNING in /local/ssd/home/mattfel/transform_regression_tests_21-24/hyperdsl/spatial/regression_tests/dense/0_DotProduct/out/maxj/src/static/templates/Scatter.maxj (at line 22)
[maxjcompiler] 	import com.maxeler.maxcompiler.v2.kernelcompiler.types.composite.DFEStructType;
[maxjcompiler] 	       ^^^^^^^^^^^^^^^^^^^^^^^^^^^^^^^^^^^^^^^^^^^^^^^^^^^^^^^^^^^^^^^^^^^^^^^
[maxjcompiler] The import com.maxeler.maxcompiler.v2.kernelcompiler.types.composite.DFEStructType is never used
[maxjcompiler] ----------
[maxjcompiler] 21. WARNING in /local/ssd/home/mattfel/transform_regression_tests_21-24/hyperdsl/spatial/regression_tests/dense/0_DotProduct/out/maxj/src/static/templates/Scatter.maxj (at line 23)
[maxjcompiler] 	import com.maxeler.maxcompiler.v2.kernelcompiler.types.composite.DFEStructType.StructFieldType;
[maxjcompiler] 	       ^^^^^^^^^^^^^^^^^^^^^^^^^^^^^^^^^^^^^^^^^^^^^^^^^^^^^^^^^^^^^^^^^^^^^^^^^^^^^^^^^^^^^^^
[maxjcompiler] The import com.maxeler.maxcompiler.v2.kernelcompiler.types.composite.DFEStructType.StructFieldType is never used
[maxjcompiler] ----------
[maxjcompiler] 22. WARNING in /local/ssd/home/mattfel/transform_regression_tests_21-24/hyperdsl/spatial/regression_tests/dense/0_DotProduct/out/maxj/src/static/templates/Scatter.maxj (at line 24)
[maxjcompiler] 	import java.util.ArrayList;
[maxjcompiler] 	       ^^^^^^^^^^^^^^^^^^^
[maxjcompiler] The import java.util.ArrayList is never used
[maxjcompiler] ----------
[maxjcompiler] 23. WARNING in /local/ssd/home/mattfel/transform_regression_tests_21-24/hyperdsl/spatial/regression_tests/dense/0_DotProduct/out/maxj/src/static/templates/Scatter.maxj (at line 75)
[maxjcompiler] 	DFEVar package_done = sm.getOutput("package_done");
[maxjcompiler] 	       ^^^^^^^^^^^^
[maxjcompiler] The local variable package_done is never read
[maxjcompiler] ----------
[maxjcompiler] 24. WARNING in /local/ssd/home/mattfel/transform_regression_tests_21-24/hyperdsl/spatial/regression_tests/dense/0_DotProduct/out/maxj/src/static/templates/Scatter.maxj (at line 274)
[maxjcompiler] 	DFEVar package_done = sm.getOutput("package_done");
[maxjcompiler] 	       ^^^^^^^^^^^^
[maxjcompiler] The local variable package_done is never read
[maxjcompiler] ----------
[maxjcompiler] ----------
[maxjcompiler] 25. WARNING in /local/ssd/home/mattfel/transform_regression_tests_21-24/hyperdsl/spatial/regression_tests/dense/0_DotProduct/out/maxj/src/static/templates/NBufSM.maxj (at line 9)
[maxjcompiler] 	import java.util.ArrayList;
[maxjcompiler] 	       ^^^^^^^^^^^^^^^^^^^
[maxjcompiler] The import java.util.ArrayList is never used
[maxjcompiler] ----------
[maxjcompiler] 26. WARNING in /local/ssd/home/mattfel/transform_regression_tests_21-24/hyperdsl/spatial/regression_tests/dense/0_DotProduct/out/maxj/src/static/templates/NBufSM.maxj (at line 10)
[maxjcompiler] 	import java.util.List;
[maxjcompiler] 	       ^^^^^^^^^^^^^^
[maxjcompiler] The import java.util.List is never used
[maxjcompiler] ----------
[maxjcompiler] ----------
[maxjcompiler] 27. WARNING in /local/ssd/home/mattfel/transform_regression_tests_21-24/hyperdsl/spatial/regression_tests/dense/0_DotProduct/out/maxj/src/static/templates/DblBufStateMachine.maxj (at line 48)
[maxjcompiler] 	this.numIter = numIter;
[maxjcompiler] 	^^^^^^^^^^^^^^^^^^^^^^
[maxjcompiler] The assignment to variable numIter has no effect
[maxjcompiler] ----------
[maxjcompiler] ----------
[maxjcompiler] 28. WARNING in /local/ssd/home/mattfel/transform_regression_tests_21-24/hyperdsl/spatial/regression_tests/dense/0_DotProduct/out/maxj/src/static/templates/DblBufReg.maxj (at line 5)
[maxjcompiler] 	import com.maxeler.maxcompiler.v2.kernelcompiler.stdlib.memory.Memory;
[maxjcompiler] 	       ^^^^^^^^^^^^^^^^^^^^^^^^^^^^^^^^^^^^^^^^^^^^^^^^^^^^^^^^^^^^^^
[maxjcompiler] The import com.maxeler.maxcompiler.v2.kernelcompiler.stdlib.memory.Memory is never used
[maxjcompiler] ----------
[maxjcompiler] 29. WARNING in /local/ssd/home/mattfel/transform_regression_tests_21-24/hyperdsl/spatial/regression_tests/dense/0_DotProduct/out/maxj/src/static/templates/DblBufReg.maxj (at line 7)
[maxjcompiler] 	import com.maxeler.maxcompiler.v2.utils.MathUtils;
[maxjcompiler] 	       ^^^^^^^^^^^^^^^^^^^^^^^^^^^^^^^^^^^^^^^^^^
[maxjcompiler] The import com.maxeler.maxcompiler.v2.utils.MathUtils is never used
[maxjcompiler] ----------
[maxjcompiler] 30. WARNING in /local/ssd/home/mattfel/transform_regression_tests_21-24/hyperdsl/spatial/regression_tests/dense/0_DotProduct/out/maxj/src/static/templates/DblBufReg.maxj (at line 9)
[maxjcompiler] 	import com.maxeler.maxcompiler.v2.kernelcompiler.Optimization;
[maxjcompiler] 	       ^^^^^^^^^^^^^^^^^^^^^^^^^^^^^^^^^^^^^^^^^^^^^^^^^^^^^^
[maxjcompiler] The import com.maxeler.maxcompiler.v2.kernelcompiler.Optimization is never used
[maxjcompiler] ----------
[maxjcompiler] ----------
[maxjcompiler] 31. WARNING in /local/ssd/home/mattfel/transform_regression_tests_21-24/hyperdsl/spatial/regression_tests/dense/0_DotProduct/out/maxj/src/static/templates/ScatterSM.maxj (at line 9)
[maxjcompiler] 	import com.maxeler.maxcompiler.v2.utils.MathUtils;
[maxjcompiler] 	       ^^^^^^^^^^^^^^^^^^^^^^^^^^^^^^^^^^^^^^^^^^
[maxjcompiler] The import com.maxeler.maxcompiler.v2.utils.MathUtils is never used
[maxjcompiler] ----------
[maxjcompiler] ----------
[maxjcompiler] 32. WARNING in /local/ssd/home/mattfel/transform_regression_tests_21-24/hyperdsl/spatial/regression_tests/dense/0_DotProduct/out/maxj/src/static/templates/Gather.maxj (at line 6)
[maxjcompiler] 	import com.maxeler.maxcompiler.v2.kernelcompiler.stdlib.core.CounterChain;
[maxjcompiler] 	       ^^^^^^^^^^^^^^^^^^^^^^^^^^^^^^^^^^^^^^^^^^^^^^^^^^^^^^^^^^^^^^^^^^
[maxjcompiler] The import com.maxeler.maxcompiler.v2.kernelcompiler.stdlib.core.CounterChain is never used
[maxjcompiler] ----------
[maxjcompiler] 33. WARNING in /local/ssd/home/mattfel/transform_regression_tests_21-24/hyperdsl/spatial/regression_tests/dense/0_DotProduct/out/maxj/src/static/templates/Gather.maxj (at line 7)
[maxjcompiler] 	import com.maxeler.maxcompiler.v2.kernelcompiler.stdlib.core.Count.WrapMode;
[maxjcompiler] 	       ^^^^^^^^^^^^^^^^^^^^^^^^^^^^^^^^^^^^^^^^^^^^^^^^^^^^^^^^^^^^^^^^^^^^
[maxjcompiler] The import com.maxeler.maxcompiler.v2.kernelcompiler.stdlib.core.Count.WrapMode is never used
[maxjcompiler] ----------
[maxjcompiler] 34. WARNING in /local/ssd/home/mattfel/transform_regression_tests_21-24/hyperdsl/spatial/regression_tests/dense/0_DotProduct/out/maxj/src/static/templates/Gather.maxj (at line 11)
[maxjcompiler] 	import com.maxeler.maxcompiler.v2.kernelcompiler.Optimization;
[maxjcompiler] 	       ^^^^^^^^^^^^^^^^^^^^^^^^^^^^^^^^^^^^^^^^^^^^^^^^^^^^^^
[maxjcompiler] The import com.maxeler.maxcompiler.v2.kernelcompiler.Optimization is never used
[maxjcompiler] ----------
[maxjcompiler] 35. WARNING in /local/ssd/home/mattfel/transform_regression_tests_21-24/hyperdsl/spatial/regression_tests/dense/0_DotProduct/out/maxj/src/static/templates/Gather.maxj (at line 12)
[maxjcompiler] 	import com.maxeler.maxcompiler.v2.kernelcompiler.stdlib.Reductions;
[maxjcompiler] 	       ^^^^^^^^^^^^^^^^^^^^^^^^^^^^^^^^^^^^^^^^^^^^^^^^^^^^^^^^^^^
[maxjcompiler] The import com.maxeler.maxcompiler.v2.kernelcompiler.stdlib.Reductions is never used
[maxjcompiler] ----------
[maxjcompiler] 36. WARNING in /local/ssd/home/mattfel/transform_regression_tests_21-24/hyperdsl/spatial/regression_tests/dense/0_DotProduct/out/maxj/src/static/templates/Gather.maxj (at line 21)
[maxjcompiler] 	import com.maxeler.maxcompiler.v2.kernelcompiler.types.composite.DFEStruct;
[maxjcompiler] 	       ^^^^^^^^^^^^^^^^^^^^^^^^^^^^^^^^^^^^^^^^^^^^^^^^^^^^^^^^^^^^^^^^^^^
[maxjcompiler] The import com.maxeler.maxcompiler.v2.kernelcompiler.types.composite.DFEStruct is never used
[maxjcompiler] ----------
[maxjcompiler] 37. WARNING in /local/ssd/home/mattfel/transform_regression_tests_21-24/hyperdsl/spatial/regression_tests/dense/0_DotProduct/out/maxj/src/static/templates/Gather.maxj (at line 22)
[maxjcompiler] 	import com.maxeler.maxcompiler.v2.kernelcompiler.types.composite.DFEStructType;
[maxjcompiler] 	       ^^^^^^^^^^^^^^^^^^^^^^^^^^^^^^^^^^^^^^^^^^^^^^^^^^^^^^^^^^^^^^^^^^^^^^^
[maxjcompiler] The import com.maxeler.maxcompiler.v2.kernelcompiler.types.composite.DFEStructType is never used
[maxjcompiler] ----------
[maxjcompiler] 38. WARNING in /local/ssd/home/mattfel/transform_regression_tests_21-24/hyperdsl/spatial/regression_tests/dense/0_DotProduct/out/maxj/src/static/templates/Gather.maxj (at line 23)
[maxjcompiler] 	import com.maxeler.maxcompiler.v2.kernelcompiler.types.composite.DFEStructType.StructFieldType;
[maxjcompiler] 	       ^^^^^^^^^^^^^^^^^^^^^^^^^^^^^^^^^^^^^^^^^^^^^^^^^^^^^^^^^^^^^^^^^^^^^^^^^^^^^^^^^^^^^^^
[maxjcompiler] The import com.maxeler.maxcompiler.v2.kernelcompiler.types.composite.DFEStructType.StructFieldType is never used
[maxjcompiler] ----------
[maxjcompiler] 39. WARNING in /local/ssd/home/mattfel/transform_regression_tests_21-24/hyperdsl/spatial/regression_tests/dense/0_DotProduct/out/maxj/src/static/templates/Gather.maxj (at line 24)
[maxjcompiler] 	import java.util.ArrayList;
[maxjcompiler] 	       ^^^^^^^^^^^^^^^^^^^
[maxjcompiler] The import java.util.ArrayList is never used
[maxjcompiler] ----------
[maxjcompiler] 40. WARNING in /local/ssd/home/mattfel/transform_regression_tests_21-24/hyperdsl/spatial/regression_tests/dense/0_DotProduct/out/maxj/src/static/templates/Gather.maxj (at line 105)
[maxjcompiler] 	DFEVar package_done = sm.getOutput("package_done");
[maxjcompiler] 	       ^^^^^^^^^^^^
[maxjcompiler] The local variable package_done is never read
[maxjcompiler] ----------
[maxjcompiler] 41. WARNING in /local/ssd/home/mattfel/transform_regression_tests_21-24/hyperdsl/spatial/regression_tests/dense/0_DotProduct/out/maxj/src/static/templates/Gather.maxj (at line 303)
[maxjcompiler] 	DFEVar package_done = sm.getOutput("package_done");
[maxjcompiler] 	       ^^^^^^^^^^^^
[maxjcompiler] The local variable package_done is never read
[maxjcompiler] ----------
[maxjcompiler] ----------
[maxjcompiler] 42. WARNING in /local/ssd/home/mattfel/transform_regression_tests_21-24/hyperdsl/spatial/regression_tests/dense/0_DotProduct/out/maxj/src/static/templates/GBRSM.maxj (at line 8)
[maxjcompiler] 	import com.maxeler.maxcompiler.v2.statemachine.DFEsmValue;
[maxjcompiler] 	       ^^^^^^^^^^^^^^^^^^^^^^^^^^^^^^^^^^^^^^^^^^^^^^^^^^
[maxjcompiler] The import com.maxeler.maxcompiler.v2.statemachine.DFEsmValue is never used
[maxjcompiler] ----------
[maxjcompiler] ----------
[maxjcompiler] 43. WARNING in /local/ssd/home/mattfel/transform_regression_tests_21-24/hyperdsl/spatial/regression_tests/dense/0_DotProduct/out/maxj/src/static/templates/DblBufStateMachine_2.maxj (at line 41)
[maxjcompiler] 	DFEsmValueType counterType = dfeUInt(2);
[maxjcompiler] 	               ^^^^^^^^^^^
[maxjcompiler] The local variable counterType is never read
[maxjcompiler] ----------
[maxjcompiler] 44. WARNING in /local/ssd/home/mattfel/transform_regression_tests_21-24/hyperdsl/spatial/regression_tests/dense/0_DotProduct/out/maxj/src/static/templates/DblBufStateMachine_2.maxj (at line 59)
[maxjcompiler] 	this.numIter = numIter;
[maxjcompiler] 	^^^^^^^^^^^^^^^^^^^^^^
[maxjcompiler] The assignment to variable numIter has no effect
[maxjcompiler] ----------
[maxjcompiler] ----------
[maxjcompiler] 45. WARNING in /local/ssd/home/mattfel/transform_regression_tests_21-24/hyperdsl/spatial/regression_tests/dense/0_DotProduct/out/maxj/src/static/templates/VDblBufKernelLib.maxj (at line 8)
[maxjcompiler] 	import com.maxeler.maxcompiler.v2.kernelcompiler.types.base.DFEType;
[maxjcompiler] 	       ^^^^^^^^^^^^^^^^^^^^^^^^^^^^^^^^^^^^^^^^^^^^^^^^^^^^^^^^^^^^
[maxjcompiler] The import com.maxeler.maxcompiler.v2.kernelcompiler.types.base.DFEType is never used
[maxjcompiler] ----------
[maxjcompiler] ----------
[maxjcompiler] 46. WARNING in /local/ssd/home/mattfel/transform_regression_tests_21-24/hyperdsl/spatial/regression_tests/dense/0_DotProduct/out/maxj/src/static/templates/NBufKernelLib.maxj (at line 5)
[maxjcompiler] 	import com.maxeler.maxcompiler.v2.kernelcompiler.stdlib.memory.Memory;
[maxjcompiler] 	       ^^^^^^^^^^^^^^^^^^^^^^^^^^^^^^^^^^^^^^^^^^^^^^^^^^^^^^^^^^^^^^
[maxjcompiler] The import com.maxeler.maxcompiler.v2.kernelcompiler.stdlib.memory.Memory is never used
[maxjcompiler] ----------
[maxjcompiler] 47. WARNING in /local/ssd/home/mattfel/transform_regression_tests_21-24/hyperdsl/spatial/regression_tests/dense/0_DotProduct/out/maxj/src/static/templates/NBufKernelLib.maxj (at line 9)
[maxjcompiler] 	import com.maxeler.maxcompiler.v2.kernelcompiler.Optimization;
[maxjcompiler] 	       ^^^^^^^^^^^^^^^^^^^^^^^^^^^^^^^^^^^^^^^^^^^^^^^^^^^^^^
[maxjcompiler] The import com.maxeler.maxcompiler.v2.kernelcompiler.Optimization is never used
[maxjcompiler] ----------
[maxjcompiler] 48. WARNING in /local/ssd/home/mattfel/transform_regression_tests_21-24/hyperdsl/spatial/regression_tests/dense/0_DotProduct/out/maxj/src/static/templates/NBufKernelLib.maxj (at line 12)
[maxjcompiler] 	import com.maxeler.maxcompiler.v2.utils.Bits;
[maxjcompiler] 	       ^^^^^^^^^^^^^^^^^^^^^^^^^^^^^^^^^^^^^
[maxjcompiler] The import com.maxeler.maxcompiler.v2.utils.Bits is never used
[maxjcompiler] ----------
[maxjcompiler] 49. WARNING in /local/ssd/home/mattfel/transform_regression_tests_21-24/hyperdsl/spatial/regression_tests/dense/0_DotProduct/out/maxj/src/static/templates/NBufKernelLib.maxj (at line 105)
[maxjcompiler] 	this.type = type;
[maxjcompiler] 	^^^^^^^^^^^^^^^^
[maxjcompiler] The assignment to variable type has no effect
[maxjcompiler] ----------
[maxjcompiler] ----------
[maxjcompiler] 50. WARNING in /local/ssd/home/mattfel/transform_regression_tests_21-24/hyperdsl/spatial/regression_tests/dense/0_DotProduct/out/maxj/src/static/templates/MemoryCmdSM.maxj (at line 6)
[maxjcompiler] 	import com.maxeler.maxcompiler.v2.statemachine.DFEsmStateValue;
[maxjcompiler] 	       ^^^^^^^^^^^^^^^^^^^^^^^^^^^^^^^^^^^^^^^^^^^^^^^^^^^^^^^
[maxjcompiler] The import com.maxeler.maxcompiler.v2.statemachine.DFEsmStateValue is never used
[maxjcompiler] ----------
[maxjcompiler] 51. WARNING in /local/ssd/home/mattfel/transform_regression_tests_21-24/hyperdsl/spatial/regression_tests/dense/0_DotProduct/out/maxj/src/static/templates/MemoryCmdSM.maxj (at line 35)
[maxjcompiler] 	DFEsmValueType counterType = dfeUInt(32);
[maxjcompiler] 	               ^^^^^^^^^^^
[maxjcompiler] The local variable counterType is never read
[maxjcompiler] ----------
[maxjcompiler] ----------
[maxjcompiler] 52. WARNING in /local/ssd/home/mattfel/transform_regression_tests_21-24/hyperdsl/spatial/regression_tests/dense/0_DotProduct/out/maxj/src/static/templates/MemoryCmdGen.maxj (at line 7)
[maxjcompiler] 	import com.maxeler.maxcompiler.v2.kernelcompiler.stdlib.core.CounterChain;
[maxjcompiler] 	       ^^^^^^^^^^^^^^^^^^^^^^^^^^^^^^^^^^^^^^^^^^^^^^^^^^^^^^^^^^^^^^^^^^
[maxjcompiler] The import com.maxeler.maxcompiler.v2.kernelcompiler.stdlib.core.CounterChain is never used
[maxjcompiler] ----------
[maxjcompiler] 53. WARNING in /local/ssd/home/mattfel/transform_regression_tests_21-24/hyperdsl/spatial/regression_tests/dense/0_DotProduct/out/maxj/src/static/templates/MemoryCmdGen.maxj (at line 10)
[maxjcompiler] 	import com.maxeler.maxcompiler.v2.utils.MathUtils;
[maxjcompiler] 	       ^^^^^^^^^^^^^^^^^^^^^^^^^^^^^^^^^^^^^^^^^^
[maxjcompiler] The import com.maxeler.maxcompiler.v2.utils.MathUtils is never used
[maxjcompiler] ----------
[maxjcompiler] 54. WARNING in /local/ssd/home/mattfel/transform_regression_tests_21-24/hyperdsl/spatial/regression_tests/dense/0_DotProduct/out/maxj/src/static/templates/MemoryCmdGen.maxj (at line 13)
[maxjcompiler] 	import com.maxeler.maxcompiler.v2.kernelcompiler.Optimization;
[maxjcompiler] 	       ^^^^^^^^^^^^^^^^^^^^^^^^^^^^^^^^^^^^^^^^^^^^^^^^^^^^^^
[maxjcompiler] The import com.maxeler.maxcompiler.v2.kernelcompiler.Optimization is never used
[maxjcompiler] ----------
[maxjcompiler] 55. WARNING in /local/ssd/home/mattfel/transform_regression_tests_21-24/hyperdsl/spatial/regression_tests/dense/0_DotProduct/out/maxj/src/static/templates/MemoryCmdGen.maxj (at line 14)
[maxjcompiler] 	import com.maxeler.maxcompiler.v2.kernelcompiler.stdlib.Reductions;
[maxjcompiler] 	       ^^^^^^^^^^^^^^^^^^^^^^^^^^^^^^^^^^^^^^^^^^^^^^^^^^^^^^^^^^^
[maxjcompiler] The import com.maxeler.maxcompiler.v2.kernelcompiler.stdlib.Reductions is never used
[maxjcompiler] ----------
[maxjcompiler] 56. WARNING in /local/ssd/home/mattfel/transform_regression_tests_21-24/hyperdsl/spatial/regression_tests/dense/0_DotProduct/out/maxj/src/static/templates/MemoryCmdGen.maxj (at line 15)
[maxjcompiler] 	import com.maxeler.maxcompiler.v2.kernelcompiler.stdlib.core.Stream.OffsetExpr;
[maxjcompiler] 	       ^^^^^^^^^^^^^^^^^^^^^^^^^^^^^^^^^^^^^^^^^^^^^^^^^^^^^^^^^^^^^^^^^^^^^^^
[maxjcompiler] The import com.maxeler.maxcompiler.v2.kernelcompiler.stdlib.core.Stream.OffsetExpr is never used
[maxjcompiler] ----------
[maxjcompiler] 57. WARNING in /local/ssd/home/mattfel/transform_regression_tests_21-24/hyperdsl/spatial/regression_tests/dense/0_DotProduct/out/maxj/src/static/templates/MemoryCmdGen.maxj (at line 20)
[maxjcompiler] 	import com.maxeler.maxcompiler.v2.kernelcompiler.types.composite.DFEStruct;
[maxjcompiler] 	       ^^^^^^^^^^^^^^^^^^^^^^^^^^^^^^^^^^^^^^^^^^^^^^^^^^^^^^^^^^^^^^^^^^^
[maxjcompiler] The import com.maxeler.maxcompiler.v2.kernelcompiler.types.composite.DFEStruct is never used
[maxjcompiler] ----------
[maxjcompiler] 58. WARNING in /local/ssd/home/mattfel/transform_regression_tests_21-24/hyperdsl/spatial/regression_tests/dense/0_DotProduct/out/maxj/src/static/templates/MemoryCmdGen.maxj (at line 21)
[maxjcompiler] 	import com.maxeler.maxcompiler.v2.kernelcompiler.types.composite.DFEStructType;
[maxjcompiler] 	       ^^^^^^^^^^^^^^^^^^^^^^^^^^^^^^^^^^^^^^^^^^^^^^^^^^^^^^^^^^^^^^^^^^^^^^^
[maxjcompiler] The import com.maxeler.maxcompiler.v2.kernelcompiler.types.composite.DFEStructType is never used
[maxjcompiler] ----------
[maxjcompiler] 59. WARNING in /local/ssd/home/mattfel/transform_regression_tests_21-24/hyperdsl/spatial/regression_tests/dense/0_DotProduct/out/maxj/src/static/templates/MemoryCmdGen.maxj (at line 22)
[maxjcompiler] 	import com.maxeler.maxcompiler.v2.kernelcompiler.types.composite.DFEStructType.StructFieldType;
[maxjcompiler] 	       ^^^^^^^^^^^^^^^^^^^^^^^^^^^^^^^^^^^^^^^^^^^^^^^^^^^^^^^^^^^^^^^^^^^^^^^^^^^^^^^^^^^^^^^
[maxjcompiler] The import com.maxeler.maxcompiler.v2.kernelcompiler.types.composite.DFEStructType.StructFieldType is never used
[maxjcompiler] ----------
[maxjcompiler] 60. WARNING in /local/ssd/home/mattfel/transform_regression_tests_21-24/hyperdsl/spatial/regression_tests/dense/0_DotProduct/out/maxj/src/static/templates/MemoryCmdGen.maxj (at line 23)
[maxjcompiler] 	import java.util.ArrayList;
[maxjcompiler] 	       ^^^^^^^^^^^^^^^^^^^
[maxjcompiler] The import java.util.ArrayList is never used
[maxjcompiler] ----------
[maxjcompiler] 61. WARNING in /local/ssd/home/mattfel/transform_regression_tests_21-24/hyperdsl/spatial/regression_tests/dense/0_DotProduct/out/maxj/src/static/templates/MemoryCmdGen.maxj (at line 102)
[maxjcompiler] 	int par = wdata.getSize();
[maxjcompiler] 	    ^^^
[maxjcompiler] The local variable par is never read
[maxjcompiler] ----------
[maxjcompiler] 62. WARNING in /local/ssd/home/mattfel/transform_regression_tests_21-24/hyperdsl/spatial/regression_tests/dense/0_DotProduct/out/maxj/src/static/templates/MemoryCmdGen.maxj (at line 188)
[maxjcompiler] 	DFEVar sizecheck = upcast(size_int, wdata[0].getType());
[maxjcompiler] 	       ^^^^^^^^^
[maxjcompiler] The local variable sizecheck is never read
[maxjcompiler] ----------
[maxjcompiler] ----------
[maxjcompiler] 63. WARNING in /local/ssd/home/mattfel/transform_regression_tests_21-24/hyperdsl/spatial/regression_tests/dense/0_DotProduct/out/maxj/src/static/templates/CtrChainLib.maxj (at line 6)
[maxjcompiler] 	import com.maxeler.maxcompiler.v2.kernelcompiler.SMIO;
[maxjcompiler] 	       ^^^^^^^^^^^^^^^^^^^^^^^^^^^^^^^^^^^^^^^^^^^^^^
[maxjcompiler] The import com.maxeler.maxcompiler.v2.kernelcompiler.SMIO is never used
[maxjcompiler] ----------
[maxjcompiler] 64. WARNING in /local/ssd/home/mattfel/transform_regression_tests_21-24/hyperdsl/spatial/regression_tests/dense/0_DotProduct/out/maxj/src/static/templates/CtrChainLib.maxj (at line 7)
[maxjcompiler] 	import com.maxeler.maxcompiler.v2.kernelcompiler.stdlib.core.CounterChain;
[maxjcompiler] 	       ^^^^^^^^^^^^^^^^^^^^^^^^^^^^^^^^^^^^^^^^^^^^^^^^^^^^^^^^^^^^^^^^^^
[maxjcompiler] The import com.maxeler.maxcompiler.v2.kernelcompiler.stdlib.core.CounterChain is never used
[maxjcompiler] ----------
[maxjcompiler] 65. WARNING in /local/ssd/home/mattfel/transform_regression_tests_21-24/hyperdsl/spatial/regression_tests/dense/0_DotProduct/out/maxj/src/static/templates/CtrChainLib.maxj (at line 8)
[maxjcompiler] 	import com.maxeler.maxcompiler.v2.utils.MathUtils;
[maxjcompiler] 	       ^^^^^^^^^^^^^^^^^^^^^^^^^^^^^^^^^^^^^^^^^^
[maxjcompiler] The import com.maxeler.maxcompiler.v2.utils.MathUtils is never used
[maxjcompiler] ----------
[maxjcompiler] ----------
[maxjcompiler] 66. WARNING in /local/ssd/home/mattfel/transform_regression_tests_21-24/hyperdsl/spatial/regression_tests/dense/0_DotProduct/out/maxj/src/static/templates/PQSM.maxj (at line 5)
[maxjcompiler] 	import com.maxeler.maxcompiler.v2.statemachine.DFEsmStateEnum;
[maxjcompiler] 	       ^^^^^^^^^^^^^^^^^^^^^^^^^^^^^^^^^^^^^^^^^^^^^^^^^^^^^^
[maxjcompiler] The import com.maxeler.maxcompiler.v2.statemachine.DFEsmStateEnum is never used
[maxjcompiler] ----------
[maxjcompiler] 67. WARNING in /local/ssd/home/mattfel/transform_regression_tests_21-24/hyperdsl/spatial/regression_tests/dense/0_DotProduct/out/maxj/src/static/templates/PQSM.maxj (at line 9)
[maxjcompiler] 	import com.maxeler.maxcompiler.v2.statemachine.DFEsmAssignableValue;
[maxjcompiler] 	       ^^^^^^^^^^^^^^^^^^^^^^^^^^^^^^^^^^^^^^^^^^^^^^^^^^^^^^^^^^^^
[maxjcompiler] The import com.maxeler.maxcompiler.v2.statemachine.DFEsmAssignableValue is never used
[maxjcompiler] ----------
[maxjcompiler] 68. WARNING in /local/ssd/home/mattfel/transform_regression_tests_21-24/hyperdsl/spatial/regression_tests/dense/0_DotProduct/out/maxj/src/static/templates/PQSM.maxj (at line 11)
[maxjcompiler] 	import com.maxeler.maxcompiler.v2.statemachine.DFEsmVariable;
[maxjcompiler] 	       ^^^^^^^^^^^^^^^^^^^^^^^^^^^^^^^^^^^^^^^^^^^^^^^^^^^^^
[maxjcompiler] The import com.maxeler.maxcompiler.v2.statemachine.DFEsmVariable is never used
[maxjcompiler] ----------
[maxjcompiler] 69. WARNING in /local/ssd/home/mattfel/transform_regression_tests_21-24/hyperdsl/spatial/regression_tests/dense/0_DotProduct/out/maxj/src/static/templates/PQSM.maxj (at line 13)
[maxjcompiler] 	import com.maxeler.maxcompiler.v2.statemachine.types.DFEsmTypeFactory;
[maxjcompiler] 	       ^^^^^^^^^^^^^^^^^^^^^^^^^^^^^^^^^^^^^^^^^^^^^^^^^^^^^^^^^^^^^^
[maxjcompiler] The import com.maxeler.maxcompiler.v2.statemachine.types.DFEsmTypeFactory is never used
[maxjcompiler] ----------
[maxjcompiler] 70. WARNING in /local/ssd/home/mattfel/transform_regression_tests_21-24/hyperdsl/spatial/regression_tests/dense/0_DotProduct/out/maxj/src/static/templates/PQSM.maxj (at line 14)
[maxjcompiler] 	import com.maxeler.maxcompiler.v2.statemachine.StateMachineLib;
[maxjcompiler] 	       ^^^^^^^^^^^^^^^^^^^^^^^^^^^^^^^^^^^^^^^^^^^^^^^^^^^^^^^
[maxjcompiler] The import com.maxeler.maxcompiler.v2.statemachine.StateMachineLib is never used
[maxjcompiler] ----------
[maxjcompiler] 71. WARNING in /local/ssd/home/mattfel/transform_regression_tests_21-24/hyperdsl/spatial/regression_tests/dense/0_DotProduct/out/maxj/src/static/templates/PQSM.maxj (at line 90)
[maxjcompiler] 	private void resetElemsFF() {
[maxjcompiler] 	             ^^^^^^^^^^^^^^
[maxjcompiler] The method resetElemsFF() from the type PQSM is never used locally
[maxjcompiler] ----------
[maxjcompiler] 72. WARNING in /local/ssd/home/mattfel/transform_regression_tests_21-24/hyperdsl/spatial/regression_tests/dense/0_DotProduct/out/maxj/src/static/templates/PQSM.maxj (at line 99)
[maxjcompiler] 	private void write() {
[maxjcompiler] 	             ^^^^^^^
[maxjcompiler] The method write() from the type PQSM is never used locally
[maxjcompiler] ----------
[maxjcompiler] 73. WARNING in /local/ssd/home/mattfel/transform_regression_tests_21-24/hyperdsl/spatial/regression_tests/dense/0_DotProduct/out/maxj/src/static/templates/PQSM.maxj (at line 116)
[maxjcompiler] 	private void stall() {
[maxjcompiler] 	             ^^^^^^^
[maxjcompiler] The method stall() from the type PQSM is never used locally
[maxjcompiler] ----------
[maxjcompiler] ----------
[maxjcompiler] 74. WARNING in /local/ssd/home/mattfel/transform_regression_tests_21-24/hyperdsl/spatial/regression_tests/dense/0_DotProduct/out/maxj/src/static/templates/BoxedMem.maxj (at line 7)
[maxjcompiler] 	import com.maxeler.maxcompiler.v2.kernelcompiler.SMIO;
[maxjcompiler] 	       ^^^^^^^^^^^^^^^^^^^^^^^^^^^^^^^^^^^^^^^^^^^^^^
[maxjcompiler] The import com.maxeler.maxcompiler.v2.kernelcompiler.SMIO is never used
[maxjcompiler] ----------
[maxjcompiler] 75. WARNING in /local/ssd/home/mattfel/transform_regression_tests_21-24/hyperdsl/spatial/regression_tests/dense/0_DotProduct/out/maxj/src/static/templates/BoxedMem.maxj (at line 8)
[maxjcompiler] 	import com.maxeler.maxcompiler.v2.utils.MathUtils;
[maxjcompiler] 	       ^^^^^^^^^^^^^^^^^^^^^^^^^^^^^^^^^^^^^^^^^^
[maxjcompiler] The import com.maxeler.maxcompiler.v2.utils.MathUtils is never used
[maxjcompiler] ----------
[maxjcompiler] 76. WARNING in /local/ssd/home/mattfel/transform_regression_tests_21-24/hyperdsl/spatial/regression_tests/dense/0_DotProduct/out/maxj/src/static/templates/BoxedMem.maxj (at line 10)
[maxjcompiler] 	import com.maxeler.maxcompiler.v2.kernelcompiler.types.composite.DFEVector;
[maxjcompiler] 	       ^^^^^^^^^^^^^^^^^^^^^^^^^^^^^^^^^^^^^^^^^^^^^^^^^^^^^^^^^^^^^^^^^^^
[maxjcompiler] The import com.maxeler.maxcompiler.v2.kernelcompiler.types.composite.DFEVector is never used
[maxjcompiler] ----------
[maxjcompiler] ----------
[maxjcompiler] 77. WARNING in /local/ssd/home/mattfel/transform_regression_tests_21-24/hyperdsl/spatial/regression_tests/dense/0_DotProduct/out/maxj/src/static/templates/MemoryCmdSt.maxj (at line 7)
[maxjcompiler] 	import com.maxeler.maxcompiler.v2.kernelcompiler.stdlib.core.CounterChain;
[maxjcompiler] 	       ^^^^^^^^^^^^^^^^^^^^^^^^^^^^^^^^^^^^^^^^^^^^^^^^^^^^^^^^^^^^^^^^^^
[maxjcompiler] The import com.maxeler.maxcompiler.v2.kernelcompiler.stdlib.core.CounterChain is never used
[maxjcompiler] ----------
[maxjcompiler] 78. WARNING in /local/ssd/home/mattfel/transform_regression_tests_21-24/hyperdsl/spatial/regression_tests/dense/0_DotProduct/out/maxj/src/static/templates/MemoryCmdSt.maxj (at line 12)
[maxjcompiler] 	import com.maxeler.maxcompiler.v2.kernelcompiler.Optimization;
[maxjcompiler] 	       ^^^^^^^^^^^^^^^^^^^^^^^^^^^^^^^^^^^^^^^^^^^^^^^^^^^^^^
[maxjcompiler] The import com.maxeler.maxcompiler.v2.kernelcompiler.Optimization is never used
[maxjcompiler] ----------
[maxjcompiler] 79. WARNING in /local/ssd/home/mattfel/transform_regression_tests_21-24/hyperdsl/spatial/regression_tests/dense/0_DotProduct/out/maxj/src/static/templates/MemoryCmdSt.maxj (at line 13)
[maxjcompiler] 	import com.maxeler.maxcompiler.v2.kernelcompiler.stdlib.Reductions;
[maxjcompiler] 	       ^^^^^^^^^^^^^^^^^^^^^^^^^^^^^^^^^^^^^^^^^^^^^^^^^^^^^^^^^^^
[maxjcompiler] The import com.maxeler.maxcompiler.v2.kernelcompiler.stdlib.Reductions is never used
[maxjcompiler] ----------
[maxjcompiler] 80. WARNING in /local/ssd/home/mattfel/transform_regression_tests_21-24/hyperdsl/spatial/regression_tests/dense/0_DotProduct/out/maxj/src/static/templates/MemoryCmdSt.maxj (at line 14)
[maxjcompiler] 	import com.maxeler.maxcompiler.v2.kernelcompiler.stdlib.core.Stream.OffsetExpr;
[maxjcompiler] 	       ^^^^^^^^^^^^^^^^^^^^^^^^^^^^^^^^^^^^^^^^^^^^^^^^^^^^^^^^^^^^^^^^^^^^^^^
[maxjcompiler] The import com.maxeler.maxcompiler.v2.kernelcompiler.stdlib.core.Stream.OffsetExpr is never used
[maxjcompiler] ----------
[maxjcompiler] 81. WARNING in /local/ssd/home/mattfel/transform_regression_tests_21-24/hyperdsl/spatial/regression_tests/dense/0_DotProduct/out/maxj/src/static/templates/MemoryCmdSt.maxj (at line 19)
[maxjcompiler] 	import com.maxeler.maxcompiler.v2.kernelcompiler.types.composite.DFEStruct;
[maxjcompiler] 	       ^^^^^^^^^^^^^^^^^^^^^^^^^^^^^^^^^^^^^^^^^^^^^^^^^^^^^^^^^^^^^^^^^^^
[maxjcompiler] The import com.maxeler.maxcompiler.v2.kernelcompiler.types.composite.DFEStruct is never used
[maxjcompiler] ----------
[maxjcompiler] 82. WARNING in /local/ssd/home/mattfel/transform_regression_tests_21-24/hyperdsl/spatial/regression_tests/dense/0_DotProduct/out/maxj/src/static/templates/MemoryCmdSt.maxj (at line 20)
[maxjcompiler] 	import com.maxeler.maxcompiler.v2.kernelcompiler.types.composite.DFEStructType;
[maxjcompiler] 	       ^^^^^^^^^^^^^^^^^^^^^^^^^^^^^^^^^^^^^^^^^^^^^^^^^^^^^^^^^^^^^^^^^^^^^^^
[maxjcompiler] The import com.maxeler.maxcompiler.v2.kernelcompiler.types.composite.DFEStructType is never used
[maxjcompiler] ----------
[maxjcompiler] 83. WARNING in /local/ssd/home/mattfel/transform_regression_tests_21-24/hyperdsl/spatial/regression_tests/dense/0_DotProduct/out/maxj/src/static/templates/MemoryCmdSt.maxj (at line 21)
[maxjcompiler] 	import com.maxeler.maxcompiler.v2.kernelcompiler.types.composite.DFEStructType.StructFieldType;
[maxjcompiler] 	       ^^^^^^^^^^^^^^^^^^^^^^^^^^^^^^^^^^^^^^^^^^^^^^^^^^^^^^^^^^^^^^^^^^^^^^^^^^^^^^^^^^^^^^^
[maxjcompiler] The import com.maxeler.maxcompiler.v2.kernelcompiler.types.composite.DFEStructType.StructFieldType is never used
[maxjcompiler] ----------
[maxjcompiler] 84. WARNING in /local/ssd/home/mattfel/transform_regression_tests_21-24/hyperdsl/spatial/regression_tests/dense/0_DotProduct/out/maxj/src/static/templates/MemoryCmdSt.maxj (at line 22)
[maxjcompiler] 	import java.util.ArrayList;
[maxjcompiler] 	       ^^^^^^^^^^^^^^^^^^^
[maxjcompiler] The import java.util.ArrayList is never used
[maxjcompiler] ----------
[maxjcompiler] 85. WARNING in /local/ssd/home/mattfel/transform_regression_tests_21-24/hyperdsl/spatial/regression_tests/dense/0_DotProduct/out/maxj/src/static/templates/MemoryCmdSt.maxj (at line 83)
[maxjcompiler] 	int par = wdata.getSize();
[maxjcompiler] 	    ^^^
[maxjcompiler] The local variable par is never read
[maxjcompiler] ----------
[maxjcompiler] ----------
[maxjcompiler] 86. WARNING in /local/ssd/home/mattfel/transform_regression_tests_21-24/hyperdsl/spatial/regression_tests/dense/0_DotProduct/out/maxj/src/static/templates/DoubleCtrSM.maxj (at line 8)
[maxjcompiler] 	import com.maxeler.maxcompiler.v2.statemachine.DFEsmValue;
[maxjcompiler] 	       ^^^^^^^^^^^^^^^^^^^^^^^^^^^^^^^^^^^^^^^^^^^^^^^^^^
[maxjcompiler] The import com.maxeler.maxcompiler.v2.statemachine.DFEsmValue is never used
[maxjcompiler] ----------
[maxjcompiler] 87. WARNING in /local/ssd/home/mattfel/transform_regression_tests_21-24/hyperdsl/spatial/regression_tests/dense/0_DotProduct/out/maxj/src/static/templates/DoubleCtrSM.maxj (at line 21)
[maxjcompiler] 	private final int start0;
[maxjcompiler] 	                  ^^^^^^
[maxjcompiler] The field DoubleCtrSM.start0 is never read locally
[maxjcompiler] ----------
[maxjcompiler] 88. WARNING in /local/ssd/home/mattfel/transform_regression_tests_21-24/hyperdsl/spatial/regression_tests/dense/0_DotProduct/out/maxj/src/static/templates/DoubleCtrSM.maxj (at line 24)
[maxjcompiler] 	private final int start1;
[maxjcompiler] 	                  ^^^^^^
[maxjcompiler] The field DoubleCtrSM.start1 is never read locally
[maxjcompiler] ----------
[maxjcompiler] ----------
[maxjcompiler] 89. WARNING in /local/ssd/home/mattfel/transform_regression_tests_21-24/hyperdsl/spatial/regression_tests/dense/0_DotProduct/out/maxj/src/static/templates/BlockStorer.maxj (at line 6)
[maxjcompiler] 	import com.maxeler.maxcompiler.v2.kernelcompiler.stdlib.core.CounterChain;
[maxjcompiler] 	       ^^^^^^^^^^^^^^^^^^^^^^^^^^^^^^^^^^^^^^^^^^^^^^^^^^^^^^^^^^^^^^^^^^
[maxjcompiler] The import com.maxeler.maxcompiler.v2.kernelcompiler.stdlib.core.CounterChain is never used
[maxjcompiler] ----------
[maxjcompiler] 90. WARNING in /local/ssd/home/mattfel/transform_regression_tests_21-24/hyperdsl/spatial/regression_tests/dense/0_DotProduct/out/maxj/src/static/templates/BlockStorer.maxj (at line 11)
[maxjcompiler] 	import com.maxeler.maxcompiler.v2.kernelcompiler.Optimization;
[maxjcompiler] 	       ^^^^^^^^^^^^^^^^^^^^^^^^^^^^^^^^^^^^^^^^^^^^^^^^^^^^^^
[maxjcompiler] The import com.maxeler.maxcompiler.v2.kernelcompiler.Optimization is never used
[maxjcompiler] ----------
[maxjcompiler] ----------
[maxjcompiler] 91. WARNING in /local/ssd/home/mattfel/transform_regression_tests_21-24/hyperdsl/spatial/regression_tests/dense/0_DotProduct/out/maxj/src/static/templates/DummyMemLib.maxj (at line 5)
[maxjcompiler] 	import com.maxeler.maxcompiler.v2.kernelcompiler.stdlib.memory.Memory;
[maxjcompiler] 	       ^^^^^^^^^^^^^^^^^^^^^^^^^^^^^^^^^^^^^^^^^^^^^^^^^^^^^^^^^^^^^^
[maxjcompiler] The import com.maxeler.maxcompiler.v2.kernelcompiler.stdlib.memory.Memory is never used
[maxjcompiler] ----------
[maxjcompiler] 92. WARNING in /local/ssd/home/mattfel/transform_regression_tests_21-24/hyperdsl/spatial/regression_tests/dense/0_DotProduct/out/maxj/src/static/templates/DummyMemLib.maxj (at line 6)
[maxjcompiler] 	import com.maxeler.maxcompiler.v2.kernelcompiler.SMIO;
[maxjcompiler] 	       ^^^^^^^^^^^^^^^^^^^^^^^^^^^^^^^^^^^^^^^^^^^^^^
[maxjcompiler] The import com.maxeler.maxcompiler.v2.kernelcompiler.SMIO is never used
[maxjcompiler] ----------
[maxjcompiler] 93. WARNING in /local/ssd/home/mattfel/transform_regression_tests_21-24/hyperdsl/spatial/regression_tests/dense/0_DotProduct/out/maxj/src/static/templates/DummyMemLib.maxj (at line 7)
[maxjcompiler] 	import com.maxeler.maxcompiler.v2.utils.MathUtils;
[maxjcompiler] 	       ^^^^^^^^^^^^^^^^^^^^^^^^^^^^^^^^^^^^^^^^^^
[maxjcompiler] The import com.maxeler.maxcompiler.v2.utils.MathUtils is never used
[maxjcompiler] ----------
[maxjcompiler] ----------
[maxjcompiler] 94. WARNING in /local/ssd/home/mattfel/transform_regression_tests_21-24/hyperdsl/spatial/regression_tests/dense/0_DotProduct/out/maxj/src/static/templates/BramLib.maxj (at line 5)
[maxjcompiler] 	import com.maxeler.maxcompiler.v2.kernelcompiler.stdlib.memory.Memory;
[maxjcompiler] 	       ^^^^^^^^^^^^^^^^^^^^^^^^^^^^^^^^^^^^^^^^^^^^^^^^^^^^^^^^^^^^^^
[maxjcompiler] The import com.maxeler.maxcompiler.v2.kernelcompiler.stdlib.memory.Memory is never used
[maxjcompiler] ----------
[maxjcompiler] 95. WARNING in /local/ssd/home/mattfel/transform_regression_tests_21-24/hyperdsl/spatial/regression_tests/dense/0_DotProduct/out/maxj/src/static/templates/BramLib.maxj (at line 6)
[maxjcompiler] 	import com.maxeler.maxcompiler.v2.kernelcompiler.SMIO;
[maxjcompiler] 	       ^^^^^^^^^^^^^^^^^^^^^^^^^^^^^^^^^^^^^^^^^^^^^^
[maxjcompiler] The import com.maxeler.maxcompiler.v2.kernelcompiler.SMIO is never used
[maxjcompiler] ----------
[maxjcompiler] 96. WARNING in /local/ssd/home/mattfel/transform_regression_tests_21-24/hyperdsl/spatial/regression_tests/dense/0_DotProduct/out/maxj/src/static/templates/BramLib.maxj (at line 635)
[maxjcompiler] 	DFEVar bank_addr = bankAndLocalAddr(srcAddr[i], AddrMode.BANK);
[maxjcompiler] 	       ^^^^^^^^^
[maxjcompiler] The local variable bank_addr is never read
[maxjcompiler] ----------
[maxjcompiler] 97. WARNING in /local/ssd/home/mattfel/transform_regression_tests_21-24/hyperdsl/spatial/regression_tests/dense/0_DotProduct/out/maxj/src/static/templates/BramLib.maxj (at line 648)
[maxjcompiler] 	DFEVar rd_delta = srcAddr[1] - srcAddr[0];
[maxjcompiler] 	       ^^^^^^^^
[maxjcompiler] The local variable rd_delta is never read
[maxjcompiler] ----------
[maxjcompiler] ----------
[maxjcompiler] 98. WARNING in /local/ssd/home/mattfel/transform_regression_tests_21-24/hyperdsl/spatial/regression_tests/dense/0_DotProduct/out/maxj/src/static/templates/GroupByReduce.maxj (at line 5)
[maxjcompiler] 	import com.maxeler.maxcompiler.v2.kernelcompiler.stdlib.memory.Memory;
[maxjcompiler] 	       ^^^^^^^^^^^^^^^^^^^^^^^^^^^^^^^^^^^^^^^^^^^^^^^^^^^^^^^^^^^^^^
[maxjcompiler] The import com.maxeler.maxcompiler.v2.kernelcompiler.stdlib.memory.Memory is never used
[maxjcompiler] ----------
[maxjcompiler] 99. WARNING in /local/ssd/home/mattfel/transform_regression_tests_21-24/hyperdsl/spatial/regression_tests/dense/0_DotProduct/out/maxj/src/static/templates/GroupByReduce.maxj (at line 7)
[maxjcompiler] 	import com.maxeler.maxcompiler.v2.utils.MathUtils;
[maxjcompiler] 	       ^^^^^^^^^^^^^^^^^^^^^^^^^^^^^^^^^^^^^^^^^^
[maxjcompiler] The import com.maxeler.maxcompiler.v2.utils.MathUtils is never used
[maxjcompiler] ----------
[maxjcompiler] 100. WARNING in /local/ssd/home/mattfel/transform_regression_tests_21-24/hyperdsl/spatial/regression_tests/dense/0_DotProduct/out/maxj/src/static/templates/GroupByReduce.maxj (at line 11)
[maxjcompiler] 	import com.maxeler.maxcompiler.v2.kernelcompiler.stdlib.KernelMath;
[maxjcompiler] 	       ^^^^^^^^^^^^^^^^^^^^^^^^^^^^^^^^^^^^^^^^^^^^^^^^^^^^^^^^^^^
[maxjcompiler] The import com.maxeler.maxcompiler.v2.kernelcompiler.stdlib.KernelMath is never used
[maxjcompiler] ----------
[maxjcompiler] 101. WARNING in /local/ssd/home/mattfel/transform_regression_tests_21-24/hyperdsl/spatial/regression_tests/dense/0_DotProduct/out/maxj/src/static/templates/GroupByReduce.maxj (at line 14)
[maxjcompiler] 	import java.util.ArrayList;
[maxjcompiler] 	       ^^^^^^^^^^^^^^^^^^^
[maxjcompiler] The import java.util.ArrayList is never used
[maxjcompiler] ----------
[maxjcompiler] 102. WARNING in /local/ssd/home/mattfel/transform_regression_tests_21-24/hyperdsl/spatial/regression_tests/dense/0_DotProduct/out/maxj/src/static/templates/GroupByReduce.maxj (at line 77)
[maxjcompiler] 	DFEVar test = constant.var(tag.getType(), 0) === tag;
[maxjcompiler] 	       ^^^^
[maxjcompiler] The local variable test is never read
[maxjcompiler] ----------
[maxjcompiler] ----------
[maxjcompiler] 103. WARNING in /local/ssd/home/mattfel/transform_regression_tests_21-24/hyperdsl/spatial/regression_tests/dense/0_DotProduct/out/maxj/src/static/templates/FFMem.maxj (at line 5)
[maxjcompiler] 	import com.maxeler.maxcompiler.v2.kernelcompiler.stdlib.memory.Memory;
[maxjcompiler] 	       ^^^^^^^^^^^^^^^^^^^^^^^^^^^^^^^^^^^^^^^^^^^^^^^^^^^^^^^^^^^^^^
[maxjcompiler] The import com.maxeler.maxcompiler.v2.kernelcompiler.stdlib.memory.Memory is never used
[maxjcompiler] ----------
[maxjcompiler] 104. WARNING in /local/ssd/home/mattfel/transform_regression_tests_21-24/hyperdsl/spatial/regression_tests/dense/0_DotProduct/out/maxj/src/static/templates/FFMem.maxj (at line 6)
[maxjcompiler] 	import com.maxeler.maxcompiler.v2.kernelcompiler.SMIO;
[maxjcompiler] 	       ^^^^^^^^^^^^^^^^^^^^^^^^^^^^^^^^^^^^^^^^^^^^^^
[maxjcompiler] The import com.maxeler.maxcompiler.v2.kernelcompiler.SMIO is never used
[maxjcompiler] ----------
[maxjcompiler] 105. WARNING in /local/ssd/home/mattfel/transform_regression_tests_21-24/hyperdsl/spatial/regression_tests/dense/0_DotProduct/out/maxj/src/static/templates/FFMem.maxj (at line 7)
[maxjcompiler] 	import com.maxeler.maxcompiler.v2.utils.MathUtils;
[maxjcompiler] 	       ^^^^^^^^^^^^^^^^^^^^^^^^^^^^^^^^^^^^^^^^^^
[maxjcompiler] The import com.maxeler.maxcompiler.v2.utils.MathUtils is never used
[maxjcompiler] ----------
[maxjcompiler] 106. WARNING in /local/ssd/home/mattfel/transform_regression_tests_21-24/hyperdsl/spatial/regression_tests/dense/0_DotProduct/out/maxj/src/static/templates/FFMem.maxj (at line 9)
[maxjcompiler] 	import com.maxeler.maxcompiler.v2.kernelcompiler.types.composite.DFEVector;
[maxjcompiler] 	       ^^^^^^^^^^^^^^^^^^^^^^^^^^^^^^^^^^^^^^^^^^^^^^^^^^^^^^^^^^^^^^^^^^^
[maxjcompiler] The import com.maxeler.maxcompiler.v2.kernelcompiler.types.composite.DFEVector is never used
[maxjcompiler] ----------
[maxjcompiler] ----------
[maxjcompiler] 107. WARNING in /local/ssd/home/mattfel/transform_regression_tests_21-24/hyperdsl/spatial/regression_tests/dense/0_DotProduct/out/maxj/src/static/templates/SpatialUtils.maxj (at line 2)
[maxjcompiler] 	import com.maxeler.maxcompiler.v2.kernelcompiler.stdlib.core.Count.Counter;
[maxjcompiler] 	       ^^^^^^^^^^^^^^^^^^^^^^^^^^^^^^^^^^^^^^^^^^^^^^^^^^^^^^^^^^^^^^^^^^^
[maxjcompiler] The import com.maxeler.maxcompiler.v2.kernelcompiler.stdlib.core.Count.Counter is never used
[maxjcompiler] ----------
[maxjcompiler] 108. WARNING in /local/ssd/home/mattfel/transform_regression_tests_21-24/hyperdsl/spatial/regression_tests/dense/0_DotProduct/out/maxj/src/static/templates/SpatialUtils.maxj (at line 3)
[maxjcompiler] 	import com.maxeler.maxcompiler.v2.kernelcompiler.stdlib.core.CounterChain;
[maxjcompiler] 	       ^^^^^^^^^^^^^^^^^^^^^^^^^^^^^^^^^^^^^^^^^^^^^^^^^^^^^^^^^^^^^^^^^^
[maxjcompiler] The import com.maxeler.maxcompiler.v2.kernelcompiler.stdlib.core.CounterChain is never used
[maxjcompiler] ----------
[maxjcompiler] 109. WARNING in /local/ssd/home/mattfel/transform_regression_tests_21-24/hyperdsl/spatial/regression_tests/dense/0_DotProduct/out/maxj/src/static/templates/SpatialUtils.maxj (at line 4)
[maxjcompiler] 	import com.maxeler.maxcompiler.v2.kernelcompiler.stdlib.core.Count;
[maxjcompiler] 	       ^^^^^^^^^^^^^^^^^^^^^^^^^^^^^^^^^^^^^^^^^^^^^^^^^^^^^^^^^^^
[maxjcompiler] The import com.maxeler.maxcompiler.v2.kernelcompiler.stdlib.core.Count is never used
[maxjcompiler] ----------
[maxjcompiler] 110. WARNING in /local/ssd/home/mattfel/transform_regression_tests_21-24/hyperdsl/spatial/regression_tests/dense/0_DotProduct/out/maxj/src/static/templates/SpatialUtils.maxj (at line 5)
[maxjcompiler] 	import com.maxeler.maxcompiler.v2.kernelcompiler.stdlib.core.Count.WrapMode;
[maxjcompiler] 	       ^^^^^^^^^^^^^^^^^^^^^^^^^^^^^^^^^^^^^^^^^^^^^^^^^^^^^^^^^^^^^^^^^^^^
[maxjcompiler] The import com.maxeler.maxcompiler.v2.kernelcompiler.stdlib.core.Count.WrapMode is never used
[maxjcompiler] ----------
[maxjcompiler] 111. WARNING in /local/ssd/home/mattfel/transform_regression_tests_21-24/hyperdsl/spatial/regression_tests/dense/0_DotProduct/out/maxj/src/static/templates/SpatialUtils.maxj (at line 6)
[maxjcompiler] 	import com.maxeler.maxcompiler.v2.kernelcompiler.stdlib.core.Count.Params;
[maxjcompiler] 	       ^^^^^^^^^^^^^^^^^^^^^^^^^^^^^^^^^^^^^^^^^^^^^^^^^^^^^^^^^^^^^^^^^^
[maxjcompiler] The import com.maxeler.maxcompiler.v2.kernelcompiler.stdlib.core.Count.Params is never used
[maxjcompiler] ----------
[maxjcompiler] 112. WARNING in /local/ssd/home/mattfel/transform_regression_tests_21-24/hyperdsl/spatial/regression_tests/dense/0_DotProduct/out/maxj/src/static/templates/SpatialUtils.maxj (at line 7)
[maxjcompiler] 	import com.maxeler.maxcompiler.v2.kernelcompiler.stdlib.memory.Memory;
[maxjcompiler] 	       ^^^^^^^^^^^^^^^^^^^^^^^^^^^^^^^^^^^^^^^^^^^^^^^^^^^^^^^^^^^^^^
[maxjcompiler] The import com.maxeler.maxcompiler.v2.kernelcompiler.stdlib.memory.Memory is never used
[maxjcompiler] ----------
[maxjcompiler] 113. WARNING in /local/ssd/home/mattfel/transform_regression_tests_21-24/hyperdsl/spatial/regression_tests/dense/0_DotProduct/out/maxj/src/static/templates/SpatialUtils.maxj (at line 8)
[maxjcompiler] 	import com.maxeler.maxcompiler.v2.kernelcompiler.Kernel;
[maxjcompiler] 	       ^^^^^^^^^^^^^^^^^^^^^^^^^^^^^^^^^^^^^^^^^^^^^^^^
[maxjcompiler] The import com.maxeler.maxcompiler.v2.kernelcompiler.Kernel is never used
[maxjcompiler] ----------
[maxjcompiler] 114. WARNING in /local/ssd/home/mattfel/transform_regression_tests_21-24/hyperdsl/spatial/regression_tests/dense/0_DotProduct/out/maxj/src/static/templates/SpatialUtils.maxj (at line 9)
[maxjcompiler] 	import com.maxeler.maxcompiler.v2.kernelcompiler.KernelParameters;
[maxjcompiler] 	       ^^^^^^^^^^^^^^^^^^^^^^^^^^^^^^^^^^^^^^^^^^^^^^^^^^^^^^^^^^
[maxjcompiler] The import com.maxeler.maxcompiler.v2.kernelcompiler.KernelParameters is never used
[maxjcompiler] ----------
[maxjcompiler] 115. WARNING in /local/ssd/home/mattfel/transform_regression_tests_21-24/hyperdsl/spatial/regression_tests/dense/0_DotProduct/out/maxj/src/static/templates/SpatialUtils.maxj (at line 11)
[maxjcompiler] 	import com.maxeler.maxcompiler.v2.utils.MathUtils;
[maxjcompiler] 	       ^^^^^^^^^^^^^^^^^^^^^^^^^^^^^^^^^^^^^^^^^^
[maxjcompiler] The import com.maxeler.maxcompiler.v2.utils.MathUtils is never used
[maxjcompiler] ----------
[maxjcompiler] 116. WARNING in /local/ssd/home/mattfel/transform_regression_tests_21-24/hyperdsl/spatial/regression_tests/dense/0_DotProduct/out/maxj/src/static/templates/SpatialUtils.maxj (at line 14)
[maxjcompiler] 	import com.maxeler.maxcompiler.v2.kernelcompiler.stdlib.KernelMath;
[maxjcompiler] 	       ^^^^^^^^^^^^^^^^^^^^^^^^^^^^^^^^^^^^^^^^^^^^^^^^^^^^^^^^^^^
[maxjcompiler] The import com.maxeler.maxcompiler.v2.kernelcompiler.stdlib.KernelMath is never used
[maxjcompiler] ----------
[maxjcompiler] 117. WARNING in /local/ssd/home/mattfel/transform_regression_tests_21-24/hyperdsl/spatial/regression_tests/dense/0_DotProduct/out/maxj/src/static/templates/SpatialUtils.maxj (at line 15)
[maxjcompiler] 	import com.maxeler.maxcompiler.v2.kernelcompiler.types.base.DFEType;
[maxjcompiler] 	       ^^^^^^^^^^^^^^^^^^^^^^^^^^^^^^^^^^^^^^^^^^^^^^^^^^^^^^^^^^^^
[maxjcompiler] The import com.maxeler.maxcompiler.v2.kernelcompiler.types.base.DFEType is never used
[maxjcompiler] ----------
[maxjcompiler] 118. WARNING in /local/ssd/home/mattfel/transform_regression_tests_21-24/hyperdsl/spatial/regression_tests/dense/0_DotProduct/out/maxj/src/static/templates/SpatialUtils.maxj (at line 16)
[maxjcompiler] 	import com.maxeler.maxcompiler.v2.kernelcompiler.stdlib.core.Stream.OffsetExpr;
[maxjcompiler] 	       ^^^^^^^^^^^^^^^^^^^^^^^^^^^^^^^^^^^^^^^^^^^^^^^^^^^^^^^^^^^^^^^^^^^^^^^
[maxjcompiler] The import com.maxeler.maxcompiler.v2.kernelcompiler.stdlib.core.Stream.OffsetExpr is never used
[maxjcompiler] ----------
[maxjcompiler] 119. WARNING in /local/ssd/home/mattfel/transform_regression_tests_21-24/hyperdsl/spatial/regression_tests/dense/0_DotProduct/out/maxj/src/static/templates/SpatialUtils.maxj (at line 17)
[maxjcompiler] 	import com.maxeler.maxcompiler.v2.kernelcompiler.stdlib.Reductions;
[maxjcompiler] 	       ^^^^^^^^^^^^^^^^^^^^^^^^^^^^^^^^^^^^^^^^^^^^^^^^^^^^^^^^^^^
[maxjcompiler] The import com.maxeler.maxcompiler.v2.kernelcompiler.stdlib.Reductions is never used
[maxjcompiler] ----------
[maxjcompiler] 120. WARNING in /local/ssd/home/mattfel/transform_regression_tests_21-24/hyperdsl/spatial/regression_tests/dense/0_DotProduct/out/maxj/src/static/templates/SpatialUtils.maxj (at line 18)
[maxjcompiler] 	import com.maxeler.maxcompiler.v2.kernelcompiler.SMIO;
[maxjcompiler] 	       ^^^^^^^^^^^^^^^^^^^^^^^^^^^^^^^^^^^^^^^^^^^^^^
[maxjcompiler] The import com.maxeler.maxcompiler.v2.kernelcompiler.SMIO is never used
[maxjcompiler] ----------
[maxjcompiler] 121. WARNING in /local/ssd/home/mattfel/transform_regression_tests_21-24/hyperdsl/spatial/regression_tests/dense/0_DotProduct/out/maxj/src/static/templates/SpatialUtils.maxj (at line 19)
[maxjcompiler] 	import com.maxeler.maxcompiler.v2.kernelcompiler.stdlib.Accumulator;
[maxjcompiler] 	       ^^^^^^^^^^^^^^^^^^^^^^^^^^^^^^^^^^^^^^^^^^^^^^^^^^^^^^^^^^^^
[maxjcompiler] The import com.maxeler.maxcompiler.v2.kernelcompiler.stdlib.Accumulator is never used
[maxjcompiler] ----------
[maxjcompiler] 122. WARNING in /local/ssd/home/mattfel/transform_regression_tests_21-24/hyperdsl/spatial/regression_tests/dense/0_DotProduct/out/maxj/src/static/templates/SpatialUtils.maxj (at line 20)
[maxjcompiler] 	import com.maxeler.maxcompiler.v2.kernelcompiler.types.base.DFEType;
[maxjcompiler] 	       ^^^^^^^^^^^^^^^^^^^^^^^^^^^^^^^^^^^^^^^^^^^^^^^^^^^^^^^^^^^^
[maxjcompiler] The import com.maxeler.maxcompiler.v2.kernelcompiler.types.base.DFEType is never used
[maxjcompiler] ----------
[maxjcompiler] 123. WARNING in /local/ssd/home/mattfel/transform_regression_tests_21-24/hyperdsl/spatial/regression_tests/dense/0_DotProduct/out/maxj/src/static/templates/SpatialUtils.maxj (at line 21)
[maxjcompiler] 	import com.maxeler.maxcompiler.v2.kernelcompiler.types.composite.DFEVector;
[maxjcompiler] 	       ^^^^^^^^^^^^^^^^^^^^^^^^^^^^^^^^^^^^^^^^^^^^^^^^^^^^^^^^^^^^^^^^^^^
[maxjcompiler] The import com.maxeler.maxcompiler.v2.kernelcompiler.types.composite.DFEVector is never used
[maxjcompiler] ----------
[maxjcompiler] 124. WARNING in /local/ssd/home/mattfel/transform_regression_tests_21-24/hyperdsl/spatial/regression_tests/dense/0_DotProduct/out/maxj/src/static/templates/SpatialUtils.maxj (at line 22)
[maxjcompiler] 	import com.maxeler.maxcompiler.v2.kernelcompiler.types.composite.DFEVectorType;
[maxjcompiler] 	       ^^^^^^^^^^^^^^^^^^^^^^^^^^^^^^^^^^^^^^^^^^^^^^^^^^^^^^^^^^^^^^^^^^^^^^^
[maxjcompiler] The import com.maxeler.maxcompiler.v2.kernelcompiler.types.composite.DFEVectorType is never used
[maxjcompiler] ----------
[maxjcompiler] 125. WARNING in /local/ssd/home/mattfel/transform_regression_tests_21-24/hyperdsl/spatial/regression_tests/dense/0_DotProduct/out/maxj/src/static/templates/SpatialUtils.maxj (at line 24)
[maxjcompiler] 	import java.util.Arrays;
[maxjcompiler] 	       ^^^^^^^^^^^^^^^^
[maxjcompiler] The import java.util.Arrays is never used
[maxjcompiler] ----------
[maxjcompiler] ----------
[maxjcompiler] 126. WARNING in /local/ssd/home/mattfel/transform_regression_tests_21-24/hyperdsl/spatial/regression_tests/dense/0_DotProduct/out/maxj/src/static/templates/NBufReg.maxj (at line 5)
[maxjcompiler] 	import com.maxeler.maxcompiler.v2.kernelcompiler.stdlib.memory.Memory;
[maxjcompiler] 	       ^^^^^^^^^^^^^^^^^^^^^^^^^^^^^^^^^^^^^^^^^^^^^^^^^^^^^^^^^^^^^^
[maxjcompiler] The import com.maxeler.maxcompiler.v2.kernelcompiler.stdlib.memory.Memory is never used
[maxjcompiler] ----------
[maxjcompiler] 127. WARNING in /local/ssd/home/mattfel/transform_regression_tests_21-24/hyperdsl/spatial/regression_tests/dense/0_DotProduct/out/maxj/src/static/templates/NBufReg.maxj (at line 9)
[maxjcompiler] 	import com.maxeler.maxcompiler.v2.kernelcompiler.Optimization;
[maxjcompiler] 	       ^^^^^^^^^^^^^^^^^^^^^^^^^^^^^^^^^^^^^^^^^^^^^^^^^^^^^^
[maxjcompiler] The import com.maxeler.maxcompiler.v2.kernelcompiler.Optimization is never used
[maxjcompiler] ----------
[maxjcompiler] 128. WARNING in /local/ssd/home/mattfel/transform_regression_tests_21-24/hyperdsl/spatial/regression_tests/dense/0_DotProduct/out/maxj/src/static/templates/NBufReg.maxj (at line 10)
[maxjcompiler] 	import com.maxeler.maxcompiler.v2.kernelcompiler.types.composite.DFEVector;
[maxjcompiler] 	       ^^^^^^^^^^^^^^^^^^^^^^^^^^^^^^^^^^^^^^^^^^^^^^^^^^^^^^^^^^^^^^^^^^^
[maxjcompiler] The import com.maxeler.maxcompiler.v2.kernelcompiler.types.composite.DFEVector is never used
[maxjcompiler] ----------
[maxjcompiler] 129. WARNING in /local/ssd/home/mattfel/transform_regression_tests_21-24/hyperdsl/spatial/regression_tests/dense/0_DotProduct/out/maxj/src/static/templates/NBufReg.maxj (at line 11)
[maxjcompiler] 	import com.maxeler.maxcompiler.v2.kernelcompiler.types.composite.DFEVectorType;
[maxjcompiler] 	       ^^^^^^^^^^^^^^^^^^^^^^^^^^^^^^^^^^^^^^^^^^^^^^^^^^^^^^^^^^^^^^^^^^^^^^^
[maxjcompiler] The import com.maxeler.maxcompiler.v2.kernelcompiler.types.composite.DFEVectorType is never used
[maxjcompiler] ----------
[maxjcompiler] ----------
[maxjcompiler] 130. WARNING in /local/ssd/home/mattfel/transform_regression_tests_21-24/hyperdsl/spatial/regression_tests/dense/0_DotProduct/out/maxj/src/static/templates/OnChipMem.maxj (at line 5)
[maxjcompiler] 	import com.maxeler.maxcompiler.v2.kernelcompiler.stdlib.memory.Memory;
[maxjcompiler] 	       ^^^^^^^^^^^^^^^^^^^^^^^^^^^^^^^^^^^^^^^^^^^^^^^^^^^^^^^^^^^^^^
[maxjcompiler] The import com.maxeler.maxcompiler.v2.kernelcompiler.stdlib.memory.Memory is never used
[maxjcompiler] ----------
[maxjcompiler] 131. WARNING in /local/ssd/home/mattfel/transform_regression_tests_21-24/hyperdsl/spatial/regression_tests/dense/0_DotProduct/out/maxj/src/static/templates/OnChipMem.maxj (at line 6)
[maxjcompiler] 	import com.maxeler.maxcompiler.v2.kernelcompiler.SMIO;
[maxjcompiler] 	       ^^^^^^^^^^^^^^^^^^^^^^^^^^^^^^^^^^^^^^^^^^^^^^
[maxjcompiler] The import com.maxeler.maxcompiler.v2.kernelcompiler.SMIO is never used
[maxjcompiler] ----------
[maxjcompiler] 132. WARNING in /local/ssd/home/mattfel/transform_regression_tests_21-24/hyperdsl/spatial/regression_tests/dense/0_DotProduct/out/maxj/src/static/templates/OnChipMem.maxj (at line 9)
[maxjcompiler] 	import com.maxeler.maxcompiler.v2.kernelcompiler.types.composite.DFEVector;
[maxjcompiler] 	       ^^^^^^^^^^^^^^^^^^^^^^^^^^^^^^^^^^^^^^^^^^^^^^^^^^^^^^^^^^^^^^^^^^^
[maxjcompiler] The import com.maxeler.maxcompiler.v2.kernelcompiler.types.composite.DFEVector is never used
[maxjcompiler] ----------
[maxjcompiler] ----------
[maxjcompiler] 133. WARNING in /local/ssd/home/mattfel/transform_regression_tests_21-24/hyperdsl/spatial/regression_tests/dense/0_DotProduct/out/maxj/src/static/templates/DblBufKernelLib.maxj (at line 3)
[maxjcompiler] 	import java.util.List;
[maxjcompiler] 	       ^^^^^^^^^^^^^^
[maxjcompiler] The import java.util.List is never used
[maxjcompiler] ----------
[maxjcompiler] 134. WARNING in /local/ssd/home/mattfel/transform_regression_tests_21-24/hyperdsl/spatial/regression_tests/dense/0_DotProduct/out/maxj/src/static/templates/DblBufKernelLib.maxj (at line 6)
[maxjcompiler] 	import com.maxeler.maxcompiler.v2.kernelcompiler.stdlib.memory.Memory;
[maxjcompiler] 	       ^^^^^^^^^^^^^^^^^^^^^^^^^^^^^^^^^^^^^^^^^^^^^^^^^^^^^^^^^^^^^^
[maxjcompiler] The import com.maxeler.maxcompiler.v2.kernelcompiler.stdlib.memory.Memory is never used
[maxjcompiler] ----------
[maxjcompiler] ----------
[maxjcompiler] 135. WARNING in /local/ssd/home/mattfel/transform_regression_tests_21-24/hyperdsl/spatial/regression_tests/dense/0_DotProduct/out/maxj/src/static/templates/GatherSM.maxj (at line 9)
[maxjcompiler] 	import com.maxeler.maxcompiler.v2.utils.MathUtils;
[maxjcompiler] 	       ^^^^^^^^^^^^^^^^^^^^^^^^^^^^^^^^^^^^^^^^^^
[maxjcompiler] The import com.maxeler.maxcompiler.v2.utils.MathUtils is never used
[maxjcompiler] ----------
[maxjcompiler] ----------
[maxjcompiler] 136. WARNING in /local/ssd/home/mattfel/transform_regression_tests_21-24/hyperdsl/spatial/regression_tests/dense/0_DotProduct/out/maxj/src/static/templates/BlockLoader.maxj (at line 6)
[maxjcompiler] 	import com.maxeler.maxcompiler.v2.kernelcompiler.stdlib.core.CounterChain;
[maxjcompiler] 	       ^^^^^^^^^^^^^^^^^^^^^^^^^^^^^^^^^^^^^^^^^^^^^^^^^^^^^^^^^^^^^^^^^^
[maxjcompiler] The import com.maxeler.maxcompiler.v2.kernelcompiler.stdlib.core.CounterChain is never used
[maxjcompiler] ----------
[maxjcompiler] 137. WARNING in /local/ssd/home/mattfel/transform_regression_tests_21-24/hyperdsl/spatial/regression_tests/dense/0_DotProduct/out/maxj/src/static/templates/BlockLoader.maxj (at line 11)
[maxjcompiler] 	import com.maxeler.maxcompiler.v2.kernelcompiler.Optimization;
[maxjcompiler] 	       ^^^^^^^^^^^^^^^^^^^^^^^^^^^^^^^^^^^^^^^^^^^^^^^^^^^^^^
[maxjcompiler] The import com.maxeler.maxcompiler.v2.kernelcompiler.Optimization is never used
[maxjcompiler] ----------
[maxjcompiler] 138. WARNING in /local/ssd/home/mattfel/transform_regression_tests_21-24/hyperdsl/spatial/regression_tests/dense/0_DotProduct/out/maxj/src/static/templates/BlockLoader.maxj (at line 308)
[maxjcompiler] 	DFEVector<DFEStruct> vecDataIn = vecType.newInstance(this);
[maxjcompiler] 	                     ^^^^^^^^^
[maxjcompiler] The local variable vecDataIn is never read
[maxjcompiler] ----------
[maxjcompiler] ----------
[maxjcompiler] 139. WARNING in /local/ssd/home/mattfel/transform_regression_tests_21-24/hyperdsl/spatial/regression_tests/dense/0_DotProduct/out/maxj/src/kernels/void1705_reduce_kernel.maxj (at line 2)
[maxjcompiler] 	import com.maxeler.maxcompiler.v2.kernelcompiler.stdlib.core.Count.Counter;
[maxjcompiler] 	       ^^^^^^^^^^^^^^^^^^^^^^^^^^^^^^^^^^^^^^^^^^^^^^^^^^^^^^^^^^^^^^^^^^^
[maxjcompiler] The import com.maxeler.maxcompiler.v2.kernelcompiler.stdlib.core.Count.Counter is never used
[maxjcompiler] ----------
[maxjcompiler] 140. WARNING in /local/ssd/home/mattfel/transform_regression_tests_21-24/hyperdsl/spatial/regression_tests/dense/0_DotProduct/out/maxj/src/kernels/void1705_reduce_kernel.maxj (at line 3)
[maxjcompiler] 	import com.maxeler.maxcompiler.v2.kernelcompiler.stdlib.core.CounterChain;
[maxjcompiler] 	       ^^^^^^^^^^^^^^^^^^^^^^^^^^^^^^^^^^^^^^^^^^^^^^^^^^^^^^^^^^^^^^^^^^
[maxjcompiler] The import com.maxeler.maxcompiler.v2.kernelcompiler.stdlib.core.CounterChain is never used
[maxjcompiler] ----------
[maxjcompiler] 141. WARNING in /local/ssd/home/mattfel/transform_regression_tests_21-24/hyperdsl/spatial/regression_tests/dense/0_DotProduct/out/maxj/src/kernels/void1705_reduce_kernel.maxj (at line 4)
[maxjcompiler] 	import com.maxeler.maxcompiler.v2.kernelcompiler.stdlib.core.Count;
[maxjcompiler] 	       ^^^^^^^^^^^^^^^^^^^^^^^^^^^^^^^^^^^^^^^^^^^^^^^^^^^^^^^^^^^
[maxjcompiler] The import com.maxeler.maxcompiler.v2.kernelcompiler.stdlib.core.Count is never used
[maxjcompiler] ----------
[maxjcompiler] 142. WARNING in /local/ssd/home/mattfel/transform_regression_tests_21-24/hyperdsl/spatial/regression_tests/dense/0_DotProduct/out/maxj/src/kernels/void1705_reduce_kernel.maxj (at line 5)
[maxjcompiler] 	import com.maxeler.maxcompiler.v2.kernelcompiler.stdlib.core.Count.WrapMode;
[maxjcompiler] 	       ^^^^^^^^^^^^^^^^^^^^^^^^^^^^^^^^^^^^^^^^^^^^^^^^^^^^^^^^^^^^^^^^^^^^
[maxjcompiler] The import com.maxeler.maxcompiler.v2.kernelcompiler.stdlib.core.Count.WrapMode is never used
[maxjcompiler] ----------
[maxjcompiler] 143. WARNING in /local/ssd/home/mattfel/transform_regression_tests_21-24/hyperdsl/spatial/regression_tests/dense/0_DotProduct/out/maxj/src/kernels/void1705_reduce_kernel.maxj (at line 6)
[maxjcompiler] 	import com.maxeler.maxcompiler.v2.kernelcompiler.stdlib.core.Count.Params;
[maxjcompiler] 	       ^^^^^^^^^^^^^^^^^^^^^^^^^^^^^^^^^^^^^^^^^^^^^^^^^^^^^^^^^^^^^^^^^^
[maxjcompiler] The import com.maxeler.maxcompiler.v2.kernelcompiler.stdlib.core.Count.Params is never used
[maxjcompiler] ----------
[maxjcompiler] 144. WARNING in /local/ssd/home/mattfel/transform_regression_tests_21-24/hyperdsl/spatial/regression_tests/dense/0_DotProduct/out/maxj/src/kernels/void1705_reduce_kernel.maxj (at line 7)
[maxjcompiler] 	import com.maxeler.maxcompiler.v2.kernelcompiler.stdlib.memory.Memory;
[maxjcompiler] 	       ^^^^^^^^^^^^^^^^^^^^^^^^^^^^^^^^^^^^^^^^^^^^^^^^^^^^^^^^^^^^^^
[maxjcompiler] The import com.maxeler.maxcompiler.v2.kernelcompiler.stdlib.memory.Memory is never used
[maxjcompiler] ----------
[maxjcompiler] 145. WARNING in /local/ssd/home/mattfel/transform_regression_tests_21-24/hyperdsl/spatial/regression_tests/dense/0_DotProduct/out/maxj/src/kernels/void1705_reduce_kernel.maxj (at line 8)
[maxjcompiler] 	import com.maxeler.maxcompiler.v2.kernelcompiler.Kernel;
[maxjcompiler] 	       ^^^^^^^^^^^^^^^^^^^^^^^^^^^^^^^^^^^^^^^^^^^^^^^^
[maxjcompiler] The import com.maxeler.maxcompiler.v2.kernelcompiler.Kernel is never used
[maxjcompiler] ----------
[maxjcompiler] 146. WARNING in /local/ssd/home/mattfel/transform_regression_tests_21-24/hyperdsl/spatial/regression_tests/dense/0_DotProduct/out/maxj/src/kernels/void1705_reduce_kernel.maxj (at line 9)
[maxjcompiler] 	import com.maxeler.maxcompiler.v2.kernelcompiler.KernelParameters;
[maxjcompiler] 	       ^^^^^^^^^^^^^^^^^^^^^^^^^^^^^^^^^^^^^^^^^^^^^^^^^^^^^^^^^^
[maxjcompiler] The import com.maxeler.maxcompiler.v2.kernelcompiler.KernelParameters is never used
[maxjcompiler] ----------
[maxjcompiler] 147. WARNING in /local/ssd/home/mattfel/transform_regression_tests_21-24/hyperdsl/spatial/regression_tests/dense/0_DotProduct/out/maxj/src/kernels/void1705_reduce_kernel.maxj (at line 11)
[maxjcompiler] 	import com.maxeler.maxcompiler.v2.utils.MathUtils;
[maxjcompiler] 	       ^^^^^^^^^^^^^^^^^^^^^^^^^^^^^^^^^^^^^^^^^^
[maxjcompiler] The import com.maxeler.maxcompiler.v2.utils.MathUtils is never used
[maxjcompiler] ----------
[maxjcompiler] 148. WARNING in /local/ssd/home/mattfel/transform_regression_tests_21-24/hyperdsl/spatial/regression_tests/dense/0_DotProduct/out/maxj/src/kernels/void1705_reduce_kernel.maxj (at line 12)
[maxjcompiler] 	import com.maxeler.maxcompiler.v2.utils.Bits;
[maxjcompiler] 	       ^^^^^^^^^^^^^^^^^^^^^^^^^^^^^^^^^^^^^
[maxjcompiler] The import com.maxeler.maxcompiler.v2.utils.Bits is never used
[maxjcompiler] ----------
[maxjcompiler] 149. WARNING in /local/ssd/home/mattfel/transform_regression_tests_21-24/hyperdsl/spatial/regression_tests/dense/0_DotProduct/out/maxj/src/kernels/void1705_reduce_kernel.maxj (at line 14)
[maxjcompiler] 	import com.maxeler.maxcompiler.v2.kernelcompiler.stdlib.KernelMath;
[maxjcompiler] 	       ^^^^^^^^^^^^^^^^^^^^^^^^^^^^^^^^^^^^^^^^^^^^^^^^^^^^^^^^^^^
[maxjcompiler] The import com.maxeler.maxcompiler.v2.kernelcompiler.stdlib.KernelMath is never used
[maxjcompiler] ----------
[maxjcompiler] 150. WARNING in /local/ssd/home/mattfel/transform_regression_tests_21-24/hyperdsl/spatial/regression_tests/dense/0_DotProduct/out/maxj/src/kernels/void1705_reduce_kernel.maxj (at line 15)
[maxjcompiler] 	import com.maxeler.maxcompiler.v2.kernelcompiler.types.base.DFEType;
[maxjcompiler] 	       ^^^^^^^^^^^^^^^^^^^^^^^^^^^^^^^^^^^^^^^^^^^^^^^^^^^^^^^^^^^^
[maxjcompiler] The import com.maxeler.maxcompiler.v2.kernelcompiler.types.base.DFEType is never used
[maxjcompiler] ----------
[maxjcompiler] 151. WARNING in /local/ssd/home/mattfel/transform_regression_tests_21-24/hyperdsl/spatial/regression_tests/dense/0_DotProduct/out/maxj/src/kernels/void1705_reduce_kernel.maxj (at line 16)
[maxjcompiler] 	import com.maxeler.maxcompiler.v2.kernelcompiler.stdlib.core.Stream.OffsetExpr;
[maxjcompiler] 	       ^^^^^^^^^^^^^^^^^^^^^^^^^^^^^^^^^^^^^^^^^^^^^^^^^^^^^^^^^^^^^^^^^^^^^^^
[maxjcompiler] The import com.maxeler.maxcompiler.v2.kernelcompiler.stdlib.core.Stream.OffsetExpr is never used
[maxjcompiler] ----------
[maxjcompiler] 152. WARNING in /local/ssd/home/mattfel/transform_regression_tests_21-24/hyperdsl/spatial/regression_tests/dense/0_DotProduct/out/maxj/src/kernels/void1705_reduce_kernel.maxj (at line 17)
[maxjcompiler] 	import com.maxeler.maxcompiler.v2.kernelcompiler.stdlib.Reductions;
[maxjcompiler] 	       ^^^^^^^^^^^^^^^^^^^^^^^^^^^^^^^^^^^^^^^^^^^^^^^^^^^^^^^^^^^
[maxjcompiler] The import com.maxeler.maxcompiler.v2.kernelcompiler.stdlib.Reductions is never used
[maxjcompiler] ----------
[maxjcompiler] 153. WARNING in /local/ssd/home/mattfel/transform_regression_tests_21-24/hyperdsl/spatial/regression_tests/dense/0_DotProduct/out/maxj/src/kernels/void1705_reduce_kernel.maxj (at line 18)
[maxjcompiler] 	import com.maxeler.maxcompiler.v2.kernelcompiler.SMIO;
[maxjcompiler] 	       ^^^^^^^^^^^^^^^^^^^^^^^^^^^^^^^^^^^^^^^^^^^^^^
[maxjcompiler] The import com.maxeler.maxcompiler.v2.kernelcompiler.SMIO is never used
[maxjcompiler] ----------
[maxjcompiler] 154. WARNING in /local/ssd/home/mattfel/transform_regression_tests_21-24/hyperdsl/spatial/regression_tests/dense/0_DotProduct/out/maxj/src/kernels/void1705_reduce_kernel.maxj (at line 19)
[maxjcompiler] 	import com.maxeler.maxcompiler.v2.kernelcompiler.stdlib.Accumulator;
[maxjcompiler] 	       ^^^^^^^^^^^^^^^^^^^^^^^^^^^^^^^^^^^^^^^^^^^^^^^^^^^^^^^^^^^^
[maxjcompiler] The import com.maxeler.maxcompiler.v2.kernelcompiler.stdlib.Accumulator is never used
[maxjcompiler] ----------
[maxjcompiler] 155. WARNING in /local/ssd/home/mattfel/transform_regression_tests_21-24/hyperdsl/spatial/regression_tests/dense/0_DotProduct/out/maxj/src/kernels/void1705_reduce_kernel.maxj (at line 20)
[maxjcompiler] 	import com.maxeler.maxcompiler.v2.kernelcompiler.types.base.DFEType;
[maxjcompiler] 	       ^^^^^^^^^^^^^^^^^^^^^^^^^^^^^^^^^^^^^^^^^^^^^^^^^^^^^^^^^^^^
[maxjcompiler] The import com.maxeler.maxcompiler.v2.kernelcompiler.types.base.DFEType is never used
[maxjcompiler] ----------
[maxjcompiler] 156. WARNING in /local/ssd/home/mattfel/transform_regression_tests_21-24/hyperdsl/spatial/regression_tests/dense/0_DotProduct/out/maxj/src/kernels/void1705_reduce_kernel.maxj (at line 21)
[maxjcompiler] 	import com.maxeler.maxcompiler.v2.kernelcompiler.types.composite.DFEVector;
[maxjcompiler] 	       ^^^^^^^^^^^^^^^^^^^^^^^^^^^^^^^^^^^^^^^^^^^^^^^^^^^^^^^^^^^^^^^^^^^
[maxjcompiler] The import com.maxeler.maxcompiler.v2.kernelcompiler.types.composite.DFEVector is never used
[maxjcompiler] ----------
[maxjcompiler] 157. WARNING in /local/ssd/home/mattfel/transform_regression_tests_21-24/hyperdsl/spatial/regression_tests/dense/0_DotProduct/out/maxj/src/kernels/void1705_reduce_kernel.maxj (at line 22)
[maxjcompiler] 	import com.maxeler.maxcompiler.v2.kernelcompiler.types.composite.DFEVectorType;
[maxjcompiler] 	       ^^^^^^^^^^^^^^^^^^^^^^^^^^^^^^^^^^^^^^^^^^^^^^^^^^^^^^^^^^^^^^^^^^^^^^^
[maxjcompiler] The import com.maxeler.maxcompiler.v2.kernelcompiler.types.composite.DFEVectorType is never used
[maxjcompiler] ----------
[maxjcompiler] 158. WARNING in /local/ssd/home/mattfel/transform_regression_tests_21-24/hyperdsl/spatial/regression_tests/dense/0_DotProduct/out/maxj/src/kernels/void1705_reduce_kernel.maxj (at line 23)
[maxjcompiler] 	import com.maxeler.maxcompiler.v2.kernelcompiler.types.base.DFEFix.SignMode;
[maxjcompiler] 	       ^^^^^^^^^^^^^^^^^^^^^^^^^^^^^^^^^^^^^^^^^^^^^^^^^^^^^^^^^^^^^^^^^^^^
[maxjcompiler] The import com.maxeler.maxcompiler.v2.kernelcompiler.types.base.DFEFix.SignMode is never used
[maxjcompiler] ----------
[maxjcompiler] 159. WARNING in /local/ssd/home/mattfel/transform_regression_tests_21-24/hyperdsl/spatial/regression_tests/dense/0_DotProduct/out/maxj/src/kernels/void1705_reduce_kernel.maxj (at line 24)
[maxjcompiler] 	import java.util.Arrays;
[maxjcompiler] 	       ^^^^^^^^^^^^^^^^
[maxjcompiler] The import java.util.Arrays is never used
[maxjcompiler] ----------
[maxjcompiler] ----------
[maxjcompiler] 160. WARNING in /local/ssd/home/mattfel/transform_regression_tests_21-24/hyperdsl/spatial/regression_tests/dense/0_DotProduct/out/maxj/src/kernels/parallel_void1697.maxj (at line 42)
[maxjcompiler] 	DFEsmValueType counterType = dfeUInt(32);
[maxjcompiler] 	               ^^^^^^^^^^^
[maxjcompiler] The local variable counterType is never read
[maxjcompiler] ----------
[maxjcompiler] ----------
[maxjcompiler] 161. WARNING in /local/ssd/home/mattfel/transform_regression_tests_21-24/hyperdsl/spatial/regression_tests/dense/0_DotProduct/out/maxj/src/kernels/pipe1681_reduce_kernel.maxj (at line 2)
[maxjcompiler] 	import com.maxeler.maxcompiler.v2.kernelcompiler.stdlib.core.Count.Counter;
[maxjcompiler] 	       ^^^^^^^^^^^^^^^^^^^^^^^^^^^^^^^^^^^^^^^^^^^^^^^^^^^^^^^^^^^^^^^^^^^
[maxjcompiler] The import com.maxeler.maxcompiler.v2.kernelcompiler.stdlib.core.Count.Counter is never used
[maxjcompiler] ----------
[maxjcompiler] 162. WARNING in /local/ssd/home/mattfel/transform_regression_tests_21-24/hyperdsl/spatial/regression_tests/dense/0_DotProduct/out/maxj/src/kernels/pipe1681_reduce_kernel.maxj (at line 3)
[maxjcompiler] 	import com.maxeler.maxcompiler.v2.kernelcompiler.stdlib.core.CounterChain;
[maxjcompiler] 	       ^^^^^^^^^^^^^^^^^^^^^^^^^^^^^^^^^^^^^^^^^^^^^^^^^^^^^^^^^^^^^^^^^^
[maxjcompiler] The import com.maxeler.maxcompiler.v2.kernelcompiler.stdlib.core.CounterChain is never used
[maxjcompiler] ----------
[maxjcompiler] 163. WARNING in /local/ssd/home/mattfel/transform_regression_tests_21-24/hyperdsl/spatial/regression_tests/dense/0_DotProduct/out/maxj/src/kernels/pipe1681_reduce_kernel.maxj (at line 4)
[maxjcompiler] 	import com.maxeler.maxcompiler.v2.kernelcompiler.stdlib.core.Count;
[maxjcompiler] 	       ^^^^^^^^^^^^^^^^^^^^^^^^^^^^^^^^^^^^^^^^^^^^^^^^^^^^^^^^^^^
[maxjcompiler] The import com.maxeler.maxcompiler.v2.kernelcompiler.stdlib.core.Count is never used
[maxjcompiler] ----------
[maxjcompiler] 164. WARNING in /local/ssd/home/mattfel/transform_regression_tests_21-24/hyperdsl/spatial/regression_tests/dense/0_DotProduct/out/maxj/src/kernels/pipe1681_reduce_kernel.maxj (at line 5)
[maxjcompiler] 	import com.maxeler.maxcompiler.v2.kernelcompiler.stdlib.core.Count.WrapMode;
[maxjcompiler] 	       ^^^^^^^^^^^^^^^^^^^^^^^^^^^^^^^^^^^^^^^^^^^^^^^^^^^^^^^^^^^^^^^^^^^^
[maxjcompiler] The import com.maxeler.maxcompiler.v2.kernelcompiler.stdlib.core.Count.WrapMode is never used
[maxjcompiler] ----------
[maxjcompiler] 165. WARNING in /local/ssd/home/mattfel/transform_regression_tests_21-24/hyperdsl/spatial/regression_tests/dense/0_DotProduct/out/maxj/src/kernels/pipe1681_reduce_kernel.maxj (at line 6)
[maxjcompiler] 	import com.maxeler.maxcompiler.v2.kernelcompiler.stdlib.core.Count.Params;
[maxjcompiler] 	       ^^^^^^^^^^^^^^^^^^^^^^^^^^^^^^^^^^^^^^^^^^^^^^^^^^^^^^^^^^^^^^^^^^
[maxjcompiler] The import com.maxeler.maxcompiler.v2.kernelcompiler.stdlib.core.Count.Params is never used
[maxjcompiler] ----------
[maxjcompiler] 166. WARNING in /local/ssd/home/mattfel/transform_regression_tests_21-24/hyperdsl/spatial/regression_tests/dense/0_DotProduct/out/maxj/src/kernels/pipe1681_reduce_kernel.maxj (at line 7)
[maxjcompiler] 	import com.maxeler.maxcompiler.v2.kernelcompiler.stdlib.memory.Memory;
[maxjcompiler] 	       ^^^^^^^^^^^^^^^^^^^^^^^^^^^^^^^^^^^^^^^^^^^^^^^^^^^^^^^^^^^^^^
[maxjcompiler] The import com.maxeler.maxcompiler.v2.kernelcompiler.stdlib.memory.Memory is never used
[maxjcompiler] ----------
[maxjcompiler] 167. WARNING in /local/ssd/home/mattfel/transform_regression_tests_21-24/hyperdsl/spatial/regression_tests/dense/0_DotProduct/out/maxj/src/kernels/pipe1681_reduce_kernel.maxj (at line 8)
[maxjcompiler] 	import com.maxeler.maxcompiler.v2.kernelcompiler.Kernel;
[maxjcompiler] 	       ^^^^^^^^^^^^^^^^^^^^^^^^^^^^^^^^^^^^^^^^^^^^^^^^
[maxjcompiler] The import com.maxeler.maxcompiler.v2.kernelcompiler.Kernel is never used
[maxjcompiler] ----------
[maxjcompiler] 168. WARNING in /local/ssd/home/mattfel/transform_regression_tests_21-24/hyperdsl/spatial/regression_tests/dense/0_DotProduct/out/maxj/src/kernels/pipe1681_reduce_kernel.maxj (at line 9)
[maxjcompiler] 	import com.maxeler.maxcompiler.v2.kernelcompiler.KernelParameters;
[maxjcompiler] 	       ^^^^^^^^^^^^^^^^^^^^^^^^^^^^^^^^^^^^^^^^^^^^^^^^^^^^^^^^^^
[maxjcompiler] The import com.maxeler.maxcompiler.v2.kernelcompiler.KernelParameters is never used
[maxjcompiler] ----------
[maxjcompiler] 169. WARNING in /local/ssd/home/mattfel/transform_regression_tests_21-24/hyperdsl/spatial/regression_tests/dense/0_DotProduct/out/maxj/src/kernels/pipe1681_reduce_kernel.maxj (at line 11)
[maxjcompiler] 	import com.maxeler.maxcompiler.v2.utils.MathUtils;
[maxjcompiler] 	       ^^^^^^^^^^^^^^^^^^^^^^^^^^^^^^^^^^^^^^^^^^
[maxjcompiler] The import com.maxeler.maxcompiler.v2.utils.MathUtils is never used
[maxjcompiler] ----------
[maxjcompiler] 170. WARNING in /local/ssd/home/mattfel/transform_regression_tests_21-24/hyperdsl/spatial/regression_tests/dense/0_DotProduct/out/maxj/src/kernels/pipe1681_reduce_kernel.maxj (at line 12)
[maxjcompiler] 	import com.maxeler.maxcompiler.v2.utils.Bits;
[maxjcompiler] 	       ^^^^^^^^^^^^^^^^^^^^^^^^^^^^^^^^^^^^^
[maxjcompiler] The import com.maxeler.maxcompiler.v2.utils.Bits is never used
[maxjcompiler] ----------
[maxjcompiler] 171. WARNING in /local/ssd/home/mattfel/transform_regression_tests_21-24/hyperdsl/spatial/regression_tests/dense/0_DotProduct/out/maxj/src/kernels/pipe1681_reduce_kernel.maxj (at line 14)
[maxjcompiler] 	import com.maxeler.maxcompiler.v2.kernelcompiler.stdlib.KernelMath;
[maxjcompiler] 	       ^^^^^^^^^^^^^^^^^^^^^^^^^^^^^^^^^^^^^^^^^^^^^^^^^^^^^^^^^^^
[maxjcompiler] The import com.maxeler.maxcompiler.v2.kernelcompiler.stdlib.KernelMath is never used
[maxjcompiler] ----------
[maxjcompiler] 172. WARNING in /local/ssd/home/mattfel/transform_regression_tests_21-24/hyperdsl/spatial/regression_tests/dense/0_DotProduct/out/maxj/src/kernels/pipe1681_reduce_kernel.maxj (at line 15)
[maxjcompiler] 	import com.maxeler.maxcompiler.v2.kernelcompiler.types.base.DFEType;
[maxjcompiler] 	       ^^^^^^^^^^^^^^^^^^^^^^^^^^^^^^^^^^^^^^^^^^^^^^^^^^^^^^^^^^^^
[maxjcompiler] The import com.maxeler.maxcompiler.v2.kernelcompiler.types.base.DFEType is never used
[maxjcompiler] ----------
[maxjcompiler] 173. WARNING in /local/ssd/home/mattfel/transform_regression_tests_21-24/hyperdsl/spatial/regression_tests/dense/0_DotProduct/out/maxj/src/kernels/pipe1681_reduce_kernel.maxj (at line 16)
[maxjcompiler] 	import com.maxeler.maxcompiler.v2.kernelcompiler.stdlib.core.Stream.OffsetExpr;
[maxjcompiler] 	       ^^^^^^^^^^^^^^^^^^^^^^^^^^^^^^^^^^^^^^^^^^^^^^^^^^^^^^^^^^^^^^^^^^^^^^^
[maxjcompiler] The import com.maxeler.maxcompiler.v2.kernelcompiler.stdlib.core.Stream.OffsetExpr is never used
[maxjcompiler] ----------
[maxjcompiler] 174. WARNING in /local/ssd/home/mattfel/transform_regression_tests_21-24/hyperdsl/spatial/regression_tests/dense/0_DotProduct/out/maxj/src/kernels/pipe1681_reduce_kernel.maxj (at line 17)
[maxjcompiler] 	import com.maxeler.maxcompiler.v2.kernelcompiler.stdlib.Reductions;
[maxjcompiler] 	       ^^^^^^^^^^^^^^^^^^^^^^^^^^^^^^^^^^^^^^^^^^^^^^^^^^^^^^^^^^^
[maxjcompiler] The import com.maxeler.maxcompiler.v2.kernelcompiler.stdlib.Reductions is never used
[maxjcompiler] ----------
[maxjcompiler] 175. WARNING in /local/ssd/home/mattfel/transform_regression_tests_21-24/hyperdsl/spatial/regression_tests/dense/0_DotProduct/out/maxj/src/kernels/pipe1681_reduce_kernel.maxj (at line 18)
[maxjcompiler] 	import com.maxeler.maxcompiler.v2.kernelcompiler.SMIO;
[maxjcompiler] 	       ^^^^^^^^^^^^^^^^^^^^^^^^^^^^^^^^^^^^^^^^^^^^^^
[maxjcompiler] The import com.maxeler.maxcompiler.v2.kernelcompiler.SMIO is never used
[maxjcompiler] ----------
[maxjcompiler] 176. WARNING in /local/ssd/home/mattfel/transform_regression_tests_21-24/hyperdsl/spatial/regression_tests/dense/0_DotProduct/out/maxj/src/kernels/pipe1681_reduce_kernel.maxj (at line 19)
[maxjcompiler] 	import com.maxeler.maxcompiler.v2.kernelcompiler.stdlib.Accumulator;
[maxjcompiler] 	       ^^^^^^^^^^^^^^^^^^^^^^^^^^^^^^^^^^^^^^^^^^^^^^^^^^^^^^^^^^^^
[maxjcompiler] The import com.maxeler.maxcompiler.v2.kernelcompiler.stdlib.Accumulator is never used
[maxjcompiler] ----------
[maxjcompiler] 177. WARNING in /local/ssd/home/mattfel/transform_regression_tests_21-24/hyperdsl/spatial/regression_tests/dense/0_DotProduct/out/maxj/src/kernels/pipe1681_reduce_kernel.maxj (at line 20)
[maxjcompiler] 	import com.maxeler.maxcompiler.v2.kernelcompiler.types.base.DFEType;
[maxjcompiler] 	       ^^^^^^^^^^^^^^^^^^^^^^^^^^^^^^^^^^^^^^^^^^^^^^^^^^^^^^^^^^^^
[maxjcompiler] The import com.maxeler.maxcompiler.v2.kernelcompiler.types.base.DFEType is never used
[maxjcompiler] ----------
[maxjcompiler] 178. WARNING in /local/ssd/home/mattfel/transform_regression_tests_21-24/hyperdsl/spatial/regression_tests/dense/0_DotProduct/out/maxj/src/kernels/pipe1681_reduce_kernel.maxj (at line 22)
[maxjcompiler] 	import com.maxeler.maxcompiler.v2.kernelcompiler.types.composite.DFEVectorType;
[maxjcompiler] 	       ^^^^^^^^^^^^^^^^^^^^^^^^^^^^^^^^^^^^^^^^^^^^^^^^^^^^^^^^^^^^^^^^^^^^^^^
[maxjcompiler] The import com.maxeler.maxcompiler.v2.kernelcompiler.types.composite.DFEVectorType is never used
[maxjcompiler] ----------
[maxjcompiler] 179. WARNING in /local/ssd/home/mattfel/transform_regression_tests_21-24/hyperdsl/spatial/regression_tests/dense/0_DotProduct/out/maxj/src/kernels/pipe1681_reduce_kernel.maxj (at line 23)
[maxjcompiler] 	import com.maxeler.maxcompiler.v2.kernelcompiler.types.base.DFEFix.SignMode;
[maxjcompiler] 	       ^^^^^^^^^^^^^^^^^^^^^^^^^^^^^^^^^^^^^^^^^^^^^^^^^^^^^^^^^^^^^^^^^^^^
[maxjcompiler] The import com.maxeler.maxcompiler.v2.kernelcompiler.types.base.DFEFix.SignMode is never used
[maxjcompiler] ----------
[maxjcompiler] 180. WARNING in /local/ssd/home/mattfel/transform_regression_tests_21-24/hyperdsl/spatial/regression_tests/dense/0_DotProduct/out/maxj/src/kernels/pipe1681_reduce_kernel.maxj (at line 24)
[maxjcompiler] 	import java.util.Arrays;
[maxjcompiler] 	       ^^^^^^^^^^^^^^^^
[maxjcompiler] The import java.util.Arrays is never used
[maxjcompiler] ----------
[maxjcompiler] ----------
[maxjcompiler] 181. WARNING in /local/ssd/home/mattfel/transform_regression_tests_21-24/hyperdsl/spatial/regression_tests/dense/0_DotProduct/out/maxj/src/kernels/pipe1695_reduce_kernel.maxj (at line 2)
[maxjcompiler] 	import com.maxeler.maxcompiler.v2.kernelcompiler.stdlib.core.Count.Counter;
[maxjcompiler] 	       ^^^^^^^^^^^^^^^^^^^^^^^^^^^^^^^^^^^^^^^^^^^^^^^^^^^^^^^^^^^^^^^^^^^
[maxjcompiler] The import com.maxeler.maxcompiler.v2.kernelcompiler.stdlib.core.Count.Counter is never used
[maxjcompiler] ----------
[maxjcompiler] 182. WARNING in /local/ssd/home/mattfel/transform_regression_tests_21-24/hyperdsl/spatial/regression_tests/dense/0_DotProduct/out/maxj/src/kernels/pipe1695_reduce_kernel.maxj (at line 3)
[maxjcompiler] 	import com.maxeler.maxcompiler.v2.kernelcompiler.stdlib.core.CounterChain;
[maxjcompiler] 	       ^^^^^^^^^^^^^^^^^^^^^^^^^^^^^^^^^^^^^^^^^^^^^^^^^^^^^^^^^^^^^^^^^^
[maxjcompiler] The import com.maxeler.maxcompiler.v2.kernelcompiler.stdlib.core.CounterChain is never used
[maxjcompiler] ----------
[maxjcompiler] 183. WARNING in /local/ssd/home/mattfel/transform_regression_tests_21-24/hyperdsl/spatial/regression_tests/dense/0_DotProduct/out/maxj/src/kernels/pipe1695_reduce_kernel.maxj (at line 4)
[maxjcompiler] 	import com.maxeler.maxcompiler.v2.kernelcompiler.stdlib.core.Count;
[maxjcompiler] 	       ^^^^^^^^^^^^^^^^^^^^^^^^^^^^^^^^^^^^^^^^^^^^^^^^^^^^^^^^^^^
[maxjcompiler] The import com.maxeler.maxcompiler.v2.kernelcompiler.stdlib.core.Count is never used
[maxjcompiler] ----------
[maxjcompiler] 184. WARNING in /local/ssd/home/mattfel/transform_regression_tests_21-24/hyperdsl/spatial/regression_tests/dense/0_DotProduct/out/maxj/src/kernels/pipe1695_reduce_kernel.maxj (at line 5)
[maxjcompiler] 	import com.maxeler.maxcompiler.v2.kernelcompiler.stdlib.core.Count.WrapMode;
[maxjcompiler] 	       ^^^^^^^^^^^^^^^^^^^^^^^^^^^^^^^^^^^^^^^^^^^^^^^^^^^^^^^^^^^^^^^^^^^^
[maxjcompiler] The import com.maxeler.maxcompiler.v2.kernelcompiler.stdlib.core.Count.WrapMode is never used
[maxjcompiler] ----------
[maxjcompiler] 185. WARNING in /local/ssd/home/mattfel/transform_regression_tests_21-24/hyperdsl/spatial/regression_tests/dense/0_DotProduct/out/maxj/src/kernels/pipe1695_reduce_kernel.maxj (at line 6)
[maxjcompiler] 	import com.maxeler.maxcompiler.v2.kernelcompiler.stdlib.core.Count.Params;
[maxjcompiler] 	       ^^^^^^^^^^^^^^^^^^^^^^^^^^^^^^^^^^^^^^^^^^^^^^^^^^^^^^^^^^^^^^^^^^
[maxjcompiler] The import com.maxeler.maxcompiler.v2.kernelcompiler.stdlib.core.Count.Params is never used
[maxjcompiler] ----------
[maxjcompiler] 186. WARNING in /local/ssd/home/mattfel/transform_regression_tests_21-24/hyperdsl/spatial/regression_tests/dense/0_DotProduct/out/maxj/src/kernels/pipe1695_reduce_kernel.maxj (at line 7)
[maxjcompiler] 	import com.maxeler.maxcompiler.v2.kernelcompiler.stdlib.memory.Memory;
[maxjcompiler] 	       ^^^^^^^^^^^^^^^^^^^^^^^^^^^^^^^^^^^^^^^^^^^^^^^^^^^^^^^^^^^^^^
[maxjcompiler] The import com.maxeler.maxcompiler.v2.kernelcompiler.stdlib.memory.Memory is never used
[maxjcompiler] ----------
[maxjcompiler] 187. WARNING in /local/ssd/home/mattfel/transform_regression_tests_21-24/hyperdsl/spatial/regression_tests/dense/0_DotProduct/out/maxj/src/kernels/pipe1695_reduce_kernel.maxj (at line 8)
[maxjcompiler] 	import com.maxeler.maxcompiler.v2.kernelcompiler.Kernel;
[maxjcompiler] 	       ^^^^^^^^^^^^^^^^^^^^^^^^^^^^^^^^^^^^^^^^^^^^^^^^
[maxjcompiler] The import com.maxeler.maxcompiler.v2.kernelcompiler.Kernel is never used
[maxjcompiler] ----------
[maxjcompiler] 188. WARNING in /local/ssd/home/mattfel/transform_regression_tests_21-24/hyperdsl/spatial/regression_tests/dense/0_DotProduct/out/maxj/src/kernels/pipe1695_reduce_kernel.maxj (at line 9)
[maxjcompiler] 	import com.maxeler.maxcompiler.v2.kernelcompiler.KernelParameters;
[maxjcompiler] 	       ^^^^^^^^^^^^^^^^^^^^^^^^^^^^^^^^^^^^^^^^^^^^^^^^^^^^^^^^^^
[maxjcompiler] The import com.maxeler.maxcompiler.v2.kernelcompiler.KernelParameters is never used
[maxjcompiler] ----------
[maxjcompiler] 189. WARNING in /local/ssd/home/mattfel/transform_regression_tests_21-24/hyperdsl/spatial/regression_tests/dense/0_DotProduct/out/maxj/src/kernels/pipe1695_reduce_kernel.maxj (at line 11)
[maxjcompiler] 	import com.maxeler.maxcompiler.v2.utils.MathUtils;
[maxjcompiler] 	       ^^^^^^^^^^^^^^^^^^^^^^^^^^^^^^^^^^^^^^^^^^
[maxjcompiler] The import com.maxeler.maxcompiler.v2.utils.MathUtils is never used
[maxjcompiler] ----------
[maxjcompiler] 190. WARNING in /local/ssd/home/mattfel/transform_regression_tests_21-24/hyperdsl/spatial/regression_tests/dense/0_DotProduct/out/maxj/src/kernels/pipe1695_reduce_kernel.maxj (at line 12)
[maxjcompiler] 	import com.maxeler.maxcompiler.v2.utils.Bits;
[maxjcompiler] 	       ^^^^^^^^^^^^^^^^^^^^^^^^^^^^^^^^^^^^^
[maxjcompiler] The import com.maxeler.maxcompiler.v2.utils.Bits is never used
[maxjcompiler] ----------
[maxjcompiler] 191. WARNING in /local/ssd/home/mattfel/transform_regression_tests_21-24/hyperdsl/spatial/regression_tests/dense/0_DotProduct/out/maxj/src/kernels/pipe1695_reduce_kernel.maxj (at line 14)
[maxjcompiler] 	import com.maxeler.maxcompiler.v2.kernelcompiler.stdlib.KernelMath;
[maxjcompiler] 	       ^^^^^^^^^^^^^^^^^^^^^^^^^^^^^^^^^^^^^^^^^^^^^^^^^^^^^^^^^^^
[maxjcompiler] The import com.maxeler.maxcompiler.v2.kernelcompiler.stdlib.KernelMath is never used
[maxjcompiler] ----------
[maxjcompiler] 192. WARNING in /local/ssd/home/mattfel/transform_regression_tests_21-24/hyperdsl/spatial/regression_tests/dense/0_DotProduct/out/maxj/src/kernels/pipe1695_reduce_kernel.maxj (at line 15)
[maxjcompiler] 	import com.maxeler.maxcompiler.v2.kernelcompiler.types.base.DFEType;
[maxjcompiler] 	       ^^^^^^^^^^^^^^^^^^^^^^^^^^^^^^^^^^^^^^^^^^^^^^^^^^^^^^^^^^^^
[maxjcompiler] The import com.maxeler.maxcompiler.v2.kernelcompiler.types.base.DFEType is never used
[maxjcompiler] ----------
[maxjcompiler] 193. WARNING in /local/ssd/home/mattfel/transform_regression_tests_21-24/hyperdsl/spatial/regression_tests/dense/0_DotProduct/out/maxj/src/kernels/pipe1695_reduce_kernel.maxj (at line 16)
[maxjcompiler] 	import com.maxeler.maxcompiler.v2.kernelcompiler.stdlib.core.Stream.OffsetExpr;
[maxjcompiler] 	       ^^^^^^^^^^^^^^^^^^^^^^^^^^^^^^^^^^^^^^^^^^^^^^^^^^^^^^^^^^^^^^^^^^^^^^^
[maxjcompiler] The import com.maxeler.maxcompiler.v2.kernelcompiler.stdlib.core.Stream.OffsetExpr is never used
[maxjcompiler] ----------
[maxjcompiler] 194. WARNING in /local/ssd/home/mattfel/transform_regression_tests_21-24/hyperdsl/spatial/regression_tests/dense/0_DotProduct/out/maxj/src/kernels/pipe1695_reduce_kernel.maxj (at line 17)
[maxjcompiler] 	import com.maxeler.maxcompiler.v2.kernelcompiler.stdlib.Reductions;
[maxjcompiler] 	       ^^^^^^^^^^^^^^^^^^^^^^^^^^^^^^^^^^^^^^^^^^^^^^^^^^^^^^^^^^^
[maxjcompiler] The import com.maxeler.maxcompiler.v2.kernelcompiler.stdlib.Reductions is never used
[maxjcompiler] ----------
[maxjcompiler] 195. WARNING in /local/ssd/home/mattfel/transform_regression_tests_21-24/hyperdsl/spatial/regression_tests/dense/0_DotProduct/out/maxj/src/kernels/pipe1695_reduce_kernel.maxj (at line 18)
[maxjcompiler] 	import com.maxeler.maxcompiler.v2.kernelcompiler.SMIO;
[maxjcompiler] 	       ^^^^^^^^^^^^^^^^^^^^^^^^^^^^^^^^^^^^^^^^^^^^^^
[maxjcompiler] The import com.maxeler.maxcompiler.v2.kernelcompiler.SMIO is never used
[maxjcompiler] ----------
[maxjcompiler] 196. WARNING in /local/ssd/home/mattfel/transform_regression_tests_21-24/hyperdsl/spatial/regression_tests/dense/0_DotProduct/out/maxj/src/kernels/pipe1695_reduce_kernel.maxj (at line 19)
[maxjcompiler] 	import com.maxeler.maxcompiler.v2.kernelcompiler.stdlib.Accumulator;
[maxjcompiler] 	       ^^^^^^^^^^^^^^^^^^^^^^^^^^^^^^^^^^^^^^^^^^^^^^^^^^^^^^^^^^^^
[maxjcompiler] The import com.maxeler.maxcompiler.v2.kernelcompiler.stdlib.Accumulator is never used
[maxjcompiler] ----------
[maxjcompiler] 197. WARNING in /local/ssd/home/mattfel/transform_regression_tests_21-24/hyperdsl/spatial/regression_tests/dense/0_DotProduct/out/maxj/src/kernels/pipe1695_reduce_kernel.maxj (at line 20)
[maxjcompiler] 	import com.maxeler.maxcompiler.v2.kernelcompiler.types.base.DFEType;
[maxjcompiler] 	       ^^^^^^^^^^^^^^^^^^^^^^^^^^^^^^^^^^^^^^^^^^^^^^^^^^^^^^^^^^^^
[maxjcompiler] The import com.maxeler.maxcompiler.v2.kernelcompiler.types.base.DFEType is never used
[maxjcompiler] ----------
[maxjcompiler] 198. WARNING in /local/ssd/home/mattfel/transform_regression_tests_21-24/hyperdsl/spatial/regression_tests/dense/0_DotProduct/out/maxj/src/kernels/pipe1695_reduce_kernel.maxj (at line 22)
[maxjcompiler] 	import com.maxeler.maxcompiler.v2.kernelcompiler.types.composite.DFEVectorType;
[maxjcompiler] 	       ^^^^^^^^^^^^^^^^^^^^^^^^^^^^^^^^^^^^^^^^^^^^^^^^^^^^^^^^^^^^^^^^^^^^^^^
[maxjcompiler] The import com.maxeler.maxcompiler.v2.kernelcompiler.types.composite.DFEVectorType is never used
[maxjcompiler] ----------
[maxjcompiler] 199. WARNING in /local/ssd/home/mattfel/transform_regression_tests_21-24/hyperdsl/spatial/regression_tests/dense/0_DotProduct/out/maxj/src/kernels/pipe1695_reduce_kernel.maxj (at line 23)
[maxjcompiler] 	import com.maxeler.maxcompiler.v2.kernelcompiler.types.base.DFEFix.SignMode;
[maxjcompiler] 	       ^^^^^^^^^^^^^^^^^^^^^^^^^^^^^^^^^^^^^^^^^^^^^^^^^^^^^^^^^^^^^^^^^^^^
[maxjcompiler] The import com.maxeler.maxcompiler.v2.kernelcompiler.types.base.DFEFix.SignMode is never used
[maxjcompiler] ----------
[maxjcompiler] 200. WARNING in /local/ssd/home/mattfel/transform_regression_tests_21-24/hyperdsl/spatial/regression_tests/dense/0_DotProduct/out/maxj/src/kernels/pipe1695_reduce_kernel.maxj (at line 24)
[maxjcompiler] 	import java.util.Arrays;
[maxjcompiler] 	       ^^^^^^^^^^^^^^^^
[maxjcompiler] The import java.util.Arrays is never used
[maxjcompiler] ----------
[maxjcompiler] ----------
[maxjcompiler] 201. WARNING in /local/ssd/home/mattfel/transform_regression_tests_21-24/hyperdsl/spatial/regression_tests/dense/0_DotProduct/out/maxj/src/kernels/BaseLib.maxj (at line 20)
[maxjcompiler] 	import com.maxeler.maxcompiler.v2.kernelcompiler.types.base.DFEType;
[maxjcompiler] 	       ^^^^^^^^^^^^^^^^^^^^^^^^^^^^^^^^^^^^^^^^^^^^^^^^^^^^^^^^^^^^
[maxjcompiler] The import com.maxeler.maxcompiler.v2.kernelcompiler.types.base.DFEType is never used
[maxjcompiler] ----------
[maxjcompiler] 202. ERROR in /local/ssd/home/mattfel/transform_regression_tests_21-24/hyperdsl/spatial/regression_tests/dense/0_DotProduct/out/maxj/src/kernels/BaseLib.maxj (at line 47)
[maxjcompiler] 	NBufKernelLib BRAM1600_0 = new NBufKernelLib(this, "BRAM1600_0",
[maxjcompiler]                   96, 1, /*size0, size1*/
[maxjcompiler]                   dfeFixOffset( 32,0, SignMode.TWOSCOMPLEMENT), 2, 1, 2, /*banks, strides, depth*/
[maxjcompiler]                   true, /*all_same access (row_major or col_major)*/
[maxjcompiler]                   new boolean[] {true}, /*rowmajor read?*/
[maxjcompiler]                   2, 2 /*writepar, readpar*/);
[maxjcompiler] 	                           ^^^^^^^^^^^^^^^^^^^^^^^^^^^^^^^^^^^^^^^^^^^^^^^^^^^^^^^^^^^^^^^^^^^^^^^^^^^^^^^^^^^^^^^^^^^^^^^^^^^^^^^^^^^^^^^^^^^^^^^^^^^^^^^^^^^^^^^^^^^^^^^^^^^^^^^^^^^^^^^^^^^^^^^^^^^^^^^^^^^^^^^^^^^^^^^^^^^^^^^^^^^^^^^^^^^^^^^^^^^^^^^^^^^^^^^^^^^^^^^^^^^^^^^^^^^^^^^^^^^^^^^^^^^^^^^^^^^^^^^^^^^^^^^^^^^^^^^^^^^^^^^^^^^^^^^^^^^^^^^^^^^^^^^^^^^^^^^^^^^^^^^^^^^^^^^^
[maxjcompiler] The constructor NBufKernelLib(BaseLib, String, int, int, DFEFix, int, int, int, boolean, boolean[], int, int) is undefined
[maxjcompiler] ----------
[maxjcompiler] 203. ERROR in /local/ssd/home/mattfel/transform_regression_tests_21-24/hyperdsl/spatial/regression_tests/dense/0_DotProduct/out/maxj/src/kernels/BaseLib.maxj (at line 55)
[maxjcompiler] 	NBufKernelLib BRAM1601_0 = new NBufKernelLib(this, "BRAM1601_0",
[maxjcompiler]                   96, 1, /*size0, size1*/
[maxjcompiler]                   dfeFixOffset( 32,0, SignMode.TWOSCOMPLEMENT), 2, 1, 2, /*banks, strides, depth*/
[maxjcompiler]                   true, /*all_same access (row_major or col_major)*/
[maxjcompiler]                   new boolean[] {true}, /*rowmajor read?*/
[maxjcompiler]                   2, 2 /*writepar, readpar*/);
[maxjcompiler] 	                           ^^^^^^^^^^^^^^^^^^^^^^^^^^^^^^^^^^^^^^^^^^^^^^^^^^^^^^^^^^^^^^^^^^^^^^^^^^^^^^^^^^^^^^^^^^^^^^^^^^^^^^^^^^^^^^^^^^^^^^^^^^^^^^^^^^^^^^^^^^^^^^^^^^^^^^^^^^^^^^^^^^^^^^^^^^^^^^^^^^^^^^^^^^^^^^^^^^^^^^^^^^^^^^^^^^^^^^^^^^^^^^^^^^^^^^^^^^^^^^^^^^^^^^^^^^^^^^^^^^^^^^^^^^^^^^^^^^^^^^^^^^^^^^^^^^^^^^^^^^^^^^^^^^^^^^^^^^^^^^^^^^^^^^^^^^^^^^^^^^^^^^^^^^^^^^^^
[maxjcompiler] The constructor NBufKernelLib(BaseLib, String, int, int, DFEFix, int, int, int, boolean, boolean[], int, int) is undefined
[maxjcompiler] ----------
[maxjcompiler] 204. ERROR in /local/ssd/home/mattfel/transform_regression_tests_21-24/hyperdsl/spatial/regression_tests/dense/0_DotProduct/out/maxj/src/kernels/BaseLib.maxj (at line 63)
[maxjcompiler] 	NBufKernelLib BRAM1602_0 = new NBufKernelLib(this, "BRAM1602_0",
[maxjcompiler]                   96, 1, /*size0, size1*/
[maxjcompiler]                   dfeFixOffset( 32,0, SignMode.TWOSCOMPLEMENT), 2, 1, 2, /*banks, strides, depth*/
[maxjcompiler]                   true, /*all_same access (row_major or col_major)*/
[maxjcompiler]                   new boolean[] {true}, /*rowmajor read?*/
[maxjcompiler]                   2, 2 /*writepar, readpar*/);
[maxjcompiler] 	                           ^^^^^^^^^^^^^^^^^^^^^^^^^^^^^^^^^^^^^^^^^^^^^^^^^^^^^^^^^^^^^^^^^^^^^^^^^^^^^^^^^^^^^^^^^^^^^^^^^^^^^^^^^^^^^^^^^^^^^^^^^^^^^^^^^^^^^^^^^^^^^^^^^^^^^^^^^^^^^^^^^^^^^^^^^^^^^^^^^^^^^^^^^^^^^^^^^^^^^^^^^^^^^^^^^^^^^^^^^^^^^^^^^^^^^^^^^^^^^^^^^^^^^^^^^^^^^^^^^^^^^^^^^^^^^^^^^^^^^^^^^^^^^^^^^^^^^^^^^^^^^^^^^^^^^^^^^^^^^^^^^^^^^^^^^^^^^^^^^^^^^^^^^^^^^^^^
[maxjcompiler] The constructor NBufKernelLib(BaseLib, String, int, int, DFEFix, int, int, int, boolean, boolean[], int, int) is undefined
[maxjcompiler] ----------
[maxjcompiler] 205. ERROR in /local/ssd/home/mattfel/transform_regression_tests_21-24/hyperdsl/spatial/regression_tests/dense/0_DotProduct/out/maxj/src/kernels/BaseLib.maxj (at line 71)
[maxjcompiler] 	NBufKernelLib BRAM1603_0 = new NBufKernelLib(this, "BRAM1603_0",
[maxjcompiler]                   96, 1, /*size0, size1*/
[maxjcompiler]                   dfeFixOffset( 32,0, SignMode.TWOSCOMPLEMENT), 2, 1, 2, /*banks, strides, depth*/
[maxjcompiler]                   true, /*all_same access (row_major or col_major)*/
[maxjcompiler]                   new boolean[] {true}, /*rowmajor read?*/
[maxjcompiler]                   2, 2 /*writepar, readpar*/);
[maxjcompiler] 	                           ^^^^^^^^^^^^^^^^^^^^^^^^^^^^^^^^^^^^^^^^^^^^^^^^^^^^^^^^^^^^^^^^^^^^^^^^^^^^^^^^^^^^^^^^^^^^^^^^^^^^^^^^^^^^^^^^^^^^^^^^^^^^^^^^^^^^^^^^^^^^^^^^^^^^^^^^^^^^^^^^^^^^^^^^^^^^^^^^^^^^^^^^^^^^^^^^^^^^^^^^^^^^^^^^^^^^^^^^^^^^^^^^^^^^^^^^^^^^^^^^^^^^^^^^^^^^^^^^^^^^^^^^^^^^^^^^^^^^^^^^^^^^^^^^^^^^^^^^^^^^^^^^^^^^^^^^^^^^^^^^^^^^^^^^^^^^^^^^^^^^^^^^^^^^^^^^
[maxjcompiler] The constructor NBufKernelLib(BaseLib, String, int, int, DFEFix, int, int, int, boolean, boolean[], int, int) is undefined
[maxjcompiler] ----------
[maxjcompiler] ----------
[maxjcompiler] 206. WARNING in /local/ssd/home/mattfel/transform_regression_tests_21-24/hyperdsl/spatial/regression_tests/dense/0_DotProduct/out/maxj/src/kernels/parallel_void1659.maxj (at line 42)
[maxjcompiler] 	DFEsmValueType counterType = dfeUInt(32);
[maxjcompiler] 	               ^^^^^^^^^^^
[maxjcompiler] The local variable counterType is never read
[maxjcompiler] ----------
[maxjcompiler] ----------
[maxjcompiler] 207. WARNING in /local/ssd/home/mattfel/transform_regression_tests_21-24/hyperdsl/spatial/regression_tests/dense/0_DotProduct/out/maxj/src/kernels/MaxJManager.maxj (at line 3)
[maxjcompiler] 	import com.maxeler.maxcompiler.v2.kernelcompiler.Kernel;
[maxjcompiler] 	       ^^^^^^^^^^^^^^^^^^^^^^^^^^^^^^^^^^^^^^^^^^^^^^^^
[maxjcompiler] The import com.maxeler.maxcompiler.v2.kernelcompiler.Kernel is never used
[maxjcompiler] ----------
[maxjcompiler] 208. WARNING in /local/ssd/home/mattfel/transform_regression_tests_21-24/hyperdsl/spatial/regression_tests/dense/0_DotProduct/out/maxj/src/kernels/MaxJManager.maxj (at line 4)
[maxjcompiler] 	import com.maxeler.maxcompiler.v2.managers.standard.Manager;
[maxjcompiler] 	       ^^^^^^^^^^^^^^^^^^^^^^^^^^^^^^^^^^^^^^^^^^^^^^^^^^^^
[maxjcompiler] The import com.maxeler.maxcompiler.v2.managers.standard.Manager is never used
[maxjcompiler] ----------
[maxjcompiler] 209. WARNING in /local/ssd/home/mattfel/transform_regression_tests_21-24/hyperdsl/spatial/regression_tests/dense/0_DotProduct/out/maxj/src/kernels/MaxJManager.maxj (at line 5)
[maxjcompiler] 	import com.maxeler.maxcompiler.v2.managers.standard.Manager.MemAccessPattern;
[maxjcompiler] 	       ^^^^^^^^^^^^^^^^^^^^^^^^^^^^^^^^^^^^^^^^^^^^^^^^^^^^^^^^^^^^^^^^^^^^^
[maxjcompiler] The import com.maxeler.maxcompiler.v2.managers.standard.Manager.MemAccessPattern is never used
[maxjcompiler] ----------
[maxjcompiler] 210. WARNING in /local/ssd/home/mattfel/transform_regression_tests_21-24/hyperdsl/spatial/regression_tests/dense/0_DotProduct/out/maxj/src/kernels/MaxJManager.maxj (at line 6)
[maxjcompiler] 	import com.maxeler.maxcompiler.v2.managers.standard.Manager.IOType;
[maxjcompiler] 	       ^^^^^^^^^^^^^^^^^^^^^^^^^^^^^^^^^^^^^^^^^^^^^^^^^^^^^^^^^^^
[maxjcompiler] The import com.maxeler.maxcompiler.v2.managers.standard.Manager.IOType is never used
[maxjcompiler] ----------
[maxjcompiler] 211. WARNING in /local/ssd/home/mattfel/transform_regression_tests_21-24/hyperdsl/spatial/regression_tests/dense/0_DotProduct/out/maxj/src/kernels/MaxJManager.maxj (at line 16)
[maxjcompiler] 	import com.maxeler.maxcompiler.v2.managers.custom.stdlib.MemoryControllerConfig;
[maxjcompiler] 	       ^^^^^^^^^^^^^^^^^^^^^^^^^^^^^^^^^^^^^^^^^^^^^^^^^^^^^^^^^^^^^^^^^^^^^^^^
[maxjcompiler] The import com.maxeler.maxcompiler.v2.managers.custom.stdlib.MemoryControllerConfig is never used
[maxjcompiler] ----------
[maxjcompiler] 212. WARNING in /local/ssd/home/mattfel/transform_regression_tests_21-24/hyperdsl/spatial/regression_tests/dense/0_DotProduct/out/maxj/src/kernels/MaxJManager.maxj (at line 18)
[maxjcompiler] 	import com.maxeler.maxcompiler.v2.kernelcompiler.KernelConfiguration.OptimizationOptions;
[maxjcompiler] 	       ^^^^^^^^^^^^^^^^^^^^^^^^^^^^^^^^^^^^^^^^^^^^^^^^^^^^^^^^^^^^^^^^^^^^^^^^^^^^^^^^^
[maxjcompiler] The import com.maxeler.maxcompiler.v2.kernelcompiler.KernelConfiguration.OptimizationOptions is never used
[maxjcompiler] ----------
[maxjcompiler] 213. WARNING in /local/ssd/home/mattfel/transform_regression_tests_21-24/hyperdsl/spatial/regression_tests/dense/0_DotProduct/out/maxj/src/kernels/MaxJManager.maxj (at line 19)
[maxjcompiler] 	import com.maxeler.maxcompiler.v2.kernelcompiler.KernelConfiguration.OptimizationOptions.OptimizationTechnique;
[maxjcompiler] 	       ^^^^^^^^^^^^^^^^^^^^^^^^^^^^^^^^^^^^^^^^^^^^^^^^^^^^^^^^^^^^^^^^^^^^^^^^^^^^^^^^^^^^^^^^^^^^^^^^^^^^^^^
[maxjcompiler] The import com.maxeler.maxcompiler.v2.kernelcompiler.KernelConfiguration.OptimizationOptions.OptimizationTechnique is never used
[maxjcompiler] ----------
[maxjcompiler] 214. WARNING in /local/ssd/home/mattfel/transform_regression_tests_21-24/hyperdsl/spatial/regression_tests/dense/0_DotProduct/out/maxj/src/kernels/MaxJManager.maxj (at line 23)
[maxjcompiler] 	private static final CPUTypes int8_t =    CPUTypes.INT8;
[maxjcompiler] 	                              ^^^^^^
[maxjcompiler] The field TopManager.int8_t is never read locally
[maxjcompiler] ----------
[maxjcompiler] 215. WARNING in /local/ssd/home/mattfel/transform_regression_tests_21-24/hyperdsl/spatial/regression_tests/dense/0_DotProduct/out/maxj/src/kernels/MaxJManager.maxj (at line 24)
[maxjcompiler] 	private static final CPUTypes int16_t =    CPUTypes.INT16;
[maxjcompiler] 	                              ^^^^^^^
[maxjcompiler] The field TopManager.int16_t is never read locally
[maxjcompiler] ----------
[maxjcompiler] 216. WARNING in /local/ssd/home/mattfel/transform_regression_tests_21-24/hyperdsl/spatial/regression_tests/dense/0_DotProduct/out/maxj/src/kernels/MaxJManager.maxj (at line 26)
[maxjcompiler] 	private static final CPUTypes int64_t =    CPUTypes.INT64;
[maxjcompiler] 	                              ^^^^^^^
[maxjcompiler] The field TopManager.int64_t is never read locally
[maxjcompiler] ----------
[maxjcompiler] 217. WARNING in /local/ssd/home/mattfel/transform_regression_tests_21-24/hyperdsl/spatial/regression_tests/dense/0_DotProduct/out/maxj/src/kernels/MaxJManager.maxj (at line 28)
[maxjcompiler] 	private static final CPUTypes uint16_t =    CPUTypes.UINT16;
[maxjcompiler] 	                              ^^^^^^^^
[maxjcompiler] The field TopManager.uint16_t is never read locally
[maxjcompiler] ----------
[maxjcompiler] 218. WARNING in /local/ssd/home/mattfel/transform_regression_tests_21-24/hyperdsl/spatial/regression_tests/dense/0_DotProduct/out/maxj/src/kernels/MaxJManager.maxj (at line 30)
[maxjcompiler] 	private static final CPUTypes uint64_t =    CPUTypes.UINT64;
[maxjcompiler] 	                              ^^^^^^^^
[maxjcompiler] The field TopManager.uint64_t is never read locally
[maxjcompiler] ----------
[maxjcompiler] 219. WARNING in /local/ssd/home/mattfel/transform_regression_tests_21-24/hyperdsl/spatial/regression_tests/dense/0_DotProduct/out/maxj/src/kernels/MaxJManager.maxj (at line 31)
[maxjcompiler] 	private static final CPUTypes FLOAT = CPUTypes.FLOAT;
[maxjcompiler] 	                              ^^^^^
[maxjcompiler] The field TopManager.FLOAT is never read locally
[maxjcompiler] ----------
[maxjcompiler] 220. WARNING in /local/ssd/home/mattfel/transform_regression_tests_21-24/hyperdsl/spatial/regression_tests/dense/0_DotProduct/out/maxj/src/kernels/MaxJManager.maxj (at line 32)
[maxjcompiler] 	private static final CPUTypes DOUBLE = CPUTypes.DOUBLE;
[maxjcompiler] 	                              ^^^^^^
[maxjcompiler] The field TopManager.DOUBLE is never read locally
[maxjcompiler] ----------
[maxjcompiler] ----------
[maxjcompiler] 221. WARNING in /local/ssd/home/mattfel/transform_regression_tests_21-24/hyperdsl/spatial/regression_tests/dense/0_DotProduct/out/maxj/src/kernels/TopKernelLib.maxj (at line 9)
[maxjcompiler] 	import com.maxeler.maxcompiler.v2.kernelcompiler.stdlib.core.Count.Params;
[maxjcompiler] 	       ^^^^^^^^^^^^^^^^^^^^^^^^^^^^^^^^^^^^^^^^^^^^^^^^^^^^^^^^^^^^^^^^^^
[maxjcompiler] The import com.maxeler.maxcompiler.v2.kernelcompiler.stdlib.core.Count.Params is never used
[maxjcompiler] ----------
[maxjcompiler] 222. WARNING in /local/ssd/home/mattfel/transform_regression_tests_21-24/hyperdsl/spatial/regression_tests/dense/0_DotProduct/out/maxj/src/kernels/TopKernelLib.maxj (at line 10)
[maxjcompiler] 	import com.maxeler.maxcompiler.v2.kernelcompiler.stdlib.memory.Memory;
[maxjcompiler] 	       ^^^^^^^^^^^^^^^^^^^^^^^^^^^^^^^^^^^^^^^^^^^^^^^^^^^^^^^^^^^^^^
[maxjcompiler] The import com.maxeler.maxcompiler.v2.kernelcompiler.stdlib.memory.Memory is never used
[maxjcompiler] ----------
[maxjcompiler] 223. WARNING in /local/ssd/home/mattfel/transform_regression_tests_21-24/hyperdsl/spatial/regression_tests/dense/0_DotProduct/out/maxj/src/kernels/TopKernelLib.maxj (at line 11)
[maxjcompiler] 	import com.maxeler.maxcompiler.v2.kernelcompiler.Kernel;
[maxjcompiler] 	       ^^^^^^^^^^^^^^^^^^^^^^^^^^^^^^^^^^^^^^^^^^^^^^^^
[maxjcompiler] The import com.maxeler.maxcompiler.v2.kernelcompiler.Kernel is never used
[maxjcompiler] ----------
[maxjcompiler] 224. WARNING in /local/ssd/home/mattfel/transform_regression_tests_21-24/hyperdsl/spatial/regression_tests/dense/0_DotProduct/out/maxj/src/kernels/TopKernelLib.maxj (at line 12)
[maxjcompiler] 	import com.maxeler.maxcompiler.v2.kernelcompiler.KernelParameters;
[maxjcompiler] 	       ^^^^^^^^^^^^^^^^^^^^^^^^^^^^^^^^^^^^^^^^^^^^^^^^^^^^^^^^^^
[maxjcompiler] The import com.maxeler.maxcompiler.v2.kernelcompiler.KernelParameters is never used
[maxjcompiler] ----------
[maxjcompiler] 225. WARNING in /local/ssd/home/mattfel/transform_regression_tests_21-24/hyperdsl/spatial/regression_tests/dense/0_DotProduct/out/maxj/src/kernels/TopKernelLib.maxj (at line 14)
[maxjcompiler] 	import com.maxeler.maxcompiler.v2.utils.MathUtils;
[maxjcompiler] 	       ^^^^^^^^^^^^^^^^^^^^^^^^^^^^^^^^^^^^^^^^^^
[maxjcompiler] The import com.maxeler.maxcompiler.v2.utils.MathUtils is never used
[maxjcompiler] ----------
[maxjcompiler] 226. WARNING in /local/ssd/home/mattfel/transform_regression_tests_21-24/hyperdsl/spatial/regression_tests/dense/0_DotProduct/out/maxj/src/kernels/TopKernelLib.maxj (at line 15)
[maxjcompiler] 	import com.maxeler.maxcompiler.v2.utils.Bits;
[maxjcompiler] 	       ^^^^^^^^^^^^^^^^^^^^^^^^^^^^^^^^^^^^^
[maxjcompiler] The import com.maxeler.maxcompiler.v2.utils.Bits is never used
[maxjcompiler] ----------
[maxjcompiler] 227. WARNING in /local/ssd/home/mattfel/transform_regression_tests_21-24/hyperdsl/spatial/regression_tests/dense/0_DotProduct/out/maxj/src/kernels/TopKernelLib.maxj (at line 17)
[maxjcompiler] 	import com.maxeler.maxcompiler.v2.kernelcompiler.stdlib.KernelMath;
[maxjcompiler] 	       ^^^^^^^^^^^^^^^^^^^^^^^^^^^^^^^^^^^^^^^^^^^^^^^^^^^^^^^^^^^
[maxjcompiler] The import com.maxeler.maxcompiler.v2.kernelcompiler.stdlib.KernelMath is never used
[maxjcompiler] ----------
[maxjcompiler] 228. WARNING in /local/ssd/home/mattfel/transform_regression_tests_21-24/hyperdsl/spatial/regression_tests/dense/0_DotProduct/out/maxj/src/kernels/TopKernelLib.maxj (at line 18)
[maxjcompiler] 	import com.maxeler.maxcompiler.v2.kernelcompiler.types.base.DFEType;
[maxjcompiler] 	       ^^^^^^^^^^^^^^^^^^^^^^^^^^^^^^^^^^^^^^^^^^^^^^^^^^^^^^^^^^^^
[maxjcompiler] The import com.maxeler.maxcompiler.v2.kernelcompiler.types.base.DFEType is never used
[maxjcompiler] ----------
[maxjcompiler] 229. WARNING in /local/ssd/home/mattfel/transform_regression_tests_21-24/hyperdsl/spatial/regression_tests/dense/0_DotProduct/out/maxj/src/kernels/TopKernelLib.maxj (at line 23)
[maxjcompiler] 	import com.maxeler.maxcompiler.v2.kernelcompiler.types.base.DFEType;
[maxjcompiler] 	       ^^^^^^^^^^^^^^^^^^^^^^^^^^^^^^^^^^^^^^^^^^^^^^^^^^^^^^^^^^^^
[maxjcompiler] The import com.maxeler.maxcompiler.v2.kernelcompiler.types.base.DFEType is never used
[maxjcompiler] ----------
[maxjcompiler] 230. WARNING in /local/ssd/home/mattfel/transform_regression_tests_21-24/hyperdsl/spatial/regression_tests/dense/0_DotProduct/out/maxj/src/kernels/TopKernelLib.maxj (at line 83)
[maxjcompiler] 	DFEVar Bit192 = constant.var( true );
[maxjcompiler] 	       ^^^^^^
[maxjcompiler] The local variable Bit192 is never read
[maxjcompiler] ----------
[maxjcompiler] 231. WARNING in /local/ssd/home/mattfel/transform_regression_tests_21-24/hyperdsl/spatial/regression_tests/dense/0_DotProduct/out/maxj/src/kernels/TopKernelLib.maxj (at line 101)
[maxjcompiler] 	DFEVar void1713_ctr_en = void1713_datapath_en;
[maxjcompiler] 	       ^^^^^^^^^^^^^^^
[maxjcompiler] The local variable void1713_ctr_en is never read
[maxjcompiler] ----------
[maxjcompiler] 232. WARNING in /local/ssd/home/mattfel/transform_regression_tests_21-24/hyperdsl/spatial/regression_tests/dense/0_DotProduct/out/maxj/src/kernels/TopKernelLib.maxj (at line 113)
[maxjcompiler] 	DFEVar metapipe1707_rst_en = metapipe1707_sm.getOutput("rst_en");
[maxjcompiler] 	       ^^^^^^^^^^^^^^^^^^^
[maxjcompiler] The local variable metapipe1707_rst_en is never read
[maxjcompiler] ----------
[maxjcompiler] 233. WARNING in /local/ssd/home/mattfel/transform_regression_tests_21-24/hyperdsl/spatial/regression_tests/dense/0_DotProduct/out/maxj/src/kernels/TopKernelLib.maxj (at line 120)
[maxjcompiler] 	DFEVar Counter1596_max_0 = FixedPoint1595;
[maxjcompiler] 	       ^^^^^^^^^^^^^^^^^
[maxjcompiler] The local variable Counter1596_max_0 is never read
[maxjcompiler] ----------
[maxjcompiler] 234. WARNING in /local/ssd/home/mattfel/transform_regression_tests_21-24/hyperdsl/spatial/regression_tests/dense/0_DotProduct/out/maxj/src/kernels/TopKernelLib.maxj (at line 121)
[maxjcompiler] 	DFEVar metapipe1707_datapath_en = metapipe1707_en;
[maxjcompiler] 	       ^^^^^^^^^^^^^^^^^^^^^^^^
[maxjcompiler] The local variable metapipe1707_datapath_en is never read
[maxjcompiler] ----------
[maxjcompiler] 235. WARNING in /local/ssd/home/mattfel/transform_regression_tests_21-24/hyperdsl/spatial/regression_tests/dense/0_DotProduct/out/maxj/src/kernels/TopKernelLib.maxj (at line 122)
[maxjcompiler] 	DFEVar metapipe1707_ctr_en = void1661_done;
[maxjcompiler] 	       ^^^^^^^^^^^^^^^^^^^
[maxjcompiler] The local variable metapipe1707_ctr_en is never read
[maxjcompiler] ----------
[maxjcompiler] 236. WARNING in /local/ssd/home/mattfel/transform_regression_tests_21-24/hyperdsl/spatial/regression_tests/dense/0_DotProduct/out/maxj/src/kernels/TopKernelLib.maxj (at line 127)
[maxjcompiler] 	OffsetExpr CounterChain1597_offset = stream.makeOffsetAutoLoop("CounterChain1597_offset");
[maxjcompiler] 	           ^^^^^^^^^^^^^^^^^^^^^^^
[maxjcompiler] The local variable CounterChain1597_offset is never read
[maxjcompiler] ----------
[maxjcompiler] 237. WARNING in /local/ssd/home/mattfel/transform_regression_tests_21-24/hyperdsl/spatial/regression_tests/dense/0_DotProduct/out/maxj/src/kernels/TopKernelLib.maxj (at line 131)
[maxjcompiler] 	DFEVar CounterChain1597_maxed = CounterChain1597.getOutput("saturated");
[maxjcompiler] 	       ^^^^^^^^^^^^^^^^^^^^^^
[maxjcompiler] The local variable CounterChain1597_maxed is never read
[maxjcompiler] ----------
[maxjcompiler] 238. WARNING in /local/ssd/home/mattfel/transform_regression_tests_21-24/hyperdsl/spatial/regression_tests/dense/0_DotProduct/out/maxj/src/kernels/TopKernelLib.maxj (at line 132)
[maxjcompiler] 	DFEVar CounterChain1597_done = stream.offset(CounterChain1597.getOutput("done"), -1);
[maxjcompiler] 	       ^^^^^^^^^^^^^^^^^^^^^
[maxjcompiler] The local variable CounterChain1597_done is never read
[maxjcompiler] ----------
[maxjcompiler] 239. WARNING in /local/ssd/home/mattfel/transform_regression_tests_21-24/hyperdsl/spatial/regression_tests/dense/0_DotProduct/out/maxj/src/kernels/TopKernelLib.maxj (at line 133)
[maxjcompiler] 	OffsetExpr CounterChain1597_additionalOffset = new OffsetExpr();
[maxjcompiler] 	           ^^^^^^^^^^^^^^^^^^^^^^^^^^^^^^^^^
[maxjcompiler] The local variable CounterChain1597_additionalOffset is never read
[maxjcompiler] ----------
[maxjcompiler] 240. WARNING in /local/ssd/home/mattfel/transform_regression_tests_21-24/hyperdsl/spatial/regression_tests/dense/0_DotProduct/out/maxj/src/kernels/TopKernelLib.maxj (at line 147)
[maxjcompiler] 	DblBufReg[] FixedPoint1252_chain = spatialUtils.getRegChain(
[maxjcompiler] 	            ^^^^^^^^^^^^^^^^^^^^
[maxjcompiler] The local variable FixedPoint1252_chain is never read
[maxjcompiler] ----------
[maxjcompiler] 241. WARNING in /local/ssd/home/mattfel/transform_regression_tests_21-24/hyperdsl/spatial/regression_tests/dense/0_DotProduct/out/maxj/src/kernels/TopKernelLib.maxj (at line 150)
[maxjcompiler] 	DblBufReg[] FixedPoint1253_chain = spatialUtils.getRegChain(
[maxjcompiler] 	            ^^^^^^^^^^^^^^^^^^^^
[maxjcompiler] The local variable FixedPoint1253_chain is never read
[maxjcompiler] ----------
[maxjcompiler] 242. WARNING in /local/ssd/home/mattfel/transform_regression_tests_21-24/hyperdsl/spatial/regression_tests/dense/0_DotProduct/out/maxj/src/kernels/TopKernelLib.maxj (at line 193)
[maxjcompiler] 	DFEVar void1616_ctr_en = void1616_datapath_en;
[maxjcompiler] 	       ^^^^^^^^^^^^^^^
[maxjcompiler] The local variable void1616_ctr_en is never read
[maxjcompiler] ----------
[maxjcompiler] 243. WARNING in /local/ssd/home/mattfel/transform_regression_tests_21-24/hyperdsl/spatial/regression_tests/dense/0_DotProduct/out/maxj/src/kernels/TopKernelLib.maxj (at line 197)
[maxjcompiler] 	MemoryCmdGenLib void1605 = new MemoryCmdGenLib(
[maxjcompiler] 	                ^^^^^^^^
[maxjcompiler] The local variable void1605 is never read
[maxjcompiler] ----------
[maxjcompiler] 244. WARNING in /local/ssd/home/mattfel/transform_regression_tests_21-24/hyperdsl/spatial/regression_tests/dense/0_DotProduct/out/maxj/src/kernels/TopKernelLib.maxj (at line 218)
[maxjcompiler] 	DFEVar Counter1606_max_0 = pipe1614_sm.getOutput("ctr_maxOut_0");
[maxjcompiler] 	       ^^^^^^^^^^^^^^^^^
[maxjcompiler] The local variable Counter1606_max_0 is never read
[maxjcompiler] ----------
[maxjcompiler] 245. WARNING in /local/ssd/home/mattfel/transform_regression_tests_21-24/hyperdsl/spatial/regression_tests/dense/0_DotProduct/out/maxj/src/kernels/TopKernelLib.maxj (at line 226)
[maxjcompiler] 	OffsetExpr CounterChain1607_offset = stream.makeOffsetAutoLoop("CounterChain1607_offset");
[maxjcompiler] 	           ^^^^^^^^^^^^^^^^^^^^^^^
[maxjcompiler] The local variable CounterChain1607_offset is never read
[maxjcompiler] ----------
[maxjcompiler] 246. WARNING in /local/ssd/home/mattfel/transform_regression_tests_21-24/hyperdsl/spatial/regression_tests/dense/0_DotProduct/out/maxj/src/kernels/TopKernelLib.maxj (at line 230)
[maxjcompiler] 	DFEVar CounterChain1607_maxed = CounterChain1607.getOutput("saturated");
[maxjcompiler] 	       ^^^^^^^^^^^^^^^^^^^^^^
[maxjcompiler] The local variable CounterChain1607_maxed is never read
[maxjcompiler] ----------
[maxjcompiler] 247. WARNING in /local/ssd/home/mattfel/transform_regression_tests_21-24/hyperdsl/spatial/regression_tests/dense/0_DotProduct/out/maxj/src/kernels/TopKernelLib.maxj (at line 232)
[maxjcompiler] 	OffsetExpr CounterChain1607_additionalOffset = new OffsetExpr();
[maxjcompiler] 	           ^^^^^^^^^^^^^^^^^^^^^^^^^^^^^^^^^
[maxjcompiler] The local variable CounterChain1607_additionalOffset is never read
[maxjcompiler] ----------
[maxjcompiler] 248. WARNING in /local/ssd/home/mattfel/transform_regression_tests_21-24/hyperdsl/spatial/regression_tests/dense/0_DotProduct/out/maxj/src/kernels/TopKernelLib.maxj (at line 241)
[maxjcompiler] 	DFEVar pipe1614_redLoop_done = constant.var(true); // Hack for new fold unrolling...
[maxjcompiler] 	       ^^^^^^^^^^^^^^^^^^^^^
[maxjcompiler] The local variable pipe1614_redLoop_done is never read
[maxjcompiler] ----------
[maxjcompiler] 249. WARNING in /local/ssd/home/mattfel/transform_regression_tests_21-24/hyperdsl/spatial/regression_tests/dense/0_DotProduct/out/maxj/src/kernels/TopKernelLib.maxj (at line 275)
[maxjcompiler] 	DFEVar void1629_ctr_en = void1629_datapath_en;
[maxjcompiler] 	       ^^^^^^^^^^^^^^^
[maxjcompiler] The local variable void1629_ctr_en is never read
[maxjcompiler] ----------
[maxjcompiler] 250. WARNING in /local/ssd/home/mattfel/transform_regression_tests_21-24/hyperdsl/spatial/regression_tests/dense/0_DotProduct/out/maxj/src/kernels/TopKernelLib.maxj (at line 279)
[maxjcompiler] 	MemoryCmdGenLib void1618 = new MemoryCmdGenLib(
[maxjcompiler] 	                ^^^^^^^^
[maxjcompiler] The local variable void1618 is never read
[maxjcompiler] ----------
[maxjcompiler] 251. WARNING in /local/ssd/home/mattfel/transform_regression_tests_21-24/hyperdsl/spatial/regression_tests/dense/0_DotProduct/out/maxj/src/kernels/TopKernelLib.maxj (at line 300)
[maxjcompiler] 	DFEVar Counter1619_max_0 = pipe1627_sm.getOutput("ctr_maxOut_0");
[maxjcompiler] 	       ^^^^^^^^^^^^^^^^^
[maxjcompiler] The local variable Counter1619_max_0 is never read
[maxjcompiler] ----------
[maxjcompiler] 252. WARNING in /local/ssd/home/mattfel/transform_regression_tests_21-24/hyperdsl/spatial/regression_tests/dense/0_DotProduct/out/maxj/src/kernels/TopKernelLib.maxj (at line 308)
[maxjcompiler] 	OffsetExpr CounterChain1620_offset = stream.makeOffsetAutoLoop("CounterChain1620_offset");
[maxjcompiler] 	           ^^^^^^^^^^^^^^^^^^^^^^^
[maxjcompiler] The local variable CounterChain1620_offset is never read
[maxjcompiler] ----------
[maxjcompiler] 253. WARNING in /local/ssd/home/mattfel/transform_regression_tests_21-24/hyperdsl/spatial/regression_tests/dense/0_DotProduct/out/maxj/src/kernels/TopKernelLib.maxj (at line 312)
[maxjcompiler] 	DFEVar CounterChain1620_maxed = CounterChain1620.getOutput("saturated");
[maxjcompiler] 	       ^^^^^^^^^^^^^^^^^^^^^^
[maxjcompiler] The local variable CounterChain1620_maxed is never read
[maxjcompiler] ----------
[maxjcompiler] 254. WARNING in /local/ssd/home/mattfel/transform_regression_tests_21-24/hyperdsl/spatial/regression_tests/dense/0_DotProduct/out/maxj/src/kernels/TopKernelLib.maxj (at line 314)
[maxjcompiler] 	OffsetExpr CounterChain1620_additionalOffset = new OffsetExpr();
[maxjcompiler] 	           ^^^^^^^^^^^^^^^^^^^^^^^^^^^^^^^^^
[maxjcompiler] The local variable CounterChain1620_additionalOffset is never read
[maxjcompiler] ----------
[maxjcompiler] 255. WARNING in /local/ssd/home/mattfel/transform_regression_tests_21-24/hyperdsl/spatial/regression_tests/dense/0_DotProduct/out/maxj/src/kernels/TopKernelLib.maxj (at line 323)
[maxjcompiler] 	DFEVar pipe1627_redLoop_done = constant.var(true); // Hack for new fold unrolling...
[maxjcompiler] 	       ^^^^^^^^^^^^^^^^^^^^^
[maxjcompiler] The local variable pipe1627_redLoop_done is never read
[maxjcompiler] ----------
[maxjcompiler] 256. WARNING in /local/ssd/home/mattfel/transform_regression_tests_21-24/hyperdsl/spatial/regression_tests/dense/0_DotProduct/out/maxj/src/kernels/TopKernelLib.maxj (at line 370)
[maxjcompiler] 	DFEVar void1644_ctr_en = void1644_datapath_en;
[maxjcompiler] 	       ^^^^^^^^^^^^^^^
[maxjcompiler] The local variable void1644_ctr_en is never read
[maxjcompiler] ----------
[maxjcompiler] 257. WARNING in /local/ssd/home/mattfel/transform_regression_tests_21-24/hyperdsl/spatial/regression_tests/dense/0_DotProduct/out/maxj/src/kernels/TopKernelLib.maxj (at line 374)
[maxjcompiler] 	MemoryCmdGenLib void1633 = new MemoryCmdGenLib(
[maxjcompiler] 	                ^^^^^^^^
[maxjcompiler] The local variable void1633 is never read
[maxjcompiler] ----------
[maxjcompiler] 258. WARNING in /local/ssd/home/mattfel/transform_regression_tests_21-24/hyperdsl/spatial/regression_tests/dense/0_DotProduct/out/maxj/src/kernels/TopKernelLib.maxj (at line 395)
[maxjcompiler] 	DFEVar Counter1634_max_0 = pipe1642_sm.getOutput("ctr_maxOut_0");
[maxjcompiler] 	       ^^^^^^^^^^^^^^^^^
[maxjcompiler] The local variable Counter1634_max_0 is never read
[maxjcompiler] ----------
[maxjcompiler] 259. WARNING in /local/ssd/home/mattfel/transform_regression_tests_21-24/hyperdsl/spatial/regression_tests/dense/0_DotProduct/out/maxj/src/kernels/TopKernelLib.maxj (at line 403)
[maxjcompiler] 	OffsetExpr CounterChain1635_offset = stream.makeOffsetAutoLoop("CounterChain1635_offset");
[maxjcompiler] 	           ^^^^^^^^^^^^^^^^^^^^^^^
[maxjcompiler] The local variable CounterChain1635_offset is never read
[maxjcompiler] ----------
[maxjcompiler] 260. WARNING in /local/ssd/home/mattfel/transform_regression_tests_21-24/hyperdsl/spatial/regression_tests/dense/0_DotProduct/out/maxj/src/kernels/TopKernelLib.maxj (at line 407)
[maxjcompiler] 	DFEVar CounterChain1635_maxed = CounterChain1635.getOutput("saturated");
[maxjcompiler] 	       ^^^^^^^^^^^^^^^^^^^^^^
[maxjcompiler] The local variable CounterChain1635_maxed is never read
[maxjcompiler] ----------
[maxjcompiler] 261. WARNING in /local/ssd/home/mattfel/transform_regression_tests_21-24/hyperdsl/spatial/regression_tests/dense/0_DotProduct/out/maxj/src/kernels/TopKernelLib.maxj (at line 409)
[maxjcompiler] 	OffsetExpr CounterChain1635_additionalOffset = new OffsetExpr();
[maxjcompiler] 	           ^^^^^^^^^^^^^^^^^^^^^^^^^^^^^^^^^
[maxjcompiler] The local variable CounterChain1635_additionalOffset is never read
[maxjcompiler] ----------
[maxjcompiler] 262. WARNING in /local/ssd/home/mattfel/transform_regression_tests_21-24/hyperdsl/spatial/regression_tests/dense/0_DotProduct/out/maxj/src/kernels/TopKernelLib.maxj (at line 418)
[maxjcompiler] 	DFEVar pipe1642_redLoop_done = constant.var(true); // Hack for new fold unrolling...
[maxjcompiler] 	       ^^^^^^^^^^^^^^^^^^^^^
[maxjcompiler] The local variable pipe1642_redLoop_done is never read
[maxjcompiler] ----------
[maxjcompiler] 263. WARNING in /local/ssd/home/mattfel/transform_regression_tests_21-24/hyperdsl/spatial/regression_tests/dense/0_DotProduct/out/maxj/src/kernels/TopKernelLib.maxj (at line 452)
[maxjcompiler] 	DFEVar void1657_ctr_en = void1657_datapath_en;
[maxjcompiler] 	       ^^^^^^^^^^^^^^^
[maxjcompiler] The local variable void1657_ctr_en is never read
[maxjcompiler] ----------
[maxjcompiler] 264. WARNING in /local/ssd/home/mattfel/transform_regression_tests_21-24/hyperdsl/spatial/regression_tests/dense/0_DotProduct/out/maxj/src/kernels/TopKernelLib.maxj (at line 456)
[maxjcompiler] 	MemoryCmdGenLib void1646 = new MemoryCmdGenLib(
[maxjcompiler] 	                ^^^^^^^^
[maxjcompiler] The local variable void1646 is never read
[maxjcompiler] ----------
[maxjcompiler] 265. WARNING in /local/ssd/home/mattfel/transform_regression_tests_21-24/hyperdsl/spatial/regression_tests/dense/0_DotProduct/out/maxj/src/kernels/TopKernelLib.maxj (at line 477)
[maxjcompiler] 	DFEVar Counter1647_max_0 = pipe1655_sm.getOutput("ctr_maxOut_0");
[maxjcompiler] 	       ^^^^^^^^^^^^^^^^^
[maxjcompiler] The local variable Counter1647_max_0 is never read
[maxjcompiler] ----------
[maxjcompiler] 266. WARNING in /local/ssd/home/mattfel/transform_regression_tests_21-24/hyperdsl/spatial/regression_tests/dense/0_DotProduct/out/maxj/src/kernels/TopKernelLib.maxj (at line 485)
[maxjcompiler] 	OffsetExpr CounterChain1648_offset = stream.makeOffsetAutoLoop("CounterChain1648_offset");
[maxjcompiler] 	           ^^^^^^^^^^^^^^^^^^^^^^^
[maxjcompiler] The local variable CounterChain1648_offset is never read
[maxjcompiler] ----------
[maxjcompiler] 267. WARNING in /local/ssd/home/mattfel/transform_regression_tests_21-24/hyperdsl/spatial/regression_tests/dense/0_DotProduct/out/maxj/src/kernels/TopKernelLib.maxj (at line 489)
[maxjcompiler] 	DFEVar CounterChain1648_maxed = CounterChain1648.getOutput("saturated");
[maxjcompiler] 	       ^^^^^^^^^^^^^^^^^^^^^^
[maxjcompiler] The local variable CounterChain1648_maxed is never read
[maxjcompiler] ----------
[maxjcompiler] 268. WARNING in /local/ssd/home/mattfel/transform_regression_tests_21-24/hyperdsl/spatial/regression_tests/dense/0_DotProduct/out/maxj/src/kernels/TopKernelLib.maxj (at line 491)
[maxjcompiler] 	OffsetExpr CounterChain1648_additionalOffset = new OffsetExpr();
[maxjcompiler] 	           ^^^^^^^^^^^^^^^^^^^^^^^^^^^^^^^^^
[maxjcompiler] The local variable CounterChain1648_additionalOffset is never read
[maxjcompiler] ----------
[maxjcompiler] 269. WARNING in /local/ssd/home/mattfel/transform_regression_tests_21-24/hyperdsl/spatial/regression_tests/dense/0_DotProduct/out/maxj/src/kernels/TopKernelLib.maxj (at line 500)
[maxjcompiler] 	DFEVar pipe1655_redLoop_done = constant.var(true); // Hack for new fold unrolling...
[maxjcompiler] 	       ^^^^^^^^^^^^^^^^^^^^^
[maxjcompiler] The local variable pipe1655_redLoop_done is never read
[maxjcompiler] ----------
[maxjcompiler] 270. WARNING in /local/ssd/home/mattfel/transform_regression_tests_21-24/hyperdsl/spatial/regression_tests/dense/0_DotProduct/out/maxj/src/kernels/TopKernelLib.maxj (at line 552)
[maxjcompiler] 	DFEVar pipe1681_ctr_en = pipe1681_datapath_en & pipe1681_redLoop_done;
[maxjcompiler] 	       ^^^^^^^^^^^^^^^
[maxjcompiler] The local variable pipe1681_ctr_en is never read
[maxjcompiler] ----------
[maxjcompiler] 271. WARNING in /local/ssd/home/mattfel/transform_regression_tests_21-24/hyperdsl/spatial/regression_tests/dense/0_DotProduct/out/maxj/src/kernels/TopKernelLib.maxj (at line 557)
[maxjcompiler] 	OffsetExpr CounterChain1666_offset = stream.makeOffsetAutoLoop("CounterChain1666_offset");
[maxjcompiler] 	           ^^^^^^^^^^^^^^^^^^^^^^^
[maxjcompiler] The local variable CounterChain1666_offset is never read
[maxjcompiler] ----------
[maxjcompiler] 272. WARNING in /local/ssd/home/mattfel/transform_regression_tests_21-24/hyperdsl/spatial/regression_tests/dense/0_DotProduct/out/maxj/src/kernels/TopKernelLib.maxj (at line 561)
[maxjcompiler] 	DFEVar CounterChain1666_maxed = CounterChain1666.getOutput("saturated");
[maxjcompiler] 	       ^^^^^^^^^^^^^^^^^^^^^^
[maxjcompiler] The local variable CounterChain1666_maxed is never read
[maxjcompiler] ----------
[maxjcompiler] 273. WARNING in /local/ssd/home/mattfel/transform_regression_tests_21-24/hyperdsl/spatial/regression_tests/dense/0_DotProduct/out/maxj/src/kernels/TopKernelLib.maxj (at line 563)
[maxjcompiler] 	OffsetExpr CounterChain1666_additionalOffset = new OffsetExpr();
[maxjcompiler] 	           ^^^^^^^^^^^^^^^^^^^^^^^^^^^^^^^^^
[maxjcompiler] The local variable CounterChain1666_additionalOffset is never read
[maxjcompiler] ----------
[maxjcompiler] 274. WARNING in /local/ssd/home/mattfel/transform_regression_tests_21-24/hyperdsl/spatial/regression_tests/dense/0_DotProduct/out/maxj/src/kernels/TopKernelLib.maxj (at line 626)
[maxjcompiler] 	DFEVar pipe1695_ctr_en = pipe1695_datapath_en & pipe1695_redLoop_done;
[maxjcompiler] 	       ^^^^^^^^^^^^^^^
[maxjcompiler] The local variable pipe1695_ctr_en is never read
[maxjcompiler] ----------
[maxjcompiler] 275. WARNING in /local/ssd/home/mattfel/transform_regression_tests_21-24/hyperdsl/spatial/regression_tests/dense/0_DotProduct/out/maxj/src/kernels/TopKernelLib.maxj (at line 631)
[maxjcompiler] 	OffsetExpr CounterChain1667_offset = stream.makeOffsetAutoLoop("CounterChain1667_offset");
[maxjcompiler] 	           ^^^^^^^^^^^^^^^^^^^^^^^
[maxjcompiler] The local variable CounterChain1667_offset is never read
[maxjcompiler] ----------
[maxjcompiler] 276. WARNING in /local/ssd/home/mattfel/transform_regression_tests_21-24/hyperdsl/spatial/regression_tests/dense/0_DotProduct/out/maxj/src/kernels/TopKernelLib.maxj (at line 635)
[maxjcompiler] 	DFEVar CounterChain1667_maxed = CounterChain1667.getOutput("saturated");
[maxjcompiler] 	       ^^^^^^^^^^^^^^^^^^^^^^
[maxjcompiler] The local variable CounterChain1667_maxed is never read
[maxjcompiler] ----------
[maxjcompiler] 277. WARNING in /local/ssd/home/mattfel/transform_regression_tests_21-24/hyperdsl/spatial/regression_tests/dense/0_DotProduct/out/maxj/src/kernels/TopKernelLib.maxj (at line 637)
[maxjcompiler] 	OffsetExpr CounterChain1667_additionalOffset = new OffsetExpr();
[maxjcompiler] 	           ^^^^^^^^^^^^^^^^^^^^^^^^^^^^^^^^^
[maxjcompiler] The local variable CounterChain1667_additionalOffset is never read
[maxjcompiler] ----------
[maxjcompiler] 278. WARNING in /local/ssd/home/mattfel/transform_regression_tests_21-24/hyperdsl/spatial/regression_tests/dense/0_DotProduct/out/maxj/src/kernels/TopKernelLib.maxj (at line 695)
[maxjcompiler] 	DFEVar void1705_ctr_en = void1705_datapath_en;
[maxjcompiler] 	       ^^^^^^^^^^^^^^^
[maxjcompiler] The local variable void1705_ctr_en is never read
[maxjcompiler] ----------
[maxjcompiler] 279. WARNING in /local/ssd/home/mattfel/transform_regression_tests_21-24/hyperdsl/spatial/regression_tests/dense/0_DotProduct/out/maxj/src/kernels/TopKernelLib.maxj (at line 704)
[maxjcompiler] 	DFEVar void1705_redLoop_done = void1705_redLoopCounter.getCount() === void1705_loopLengthVal-1;
[maxjcompiler] 	       ^^^^^^^^^^^^^^^^^^^^^
[maxjcompiler] The local variable void1705_redLoop_done is never read
[maxjcompiler] ----------
[maxjcompiler] 280. WARNING in /local/ssd/home/mattfel/transform_regression_tests_21-24/hyperdsl/spatial/regression_tests/dense/0_DotProduct/out/maxj/src/kernels/TopKernelLib.maxj (at line 740)
[maxjcompiler] 	DFEVar void1711_ctr_en = void1711_datapath_en;
[maxjcompiler] 	       ^^^^^^^^^^^^^^^
[maxjcompiler] The local variable void1711_ctr_en is never read
[maxjcompiler] ----------
[maxjcompiler] ----------
[maxjcompiler] 281. WARNING in /local/ssd/home/mattfel/transform_regression_tests_21-24/hyperdsl/spatial/regression_tests/dense/0_DotProduct/out/maxj/src/kernels/parallel_void1631.maxj (at line 42)
[maxjcompiler] 	DFEsmValueType counterType = dfeUInt(32);
[maxjcompiler] 	               ^^^^^^^^^^^
[maxjcompiler] The local variable counterType is never read
[maxjcompiler] ----------
[maxjcompiler] ----------
[maxjcompiler] 282. WARNING in /local/ssd/home/mattfel/transform_regression_tests_21-24/hyperdsl/spatial/regression_tests/dense/0_DotProduct/out/maxj/src/kernels/parallel_void1661.maxj (at line 42)
[maxjcompiler] 	DFEsmValueType counterType = dfeUInt(32);
[maxjcompiler] 	               ^^^^^^^^^^^
[maxjcompiler] The local variable counterType is never read
[maxjcompiler] ----------
[maxjcompiler] 282 problems (4 errors, 278 warnings)

BUILD FAILED
/local/ssd/home/mattfel/transform_regression_tests_21-24/hyperdsl/spatial/regression_tests/dense/0_DotProduct/out/build.xml:40: /local/ssd/home/mattfel/transform_regression_tests_21-24/hyperdsl/spatial/regression_tests/dense/0_DotProduct/out/build.xml:40: Compile failed; see the compiler error output for details.

Total time: 3 seconds
make: *** [bitstream-sim] Error 1
