Ignoring silly LD_PRELOAD  e r r o r
Ignoring silly LD_PRELOAD  e r r o r
Delite Application Being Staged:[TriangleCounting$]
******Generating the program******
Ignoring scattergather mutable sharing e r r o rs Sym(12), Sym(72)
at Sym(121)=Reflect(Gather(Sym(12),Sym(73),Sym(72),Sym(71),p12(1),Sym(120)),Summary(mayRead(Sym(12), Sym(73), Sym(72)), mstRead(Sym(12), Sym(73), Sym(72)), mayWrite(Sym(73)), mstWrite(Sym(73))),List(Sym(72), Sym(73), Sym(118)))
[[31merror[0m] /local/ssd/home/mattfel/transform_regression_tests_21-24/hyperdsl/spatial/published/Spatial/apps/src/TriangleCounting.scala:25: Invalid dimension 0 for DRAM vertList (Sym(706)). Dimensions for off-chip memories must be constants or input arguments.
Exception in thread "main" spatial.shared.ops.SpatialExceptionsCompilerOps$InvalidOffChipDimensionException: Error #20: Invalid dimension 0 for DRAM vertList (Sym(706)). Dimensions for off-chip memories must be constants or input arguments.
	at spatial.compiler.ops.OffChipAnalyzer$$anonfun$postprocess$6$$anonfun$1.apply(OffChipAnalyzer.scala:48)
	at spatial.compiler.ops.OffChipAnalyzer$$anonfun$postprocess$6$$anonfun$1.apply(OffChipAnalyzer.scala:45)
	at scala.collection.immutable.List.map(List.scala:272)
	at spatial.compiler.ops.OffChipAnalyzer$$anonfun$postprocess$6.apply(OffChipAnalyzer.scala:45)
	at spatial.compiler.ops.OffChipAnalyzer$$anonfun$postprocess$6.apply(OffChipAnalyzer.scala:44)
	at scala.collection.immutable.Set$Set2.foreach(Set.scala:111)
	at spatial.compiler.ops.OffChipAnalyzer$class.postprocess(OffChipAnalyzer.scala:44)
	at spatial.compiler.SpatialCompiler$$anon$32.postprocess(Spatial.scala:158)
	at scala.virtualization.lms.internal.Traversal$class.run(Traversal.scala:64)
	at spatial.compiler.SpatialCompiler$$anon$32.run(Spatial.scala:158)
	at ppl.delite.framework.codegen.delite.DeliteCodegen$$anonfun$runTraversals$2.apply(DeliteCodegen.scala:81)
	at ppl.delite.framework.codegen.delite.DeliteCodegen$$anonfun$runTraversals$2.apply(DeliteCodegen.scala:79)
	at scala.collection.immutable.List.foreach(List.scala:381)
	at ppl.delite.framework.codegen.delite.DeliteCodegen$class.runTraversals(DeliteCodegen.scala:79)
	at ppl.delite.framework.DeliteApplication$$anon$1.runTraversals(DeliteApplication.scala:60)
	at ppl.delite.framework.codegen.delite.DeliteCodegen$class.emitSource(DeliteCodegen.scala:92)
	at ppl.delite.framework.DeliteApplication$$anon$1.emitSource(DeliteApplication.scala:60)
	at scala.virtualization.lms.internal.GenericCodegen$class.emitSource(GenericCodegen.scala:169)
	at ppl.delite.framework.DeliteApplication$$anon$1.emitSource(DeliteApplication.scala:60)
	at ppl.delite.framework.DeliteApplication$class.emitRegisteredSource(DeliteApplication.scala:253)
	at spatial.compiler.SpatialApplicationCompiler.emitRegisteredSource(Spatial.scala:38)
	at ppl.delite.framework.DeliteApplication$class.main(DeliteApplication.scala:144)
	at spatial.compiler.SpatialApplicationCompiler.main(Spatial.scala:38)
	at TriangleCounting.main(TriangleCounting.scala)
[delite info 2016-10-09 21:41:38.045689]: Generating DEG file with options: {'enable_pir': True, 'verbose': False, 'no_fusion': False, 'cluster': False, 'debuglast': False, 'no_blas': False, 'no_multidimgpu': False, 'latency': False, 'xdebug': False, 'jar_app': False, 'opencl': False, 'build_dir': '/home/mattfel/transform_regression_tests_21-24/hyperdsl/spatial/published/Spatial', 'maxj': False, 'dump_exception': True, 'no_soa': False, 'strict_control': False, 'profile': False, 'enable_dse': True, 'debug': False, 'optimize': 0, 'long_int': False, 'xnocache': False, 'cuda': False, 'cpp': False, 'dot': False}
[delite error 2016-10-09 21:41:46.884240]: Delite compilation failed
Traceback (most recent call last):
  File "/home/mattfel/transform_regression_tests_21-24/hyperdsl/delite/bin/delite", line 205, in <module>
    main()
  File "/home/mattfel/transform_regression_tests_21-24/hyperdsl/delite/bin/delite", line 49, in main
    run(args[0], args[1:len(args)], opts)
  File "/home/mattfel/transform_regression_tests_21-24/hyperdsl/delite/bin/delite", line 101, in run
    build_dir = parseBuildDir(deg)
  File "/home/mattfel/transform_regression_tests_21-24/hyperdsl/delite/bin/delite", line 56, in parseBuildDir
    head = [f.next() for x in xrange(4)]
StopIteration
Parsing log
Running Spatial with arguments: 
