Ignoring silly LD_PRELOAD  e r r o r
Ignoring silly LD_PRELOAD  e r r o r
Delite Application Being Staged:[BlockReduce1D$]
******Generating the program******
Loaded RoutingLUTs model from file
Loaded FanoutRegisters model from file
Loaded UnavailableALMs model from file
Resource Estimate Breakdown: 
-----------------------------
Estimated unavailable ALMs: 625
LUT3: 24615
LUT4: 11453
LUT5: 12516
LUT6: 9871
LUT7: 478
Estimated routing luts: 23031
Logic+register ALMs: 51214
Register-only ALMS:  0
Recovered ALMs:      37072
MEM64: 4619
MEM32: 519
MEM16: 559
Design registers: 81704
Memory registers: 0
Fanout registers: 3871
Design BRAMs: 340
Fanout BRAMs: 0

Resource Estimate Summary: 
---------------------------
ALMs: 51214 / 262400 (19.52%)
Regs: 85575
DSPs: 0 / 1963 (0.00%)
BRAM: 340 / 2567 (13.25%)

Loaded TileLoadModel model from file
Estimated cycles: 43758
Estimated runtime (at 150.00MHz): 0.00029172s
Instruction statistics:
  Instructions: 869 (0.000 GI)
  FLOPs: 0 (0.000 GFLOPs)
  On-chip loads: 12288 bits (0.000 GB)
  On-chip stores: 6144 bits (0.000 GB)
  Off-chip loads: 3072 bits (0.000 GB)
  Off-chip stores: 3072 bits (0.000 GB)
--
  Total on-chip transfers: 0.000 GB
  Total off-chip transfers: 0.000 GB

Performance statistics (based on estimated runtime):
  Instructions: 0.003 GIPS
  Floating point: 0.000 GFLOPS
  On-chip load bandwidth: 0.005 GB/s
  On-chip store bandwidth: 0.002 GB/s
  Off-chip load bandwidth: 0.001 GB/s
  Off-chip store bandwidth: 0.001 GB/s
--
  Total on-chip bandwidth: 0.007 GB/s
  Total off-chip bandwidth: 0.002 GB/s
 Reduction pipe1290 unroll Sym(1075) Vector_from_list(List(Sym(1073)))
 Reduction pipe1290 unroll Sym(1279) Par_bram_load(Sym(1266),Sym(1075))
 Reduction pipe1290 unroll Sym(1280) Par_bram_load(Sym(1046),Sym(1075))
 Reduction pipe1290 unroll Sym(1281) Vec_apply(Sym(1280),0)
 Reduction pipe1290 unroll Sym(1282) Vec_apply(Sym(1279),0)
 Reduction pipe1290 unroll Sym(1074) FixPt_Lt(Sym(1073),Sym(54))
 Reduction pipe1290 unroll Sym(1283) FixPt_Lt(Sym(1054),Sym(1261))
 Reduction pipe1290 unroll Sym(1284) Bit_And(Sym(1283),Sym(1074))
 Reduction pipe1290 unroll Sym(1285) Mux2(Sym(1284),Sym(1282),Sym(49))
 Reduction pipe1290 unroll Sym(1286) FixPt_Add(Sym(1285),Sym(1281))
 Reduction pipe1290 unroll Sym(1287) Vector_from_list(List(Sym(1286)))
 Reduction pipe1290 unroll Sym(1288) Par_bram_store(Sym(1046),Sym(1075),Sym(1287))
 Reduction pipe1290 unroll Sym(1289) Reify(Const(()),Summary(mayRead(Sym(1266), Sym(1046)), mstRead(Sym(1266), Sym(1046)), mayWrite(Sym(1046)), mstWrite(Sym(1046))),List(Sym(1279), Sym(1280), Sym(1288)))
[getFileStream] Created file /home/mattfel/transform_regression_tests_21-24/hyperdsl/spatial/published/Spatial/generated/BlockReduce1D//maxj/kernels//TopKernelLib.maxj
[emitAnyNode] s = x49, tpestr = FixedPoint[Signed,B32,B0]
[emitAnyNode] s = x49, tpestr = int32_t 
[emitAnyNode] s = x49, tpestr = spatial.compiler.ops.FixedPoint[spatial.shared.Signed, spatial.shared.B32, spatial.shared.B0]
[emitAnyNode] kernelName = x49, node = ConstFixPt, supportedTargets = ListBuffer(scala, cpp, maxj)
[emitAnyNode] s = x1217, tpestr = Array[FixedPoint[Signed,B32,B0]]
[emitAnyNode] s = x1217, tpestr = int32_t  *
[emitAnyNode] s = x1217, tpestr = spatial.compiler.ops.Register[spatial.compiler.ops.FixedPoint[spatial.shared.Signed, spatial.shared.B32, spatial.shared.B0]]
[emitAnyNode] kernelName = x1217, node = Argin_new, supportedTargets = ListBuffer(scala, cpp, maxj)
[emitAnyNode] s = x1, tpestr = java.lang.String
[emitAnyNode] s = x1, tpestr = string 
[emitAnyNode] s = x1, tpestr = java.lang.String
[30m[43mmaxj: don't know how to generate code for: ArrayApply(Sym(0),Const(0))[0m
[emitAnyNode] kernelName = x1, node = ArrayApply, supportedTargets = ListBuffer(scala, cpp, maxj)
[emitAnyNode] s = x2, tpestr = FixedPoint[Signed,B32,B0]
[emitAnyNode] s = x2, tpestr = int32_t 
[emitAnyNode] s = x2, tpestr = spatial.compiler.ops.FixedPoint[spatial.shared.Signed, spatial.shared.B32, spatial.shared.B0]
[30m[43mmaxj: don't know how to generate code for: Tpes_String_to_fixpt(Sym(1))[0m
[emitAnyNode] kernelName = x2, node = Tpes_String_to_fixpt, supportedTargets = ListBuffer(scala, cpp, maxj)
[emitAnyNode] s = x1218, tpestr = Unit
[emitAnyNode] s = x1218, tpestr = void 
[emitAnyNode] s = x1218, tpestr = Unit
[emitAnyNode] kernelName = x1218, node = Set_arg, supportedTargets = ListBuffer(scala, cpp, maxj)
[emitAnyNode] s = x1219, tpestr = FixedPoint[Signed,B32,B0]
[emitAnyNode] s = x1219, tpestr = int32_t 
[emitAnyNode] s = x1219, tpestr = spatial.compiler.ops.FixedPoint[spatial.shared.Signed, spatial.shared.B32, spatial.shared.B0]
[emitAnyNode] kernelName = x1219, node = Reg_read, supportedTargets = ListBuffer(scala, cpp, maxj)
[emitAnyNode] s = x1220, tpestr = Array[FixedPoint[Signed,B32,B0]]
[emitAnyNode] s = x1220, tpestr = maxjLmem *
[emitAnyNode] s = x1220, tpestr = spatial.compiler.ops.DRAM[spatial.compiler.ops.FixedPoint[spatial.shared.Signed, spatial.shared.B32, spatial.shared.B0]]
[emitAnyNode] kernelName = x1220, node = Offchip_new, supportedTargets = ListBuffer(scala, cpp, maxj)
[emitAnyNode] s = x54, tpestr = FixedPoint[Signed,B32,B0]
[emitAnyNode] s = x54, tpestr = int32_t 
[emitAnyNode] s = x54, tpestr = spatial.compiler.ops.FixedPoint[spatial.shared.Signed, spatial.shared.B32, spatial.shared.B0]
[emitAnyNode] kernelName = x54, node = ConstFixPt, supportedTargets = ListBuffer(scala, cpp, maxj)
[emitAnyNode] s = x1221, tpestr = Array[FixedPoint[Signed,B32,B0]]
[emitAnyNode] s = x1221, tpestr = maxjLmem *
[emitAnyNode] s = x1221, tpestr = spatial.compiler.ops.DRAM[spatial.compiler.ops.FixedPoint[spatial.shared.Signed, spatial.shared.B32, spatial.shared.B0]]
[emitAnyNode] kernelName = x1221, node = Offchip_new, supportedTargets = ListBuffer(scala, cpp, maxj)
[emitAnyNode] s = x3, tpestr = Int
[emitAnyNode] s = x3, tpestr = int32_t 
[emitAnyNode] s = x3, tpestr = Int
[30m[43mmaxj: don't know how to generate code for: Tpes_Fix_to_int(Sym(2))[0m
[emitAnyNode] kernelName = x3, node = Tpes_Fix_to_int, supportedTargets = ListBuffer(scala, cpp, maxj)
[emitAnyNode] s = x1258, tpestr = Array[FixedPoint[Signed,B32,B0]]
[emitAnyNode] s = x1258, tpestr = cppDeliteArrayint32_t *
[emitAnyNode] s = x1258, tpestr = ppl.delite.framework.datastructures.DeliteArray[spatial.compiler.ops.FixedPoint[spatial.shared.Signed, spatial.shared.B32, spatial.shared.B0]]
[30m[43mmaxj: don't know how to generate code for: DeliteArrayNew(Sym(8),spatial.compiler.ops.FixedPoint[BlockReduce1D$@690e1883.type#spatial.shared.SpatialIdentifiers$Signed, BlockReduce1D$@690e1883.type#spatial.shared.SpatialIdentifiers$B32, BlockReduce1D$@690e1883.type#spatial.shared.SpatialIdentifiers$B0],PartitionTag(DeliteArray,false))[0m
[30m[43mmaxj: don't know how to generate code for: DeliteArrayUpdate(Sym(6),Sym(4),Sym(7))[0m
[emitAnyNode] kernelName = x1258, node = SimpleFatLoop, supportedTargets = ListBuffer(scala, cpp, maxj)
[emitAnyNode] s = x1259, tpestr = Unit
[emitAnyNode] s = x1259, tpestr = void 
[emitAnyNode] s = x1259, tpestr = Unit
[emitAnyNode] kernelName = x1259, node = Set_mem, supportedTargets = ListBuffer(scala, cpp, maxj)
[emitAnyNode] s = x62, tpestr = FixedPoint[Signed,B32,B0]
[emitAnyNode] s = x62, tpestr = int32_t 
[emitAnyNode] s = x62, tpestr = spatial.compiler.ops.FixedPoint[spatial.shared.Signed, spatial.shared.B32, spatial.shared.B0]
[emitAnyNode] kernelName = x62, node = ConstFixPt, supportedTargets = ListBuffer(scala, cpp, maxj)
[emitAnyNode] s = x71, tpestr = FixedPoint[Signed,B32,B0]
[emitAnyNode] s = x71, tpestr = int32_t 
[emitAnyNode] s = x71, tpestr = spatial.compiler.ops.FixedPoint[spatial.shared.Signed, spatial.shared.B32, spatial.shared.B0]
[emitAnyNode] kernelName = x71, node = ConstFixPt, supportedTargets = ListBuffer(scala, cpp, maxj)
[emitAnyNode] s = x1306, tpestr = Unit
[emitAnyNode] s = x1306, tpestr = void 
[emitAnyNode] s = x1306, tpestr = Unit
[30m[43mmaxj: don't know how to generate code for: ArrayApply(Sym(0),Const(0))[0m
[30m[43mmaxj: don't know how to generate code for: Tpes_String_to_fixpt(Sym(1))[0m
[emitAnyNode] kernelName = x1306, node = Hwblock, supportedTargets = ListBuffer(scala, cpp, maxj)
[emitAnyNode] s = x118, tpestr = Int
[emitAnyNode] s = x118, tpestr = int32_t 
[emitAnyNode] s = x118, tpestr = Int
[30m[43mmaxj: don't know how to generate code for: Tpes_Fix_to_int(Sym(54))[0m
[emitAnyNode] kernelName = x118, node = Tpes_Fix_to_int, supportedTargets = ListBuffer(scala, cpp, maxj)
[emitAnyNode] s = x1307, tpestr = Array[FixedPoint[Signed,B32,B0]]
[emitAnyNode] s = x1307, tpestr = cppDeliteArrayint32_t *
[emitAnyNode] s = x1307, tpestr = ppl.delite.framework.datastructures.DeliteArray[spatial.compiler.ops.FixedPoint[spatial.shared.Signed, spatial.shared.B32, spatial.shared.B0]]
[30m[43mmaxj: don't know how to generate code for: DeliteArrayNew(Sym(118),spatial.compiler.ops.FixedPoint[BlockReduce1D$@690e1883.type#spatial.shared.SpatialIdentifiers$Signed, BlockReduce1D$@690e1883.type#spatial.shared.SpatialIdentifiers$B32, BlockReduce1D$@690e1883.type#spatial.shared.SpatialIdentifiers$B0],PartitionTag(DeliteArray,false))[0m
[emitAnyNode] kernelName = x1307, node = DeliteArrayNew, supportedTargets = ListBuffer(scala, cpp, maxj)
[emitAnyNode] s = x1308, tpestr = Unit
[emitAnyNode] s = x1308, tpestr = void 
[emitAnyNode] s = x1308, tpestr = Unit
[emitAnyNode] kernelName = x1308, node = Get_mem, supportedTargets = ListBuffer(scala, cpp, maxj)
[emitAnyNode] s = x1309, tpestr = Unit
[emitAnyNode] s = x1309, tpestr = void 
[emitAnyNode] s = x1309, tpestr = Unit
[emitAnyNode] kernelName = x1309, node = Nosynth1_Println, supportedTargets = ListBuffer(scala, cpp, maxj)
[emitAnyNode] s = x175, tpestr = FixedPoint[Signed,B32,B0]
[emitAnyNode] s = x175, tpestr = int32_t 
[emitAnyNode] s = x175, tpestr = spatial.compiler.ops.FixedPoint[spatial.shared.Signed, spatial.shared.B32, spatial.shared.B0]
[emitAnyNode] kernelName = x175, node = Tpes_Int_to_fix, supportedTargets = ListBuffer(scala, cpp, maxj)
[emitAnyNode] s = x121, tpestr = FixedPoint[Signed,B32,B0]
[emitAnyNode] s = x121, tpestr = int32_t 
[emitAnyNode] s = x121, tpestr = spatial.compiler.ops.FixedPoint[spatial.shared.Signed, spatial.shared.B32, spatial.shared.B0]
[emitAnyNode] kernelName = x121, node = FixPt_Div, supportedTargets = ListBuffer(scala, cpp, maxj)
[emitAnyNode] s = x122, tpestr = FixedPoint[Signed,B32,B0]
[emitAnyNode] s = x122, tpestr = int32_t 
[emitAnyNode] s = x122, tpestr = spatial.compiler.ops.FixedPoint[spatial.shared.Signed, spatial.shared.B32, spatial.shared.B0]
[emitAnyNode] kernelName = x122, node = FixPt_Sub, supportedTargets = ListBuffer(scala, cpp, maxj)
[emitAnyNode] s = x123, tpestr = FixedPoint[Signed,B32,B0]
[emitAnyNode] s = x123, tpestr = int32_t 
[emitAnyNode] s = x123, tpestr = spatial.compiler.ops.FixedPoint[spatial.shared.Signed, spatial.shared.B32, spatial.shared.B0]
[emitAnyNode] kernelName = x123, node = FixPt_Mul, supportedTargets = ListBuffer(scala, cpp, maxj)
[emitAnyNode] s = x124, tpestr = FixedPoint[Signed,B32,B0]
[emitAnyNode] s = x124, tpestr = int32_t 
[emitAnyNode] s = x124, tpestr = spatial.compiler.ops.FixedPoint[spatial.shared.Signed, spatial.shared.B32, spatial.shared.B0]
[emitAnyNode] kernelName = x124, node = ConstFixPt, supportedTargets = ListBuffer(scala, cpp, maxj)
[emitAnyNode] s = x125, tpestr = FixedPoint[Signed,B32,B0]
[emitAnyNode] s = x125, tpestr = int32_t 
[emitAnyNode] s = x125, tpestr = spatial.compiler.ops.FixedPoint[spatial.shared.Signed, spatial.shared.B32, spatial.shared.B0]
[emitAnyNode] kernelName = x125, node = FixPt_Div, supportedTargets = ListBuffer(scala, cpp, maxj)
[emitAnyNode] s = x126, tpestr = FixedPoint[Signed,B32,B0]
[emitAnyNode] s = x126, tpestr = int32_t 
[emitAnyNode] s = x126, tpestr = spatial.compiler.ops.FixedPoint[spatial.shared.Signed, spatial.shared.B32, spatial.shared.B0]
[emitAnyNode] kernelName = x126, node = FixPt_Mul, supportedTargets = ListBuffer(scala, cpp, maxj)
[emitAnyNode] s = x1346, tpestr = Array[FixedPoint[Signed,B32,B0]]
[emitAnyNode] s = x1346, tpestr = cppDeliteArrayint32_t *
[emitAnyNode] s = x1346, tpestr = ppl.delite.framework.datastructures.DeliteArray[spatial.compiler.ops.FixedPoint[spatial.shared.Signed, spatial.shared.B32, spatial.shared.B0]]
[30m[43mmaxj: don't know how to generate code for: DeliteArrayNew(Sym(133),spatial.compiler.ops.FixedPoint[BlockReduce1D$@690e1883.type#spatial.shared.SpatialIdentifiers$Signed, BlockReduce1D$@690e1883.type#spatial.shared.SpatialIdentifiers$B32, BlockReduce1D$@690e1883.type#spatial.shared.SpatialIdentifiers$B0],PartitionTag(DeliteArray,false))[0m
[30m[43mmaxj: don't know how to generate code for: DeliteArrayUpdate(Sym(131),Sym(127),Sym(132))[0m
[emitAnyNode] kernelName = x1346, node = SimpleFatLoop, supportedTargets = ListBuffer(scala, cpp, maxj)
[emitAnyNode] s = x1351, tpestr = Unit
[emitAnyNode] s = x1351, tpestr = void 
[emitAnyNode] s = x1351, tpestr = Unit
[30m[43mmaxj: don't know how to generate code for: Forloop(Sym(49),Sym(175),Sym(62),Block(Sym(1350)),Sym(177))[0m
[emitAnyNode] kernelName = x1351, node = Forloop, supportedTargets = ListBuffer(scala, cpp, maxj)
[emitAnyNode] s = x1352, tpestr = Unit
[emitAnyNode] s = x1352, tpestr = void 
[emitAnyNode] s = x1352, tpestr = Unit
[emitAnyNode] kernelName = x1352, node = Nosynth1_Println, supportedTargets = ListBuffer(scala, cpp, maxj)
[emitAnyNode] s = x1353, tpestr = Unit
[emitAnyNode] s = x1353, tpestr = void 
[emitAnyNode] s = x1353, tpestr = Unit
[emitAnyNode] kernelName = x1353, node = Nosynth1_Println, supportedTargets = ListBuffer(scala, cpp, maxj)
[emitAnyNode] s = x1354, tpestr = Int
[emitAnyNode] s = x1354, tpestr = int32_t 
[emitAnyNode] s = x1354, tpestr = Int
[30m[43mmaxj: don't know how to generate code for: DeliteArrayLength(Sym(1307))[0m
[emitAnyNode] kernelName = x1354, node = DeliteArrayLength, supportedTargets = ListBuffer(scala, cpp, maxj)
[emitAnyNode] s = x1355, tpestr = FixedPoint[Signed,B32,B0]
[emitAnyNode] s = x1355, tpestr = int32_t 
[emitAnyNode] s = x1355, tpestr = spatial.compiler.ops.FixedPoint[spatial.shared.Signed, spatial.shared.B32, spatial.shared.B0]
[emitAnyNode] kernelName = x1355, node = Tpes_Int_to_fix, supportedTargets = ListBuffer(scala, cpp, maxj)
[emitAnyNode] s = x1360, tpestr = Unit
[emitAnyNode] s = x1360, tpestr = void 
[emitAnyNode] s = x1360, tpestr = Unit
[30m[43mmaxj: don't know how to generate code for: Forloop(Sym(49),Sym(1355),Sym(62),Block(Sym(1359)),Sym(189))[0m
[emitAnyNode] kernelName = x1360, node = Forloop, supportedTargets = ListBuffer(scala, cpp, maxj)
[emitAnyNode] s = x1361, tpestr = Unit
[emitAnyNode] s = x1361, tpestr = void 
[emitAnyNode] s = x1361, tpestr = Unit
[emitAnyNode] kernelName = x1361, node = Nosynth1_Println, supportedTargets = ListBuffer(scala, cpp, maxj)
[emitAnyNode] s = x1402, tpestr = Array[Boolean]
[emitAnyNode] s = x1402, tpestr = cppDeliteArraybool *
[emitAnyNode] s = x1402, tpestr = ppl.delite.framework.datastructures.DeliteArray[spatial.compiler.ops.SpatialBit]
[30m[43mmaxj: don't know how to generate code for: DeliteArrayNew(Sym(204),spatial.compiler.ops.SpatialBit,PartitionTag(DeliteArray,false))[0m
[30m[43mmaxj: don't know how to generate code for: DeliteArrayApply(Sym(1307),Sym(197))[0m
[30m[43mmaxj: don't know how to generate code for: DeliteArrayApply(Sym(1346),Sym(197))[0m
[30m[43mmaxj: don't know how to generate code for: DeliteArrayUpdate(Sym(202),Sym(197),Sym(203))[0m
[emitAnyNode] kernelName = x1402, node = SimpleFatLoop, supportedTargets = ListBuffer(scala, cpp, maxj)
[emitAnyNode] s = x1403, tpestr = Int
[emitAnyNode] s = x1403, tpestr = int32_t 
[emitAnyNode] s = x1403, tpestr = Int
[30m[43mmaxj: don't know how to generate code for: DeliteArrayLength(Sym(1402))[0m
[emitAnyNode] kernelName = x1403, node = DeliteArrayLength, supportedTargets = ListBuffer(scala, cpp, maxj)
[emitAnyNode] s = x245, tpestr = Boolean
[emitAnyNode] s = x245, tpestr = bool 
[emitAnyNode] s = x245, tpestr = spatial.compiler.ops.SpatialBit
[emitAnyNode] kernelName = x245, node = ConstBit, supportedTargets = ListBuffer(scala, cpp, maxj)
[emitAnyNode] s = x1408, tpestr = Boolean
[emitAnyNode] s = x1408, tpestr = bool 
[emitAnyNode] s = x1408, tpestr = spatial.compiler.ops.SpatialBit
[30m[43mmaxj: don't know how to generate code for: DeliteArrayApply(Sym(1402),Sym(247))[0m
[30m[43mmaxj: don't know how to generate code for: DeliteArrayApply(Sym(1402),Sym(247))[0m
[emitAnyNode] kernelName = x1408, node = SimpleFatLoop, supportedTargets = ListBuffer(scala, cpp, maxj)
[emitAnyNode] s = x1409, tpestr = java.lang.String
[emitAnyNode] s = x1409, tpestr = string 
[emitAnyNode] s = x1409, tpestr = java.lang.String
[30m[43mmaxj: don't know how to generate code for: FString_Forge_string_plus(Const(PASS: ),Sym(1408))[0m
[emitAnyNode] kernelName = x1409, node = FString_Forge_string_plus, supportedTargets = ListBuffer(scala, cpp, maxj)
[emitAnyNode] s = x1410, tpestr = java.lang.String
[emitAnyNode] s = x1410, tpestr = string 
[emitAnyNode] s = x1410, tpestr = java.lang.String
[30m[43mmaxj: don't know how to generate code for: FString_Forge_string_plus(Sym(1409),Const( (BlockReduce1D)))[0m
[emitAnyNode] kernelName = x1410, node = FString_Forge_string_plus, supportedTargets = ListBuffer(scala, cpp, maxj)
[emitAnyNode] s = x1411, tpestr = Unit
[emitAnyNode] s = x1411, tpestr = void 
[emitAnyNode] s = x1411, tpestr = Unit
[emitAnyNode] kernelName = x1411, node = Nosynth1_Println, supportedTargets = ListBuffer(scala, cpp, maxj)
[delite info 2016-10-09 21:41:48.524205]: Generating DEG file with options: {'enable_pir': True, 'verbose': False, 'no_fusion': False, 'cluster': False, 'debuglast': False, 'no_blas': False, 'no_multidimgpu': False, 'latency': False, 'xdebug': False, 'jar_app': False, 'opencl': False, 'build_dir': '/home/mattfel/transform_regression_tests_21-24/hyperdsl/spatial/published/Spatial', 'maxj': False, 'dump_exception': True, 'no_soa': False, 'strict_control': False, 'profile': False, 'enable_dse': True, 'debug': False, 'optimize': 0, 'long_int': False, 'xnocache': False, 'cuda': False, 'cpp': False, 'dot': False}
Ignoring silly LD_PRELOAD  e r r o r
Ignoring silly LD_PRELOAD  e r r o r
numMaxJ = 1
scheduler = dynamic
[MaxJExecutableGenerator::makeNestedFunction() Cannot generate 'Free_x1')
[MaxJExecutableGenerator::makeNestedFunction() Cannot generate 'Free_x2')
[MaxJExecutableGenerator::makeNestedFunction() Cannot generate 'Free_x1219')
[MaxJExecutableGenerator::makeNestedFunction() Cannot generate 'Free_x1220')
[MaxJExecutableGenerator::makeNestedFunction() Cannot generate 'Free_x1258')
[MaxJExecutableGenerator::makeNestedFunction() Cannot generate 'Free_x1259')
[MaxJExecutableGenerator::makeNestedFunction() Cannot generate 'Free_x71')
[MaxJExecutableGenerator::makeNestedFunction() Cannot generate 'Free_x1306')
[MaxJExecutableGenerator::makeNestedFunction() Cannot generate 'Free_x1308')
[MaxJExecutableGenerator::makeNestedFunction() Cannot generate 'Free_x121')
[MaxJExecutableGenerator::makeNestedFunction() Cannot generate 'Free_x123')
[MaxJExecutableGenerator::makeNestedFunction() Cannot generate 'Free_x125')
[MaxJExecutableGenerator::makeNestedFunction() Cannot generate 'Free_x126')
[MaxJExecutableGenerator::makeNestedFunction() Cannot generate 'Free_x1346')
[MaxJExecutableGenerator::makeNestedFunction() Cannot generate 'Free_x1351')
[MaxJExecutableGenerator::makeNestedFunction() Cannot generate 'Free_x1360')
[MaxJExecutableGenerator::makeNestedFunction() Cannot generate 'Free_x1402')
[MaxJExecutableGenerator::makeNestedFunction() Cannot generate 'Free_x1408')
[MaxJExecutableGenerator::makeNestedFunction() Cannot generate 'Free_x1409')
[MaxJExecutableGenerator::makeNestedFunction() Cannot generate 'Free_x1410')
[MaxJExecutableGenerator::makeNestedFunction() Cannot generate 'Free_x1411')
[delite info 2016-10-09 21:42:05.372673]: executing application: BlockReduce1D.deg 
Parsing log
Running Spatial with arguments: 
/opt/maxcompiler/bin/maxcompilersim -n Top$(md5sum ./maxj/src/kernels/TopKernelLib.maxj | cut -c1-5 | sed 's/1/z/g' | sed 's/2/y/g' | sed 's/3/q/g' | sed 's/4/r/g' | sed 's/5/s/g' | sed 's/6/t/g' | sed 's/7/u/g' | sed 's/8/v/g' | sed 's/9/w/g' | sed 's/0/x/g') stop
ERROR: No PID or lock files found for simulation 'Topbwfvr' on host 'london'.
make: [clean] Error 1 (ignored)
rm -f maxobj_Top_DFE_SIM.o
rm -f Top_sim
rm -rf bin Top_MAX4848A_DFE_SIM
rm -f maxj/src/runtime/Executable1.o cpp/src/kernels/cpphelperFuncs.o cpp/src/kernels/x118.o cpp/src/kernels/x1217.o cpp/src/kernels/x1218.o cpp/src/kernels/x1219.o cpp/src/kernels/x121.o cpp/src/kernels/x1220.o cpp/src/kernels/x1221.o cpp/src/kernels/x122.o cpp/src/kernels/x123.o cpp/src/kernels/x124.o cpp/src/kernels/x1258.o cpp/src/kernels/x1259.o cpp/src/kernels/x125.o cpp/src/kernels/x126.o cpp/src/kernels/x1306.o cpp/src/kernels/x1307.o cpp/src/kernels/x1308.o cpp/src/kernels/x1309.o cpp/src/kernels/x1346.o cpp/src/kernels/x1351.o cpp/src/kernels/x1352.o cpp/src/kernels/x1353.o cpp/src/kernels/x1354.o cpp/src/kernels/x1355.o cpp/src/kernels/x1360.o cpp/src/kernels/x1361.o cpp/src/kernels/x1402.o cpp/src/kernels/x1403.o cpp/src/kernels/x1408.o cpp/src/kernels/x1409.o cpp/src/kernels/x1410.o cpp/src/kernels/x1411.o cpp/src/kernels/x175.o cpp/src/kernels/x1.o cpp/src/kernels/x245.o cpp/src/kernels/x2.o cpp/src/kernels/x3.o cpp/src/kernels/x49.o cpp/src/kernels/x54.o cpp/src/kernels/x62.o cpp/src/kernels/x71.o cpp/src/static/cpp/Config.o cpp/src/static/cpp/cppDeliteArray.o cpp/src/static/cpp/cppInit.o cpp/src/static/cpp/cppList.o cpp/src/static/cpp/cppRef.o cpp/src/static/cpp/DeliteCpp.o cpp/src/static/cpp/DeliteCppProfiler.o cpp/src/static/cpp/DeliteMemory.o cpp/src/static/cpp/DeliteThreadPool.o cpp/src/static/cpp/pcmHelper.o
rm -f *.log
rm -rf debug*
ant
Buildfile: /local/ssd/home/mattfel/transform_regression_tests_21-24/hyperdsl/spatial/regression_tests/unit/10_BlockReduce1D/out/build.xml

init:
    [mkdir] Created dir: /local/ssd/home/mattfel/transform_regression_tests_21-24/hyperdsl/spatial/regression_tests/unit/10_BlockReduce1D/out/bin

compile:
     [echo] Using MaxCompiler from: /opt/maxcompiler
     [echo] Compiling templates
[maxjcompiler] 
[maxjcompiler] 
[maxjcompiler] Compiling to folder /local/ssd/home/mattfel/transform_regression_tests_21-24/hyperdsl/spatial/regression_tests/unit/10_BlockReduce1D/out/bin
[maxjcompiler] ----------
[maxjcompiler] 1. WARNING in /local/ssd/home/mattfel/transform_regression_tests_21-24/hyperdsl/spatial/regression_tests/unit/10_BlockReduce1D/out/maxj/src/static/templates/SingleCtrSM.maxj (at line 8)
[maxjcompiler] 	import com.maxeler.maxcompiler.v2.statemachine.DFEsmValue;
[maxjcompiler] 	       ^^^^^^^^^^^^^^^^^^^^^^^^^^^^^^^^^^^^^^^^^^^^^^^^^^
[maxjcompiler] The import com.maxeler.maxcompiler.v2.statemachine.DFEsmValue is never used
[maxjcompiler] ----------
[maxjcompiler] ----------
[maxjcompiler] 2. WARNING in /local/ssd/home/mattfel/transform_regression_tests_21-24/hyperdsl/spatial/regression_tests/unit/10_BlockReduce1D/out/maxj/src/static/templates/PQ.maxj (at line 5)
[maxjcompiler] 	import com.maxeler.maxcompiler.v2.kernelcompiler.stdlib.memory.Memory;
[maxjcompiler] 	       ^^^^^^^^^^^^^^^^^^^^^^^^^^^^^^^^^^^^^^^^^^^^^^^^^^^^^^^^^^^^^^
[maxjcompiler] The import com.maxeler.maxcompiler.v2.kernelcompiler.stdlib.memory.Memory is never used
[maxjcompiler] ----------
[maxjcompiler] 3. WARNING in /local/ssd/home/mattfel/transform_regression_tests_21-24/hyperdsl/spatial/regression_tests/unit/10_BlockReduce1D/out/maxj/src/static/templates/PQ.maxj (at line 9)
[maxjcompiler] 	import com.maxeler.maxcompiler.v2.kernelcompiler.types.composite.DFEVector;
[maxjcompiler] 	       ^^^^^^^^^^^^^^^^^^^^^^^^^^^^^^^^^^^^^^^^^^^^^^^^^^^^^^^^^^^^^^^^^^^
[maxjcompiler] The import com.maxeler.maxcompiler.v2.kernelcompiler.types.composite.DFEVector is never used
[maxjcompiler] ----------
[maxjcompiler] 4. WARNING in /local/ssd/home/mattfel/transform_regression_tests_21-24/hyperdsl/spatial/regression_tests/unit/10_BlockReduce1D/out/maxj/src/static/templates/PQ.maxj (at line 10)
[maxjcompiler] 	import com.maxeler.maxcompiler.v2.kernelcompiler.stdlib.Reductions;
[maxjcompiler] 	       ^^^^^^^^^^^^^^^^^^^^^^^^^^^^^^^^^^^^^^^^^^^^^^^^^^^^^^^^^^^
[maxjcompiler] The import com.maxeler.maxcompiler.v2.kernelcompiler.stdlib.Reductions is never used
[maxjcompiler] ----------
[maxjcompiler] ----------
[maxjcompiler] 5. WARNING in /local/ssd/home/mattfel/transform_regression_tests_21-24/hyperdsl/spatial/regression_tests/unit/10_BlockReduce1D/out/maxj/src/static/templates/Scatter.maxj (at line 6)
[maxjcompiler] 	import com.maxeler.maxcompiler.v2.kernelcompiler.stdlib.core.CounterChain;
[maxjcompiler] 	       ^^^^^^^^^^^^^^^^^^^^^^^^^^^^^^^^^^^^^^^^^^^^^^^^^^^^^^^^^^^^^^^^^^
[maxjcompiler] The import com.maxeler.maxcompiler.v2.kernelcompiler.stdlib.core.CounterChain is never used
[maxjcompiler] ----------
[maxjcompiler] 6. WARNING in /local/ssd/home/mattfel/transform_regression_tests_21-24/hyperdsl/spatial/regression_tests/unit/10_BlockReduce1D/out/maxj/src/static/templates/Scatter.maxj (at line 7)
[maxjcompiler] 	import com.maxeler.maxcompiler.v2.kernelcompiler.stdlib.core.Count.WrapMode;
[maxjcompiler] 	       ^^^^^^^^^^^^^^^^^^^^^^^^^^^^^^^^^^^^^^^^^^^^^^^^^^^^^^^^^^^^^^^^^^^^
[maxjcompiler] The import com.maxeler.maxcompiler.v2.kernelcompiler.stdlib.core.Count.WrapMode is never used
[maxjcompiler] ----------
[maxjcompiler] 7. WARNING in /local/ssd/home/mattfel/transform_regression_tests_21-24/hyperdsl/spatial/regression_tests/unit/10_BlockReduce1D/out/maxj/src/static/templates/Scatter.maxj (at line 11)
[maxjcompiler] 	import com.maxeler.maxcompiler.v2.kernelcompiler.Optimization;
[maxjcompiler] 	       ^^^^^^^^^^^^^^^^^^^^^^^^^^^^^^^^^^^^^^^^^^^^^^^^^^^^^^
[maxjcompiler] The import com.maxeler.maxcompiler.v2.kernelcompiler.Optimization is never used
[maxjcompiler] ----------
[maxjcompiler] 8. WARNING in /local/ssd/home/mattfel/transform_regression_tests_21-24/hyperdsl/spatial/regression_tests/unit/10_BlockReduce1D/out/maxj/src/static/templates/Scatter.maxj (at line 12)
[maxjcompiler] 	import com.maxeler.maxcompiler.v2.kernelcompiler.stdlib.Reductions;
[maxjcompiler] 	       ^^^^^^^^^^^^^^^^^^^^^^^^^^^^^^^^^^^^^^^^^^^^^^^^^^^^^^^^^^^
[maxjcompiler] The import com.maxeler.maxcompiler.v2.kernelcompiler.stdlib.Reductions is never used
[maxjcompiler] ----------
[maxjcompiler] 9. WARNING in /local/ssd/home/mattfel/transform_regression_tests_21-24/hyperdsl/spatial/regression_tests/unit/10_BlockReduce1D/out/maxj/src/static/templates/Scatter.maxj (at line 19)
[maxjcompiler] 	import com.maxeler.maxcompiler.v2.kernelcompiler.types.composite.DFEVector;
[maxjcompiler] 	       ^^^^^^^^^^^^^^^^^^^^^^^^^^^^^^^^^^^^^^^^^^^^^^^^^^^^^^^^^^^^^^^^^^^
[maxjcompiler] The import com.maxeler.maxcompiler.v2.kernelcompiler.types.composite.DFEVector is never used
[maxjcompiler] ----------
[maxjcompiler] 10. WARNING in /local/ssd/home/mattfel/transform_regression_tests_21-24/hyperdsl/spatial/regression_tests/unit/10_BlockReduce1D/out/maxj/src/static/templates/Scatter.maxj (at line 20)
[maxjcompiler] 	import com.maxeler.maxcompiler.v2.kernelcompiler.types.composite.DFEVectorType;
[maxjcompiler] 	       ^^^^^^^^^^^^^^^^^^^^^^^^^^^^^^^^^^^^^^^^^^^^^^^^^^^^^^^^^^^^^^^^^^^^^^^
[maxjcompiler] The import com.maxeler.maxcompiler.v2.kernelcompiler.types.composite.DFEVectorType is never used
[maxjcompiler] ----------
[maxjcompiler] 11. WARNING in /local/ssd/home/mattfel/transform_regression_tests_21-24/hyperdsl/spatial/regression_tests/unit/10_BlockReduce1D/out/maxj/src/static/templates/Scatter.maxj (at line 21)
[maxjcompiler] 	import com.maxeler.maxcompiler.v2.kernelcompiler.types.composite.DFEStruct;
[maxjcompiler] 	       ^^^^^^^^^^^^^^^^^^^^^^^^^^^^^^^^^^^^^^^^^^^^^^^^^^^^^^^^^^^^^^^^^^^
[maxjcompiler] The import com.maxeler.maxcompiler.v2.kernelcompiler.types.composite.DFEStruct is never used
[maxjcompiler] ----------
[maxjcompiler] 12. WARNING in /local/ssd/home/mattfel/transform_regression_tests_21-24/hyperdsl/spatial/regression_tests/unit/10_BlockReduce1D/out/maxj/src/static/templates/Scatter.maxj (at line 22)
[maxjcompiler] 	import com.maxeler.maxcompiler.v2.kernelcompiler.types.composite.DFEStructType;
[maxjcompiler] 	       ^^^^^^^^^^^^^^^^^^^^^^^^^^^^^^^^^^^^^^^^^^^^^^^^^^^^^^^^^^^^^^^^^^^^^^^
[maxjcompiler] The import com.maxeler.maxcompiler.v2.kernelcompiler.types.composite.DFEStructType is never used
[maxjcompiler] ----------
[maxjcompiler] 13. WARNING in /local/ssd/home/mattfel/transform_regression_tests_21-24/hyperdsl/spatial/regression_tests/unit/10_BlockReduce1D/out/maxj/src/static/templates/Scatter.maxj (at line 23)
[maxjcompiler] 	import com.maxeler.maxcompiler.v2.kernelcompiler.types.composite.DFEStructType.StructFieldType;
[maxjcompiler] 	       ^^^^^^^^^^^^^^^^^^^^^^^^^^^^^^^^^^^^^^^^^^^^^^^^^^^^^^^^^^^^^^^^^^^^^^^^^^^^^^^^^^^^^^^
[maxjcompiler] The import com.maxeler.maxcompiler.v2.kernelcompiler.types.composite.DFEStructType.StructFieldType is never used
[maxjcompiler] ----------
[maxjcompiler] 14. WARNING in /local/ssd/home/mattfel/transform_regression_tests_21-24/hyperdsl/spatial/regression_tests/unit/10_BlockReduce1D/out/maxj/src/static/templates/Scatter.maxj (at line 24)
[maxjcompiler] 	import java.util.ArrayList;
[maxjcompiler] 	       ^^^^^^^^^^^^^^^^^^^
[maxjcompiler] The import java.util.ArrayList is never used
[maxjcompiler] ----------
[maxjcompiler] 15. WARNING in /local/ssd/home/mattfel/transform_regression_tests_21-24/hyperdsl/spatial/regression_tests/unit/10_BlockReduce1D/out/maxj/src/static/templates/Scatter.maxj (at line 75)
[maxjcompiler] 	DFEVar package_done = sm.getOutput("package_done");
[maxjcompiler] 	       ^^^^^^^^^^^^
[maxjcompiler] The local variable package_done is never read
[maxjcompiler] ----------
[maxjcompiler] 16. WARNING in /local/ssd/home/mattfel/transform_regression_tests_21-24/hyperdsl/spatial/regression_tests/unit/10_BlockReduce1D/out/maxj/src/static/templates/Scatter.maxj (at line 274)
[maxjcompiler] 	DFEVar package_done = sm.getOutput("package_done");
[maxjcompiler] 	       ^^^^^^^^^^^^
[maxjcompiler] The local variable package_done is never read
[maxjcompiler] ----------
[maxjcompiler] ----------
[maxjcompiler] 17. WARNING in /local/ssd/home/mattfel/transform_regression_tests_21-24/hyperdsl/spatial/regression_tests/unit/10_BlockReduce1D/out/maxj/src/static/templates/NBufSM.maxj (at line 9)
[maxjcompiler] 	import java.util.ArrayList;
[maxjcompiler] 	       ^^^^^^^^^^^^^^^^^^^
[maxjcompiler] The import java.util.ArrayList is never used
[maxjcompiler] ----------
[maxjcompiler] 18. WARNING in /local/ssd/home/mattfel/transform_regression_tests_21-24/hyperdsl/spatial/regression_tests/unit/10_BlockReduce1D/out/maxj/src/static/templates/NBufSM.maxj (at line 10)
[maxjcompiler] 	import java.util.List;
[maxjcompiler] 	       ^^^^^^^^^^^^^^
[maxjcompiler] The import java.util.List is never used
[maxjcompiler] ----------
[maxjcompiler] ----------
[maxjcompiler] 19. WARNING in /local/ssd/home/mattfel/transform_regression_tests_21-24/hyperdsl/spatial/regression_tests/unit/10_BlockReduce1D/out/maxj/src/static/templates/DblBufStateMachine.maxj (at line 48)
[maxjcompiler] 	this.numIter = numIter;
[maxjcompiler] 	^^^^^^^^^^^^^^^^^^^^^^
[maxjcompiler] The assignment to variable numIter has no effect
[maxjcompiler] ----------
[maxjcompiler] ----------
[maxjcompiler] 20. WARNING in /local/ssd/home/mattfel/transform_regression_tests_21-24/hyperdsl/spatial/regression_tests/unit/10_BlockReduce1D/out/maxj/src/static/templates/DblBufReg.maxj (at line 5)
[maxjcompiler] 	import com.maxeler.maxcompiler.v2.kernelcompiler.stdlib.memory.Memory;
[maxjcompiler] 	       ^^^^^^^^^^^^^^^^^^^^^^^^^^^^^^^^^^^^^^^^^^^^^^^^^^^^^^^^^^^^^^
[maxjcompiler] The import com.maxeler.maxcompiler.v2.kernelcompiler.stdlib.memory.Memory is never used
[maxjcompiler] ----------
[maxjcompiler] 21. WARNING in /local/ssd/home/mattfel/transform_regression_tests_21-24/hyperdsl/spatial/regression_tests/unit/10_BlockReduce1D/out/maxj/src/static/templates/DblBufReg.maxj (at line 7)
[maxjcompiler] 	import com.maxeler.maxcompiler.v2.utils.MathUtils;
[maxjcompiler] 	       ^^^^^^^^^^^^^^^^^^^^^^^^^^^^^^^^^^^^^^^^^^
[maxjcompiler] The import com.maxeler.maxcompiler.v2.utils.MathUtils is never used
[maxjcompiler] ----------
[maxjcompiler] 22. WARNING in /local/ssd/home/mattfel/transform_regression_tests_21-24/hyperdsl/spatial/regression_tests/unit/10_BlockReduce1D/out/maxj/src/static/templates/DblBufReg.maxj (at line 9)
[maxjcompiler] 	import com.maxeler.maxcompiler.v2.kernelcompiler.Optimization;
[maxjcompiler] 	       ^^^^^^^^^^^^^^^^^^^^^^^^^^^^^^^^^^^^^^^^^^^^^^^^^^^^^^
[maxjcompiler] The import com.maxeler.maxcompiler.v2.kernelcompiler.Optimization is never used
[maxjcompiler] ----------
[maxjcompiler] ----------
[maxjcompiler] 23. WARNING in /local/ssd/home/mattfel/transform_regression_tests_21-24/hyperdsl/spatial/regression_tests/unit/10_BlockReduce1D/out/maxj/src/static/templates/ScatterSM.maxj (at line 9)
[maxjcompiler] 	import com.maxeler.maxcompiler.v2.utils.MathUtils;
[maxjcompiler] 	       ^^^^^^^^^^^^^^^^^^^^^^^^^^^^^^^^^^^^^^^^^^
[maxjcompiler] The import com.maxeler.maxcompiler.v2.utils.MathUtils is never used
[maxjcompiler] ----------
[maxjcompiler] ----------
[maxjcompiler] 24. WARNING in /local/ssd/home/mattfel/transform_regression_tests_21-24/hyperdsl/spatial/regression_tests/unit/10_BlockReduce1D/out/maxj/src/static/templates/Gather.maxj (at line 6)
[maxjcompiler] 	import com.maxeler.maxcompiler.v2.kernelcompiler.stdlib.core.CounterChain;
[maxjcompiler] 	       ^^^^^^^^^^^^^^^^^^^^^^^^^^^^^^^^^^^^^^^^^^^^^^^^^^^^^^^^^^^^^^^^^^
[maxjcompiler] The import com.maxeler.maxcompiler.v2.kernelcompiler.stdlib.core.CounterChain is never used
[maxjcompiler] ----------
[maxjcompiler] 25. WARNING in /local/ssd/home/mattfel/transform_regression_tests_21-24/hyperdsl/spatial/regression_tests/unit/10_BlockReduce1D/out/maxj/src/static/templates/Gather.maxj (at line 7)
[maxjcompiler] 	import com.maxeler.maxcompiler.v2.kernelcompiler.stdlib.core.Count.WrapMode;
[maxjcompiler] 	       ^^^^^^^^^^^^^^^^^^^^^^^^^^^^^^^^^^^^^^^^^^^^^^^^^^^^^^^^^^^^^^^^^^^^
[maxjcompiler] The import com.maxeler.maxcompiler.v2.kernelcompiler.stdlib.core.Count.WrapMode is never used
[maxjcompiler] ----------
[maxjcompiler] 26. WARNING in /local/ssd/home/mattfel/transform_regression_tests_21-24/hyperdsl/spatial/regression_tests/unit/10_BlockReduce1D/out/maxj/src/static/templates/Gather.maxj (at line 11)
[maxjcompiler] 	import com.maxeler.maxcompiler.v2.kernelcompiler.Optimization;
[maxjcompiler] 	       ^^^^^^^^^^^^^^^^^^^^^^^^^^^^^^^^^^^^^^^^^^^^^^^^^^^^^^
[maxjcompiler] The import com.maxeler.maxcompiler.v2.kernelcompiler.Optimization is never used
[maxjcompiler] ----------
[maxjcompiler] 27. WARNING in /local/ssd/home/mattfel/transform_regression_tests_21-24/hyperdsl/spatial/regression_tests/unit/10_BlockReduce1D/out/maxj/src/static/templates/Gather.maxj (at line 12)
[maxjcompiler] 	import com.maxeler.maxcompiler.v2.kernelcompiler.stdlib.Reductions;
[maxjcompiler] 	       ^^^^^^^^^^^^^^^^^^^^^^^^^^^^^^^^^^^^^^^^^^^^^^^^^^^^^^^^^^^
[maxjcompiler] The import com.maxeler.maxcompiler.v2.kernelcompiler.stdlib.Reductions is never used
[maxjcompiler] ----------
[maxjcompiler] 28. WARNING in /local/ssd/home/mattfel/transform_regression_tests_21-24/hyperdsl/spatial/regression_tests/unit/10_BlockReduce1D/out/maxj/src/static/templates/Gather.maxj (at line 21)
[maxjcompiler] 	import com.maxeler.maxcompiler.v2.kernelcompiler.types.composite.DFEStruct;
[maxjcompiler] 	       ^^^^^^^^^^^^^^^^^^^^^^^^^^^^^^^^^^^^^^^^^^^^^^^^^^^^^^^^^^^^^^^^^^^
[maxjcompiler] The import com.maxeler.maxcompiler.v2.kernelcompiler.types.composite.DFEStruct is never used
[maxjcompiler] ----------
[maxjcompiler] 29. WARNING in /local/ssd/home/mattfel/transform_regression_tests_21-24/hyperdsl/spatial/regression_tests/unit/10_BlockReduce1D/out/maxj/src/static/templates/Gather.maxj (at line 22)
[maxjcompiler] 	import com.maxeler.maxcompiler.v2.kernelcompiler.types.composite.DFEStructType;
[maxjcompiler] 	       ^^^^^^^^^^^^^^^^^^^^^^^^^^^^^^^^^^^^^^^^^^^^^^^^^^^^^^^^^^^^^^^^^^^^^^^
[maxjcompiler] The import com.maxeler.maxcompiler.v2.kernelcompiler.types.composite.DFEStructType is never used
[maxjcompiler] ----------
[maxjcompiler] 30. WARNING in /local/ssd/home/mattfel/transform_regression_tests_21-24/hyperdsl/spatial/regression_tests/unit/10_BlockReduce1D/out/maxj/src/static/templates/Gather.maxj (at line 23)
[maxjcompiler] 	import com.maxeler.maxcompiler.v2.kernelcompiler.types.composite.DFEStructType.StructFieldType;
[maxjcompiler] 	       ^^^^^^^^^^^^^^^^^^^^^^^^^^^^^^^^^^^^^^^^^^^^^^^^^^^^^^^^^^^^^^^^^^^^^^^^^^^^^^^^^^^^^^^
[maxjcompiler] The import com.maxeler.maxcompiler.v2.kernelcompiler.types.composite.DFEStructType.StructFieldType is never used
[maxjcompiler] ----------
[maxjcompiler] 31. WARNING in /local/ssd/home/mattfel/transform_regression_tests_21-24/hyperdsl/spatial/regression_tests/unit/10_BlockReduce1D/out/maxj/src/static/templates/Gather.maxj (at line 24)
[maxjcompiler] 	import java.util.ArrayList;
[maxjcompiler] 	       ^^^^^^^^^^^^^^^^^^^
[maxjcompiler] The import java.util.ArrayList is never used
[maxjcompiler] ----------
[maxjcompiler] 32. WARNING in /local/ssd/home/mattfel/transform_regression_tests_21-24/hyperdsl/spatial/regression_tests/unit/10_BlockReduce1D/out/maxj/src/static/templates/Gather.maxj (at line 105)
[maxjcompiler] 	DFEVar package_done = sm.getOutput("package_done");
[maxjcompiler] 	       ^^^^^^^^^^^^
[maxjcompiler] The local variable package_done is never read
[maxjcompiler] ----------
[maxjcompiler] 33. WARNING in /local/ssd/home/mattfel/transform_regression_tests_21-24/hyperdsl/spatial/regression_tests/unit/10_BlockReduce1D/out/maxj/src/static/templates/Gather.maxj (at line 303)
[maxjcompiler] 	DFEVar package_done = sm.getOutput("package_done");
[maxjcompiler] 	       ^^^^^^^^^^^^
[maxjcompiler] The local variable package_done is never read
[maxjcompiler] ----------
[maxjcompiler] ----------
[maxjcompiler] 34. WARNING in /local/ssd/home/mattfel/transform_regression_tests_21-24/hyperdsl/spatial/regression_tests/unit/10_BlockReduce1D/out/maxj/src/static/templates/GBRSM.maxj (at line 8)
[maxjcompiler] 	import com.maxeler.maxcompiler.v2.statemachine.DFEsmValue;
[maxjcompiler] 	       ^^^^^^^^^^^^^^^^^^^^^^^^^^^^^^^^^^^^^^^^^^^^^^^^^^
[maxjcompiler] The import com.maxeler.maxcompiler.v2.statemachine.DFEsmValue is never used
[maxjcompiler] ----------
[maxjcompiler] ----------
[maxjcompiler] 35. WARNING in /local/ssd/home/mattfel/transform_regression_tests_21-24/hyperdsl/spatial/regression_tests/unit/10_BlockReduce1D/out/maxj/src/static/templates/DblBufStateMachine_2.maxj (at line 41)
[maxjcompiler] 	DFEsmValueType counterType = dfeUInt(2);
[maxjcompiler] 	               ^^^^^^^^^^^
[maxjcompiler] The local variable counterType is never read
[maxjcompiler] ----------
[maxjcompiler] 36. WARNING in /local/ssd/home/mattfel/transform_regression_tests_21-24/hyperdsl/spatial/regression_tests/unit/10_BlockReduce1D/out/maxj/src/static/templates/DblBufStateMachine_2.maxj (at line 59)
[maxjcompiler] 	this.numIter = numIter;
[maxjcompiler] 	^^^^^^^^^^^^^^^^^^^^^^
[maxjcompiler] The assignment to variable numIter has no effect
[maxjcompiler] ----------
[maxjcompiler] ----------
[maxjcompiler] 37. WARNING in /local/ssd/home/mattfel/transform_regression_tests_21-24/hyperdsl/spatial/regression_tests/unit/10_BlockReduce1D/out/maxj/src/static/templates/VDblBufKernelLib.maxj (at line 8)
[maxjcompiler] 	import com.maxeler.maxcompiler.v2.kernelcompiler.types.base.DFEType;
[maxjcompiler] 	       ^^^^^^^^^^^^^^^^^^^^^^^^^^^^^^^^^^^^^^^^^^^^^^^^^^^^^^^^^^^^
[maxjcompiler] The import com.maxeler.maxcompiler.v2.kernelcompiler.types.base.DFEType is never used
[maxjcompiler] ----------
[maxjcompiler] ----------
[maxjcompiler] 38. WARNING in /local/ssd/home/mattfel/transform_regression_tests_21-24/hyperdsl/spatial/regression_tests/unit/10_BlockReduce1D/out/maxj/src/static/templates/NBufKernelLib.maxj (at line 5)
[maxjcompiler] 	import com.maxeler.maxcompiler.v2.kernelcompiler.stdlib.memory.Memory;
[maxjcompiler] 	       ^^^^^^^^^^^^^^^^^^^^^^^^^^^^^^^^^^^^^^^^^^^^^^^^^^^^^^^^^^^^^^
[maxjcompiler] The import com.maxeler.maxcompiler.v2.kernelcompiler.stdlib.memory.Memory is never used
[maxjcompiler] ----------
[maxjcompiler] 39. WARNING in /local/ssd/home/mattfel/transform_regression_tests_21-24/hyperdsl/spatial/regression_tests/unit/10_BlockReduce1D/out/maxj/src/static/templates/NBufKernelLib.maxj (at line 9)
[maxjcompiler] 	import com.maxeler.maxcompiler.v2.kernelcompiler.Optimization;
[maxjcompiler] 	       ^^^^^^^^^^^^^^^^^^^^^^^^^^^^^^^^^^^^^^^^^^^^^^^^^^^^^^
[maxjcompiler] The import com.maxeler.maxcompiler.v2.kernelcompiler.Optimization is never used
[maxjcompiler] ----------
[maxjcompiler] 40. WARNING in /local/ssd/home/mattfel/transform_regression_tests_21-24/hyperdsl/spatial/regression_tests/unit/10_BlockReduce1D/out/maxj/src/static/templates/NBufKernelLib.maxj (at line 12)
[maxjcompiler] 	import com.maxeler.maxcompiler.v2.utils.Bits;
[maxjcompiler] 	       ^^^^^^^^^^^^^^^^^^^^^^^^^^^^^^^^^^^^^
[maxjcompiler] The import com.maxeler.maxcompiler.v2.utils.Bits is never used
[maxjcompiler] ----------
[maxjcompiler] 41. WARNING in /local/ssd/home/mattfel/transform_regression_tests_21-24/hyperdsl/spatial/regression_tests/unit/10_BlockReduce1D/out/maxj/src/static/templates/NBufKernelLib.maxj (at line 105)
[maxjcompiler] 	this.type = type;
[maxjcompiler] 	^^^^^^^^^^^^^^^^
[maxjcompiler] The assignment to variable type has no effect
[maxjcompiler] ----------
[maxjcompiler] ----------
[maxjcompiler] 42. WARNING in /local/ssd/home/mattfel/transform_regression_tests_21-24/hyperdsl/spatial/regression_tests/unit/10_BlockReduce1D/out/maxj/src/static/templates/MemoryCmdSM.maxj (at line 6)
[maxjcompiler] 	import com.maxeler.maxcompiler.v2.statemachine.DFEsmStateValue;
[maxjcompiler] 	       ^^^^^^^^^^^^^^^^^^^^^^^^^^^^^^^^^^^^^^^^^^^^^^^^^^^^^^^
[maxjcompiler] The import com.maxeler.maxcompiler.v2.statemachine.DFEsmStateValue is never used
[maxjcompiler] ----------
[maxjcompiler] 43. WARNING in /local/ssd/home/mattfel/transform_regression_tests_21-24/hyperdsl/spatial/regression_tests/unit/10_BlockReduce1D/out/maxj/src/static/templates/MemoryCmdSM.maxj (at line 35)
[maxjcompiler] 	DFEsmValueType counterType = dfeUInt(32);
[maxjcompiler] 	               ^^^^^^^^^^^
[maxjcompiler] The local variable counterType is never read
[maxjcompiler] ----------
[maxjcompiler] ----------
[maxjcompiler] 44. WARNING in /local/ssd/home/mattfel/transform_regression_tests_21-24/hyperdsl/spatial/regression_tests/unit/10_BlockReduce1D/out/maxj/src/static/templates/MemoryCmdGen.maxj (at line 7)
[maxjcompiler] 	import com.maxeler.maxcompiler.v2.kernelcompiler.stdlib.core.CounterChain;
[maxjcompiler] 	       ^^^^^^^^^^^^^^^^^^^^^^^^^^^^^^^^^^^^^^^^^^^^^^^^^^^^^^^^^^^^^^^^^^
[maxjcompiler] The import com.maxeler.maxcompiler.v2.kernelcompiler.stdlib.core.CounterChain is never used
[maxjcompiler] ----------
[maxjcompiler] 45. WARNING in /local/ssd/home/mattfel/transform_regression_tests_21-24/hyperdsl/spatial/regression_tests/unit/10_BlockReduce1D/out/maxj/src/static/templates/MemoryCmdGen.maxj (at line 10)
[maxjcompiler] 	import com.maxeler.maxcompiler.v2.utils.MathUtils;
[maxjcompiler] 	       ^^^^^^^^^^^^^^^^^^^^^^^^^^^^^^^^^^^^^^^^^^
[maxjcompiler] The import com.maxeler.maxcompiler.v2.utils.MathUtils is never used
[maxjcompiler] ----------
[maxjcompiler] 46. WARNING in /local/ssd/home/mattfel/transform_regression_tests_21-24/hyperdsl/spatial/regression_tests/unit/10_BlockReduce1D/out/maxj/src/static/templates/MemoryCmdGen.maxj (at line 13)
[maxjcompiler] 	import com.maxeler.maxcompiler.v2.kernelcompiler.Optimization;
[maxjcompiler] 	       ^^^^^^^^^^^^^^^^^^^^^^^^^^^^^^^^^^^^^^^^^^^^^^^^^^^^^^
[maxjcompiler] The import com.maxeler.maxcompiler.v2.kernelcompiler.Optimization is never used
[maxjcompiler] ----------
[maxjcompiler] 47. WARNING in /local/ssd/home/mattfel/transform_regression_tests_21-24/hyperdsl/spatial/regression_tests/unit/10_BlockReduce1D/out/maxj/src/static/templates/MemoryCmdGen.maxj (at line 14)
[maxjcompiler] 	import com.maxeler.maxcompiler.v2.kernelcompiler.stdlib.Reductions;
[maxjcompiler] 	       ^^^^^^^^^^^^^^^^^^^^^^^^^^^^^^^^^^^^^^^^^^^^^^^^^^^^^^^^^^^
[maxjcompiler] The import com.maxeler.maxcompiler.v2.kernelcompiler.stdlib.Reductions is never used
[maxjcompiler] ----------
[maxjcompiler] 48. WARNING in /local/ssd/home/mattfel/transform_regression_tests_21-24/hyperdsl/spatial/regression_tests/unit/10_BlockReduce1D/out/maxj/src/static/templates/MemoryCmdGen.maxj (at line 15)
[maxjcompiler] 	import com.maxeler.maxcompiler.v2.kernelcompiler.stdlib.core.Stream.OffsetExpr;
[maxjcompiler] 	       ^^^^^^^^^^^^^^^^^^^^^^^^^^^^^^^^^^^^^^^^^^^^^^^^^^^^^^^^^^^^^^^^^^^^^^^
[maxjcompiler] The import com.maxeler.maxcompiler.v2.kernelcompiler.stdlib.core.Stream.OffsetExpr is never used
[maxjcompiler] ----------
[maxjcompiler] 49. WARNING in /local/ssd/home/mattfel/transform_regression_tests_21-24/hyperdsl/spatial/regression_tests/unit/10_BlockReduce1D/out/maxj/src/static/templates/MemoryCmdGen.maxj (at line 20)
[maxjcompiler] 	import com.maxeler.maxcompiler.v2.kernelcompiler.types.composite.DFEStruct;
[maxjcompiler] 	       ^^^^^^^^^^^^^^^^^^^^^^^^^^^^^^^^^^^^^^^^^^^^^^^^^^^^^^^^^^^^^^^^^^^
[maxjcompiler] The import com.maxeler.maxcompiler.v2.kernelcompiler.types.composite.DFEStruct is never used
[maxjcompiler] ----------
[maxjcompiler] 50. WARNING in /local/ssd/home/mattfel/transform_regression_tests_21-24/hyperdsl/spatial/regression_tests/unit/10_BlockReduce1D/out/maxj/src/static/templates/MemoryCmdGen.maxj (at line 21)
[maxjcompiler] 	import com.maxeler.maxcompiler.v2.kernelcompiler.types.composite.DFEStructType;
[maxjcompiler] 	       ^^^^^^^^^^^^^^^^^^^^^^^^^^^^^^^^^^^^^^^^^^^^^^^^^^^^^^^^^^^^^^^^^^^^^^^
[maxjcompiler] The import com.maxeler.maxcompiler.v2.kernelcompiler.types.composite.DFEStructType is never used
[maxjcompiler] ----------
[maxjcompiler] 51. WARNING in /local/ssd/home/mattfel/transform_regression_tests_21-24/hyperdsl/spatial/regression_tests/unit/10_BlockReduce1D/out/maxj/src/static/templates/MemoryCmdGen.maxj (at line 22)
[maxjcompiler] 	import com.maxeler.maxcompiler.v2.kernelcompiler.types.composite.DFEStructType.StructFieldType;
[maxjcompiler] 	       ^^^^^^^^^^^^^^^^^^^^^^^^^^^^^^^^^^^^^^^^^^^^^^^^^^^^^^^^^^^^^^^^^^^^^^^^^^^^^^^^^^^^^^^
[maxjcompiler] The import com.maxeler.maxcompiler.v2.kernelcompiler.types.composite.DFEStructType.StructFieldType is never used
[maxjcompiler] ----------
[maxjcompiler] 52. WARNING in /local/ssd/home/mattfel/transform_regression_tests_21-24/hyperdsl/spatial/regression_tests/unit/10_BlockReduce1D/out/maxj/src/static/templates/MemoryCmdGen.maxj (at line 23)
[maxjcompiler] 	import java.util.ArrayList;
[maxjcompiler] 	       ^^^^^^^^^^^^^^^^^^^
[maxjcompiler] The import java.util.ArrayList is never used
[maxjcompiler] ----------
[maxjcompiler] 53. WARNING in /local/ssd/home/mattfel/transform_regression_tests_21-24/hyperdsl/spatial/regression_tests/unit/10_BlockReduce1D/out/maxj/src/static/templates/MemoryCmdGen.maxj (at line 102)
[maxjcompiler] 	int par = wdata.getSize();
[maxjcompiler] 	    ^^^
[maxjcompiler] The local variable par is never read
[maxjcompiler] ----------
[maxjcompiler] 54. WARNING in /local/ssd/home/mattfel/transform_regression_tests_21-24/hyperdsl/spatial/regression_tests/unit/10_BlockReduce1D/out/maxj/src/static/templates/MemoryCmdGen.maxj (at line 188)
[maxjcompiler] 	DFEVar sizecheck = upcast(size_int, wdata[0].getType());
[maxjcompiler] 	       ^^^^^^^^^
[maxjcompiler] The local variable sizecheck is never read
[maxjcompiler] ----------
[maxjcompiler] ----------
[maxjcompiler] 55. WARNING in /local/ssd/home/mattfel/transform_regression_tests_21-24/hyperdsl/spatial/regression_tests/unit/10_BlockReduce1D/out/maxj/src/static/templates/CtrChainLib.maxj (at line 6)
[maxjcompiler] 	import com.maxeler.maxcompiler.v2.kernelcompiler.SMIO;
[maxjcompiler] 	       ^^^^^^^^^^^^^^^^^^^^^^^^^^^^^^^^^^^^^^^^^^^^^^
[maxjcompiler] The import com.maxeler.maxcompiler.v2.kernelcompiler.SMIO is never used
[maxjcompiler] ----------
[maxjcompiler] 56. WARNING in /local/ssd/home/mattfel/transform_regression_tests_21-24/hyperdsl/spatial/regression_tests/unit/10_BlockReduce1D/out/maxj/src/static/templates/CtrChainLib.maxj (at line 7)
[maxjcompiler] 	import com.maxeler.maxcompiler.v2.kernelcompiler.stdlib.core.CounterChain;
[maxjcompiler] 	       ^^^^^^^^^^^^^^^^^^^^^^^^^^^^^^^^^^^^^^^^^^^^^^^^^^^^^^^^^^^^^^^^^^
[maxjcompiler] The import com.maxeler.maxcompiler.v2.kernelcompiler.stdlib.core.CounterChain is never used
[maxjcompiler] ----------
[maxjcompiler] 57. WARNING in /local/ssd/home/mattfel/transform_regression_tests_21-24/hyperdsl/spatial/regression_tests/unit/10_BlockReduce1D/out/maxj/src/static/templates/CtrChainLib.maxj (at line 8)
[maxjcompiler] 	import com.maxeler.maxcompiler.v2.utils.MathUtils;
[maxjcompiler] 	       ^^^^^^^^^^^^^^^^^^^^^^^^^^^^^^^^^^^^^^^^^^
[maxjcompiler] The import com.maxeler.maxcompiler.v2.utils.MathUtils is never used
[maxjcompiler] ----------
[maxjcompiler] ----------
[maxjcompiler] 58. WARNING in /local/ssd/home/mattfel/transform_regression_tests_21-24/hyperdsl/spatial/regression_tests/unit/10_BlockReduce1D/out/maxj/src/static/templates/PQSM.maxj (at line 5)
[maxjcompiler] 	import com.maxeler.maxcompiler.v2.statemachine.DFEsmStateEnum;
[maxjcompiler] 	       ^^^^^^^^^^^^^^^^^^^^^^^^^^^^^^^^^^^^^^^^^^^^^^^^^^^^^^
[maxjcompiler] The import com.maxeler.maxcompiler.v2.statemachine.DFEsmStateEnum is never used
[maxjcompiler] ----------
[maxjcompiler] 59. WARNING in /local/ssd/home/mattfel/transform_regression_tests_21-24/hyperdsl/spatial/regression_tests/unit/10_BlockReduce1D/out/maxj/src/static/templates/PQSM.maxj (at line 9)
[maxjcompiler] 	import com.maxeler.maxcompiler.v2.statemachine.DFEsmAssignableValue;
[maxjcompiler] 	       ^^^^^^^^^^^^^^^^^^^^^^^^^^^^^^^^^^^^^^^^^^^^^^^^^^^^^^^^^^^^
[maxjcompiler] The import com.maxeler.maxcompiler.v2.statemachine.DFEsmAssignableValue is never used
[maxjcompiler] ----------
[maxjcompiler] 60. WARNING in /local/ssd/home/mattfel/transform_regression_tests_21-24/hyperdsl/spatial/regression_tests/unit/10_BlockReduce1D/out/maxj/src/static/templates/PQSM.maxj (at line 11)
[maxjcompiler] 	import com.maxeler.maxcompiler.v2.statemachine.DFEsmVariable;
[maxjcompiler] 	       ^^^^^^^^^^^^^^^^^^^^^^^^^^^^^^^^^^^^^^^^^^^^^^^^^^^^^
[maxjcompiler] The import com.maxeler.maxcompiler.v2.statemachine.DFEsmVariable is never used
[maxjcompiler] ----------
[maxjcompiler] 61. WARNING in /local/ssd/home/mattfel/transform_regression_tests_21-24/hyperdsl/spatial/regression_tests/unit/10_BlockReduce1D/out/maxj/src/static/templates/PQSM.maxj (at line 13)
[maxjcompiler] 	import com.maxeler.maxcompiler.v2.statemachine.types.DFEsmTypeFactory;
[maxjcompiler] 	       ^^^^^^^^^^^^^^^^^^^^^^^^^^^^^^^^^^^^^^^^^^^^^^^^^^^^^^^^^^^^^^
[maxjcompiler] The import com.maxeler.maxcompiler.v2.statemachine.types.DFEsmTypeFactory is never used
[maxjcompiler] ----------
[maxjcompiler] 62. WARNING in /local/ssd/home/mattfel/transform_regression_tests_21-24/hyperdsl/spatial/regression_tests/unit/10_BlockReduce1D/out/maxj/src/static/templates/PQSM.maxj (at line 14)
[maxjcompiler] 	import com.maxeler.maxcompiler.v2.statemachine.StateMachineLib;
[maxjcompiler] 	       ^^^^^^^^^^^^^^^^^^^^^^^^^^^^^^^^^^^^^^^^^^^^^^^^^^^^^^^
[maxjcompiler] The import com.maxeler.maxcompiler.v2.statemachine.StateMachineLib is never used
[maxjcompiler] ----------
[maxjcompiler] 63. WARNING in /local/ssd/home/mattfel/transform_regression_tests_21-24/hyperdsl/spatial/regression_tests/unit/10_BlockReduce1D/out/maxj/src/static/templates/PQSM.maxj (at line 90)
[maxjcompiler] 	private void resetElemsFF() {
[maxjcompiler] 	             ^^^^^^^^^^^^^^
[maxjcompiler] The method resetElemsFF() from the type PQSM is never used locally
[maxjcompiler] ----------
[maxjcompiler] 64. WARNING in /local/ssd/home/mattfel/transform_regression_tests_21-24/hyperdsl/spatial/regression_tests/unit/10_BlockReduce1D/out/maxj/src/static/templates/PQSM.maxj (at line 99)
[maxjcompiler] 	private void write() {
[maxjcompiler] 	             ^^^^^^^
[maxjcompiler] The method write() from the type PQSM is never used locally
[maxjcompiler] ----------
[maxjcompiler] 65. WARNING in /local/ssd/home/mattfel/transform_regression_tests_21-24/hyperdsl/spatial/regression_tests/unit/10_BlockReduce1D/out/maxj/src/static/templates/PQSM.maxj (at line 116)
[maxjcompiler] 	private void stall() {
[maxjcompiler] 	             ^^^^^^^
[maxjcompiler] The method stall() from the type PQSM is never used locally
[maxjcompiler] ----------
[maxjcompiler] ----------
[maxjcompiler] 66. WARNING in /local/ssd/home/mattfel/transform_regression_tests_21-24/hyperdsl/spatial/regression_tests/unit/10_BlockReduce1D/out/maxj/src/static/templates/BoxedMem.maxj (at line 7)
[maxjcompiler] 	import com.maxeler.maxcompiler.v2.kernelcompiler.SMIO;
[maxjcompiler] 	       ^^^^^^^^^^^^^^^^^^^^^^^^^^^^^^^^^^^^^^^^^^^^^^
[maxjcompiler] The import com.maxeler.maxcompiler.v2.kernelcompiler.SMIO is never used
[maxjcompiler] ----------
[maxjcompiler] 67. WARNING in /local/ssd/home/mattfel/transform_regression_tests_21-24/hyperdsl/spatial/regression_tests/unit/10_BlockReduce1D/out/maxj/src/static/templates/BoxedMem.maxj (at line 8)
[maxjcompiler] 	import com.maxeler.maxcompiler.v2.utils.MathUtils;
[maxjcompiler] 	       ^^^^^^^^^^^^^^^^^^^^^^^^^^^^^^^^^^^^^^^^^^
[maxjcompiler] The import com.maxeler.maxcompiler.v2.utils.MathUtils is never used
[maxjcompiler] ----------
[maxjcompiler] 68. WARNING in /local/ssd/home/mattfel/transform_regression_tests_21-24/hyperdsl/spatial/regression_tests/unit/10_BlockReduce1D/out/maxj/src/static/templates/BoxedMem.maxj (at line 10)
[maxjcompiler] 	import com.maxeler.maxcompiler.v2.kernelcompiler.types.composite.DFEVector;
[maxjcompiler] 	       ^^^^^^^^^^^^^^^^^^^^^^^^^^^^^^^^^^^^^^^^^^^^^^^^^^^^^^^^^^^^^^^^^^^
[maxjcompiler] The import com.maxeler.maxcompiler.v2.kernelcompiler.types.composite.DFEVector is never used
[maxjcompiler] ----------
[maxjcompiler] ----------
[maxjcompiler] 69. WARNING in /local/ssd/home/mattfel/transform_regression_tests_21-24/hyperdsl/spatial/regression_tests/unit/10_BlockReduce1D/out/maxj/src/static/templates/MemoryCmdSt.maxj (at line 7)
[maxjcompiler] 	import com.maxeler.maxcompiler.v2.kernelcompiler.stdlib.core.CounterChain;
[maxjcompiler] 	       ^^^^^^^^^^^^^^^^^^^^^^^^^^^^^^^^^^^^^^^^^^^^^^^^^^^^^^^^^^^^^^^^^^
[maxjcompiler] The import com.maxeler.maxcompiler.v2.kernelcompiler.stdlib.core.CounterChain is never used
[maxjcompiler] ----------
[maxjcompiler] 70. WARNING in /local/ssd/home/mattfel/transform_regression_tests_21-24/hyperdsl/spatial/regression_tests/unit/10_BlockReduce1D/out/maxj/src/static/templates/MemoryCmdSt.maxj (at line 12)
[maxjcompiler] 	import com.maxeler.maxcompiler.v2.kernelcompiler.Optimization;
[maxjcompiler] 	       ^^^^^^^^^^^^^^^^^^^^^^^^^^^^^^^^^^^^^^^^^^^^^^^^^^^^^^
[maxjcompiler] The import com.maxeler.maxcompiler.v2.kernelcompiler.Optimization is never used
[maxjcompiler] ----------
[maxjcompiler] 71. WARNING in /local/ssd/home/mattfel/transform_regression_tests_21-24/hyperdsl/spatial/regression_tests/unit/10_BlockReduce1D/out/maxj/src/static/templates/MemoryCmdSt.maxj (at line 13)
[maxjcompiler] 	import com.maxeler.maxcompiler.v2.kernelcompiler.stdlib.Reductions;
[maxjcompiler] 	       ^^^^^^^^^^^^^^^^^^^^^^^^^^^^^^^^^^^^^^^^^^^^^^^^^^^^^^^^^^^
[maxjcompiler] The import com.maxeler.maxcompiler.v2.kernelcompiler.stdlib.Reductions is never used
[maxjcompiler] ----------
[maxjcompiler] 72. WARNING in /local/ssd/home/mattfel/transform_regression_tests_21-24/hyperdsl/spatial/regression_tests/unit/10_BlockReduce1D/out/maxj/src/static/templates/MemoryCmdSt.maxj (at line 14)
[maxjcompiler] 	import com.maxeler.maxcompiler.v2.kernelcompiler.stdlib.core.Stream.OffsetExpr;
[maxjcompiler] 	       ^^^^^^^^^^^^^^^^^^^^^^^^^^^^^^^^^^^^^^^^^^^^^^^^^^^^^^^^^^^^^^^^^^^^^^^
[maxjcompiler] The import com.maxeler.maxcompiler.v2.kernelcompiler.stdlib.core.Stream.OffsetExpr is never used
[maxjcompiler] ----------
[maxjcompiler] 73. WARNING in /local/ssd/home/mattfel/transform_regression_tests_21-24/hyperdsl/spatial/regression_tests/unit/10_BlockReduce1D/out/maxj/src/static/templates/MemoryCmdSt.maxj (at line 19)
[maxjcompiler] 	import com.maxeler.maxcompiler.v2.kernelcompiler.types.composite.DFEStruct;
[maxjcompiler] 	       ^^^^^^^^^^^^^^^^^^^^^^^^^^^^^^^^^^^^^^^^^^^^^^^^^^^^^^^^^^^^^^^^^^^
[maxjcompiler] The import com.maxeler.maxcompiler.v2.kernelcompiler.types.composite.DFEStruct is never used
[maxjcompiler] ----------
[maxjcompiler] 74. WARNING in /local/ssd/home/mattfel/transform_regression_tests_21-24/hyperdsl/spatial/regression_tests/unit/10_BlockReduce1D/out/maxj/src/static/templates/MemoryCmdSt.maxj (at line 20)
[maxjcompiler] 	import com.maxeler.maxcompiler.v2.kernelcompiler.types.composite.DFEStructType;
[maxjcompiler] 	       ^^^^^^^^^^^^^^^^^^^^^^^^^^^^^^^^^^^^^^^^^^^^^^^^^^^^^^^^^^^^^^^^^^^^^^^
[maxjcompiler] The import com.maxeler.maxcompiler.v2.kernelcompiler.types.composite.DFEStructType is never used
[maxjcompiler] ----------
[maxjcompiler] 75. WARNING in /local/ssd/home/mattfel/transform_regression_tests_21-24/hyperdsl/spatial/regression_tests/unit/10_BlockReduce1D/out/maxj/src/static/templates/MemoryCmdSt.maxj (at line 21)
[maxjcompiler] 	import com.maxeler.maxcompiler.v2.kernelcompiler.types.composite.DFEStructType.StructFieldType;
[maxjcompiler] 	       ^^^^^^^^^^^^^^^^^^^^^^^^^^^^^^^^^^^^^^^^^^^^^^^^^^^^^^^^^^^^^^^^^^^^^^^^^^^^^^^^^^^^^^^
[maxjcompiler] The import com.maxeler.maxcompiler.v2.kernelcompiler.types.composite.DFEStructType.StructFieldType is never used
[maxjcompiler] ----------
[maxjcompiler] 76. WARNING in /local/ssd/home/mattfel/transform_regression_tests_21-24/hyperdsl/spatial/regression_tests/unit/10_BlockReduce1D/out/maxj/src/static/templates/MemoryCmdSt.maxj (at line 22)
[maxjcompiler] 	import java.util.ArrayList;
[maxjcompiler] 	       ^^^^^^^^^^^^^^^^^^^
[maxjcompiler] The import java.util.ArrayList is never used
[maxjcompiler] ----------
[maxjcompiler] 77. WARNING in /local/ssd/home/mattfel/transform_regression_tests_21-24/hyperdsl/spatial/regression_tests/unit/10_BlockReduce1D/out/maxj/src/static/templates/MemoryCmdSt.maxj (at line 83)
[maxjcompiler] 	int par = wdata.getSize();
[maxjcompiler] 	    ^^^
[maxjcompiler] The local variable par is never read
[maxjcompiler] ----------
[maxjcompiler] ----------
[maxjcompiler] 78. WARNING in /local/ssd/home/mattfel/transform_regression_tests_21-24/hyperdsl/spatial/regression_tests/unit/10_BlockReduce1D/out/maxj/src/static/templates/DoubleCtrSM.maxj (at line 8)
[maxjcompiler] 	import com.maxeler.maxcompiler.v2.statemachine.DFEsmValue;
[maxjcompiler] 	       ^^^^^^^^^^^^^^^^^^^^^^^^^^^^^^^^^^^^^^^^^^^^^^^^^^
[maxjcompiler] The import com.maxeler.maxcompiler.v2.statemachine.DFEsmValue is never used
[maxjcompiler] ----------
[maxjcompiler] 79. WARNING in /local/ssd/home/mattfel/transform_regression_tests_21-24/hyperdsl/spatial/regression_tests/unit/10_BlockReduce1D/out/maxj/src/static/templates/DoubleCtrSM.maxj (at line 21)
[maxjcompiler] 	private final int start0;
[maxjcompiler] 	                  ^^^^^^
[maxjcompiler] The field DoubleCtrSM.start0 is never read locally
[maxjcompiler] ----------
[maxjcompiler] 80. WARNING in /local/ssd/home/mattfel/transform_regression_tests_21-24/hyperdsl/spatial/regression_tests/unit/10_BlockReduce1D/out/maxj/src/static/templates/DoubleCtrSM.maxj (at line 24)
[maxjcompiler] 	private final int start1;
[maxjcompiler] 	                  ^^^^^^
[maxjcompiler] The field DoubleCtrSM.start1 is never read locally
[maxjcompiler] ----------
[maxjcompiler] ----------
[maxjcompiler] 81. WARNING in /local/ssd/home/mattfel/transform_regression_tests_21-24/hyperdsl/spatial/regression_tests/unit/10_BlockReduce1D/out/maxj/src/static/templates/BlockStorer.maxj (at line 6)
[maxjcompiler] 	import com.maxeler.maxcompiler.v2.kernelcompiler.stdlib.core.CounterChain;
[maxjcompiler] 	       ^^^^^^^^^^^^^^^^^^^^^^^^^^^^^^^^^^^^^^^^^^^^^^^^^^^^^^^^^^^^^^^^^^
[maxjcompiler] The import com.maxeler.maxcompiler.v2.kernelcompiler.stdlib.core.CounterChain is never used
[maxjcompiler] ----------
[maxjcompiler] 82. WARNING in /local/ssd/home/mattfel/transform_regression_tests_21-24/hyperdsl/spatial/regression_tests/unit/10_BlockReduce1D/out/maxj/src/static/templates/BlockStorer.maxj (at line 11)
[maxjcompiler] 	import com.maxeler.maxcompiler.v2.kernelcompiler.Optimization;
[maxjcompiler] 	       ^^^^^^^^^^^^^^^^^^^^^^^^^^^^^^^^^^^^^^^^^^^^^^^^^^^^^^
[maxjcompiler] The import com.maxeler.maxcompiler.v2.kernelcompiler.Optimization is never used
[maxjcompiler] ----------
[maxjcompiler] ----------
[maxjcompiler] 83. WARNING in /local/ssd/home/mattfel/transform_regression_tests_21-24/hyperdsl/spatial/regression_tests/unit/10_BlockReduce1D/out/maxj/src/static/templates/DummyMemLib.maxj (at line 5)
[maxjcompiler] 	import com.maxeler.maxcompiler.v2.kernelcompiler.stdlib.memory.Memory;
[maxjcompiler] 	       ^^^^^^^^^^^^^^^^^^^^^^^^^^^^^^^^^^^^^^^^^^^^^^^^^^^^^^^^^^^^^^
[maxjcompiler] The import com.maxeler.maxcompiler.v2.kernelcompiler.stdlib.memory.Memory is never used
[maxjcompiler] ----------
[maxjcompiler] 84. WARNING in /local/ssd/home/mattfel/transform_regression_tests_21-24/hyperdsl/spatial/regression_tests/unit/10_BlockReduce1D/out/maxj/src/static/templates/DummyMemLib.maxj (at line 6)
[maxjcompiler] 	import com.maxeler.maxcompiler.v2.kernelcompiler.SMIO;
[maxjcompiler] 	       ^^^^^^^^^^^^^^^^^^^^^^^^^^^^^^^^^^^^^^^^^^^^^^
[maxjcompiler] The import com.maxeler.maxcompiler.v2.kernelcompiler.SMIO is never used
[maxjcompiler] ----------
[maxjcompiler] 85. WARNING in /local/ssd/home/mattfel/transform_regression_tests_21-24/hyperdsl/spatial/regression_tests/unit/10_BlockReduce1D/out/maxj/src/static/templates/DummyMemLib.maxj (at line 7)
[maxjcompiler] 	import com.maxeler.maxcompiler.v2.utils.MathUtils;
[maxjcompiler] 	       ^^^^^^^^^^^^^^^^^^^^^^^^^^^^^^^^^^^^^^^^^^
[maxjcompiler] The import com.maxeler.maxcompiler.v2.utils.MathUtils is never used
[maxjcompiler] ----------
[maxjcompiler] ----------
[maxjcompiler] 86. WARNING in /local/ssd/home/mattfel/transform_regression_tests_21-24/hyperdsl/spatial/regression_tests/unit/10_BlockReduce1D/out/maxj/src/static/templates/BramLib.maxj (at line 5)
[maxjcompiler] 	import com.maxeler.maxcompiler.v2.kernelcompiler.stdlib.memory.Memory;
[maxjcompiler] 	       ^^^^^^^^^^^^^^^^^^^^^^^^^^^^^^^^^^^^^^^^^^^^^^^^^^^^^^^^^^^^^^
[maxjcompiler] The import com.maxeler.maxcompiler.v2.kernelcompiler.stdlib.memory.Memory is never used
[maxjcompiler] ----------
[maxjcompiler] 87. WARNING in /local/ssd/home/mattfel/transform_regression_tests_21-24/hyperdsl/spatial/regression_tests/unit/10_BlockReduce1D/out/maxj/src/static/templates/BramLib.maxj (at line 6)
[maxjcompiler] 	import com.maxeler.maxcompiler.v2.kernelcompiler.SMIO;
[maxjcompiler] 	       ^^^^^^^^^^^^^^^^^^^^^^^^^^^^^^^^^^^^^^^^^^^^^^
[maxjcompiler] The import com.maxeler.maxcompiler.v2.kernelcompiler.SMIO is never used
[maxjcompiler] ----------
[maxjcompiler] 88. WARNING in /local/ssd/home/mattfel/transform_regression_tests_21-24/hyperdsl/spatial/regression_tests/unit/10_BlockReduce1D/out/maxj/src/static/templates/BramLib.maxj (at line 635)
[maxjcompiler] 	DFEVar bank_addr = bankAndLocalAddr(srcAddr[i], AddrMode.BANK);
[maxjcompiler] 	       ^^^^^^^^^
[maxjcompiler] The local variable bank_addr is never read
[maxjcompiler] ----------
[maxjcompiler] 89. WARNING in /local/ssd/home/mattfel/transform_regression_tests_21-24/hyperdsl/spatial/regression_tests/unit/10_BlockReduce1D/out/maxj/src/static/templates/BramLib.maxj (at line 648)
[maxjcompiler] 	DFEVar rd_delta = srcAddr[1] - srcAddr[0];
[maxjcompiler] 	       ^^^^^^^^
[maxjcompiler] The local variable rd_delta is never read
[maxjcompiler] ----------
[maxjcompiler] ----------
[maxjcompiler] 90. WARNING in /local/ssd/home/mattfel/transform_regression_tests_21-24/hyperdsl/spatial/regression_tests/unit/10_BlockReduce1D/out/maxj/src/static/templates/GroupByReduce.maxj (at line 5)
[maxjcompiler] 	import com.maxeler.maxcompiler.v2.kernelcompiler.stdlib.memory.Memory;
[maxjcompiler] 	       ^^^^^^^^^^^^^^^^^^^^^^^^^^^^^^^^^^^^^^^^^^^^^^^^^^^^^^^^^^^^^^
[maxjcompiler] The import com.maxeler.maxcompiler.v2.kernelcompiler.stdlib.memory.Memory is never used
[maxjcompiler] ----------
[maxjcompiler] 91. WARNING in /local/ssd/home/mattfel/transform_regression_tests_21-24/hyperdsl/spatial/regression_tests/unit/10_BlockReduce1D/out/maxj/src/static/templates/GroupByReduce.maxj (at line 7)
[maxjcompiler] 	import com.maxeler.maxcompiler.v2.utils.MathUtils;
[maxjcompiler] 	       ^^^^^^^^^^^^^^^^^^^^^^^^^^^^^^^^^^^^^^^^^^
[maxjcompiler] The import com.maxeler.maxcompiler.v2.utils.MathUtils is never used
[maxjcompiler] ----------
[maxjcompiler] 92. WARNING in /local/ssd/home/mattfel/transform_regression_tests_21-24/hyperdsl/spatial/regression_tests/unit/10_BlockReduce1D/out/maxj/src/static/templates/GroupByReduce.maxj (at line 11)
[maxjcompiler] 	import com.maxeler.maxcompiler.v2.kernelcompiler.stdlib.KernelMath;
[maxjcompiler] 	       ^^^^^^^^^^^^^^^^^^^^^^^^^^^^^^^^^^^^^^^^^^^^^^^^^^^^^^^^^^^
[maxjcompiler] The import com.maxeler.maxcompiler.v2.kernelcompiler.stdlib.KernelMath is never used
[maxjcompiler] ----------
[maxjcompiler] 93. WARNING in /local/ssd/home/mattfel/transform_regression_tests_21-24/hyperdsl/spatial/regression_tests/unit/10_BlockReduce1D/out/maxj/src/static/templates/GroupByReduce.maxj (at line 14)
[maxjcompiler] 	import java.util.ArrayList;
[maxjcompiler] 	       ^^^^^^^^^^^^^^^^^^^
[maxjcompiler] The import java.util.ArrayList is never used
[maxjcompiler] ----------
[maxjcompiler] 94. WARNING in /local/ssd/home/mattfel/transform_regression_tests_21-24/hyperdsl/spatial/regression_tests/unit/10_BlockReduce1D/out/maxj/src/static/templates/GroupByReduce.maxj (at line 77)
[maxjcompiler] 	DFEVar test = constant.var(tag.getType(), 0) === tag;
[maxjcompiler] 	       ^^^^
[maxjcompiler] The local variable test is never read
[maxjcompiler] ----------
[maxjcompiler] ----------
[maxjcompiler] 95. WARNING in /local/ssd/home/mattfel/transform_regression_tests_21-24/hyperdsl/spatial/regression_tests/unit/10_BlockReduce1D/out/maxj/src/static/templates/FFMem.maxj (at line 5)
[maxjcompiler] 	import com.maxeler.maxcompiler.v2.kernelcompiler.stdlib.memory.Memory;
[maxjcompiler] 	       ^^^^^^^^^^^^^^^^^^^^^^^^^^^^^^^^^^^^^^^^^^^^^^^^^^^^^^^^^^^^^^
[maxjcompiler] The import com.maxeler.maxcompiler.v2.kernelcompiler.stdlib.memory.Memory is never used
[maxjcompiler] ----------
[maxjcompiler] 96. WARNING in /local/ssd/home/mattfel/transform_regression_tests_21-24/hyperdsl/spatial/regression_tests/unit/10_BlockReduce1D/out/maxj/src/static/templates/FFMem.maxj (at line 6)
[maxjcompiler] 	import com.maxeler.maxcompiler.v2.kernelcompiler.SMIO;
[maxjcompiler] 	       ^^^^^^^^^^^^^^^^^^^^^^^^^^^^^^^^^^^^^^^^^^^^^^
[maxjcompiler] The import com.maxeler.maxcompiler.v2.kernelcompiler.SMIO is never used
[maxjcompiler] ----------
[maxjcompiler] 97. WARNING in /local/ssd/home/mattfel/transform_regression_tests_21-24/hyperdsl/spatial/regression_tests/unit/10_BlockReduce1D/out/maxj/src/static/templates/FFMem.maxj (at line 7)
[maxjcompiler] 	import com.maxeler.maxcompiler.v2.utils.MathUtils;
[maxjcompiler] 	       ^^^^^^^^^^^^^^^^^^^^^^^^^^^^^^^^^^^^^^^^^^
[maxjcompiler] The import com.maxeler.maxcompiler.v2.utils.MathUtils is never used
[maxjcompiler] ----------
[maxjcompiler] 98. WARNING in /local/ssd/home/mattfel/transform_regression_tests_21-24/hyperdsl/spatial/regression_tests/unit/10_BlockReduce1D/out/maxj/src/static/templates/FFMem.maxj (at line 9)
[maxjcompiler] 	import com.maxeler.maxcompiler.v2.kernelcompiler.types.composite.DFEVector;
[maxjcompiler] 	       ^^^^^^^^^^^^^^^^^^^^^^^^^^^^^^^^^^^^^^^^^^^^^^^^^^^^^^^^^^^^^^^^^^^
[maxjcompiler] The import com.maxeler.maxcompiler.v2.kernelcompiler.types.composite.DFEVector is never used
[maxjcompiler] ----------
[maxjcompiler] ----------
[maxjcompiler] 99. WARNING in /local/ssd/home/mattfel/transform_regression_tests_21-24/hyperdsl/spatial/regression_tests/unit/10_BlockReduce1D/out/maxj/src/static/templates/SpatialUtils.maxj (at line 2)
[maxjcompiler] 	import com.maxeler.maxcompiler.v2.kernelcompiler.stdlib.core.Count.Counter;
[maxjcompiler] 	       ^^^^^^^^^^^^^^^^^^^^^^^^^^^^^^^^^^^^^^^^^^^^^^^^^^^^^^^^^^^^^^^^^^^
[maxjcompiler] The import com.maxeler.maxcompiler.v2.kernelcompiler.stdlib.core.Count.Counter is never used
[maxjcompiler] ----------
[maxjcompiler] 100. WARNING in /local/ssd/home/mattfel/transform_regression_tests_21-24/hyperdsl/spatial/regression_tests/unit/10_BlockReduce1D/out/maxj/src/static/templates/SpatialUtils.maxj (at line 3)
[maxjcompiler] 	import com.maxeler.maxcompiler.v2.kernelcompiler.stdlib.core.CounterChain;
[maxjcompiler] 	       ^^^^^^^^^^^^^^^^^^^^^^^^^^^^^^^^^^^^^^^^^^^^^^^^^^^^^^^^^^^^^^^^^^
[maxjcompiler] The import com.maxeler.maxcompiler.v2.kernelcompiler.stdlib.core.CounterChain is never used
[maxjcompiler] ----------
[maxjcompiler] 101. WARNING in /local/ssd/home/mattfel/transform_regression_tests_21-24/hyperdsl/spatial/regression_tests/unit/10_BlockReduce1D/out/maxj/src/static/templates/SpatialUtils.maxj (at line 4)
[maxjcompiler] 	import com.maxeler.maxcompiler.v2.kernelcompiler.stdlib.core.Count;
[maxjcompiler] 	       ^^^^^^^^^^^^^^^^^^^^^^^^^^^^^^^^^^^^^^^^^^^^^^^^^^^^^^^^^^^
[maxjcompiler] The import com.maxeler.maxcompiler.v2.kernelcompiler.stdlib.core.Count is never used
[maxjcompiler] ----------
[maxjcompiler] 102. WARNING in /local/ssd/home/mattfel/transform_regression_tests_21-24/hyperdsl/spatial/regression_tests/unit/10_BlockReduce1D/out/maxj/src/static/templates/SpatialUtils.maxj (at line 5)
[maxjcompiler] 	import com.maxeler.maxcompiler.v2.kernelcompiler.stdlib.core.Count.WrapMode;
[maxjcompiler] 	       ^^^^^^^^^^^^^^^^^^^^^^^^^^^^^^^^^^^^^^^^^^^^^^^^^^^^^^^^^^^^^^^^^^^^
[maxjcompiler] The import com.maxeler.maxcompiler.v2.kernelcompiler.stdlib.core.Count.WrapMode is never used
[maxjcompiler] ----------
[maxjcompiler] 103. WARNING in /local/ssd/home/mattfel/transform_regression_tests_21-24/hyperdsl/spatial/regression_tests/unit/10_BlockReduce1D/out/maxj/src/static/templates/SpatialUtils.maxj (at line 6)
[maxjcompiler] 	import com.maxeler.maxcompiler.v2.kernelcompiler.stdlib.core.Count.Params;
[maxjcompiler] 	       ^^^^^^^^^^^^^^^^^^^^^^^^^^^^^^^^^^^^^^^^^^^^^^^^^^^^^^^^^^^^^^^^^^
[maxjcompiler] The import com.maxeler.maxcompiler.v2.kernelcompiler.stdlib.core.Count.Params is never used
[maxjcompiler] ----------
[maxjcompiler] 104. WARNING in /local/ssd/home/mattfel/transform_regression_tests_21-24/hyperdsl/spatial/regression_tests/unit/10_BlockReduce1D/out/maxj/src/static/templates/SpatialUtils.maxj (at line 7)
[maxjcompiler] 	import com.maxeler.maxcompiler.v2.kernelcompiler.stdlib.memory.Memory;
[maxjcompiler] 	       ^^^^^^^^^^^^^^^^^^^^^^^^^^^^^^^^^^^^^^^^^^^^^^^^^^^^^^^^^^^^^^
[maxjcompiler] The import com.maxeler.maxcompiler.v2.kernelcompiler.stdlib.memory.Memory is never used
[maxjcompiler] ----------
[maxjcompiler] 105. WARNING in /local/ssd/home/mattfel/transform_regression_tests_21-24/hyperdsl/spatial/regression_tests/unit/10_BlockReduce1D/out/maxj/src/static/templates/SpatialUtils.maxj (at line 8)
[maxjcompiler] 	import com.maxeler.maxcompiler.v2.kernelcompiler.Kernel;
[maxjcompiler] 	       ^^^^^^^^^^^^^^^^^^^^^^^^^^^^^^^^^^^^^^^^^^^^^^^^
[maxjcompiler] The import com.maxeler.maxcompiler.v2.kernelcompiler.Kernel is never used
[maxjcompiler] ----------
[maxjcompiler] 106. WARNING in /local/ssd/home/mattfel/transform_regression_tests_21-24/hyperdsl/spatial/regression_tests/unit/10_BlockReduce1D/out/maxj/src/static/templates/SpatialUtils.maxj (at line 9)
[maxjcompiler] 	import com.maxeler.maxcompiler.v2.kernelcompiler.KernelParameters;
[maxjcompiler] 	       ^^^^^^^^^^^^^^^^^^^^^^^^^^^^^^^^^^^^^^^^^^^^^^^^^^^^^^^^^^
[maxjcompiler] The import com.maxeler.maxcompiler.v2.kernelcompiler.KernelParameters is never used
[maxjcompiler] ----------
[maxjcompiler] 107. WARNING in /local/ssd/home/mattfel/transform_regression_tests_21-24/hyperdsl/spatial/regression_tests/unit/10_BlockReduce1D/out/maxj/src/static/templates/SpatialUtils.maxj (at line 11)
[maxjcompiler] 	import com.maxeler.maxcompiler.v2.utils.MathUtils;
[maxjcompiler] 	       ^^^^^^^^^^^^^^^^^^^^^^^^^^^^^^^^^^^^^^^^^^
[maxjcompiler] The import com.maxeler.maxcompiler.v2.utils.MathUtils is never used
[maxjcompiler] ----------
[maxjcompiler] 108. WARNING in /local/ssd/home/mattfel/transform_regression_tests_21-24/hyperdsl/spatial/regression_tests/unit/10_BlockReduce1D/out/maxj/src/static/templates/SpatialUtils.maxj (at line 14)
[maxjcompiler] 	import com.maxeler.maxcompiler.v2.kernelcompiler.stdlib.KernelMath;
[maxjcompiler] 	       ^^^^^^^^^^^^^^^^^^^^^^^^^^^^^^^^^^^^^^^^^^^^^^^^^^^^^^^^^^^
[maxjcompiler] The import com.maxeler.maxcompiler.v2.kernelcompiler.stdlib.KernelMath is never used
[maxjcompiler] ----------
[maxjcompiler] 109. WARNING in /local/ssd/home/mattfel/transform_regression_tests_21-24/hyperdsl/spatial/regression_tests/unit/10_BlockReduce1D/out/maxj/src/static/templates/SpatialUtils.maxj (at line 15)
[maxjcompiler] 	import com.maxeler.maxcompiler.v2.kernelcompiler.types.base.DFEType;
[maxjcompiler] 	       ^^^^^^^^^^^^^^^^^^^^^^^^^^^^^^^^^^^^^^^^^^^^^^^^^^^^^^^^^^^^
[maxjcompiler] The import com.maxeler.maxcompiler.v2.kernelcompiler.types.base.DFEType is never used
[maxjcompiler] ----------
[maxjcompiler] 110. WARNING in /local/ssd/home/mattfel/transform_regression_tests_21-24/hyperdsl/spatial/regression_tests/unit/10_BlockReduce1D/out/maxj/src/static/templates/SpatialUtils.maxj (at line 16)
[maxjcompiler] 	import com.maxeler.maxcompiler.v2.kernelcompiler.stdlib.core.Stream.OffsetExpr;
[maxjcompiler] 	       ^^^^^^^^^^^^^^^^^^^^^^^^^^^^^^^^^^^^^^^^^^^^^^^^^^^^^^^^^^^^^^^^^^^^^^^
[maxjcompiler] The import com.maxeler.maxcompiler.v2.kernelcompiler.stdlib.core.Stream.OffsetExpr is never used
[maxjcompiler] ----------
[maxjcompiler] 111. WARNING in /local/ssd/home/mattfel/transform_regression_tests_21-24/hyperdsl/spatial/regression_tests/unit/10_BlockReduce1D/out/maxj/src/static/templates/SpatialUtils.maxj (at line 17)
[maxjcompiler] 	import com.maxeler.maxcompiler.v2.kernelcompiler.stdlib.Reductions;
[maxjcompiler] 	       ^^^^^^^^^^^^^^^^^^^^^^^^^^^^^^^^^^^^^^^^^^^^^^^^^^^^^^^^^^^
[maxjcompiler] The import com.maxeler.maxcompiler.v2.kernelcompiler.stdlib.Reductions is never used
[maxjcompiler] ----------
[maxjcompiler] 112. WARNING in /local/ssd/home/mattfel/transform_regression_tests_21-24/hyperdsl/spatial/regression_tests/unit/10_BlockReduce1D/out/maxj/src/static/templates/SpatialUtils.maxj (at line 18)
[maxjcompiler] 	import com.maxeler.maxcompiler.v2.kernelcompiler.SMIO;
[maxjcompiler] 	       ^^^^^^^^^^^^^^^^^^^^^^^^^^^^^^^^^^^^^^^^^^^^^^
[maxjcompiler] The import com.maxeler.maxcompiler.v2.kernelcompiler.SMIO is never used
[maxjcompiler] ----------
[maxjcompiler] 113. WARNING in /local/ssd/home/mattfel/transform_regression_tests_21-24/hyperdsl/spatial/regression_tests/unit/10_BlockReduce1D/out/maxj/src/static/templates/SpatialUtils.maxj (at line 19)
[maxjcompiler] 	import com.maxeler.maxcompiler.v2.kernelcompiler.stdlib.Accumulator;
[maxjcompiler] 	       ^^^^^^^^^^^^^^^^^^^^^^^^^^^^^^^^^^^^^^^^^^^^^^^^^^^^^^^^^^^^
[maxjcompiler] The import com.maxeler.maxcompiler.v2.kernelcompiler.stdlib.Accumulator is never used
[maxjcompiler] ----------
[maxjcompiler] 114. WARNING in /local/ssd/home/mattfel/transform_regression_tests_21-24/hyperdsl/spatial/regression_tests/unit/10_BlockReduce1D/out/maxj/src/static/templates/SpatialUtils.maxj (at line 20)
[maxjcompiler] 	import com.maxeler.maxcompiler.v2.kernelcompiler.types.base.DFEType;
[maxjcompiler] 	       ^^^^^^^^^^^^^^^^^^^^^^^^^^^^^^^^^^^^^^^^^^^^^^^^^^^^^^^^^^^^
[maxjcompiler] The import com.maxeler.maxcompiler.v2.kernelcompiler.types.base.DFEType is never used
[maxjcompiler] ----------
[maxjcompiler] 115. WARNING in /local/ssd/home/mattfel/transform_regression_tests_21-24/hyperdsl/spatial/regression_tests/unit/10_BlockReduce1D/out/maxj/src/static/templates/SpatialUtils.maxj (at line 21)
[maxjcompiler] 	import com.maxeler.maxcompiler.v2.kernelcompiler.types.composite.DFEVector;
[maxjcompiler] 	       ^^^^^^^^^^^^^^^^^^^^^^^^^^^^^^^^^^^^^^^^^^^^^^^^^^^^^^^^^^^^^^^^^^^
[maxjcompiler] The import com.maxeler.maxcompiler.v2.kernelcompiler.types.composite.DFEVector is never used
[maxjcompiler] ----------
[maxjcompiler] 116. WARNING in /local/ssd/home/mattfel/transform_regression_tests_21-24/hyperdsl/spatial/regression_tests/unit/10_BlockReduce1D/out/maxj/src/static/templates/SpatialUtils.maxj (at line 22)
[maxjcompiler] 	import com.maxeler.maxcompiler.v2.kernelcompiler.types.composite.DFEVectorType;
[maxjcompiler] 	       ^^^^^^^^^^^^^^^^^^^^^^^^^^^^^^^^^^^^^^^^^^^^^^^^^^^^^^^^^^^^^^^^^^^^^^^
[maxjcompiler] The import com.maxeler.maxcompiler.v2.kernelcompiler.types.composite.DFEVectorType is never used
[maxjcompiler] ----------
[maxjcompiler] 117. WARNING in /local/ssd/home/mattfel/transform_regression_tests_21-24/hyperdsl/spatial/regression_tests/unit/10_BlockReduce1D/out/maxj/src/static/templates/SpatialUtils.maxj (at line 24)
[maxjcompiler] 	import java.util.Arrays;
[maxjcompiler] 	       ^^^^^^^^^^^^^^^^
[maxjcompiler] The import java.util.Arrays is never used
[maxjcompiler] ----------
[maxjcompiler] ----------
[maxjcompiler] 118. WARNING in /local/ssd/home/mattfel/transform_regression_tests_21-24/hyperdsl/spatial/regression_tests/unit/10_BlockReduce1D/out/maxj/src/static/templates/NBufReg.maxj (at line 5)
[maxjcompiler] 	import com.maxeler.maxcompiler.v2.kernelcompiler.stdlib.memory.Memory;
[maxjcompiler] 	       ^^^^^^^^^^^^^^^^^^^^^^^^^^^^^^^^^^^^^^^^^^^^^^^^^^^^^^^^^^^^^^
[maxjcompiler] The import com.maxeler.maxcompiler.v2.kernelcompiler.stdlib.memory.Memory is never used
[maxjcompiler] ----------
[maxjcompiler] 119. WARNING in /local/ssd/home/mattfel/transform_regression_tests_21-24/hyperdsl/spatial/regression_tests/unit/10_BlockReduce1D/out/maxj/src/static/templates/NBufReg.maxj (at line 9)
[maxjcompiler] 	import com.maxeler.maxcompiler.v2.kernelcompiler.Optimization;
[maxjcompiler] 	       ^^^^^^^^^^^^^^^^^^^^^^^^^^^^^^^^^^^^^^^^^^^^^^^^^^^^^^
[maxjcompiler] The import com.maxeler.maxcompiler.v2.kernelcompiler.Optimization is never used
[maxjcompiler] ----------
[maxjcompiler] 120. WARNING in /local/ssd/home/mattfel/transform_regression_tests_21-24/hyperdsl/spatial/regression_tests/unit/10_BlockReduce1D/out/maxj/src/static/templates/NBufReg.maxj (at line 10)
[maxjcompiler] 	import com.maxeler.maxcompiler.v2.kernelcompiler.types.composite.DFEVector;
[maxjcompiler] 	       ^^^^^^^^^^^^^^^^^^^^^^^^^^^^^^^^^^^^^^^^^^^^^^^^^^^^^^^^^^^^^^^^^^^
[maxjcompiler] The import com.maxeler.maxcompiler.v2.kernelcompiler.types.composite.DFEVector is never used
[maxjcompiler] ----------
[maxjcompiler] 121. WARNING in /local/ssd/home/mattfel/transform_regression_tests_21-24/hyperdsl/spatial/regression_tests/unit/10_BlockReduce1D/out/maxj/src/static/templates/NBufReg.maxj (at line 11)
[maxjcompiler] 	import com.maxeler.maxcompiler.v2.kernelcompiler.types.composite.DFEVectorType;
[maxjcompiler] 	       ^^^^^^^^^^^^^^^^^^^^^^^^^^^^^^^^^^^^^^^^^^^^^^^^^^^^^^^^^^^^^^^^^^^^^^^
[maxjcompiler] The import com.maxeler.maxcompiler.v2.kernelcompiler.types.composite.DFEVectorType is never used
[maxjcompiler] ----------
[maxjcompiler] ----------
[maxjcompiler] 122. WARNING in /local/ssd/home/mattfel/transform_regression_tests_21-24/hyperdsl/spatial/regression_tests/unit/10_BlockReduce1D/out/maxj/src/static/templates/OnChipMem.maxj (at line 5)
[maxjcompiler] 	import com.maxeler.maxcompiler.v2.kernelcompiler.stdlib.memory.Memory;
[maxjcompiler] 	       ^^^^^^^^^^^^^^^^^^^^^^^^^^^^^^^^^^^^^^^^^^^^^^^^^^^^^^^^^^^^^^
[maxjcompiler] The import com.maxeler.maxcompiler.v2.kernelcompiler.stdlib.memory.Memory is never used
[maxjcompiler] ----------
[maxjcompiler] 123. WARNING in /local/ssd/home/mattfel/transform_regression_tests_21-24/hyperdsl/spatial/regression_tests/unit/10_BlockReduce1D/out/maxj/src/static/templates/OnChipMem.maxj (at line 6)
[maxjcompiler] 	import com.maxeler.maxcompiler.v2.kernelcompiler.SMIO;
[maxjcompiler] 	       ^^^^^^^^^^^^^^^^^^^^^^^^^^^^^^^^^^^^^^^^^^^^^^
[maxjcompiler] The import com.maxeler.maxcompiler.v2.kernelcompiler.SMIO is never used
[maxjcompiler] ----------
[maxjcompiler] 124. WARNING in /local/ssd/home/mattfel/transform_regression_tests_21-24/hyperdsl/spatial/regression_tests/unit/10_BlockReduce1D/out/maxj/src/static/templates/OnChipMem.maxj (at line 9)
[maxjcompiler] 	import com.maxeler.maxcompiler.v2.kernelcompiler.types.composite.DFEVector;
[maxjcompiler] 	       ^^^^^^^^^^^^^^^^^^^^^^^^^^^^^^^^^^^^^^^^^^^^^^^^^^^^^^^^^^^^^^^^^^^
[maxjcompiler] The import com.maxeler.maxcompiler.v2.kernelcompiler.types.composite.DFEVector is never used
[maxjcompiler] ----------
[maxjcompiler] ----------
[maxjcompiler] 125. WARNING in /local/ssd/home/mattfel/transform_regression_tests_21-24/hyperdsl/spatial/regression_tests/unit/10_BlockReduce1D/out/maxj/src/static/templates/DblBufKernelLib.maxj (at line 3)
[maxjcompiler] 	import java.util.List;
[maxjcompiler] 	       ^^^^^^^^^^^^^^
[maxjcompiler] The import java.util.List is never used
[maxjcompiler] ----------
[maxjcompiler] 126. WARNING in /local/ssd/home/mattfel/transform_regression_tests_21-24/hyperdsl/spatial/regression_tests/unit/10_BlockReduce1D/out/maxj/src/static/templates/DblBufKernelLib.maxj (at line 6)
[maxjcompiler] 	import com.maxeler.maxcompiler.v2.kernelcompiler.stdlib.memory.Memory;
[maxjcompiler] 	       ^^^^^^^^^^^^^^^^^^^^^^^^^^^^^^^^^^^^^^^^^^^^^^^^^^^^^^^^^^^^^^
[maxjcompiler] The import com.maxeler.maxcompiler.v2.kernelcompiler.stdlib.memory.Memory is never used
[maxjcompiler] ----------
[maxjcompiler] ----------
[maxjcompiler] 127. WARNING in /local/ssd/home/mattfel/transform_regression_tests_21-24/hyperdsl/spatial/regression_tests/unit/10_BlockReduce1D/out/maxj/src/static/templates/GatherSM.maxj (at line 9)
[maxjcompiler] 	import com.maxeler.maxcompiler.v2.utils.MathUtils;
[maxjcompiler] 	       ^^^^^^^^^^^^^^^^^^^^^^^^^^^^^^^^^^^^^^^^^^
[maxjcompiler] The import com.maxeler.maxcompiler.v2.utils.MathUtils is never used
[maxjcompiler] ----------
[maxjcompiler] ----------
[maxjcompiler] 128. WARNING in /local/ssd/home/mattfel/transform_regression_tests_21-24/hyperdsl/spatial/regression_tests/unit/10_BlockReduce1D/out/maxj/src/static/templates/BlockLoader.maxj (at line 6)
[maxjcompiler] 	import com.maxeler.maxcompiler.v2.kernelcompiler.stdlib.core.CounterChain;
[maxjcompiler] 	       ^^^^^^^^^^^^^^^^^^^^^^^^^^^^^^^^^^^^^^^^^^^^^^^^^^^^^^^^^^^^^^^^^^
[maxjcompiler] The import com.maxeler.maxcompiler.v2.kernelcompiler.stdlib.core.CounterChain is never used
[maxjcompiler] ----------
[maxjcompiler] 129. WARNING in /local/ssd/home/mattfel/transform_regression_tests_21-24/hyperdsl/spatial/regression_tests/unit/10_BlockReduce1D/out/maxj/src/static/templates/BlockLoader.maxj (at line 11)
[maxjcompiler] 	import com.maxeler.maxcompiler.v2.kernelcompiler.Optimization;
[maxjcompiler] 	       ^^^^^^^^^^^^^^^^^^^^^^^^^^^^^^^^^^^^^^^^^^^^^^^^^^^^^^
[maxjcompiler] The import com.maxeler.maxcompiler.v2.kernelcompiler.Optimization is never used
[maxjcompiler] ----------
[maxjcompiler] 130. WARNING in /local/ssd/home/mattfel/transform_regression_tests_21-24/hyperdsl/spatial/regression_tests/unit/10_BlockReduce1D/out/maxj/src/static/templates/BlockLoader.maxj (at line 308)
[maxjcompiler] 	DFEVector<DFEStruct> vecDataIn = vecType.newInstance(this);
[maxjcompiler] 	                     ^^^^^^^^^
[maxjcompiler] The local variable vecDataIn is never read
[maxjcompiler] ----------
[maxjcompiler] 130 problems (130 warnings)
     [echo] Compiling kernel
[maxjcompiler] 
[maxjcompiler] 
[maxjcompiler] Compiling to folder /local/ssd/home/mattfel/transform_regression_tests_21-24/hyperdsl/spatial/regression_tests/unit/10_BlockReduce1D/out/bin
[maxjcompiler] ----------
[maxjcompiler] 1. WARNING in /local/ssd/home/mattfel/transform_regression_tests_21-24/hyperdsl/spatial/regression_tests/unit/10_BlockReduce1D/out/maxj/src/static/TopKernel.maxj (at line 3)
[maxjcompiler] 	import com.maxeler.maxcompiler.v2.kernelcompiler.stdlib.core.Count.Counter;
[maxjcompiler] 	       ^^^^^^^^^^^^^^^^^^^^^^^^^^^^^^^^^^^^^^^^^^^^^^^^^^^^^^^^^^^^^^^^^^^
[maxjcompiler] The import com.maxeler.maxcompiler.v2.kernelcompiler.stdlib.core.Count.Counter is never used
[maxjcompiler] ----------
[maxjcompiler] 2. WARNING in /local/ssd/home/mattfel/transform_regression_tests_21-24/hyperdsl/spatial/regression_tests/unit/10_BlockReduce1D/out/maxj/src/static/TopKernel.maxj (at line 4)
[maxjcompiler] 	import com.maxeler.maxcompiler.v2.kernelcompiler.stdlib.core.CounterChain;
[maxjcompiler] 	       ^^^^^^^^^^^^^^^^^^^^^^^^^^^^^^^^^^^^^^^^^^^^^^^^^^^^^^^^^^^^^^^^^^
[maxjcompiler] The import com.maxeler.maxcompiler.v2.kernelcompiler.stdlib.core.CounterChain is never used
[maxjcompiler] ----------
[maxjcompiler] 3. WARNING in /local/ssd/home/mattfel/transform_regression_tests_21-24/hyperdsl/spatial/regression_tests/unit/10_BlockReduce1D/out/maxj/src/static/TopKernel.maxj (at line 6)
[maxjcompiler] 	import com.maxeler.maxcompiler.v2.kernelcompiler.stdlib.core.Count.Params;
[maxjcompiler] 	       ^^^^^^^^^^^^^^^^^^^^^^^^^^^^^^^^^^^^^^^^^^^^^^^^^^^^^^^^^^^^^^^^^^
[maxjcompiler] The import com.maxeler.maxcompiler.v2.kernelcompiler.stdlib.core.Count.Params is never used
[maxjcompiler] ----------
[maxjcompiler] 4. WARNING in /local/ssd/home/mattfel/transform_regression_tests_21-24/hyperdsl/spatial/regression_tests/unit/10_BlockReduce1D/out/maxj/src/static/TopKernel.maxj (at line 7)
[maxjcompiler] 	import com.maxeler.maxcompiler.v2.kernelcompiler.stdlib.memory.Memory;
[maxjcompiler] 	       ^^^^^^^^^^^^^^^^^^^^^^^^^^^^^^^^^^^^^^^^^^^^^^^^^^^^^^^^^^^^^^
[maxjcompiler] The import com.maxeler.maxcompiler.v2.kernelcompiler.stdlib.memory.Memory is never used
[maxjcompiler] ----------
[maxjcompiler] 5. WARNING in /local/ssd/home/mattfel/transform_regression_tests_21-24/hyperdsl/spatial/regression_tests/unit/10_BlockReduce1D/out/maxj/src/static/TopKernel.maxj (at line 12)
[maxjcompiler] 	import com.maxeler.maxcompiler.v2.utils.MathUtils;
[maxjcompiler] 	       ^^^^^^^^^^^^^^^^^^^^^^^^^^^^^^^^^^^^^^^^^^
[maxjcompiler] The import com.maxeler.maxcompiler.v2.utils.MathUtils is never used
[maxjcompiler] ----------
[maxjcompiler] 6. WARNING in /local/ssd/home/mattfel/transform_regression_tests_21-24/hyperdsl/spatial/regression_tests/unit/10_BlockReduce1D/out/maxj/src/static/TopKernel.maxj (at line 13)
[maxjcompiler] 	import com.maxeler.maxcompiler.v2.utils.Bits;
[maxjcompiler] 	       ^^^^^^^^^^^^^^^^^^^^^^^^^^^^^^^^^^^^^
[maxjcompiler] The import com.maxeler.maxcompiler.v2.utils.Bits is never used
[maxjcompiler] ----------
[maxjcompiler] 7. WARNING in /local/ssd/home/mattfel/transform_regression_tests_21-24/hyperdsl/spatial/regression_tests/unit/10_BlockReduce1D/out/maxj/src/static/TopKernel.maxj (at line 14)
[maxjcompiler] 	import com.maxeler.maxcompiler.v2.kernelcompiler.stdlib.core.CounterChain;
[maxjcompiler] 	       ^^^^^^^^^^^^^^^^^^^^^^^^^^^^^^^^^^^^^^^^^^^^^^^^^^^^^^^^^^^^^^^^^^
[maxjcompiler] The import com.maxeler.maxcompiler.v2.kernelcompiler.stdlib.core.CounterChain is never used
[maxjcompiler] ----------
[maxjcompiler] 8. WARNING in /local/ssd/home/mattfel/transform_regression_tests_21-24/hyperdsl/spatial/regression_tests/unit/10_BlockReduce1D/out/maxj/src/static/TopKernel.maxj (at line 17)
[maxjcompiler] 	import java.util.Random;
[maxjcompiler] 	       ^^^^^^^^^^^^^^^^
[maxjcompiler] The import java.util.Random is never used
[maxjcompiler] ----------
[maxjcompiler] ----------
[maxjcompiler] 9. WARNING in /local/ssd/home/mattfel/transform_regression_tests_21-24/hyperdsl/spatial/regression_tests/unit/10_BlockReduce1D/out/maxj/src/static/templates/SingleCtrSM.maxj (at line 8)
[maxjcompiler] 	import com.maxeler.maxcompiler.v2.statemachine.DFEsmValue;
[maxjcompiler] 	       ^^^^^^^^^^^^^^^^^^^^^^^^^^^^^^^^^^^^^^^^^^^^^^^^^^
[maxjcompiler] The import com.maxeler.maxcompiler.v2.statemachine.DFEsmValue is never used
[maxjcompiler] ----------
[maxjcompiler] ----------
[maxjcompiler] 10. WARNING in /local/ssd/home/mattfel/transform_regression_tests_21-24/hyperdsl/spatial/regression_tests/unit/10_BlockReduce1D/out/maxj/src/static/templates/PQ.maxj (at line 5)
[maxjcompiler] 	import com.maxeler.maxcompiler.v2.kernelcompiler.stdlib.memory.Memory;
[maxjcompiler] 	       ^^^^^^^^^^^^^^^^^^^^^^^^^^^^^^^^^^^^^^^^^^^^^^^^^^^^^^^^^^^^^^
[maxjcompiler] The import com.maxeler.maxcompiler.v2.kernelcompiler.stdlib.memory.Memory is never used
[maxjcompiler] ----------
[maxjcompiler] 11. WARNING in /local/ssd/home/mattfel/transform_regression_tests_21-24/hyperdsl/spatial/regression_tests/unit/10_BlockReduce1D/out/maxj/src/static/templates/PQ.maxj (at line 9)
[maxjcompiler] 	import com.maxeler.maxcompiler.v2.kernelcompiler.types.composite.DFEVector;
[maxjcompiler] 	       ^^^^^^^^^^^^^^^^^^^^^^^^^^^^^^^^^^^^^^^^^^^^^^^^^^^^^^^^^^^^^^^^^^^
[maxjcompiler] The import com.maxeler.maxcompiler.v2.kernelcompiler.types.composite.DFEVector is never used
[maxjcompiler] ----------
[maxjcompiler] 12. WARNING in /local/ssd/home/mattfel/transform_regression_tests_21-24/hyperdsl/spatial/regression_tests/unit/10_BlockReduce1D/out/maxj/src/static/templates/PQ.maxj (at line 10)
[maxjcompiler] 	import com.maxeler.maxcompiler.v2.kernelcompiler.stdlib.Reductions;
[maxjcompiler] 	       ^^^^^^^^^^^^^^^^^^^^^^^^^^^^^^^^^^^^^^^^^^^^^^^^^^^^^^^^^^^
[maxjcompiler] The import com.maxeler.maxcompiler.v2.kernelcompiler.stdlib.Reductions is never used
[maxjcompiler] ----------
[maxjcompiler] ----------
[maxjcompiler] 13. WARNING in /local/ssd/home/mattfel/transform_regression_tests_21-24/hyperdsl/spatial/regression_tests/unit/10_BlockReduce1D/out/maxj/src/static/templates/Scatter.maxj (at line 6)
[maxjcompiler] 	import com.maxeler.maxcompiler.v2.kernelcompiler.stdlib.core.CounterChain;
[maxjcompiler] 	       ^^^^^^^^^^^^^^^^^^^^^^^^^^^^^^^^^^^^^^^^^^^^^^^^^^^^^^^^^^^^^^^^^^
[maxjcompiler] The import com.maxeler.maxcompiler.v2.kernelcompiler.stdlib.core.CounterChain is never used
[maxjcompiler] ----------
[maxjcompiler] 14. WARNING in /local/ssd/home/mattfel/transform_regression_tests_21-24/hyperdsl/spatial/regression_tests/unit/10_BlockReduce1D/out/maxj/src/static/templates/Scatter.maxj (at line 7)
[maxjcompiler] 	import com.maxeler.maxcompiler.v2.kernelcompiler.stdlib.core.Count.WrapMode;
[maxjcompiler] 	       ^^^^^^^^^^^^^^^^^^^^^^^^^^^^^^^^^^^^^^^^^^^^^^^^^^^^^^^^^^^^^^^^^^^^
[maxjcompiler] The import com.maxeler.maxcompiler.v2.kernelcompiler.stdlib.core.Count.WrapMode is never used
[maxjcompiler] ----------
[maxjcompiler] 15. WARNING in /local/ssd/home/mattfel/transform_regression_tests_21-24/hyperdsl/spatial/regression_tests/unit/10_BlockReduce1D/out/maxj/src/static/templates/Scatter.maxj (at line 11)
[maxjcompiler] 	import com.maxeler.maxcompiler.v2.kernelcompiler.Optimization;
[maxjcompiler] 	       ^^^^^^^^^^^^^^^^^^^^^^^^^^^^^^^^^^^^^^^^^^^^^^^^^^^^^^
[maxjcompiler] The import com.maxeler.maxcompiler.v2.kernelcompiler.Optimization is never used
[maxjcompiler] ----------
[maxjcompiler] 16. WARNING in /local/ssd/home/mattfel/transform_regression_tests_21-24/hyperdsl/spatial/regression_tests/unit/10_BlockReduce1D/out/maxj/src/static/templates/Scatter.maxj (at line 12)
[maxjcompiler] 	import com.maxeler.maxcompiler.v2.kernelcompiler.stdlib.Reductions;
[maxjcompiler] 	       ^^^^^^^^^^^^^^^^^^^^^^^^^^^^^^^^^^^^^^^^^^^^^^^^^^^^^^^^^^^
[maxjcompiler] The import com.maxeler.maxcompiler.v2.kernelcompiler.stdlib.Reductions is never used
[maxjcompiler] ----------
[maxjcompiler] 17. WARNING in /local/ssd/home/mattfel/transform_regression_tests_21-24/hyperdsl/spatial/regression_tests/unit/10_BlockReduce1D/out/maxj/src/static/templates/Scatter.maxj (at line 19)
[maxjcompiler] 	import com.maxeler.maxcompiler.v2.kernelcompiler.types.composite.DFEVector;
[maxjcompiler] 	       ^^^^^^^^^^^^^^^^^^^^^^^^^^^^^^^^^^^^^^^^^^^^^^^^^^^^^^^^^^^^^^^^^^^
[maxjcompiler] The import com.maxeler.maxcompiler.v2.kernelcompiler.types.composite.DFEVector is never used
[maxjcompiler] ----------
[maxjcompiler] 18. WARNING in /local/ssd/home/mattfel/transform_regression_tests_21-24/hyperdsl/spatial/regression_tests/unit/10_BlockReduce1D/out/maxj/src/static/templates/Scatter.maxj (at line 20)
[maxjcompiler] 	import com.maxeler.maxcompiler.v2.kernelcompiler.types.composite.DFEVectorType;
[maxjcompiler] 	       ^^^^^^^^^^^^^^^^^^^^^^^^^^^^^^^^^^^^^^^^^^^^^^^^^^^^^^^^^^^^^^^^^^^^^^^
[maxjcompiler] The import com.maxeler.maxcompiler.v2.kernelcompiler.types.composite.DFEVectorType is never used
[maxjcompiler] ----------
[maxjcompiler] 19. WARNING in /local/ssd/home/mattfel/transform_regression_tests_21-24/hyperdsl/spatial/regression_tests/unit/10_BlockReduce1D/out/maxj/src/static/templates/Scatter.maxj (at line 21)
[maxjcompiler] 	import com.maxeler.maxcompiler.v2.kernelcompiler.types.composite.DFEStruct;
[maxjcompiler] 	       ^^^^^^^^^^^^^^^^^^^^^^^^^^^^^^^^^^^^^^^^^^^^^^^^^^^^^^^^^^^^^^^^^^^
[maxjcompiler] The import com.maxeler.maxcompiler.v2.kernelcompiler.types.composite.DFEStruct is never used
[maxjcompiler] ----------
[maxjcompiler] 20. WARNING in /local/ssd/home/mattfel/transform_regression_tests_21-24/hyperdsl/spatial/regression_tests/unit/10_BlockReduce1D/out/maxj/src/static/templates/Scatter.maxj (at line 22)
[maxjcompiler] 	import com.maxeler.maxcompiler.v2.kernelcompiler.types.composite.DFEStructType;
[maxjcompiler] 	       ^^^^^^^^^^^^^^^^^^^^^^^^^^^^^^^^^^^^^^^^^^^^^^^^^^^^^^^^^^^^^^^^^^^^^^^
[maxjcompiler] The import com.maxeler.maxcompiler.v2.kernelcompiler.types.composite.DFEStructType is never used
[maxjcompiler] ----------
[maxjcompiler] 21. WARNING in /local/ssd/home/mattfel/transform_regression_tests_21-24/hyperdsl/spatial/regression_tests/unit/10_BlockReduce1D/out/maxj/src/static/templates/Scatter.maxj (at line 23)
[maxjcompiler] 	import com.maxeler.maxcompiler.v2.kernelcompiler.types.composite.DFEStructType.StructFieldType;
[maxjcompiler] 	       ^^^^^^^^^^^^^^^^^^^^^^^^^^^^^^^^^^^^^^^^^^^^^^^^^^^^^^^^^^^^^^^^^^^^^^^^^^^^^^^^^^^^^^^
[maxjcompiler] The import com.maxeler.maxcompiler.v2.kernelcompiler.types.composite.DFEStructType.StructFieldType is never used
[maxjcompiler] ----------
[maxjcompiler] 22. WARNING in /local/ssd/home/mattfel/transform_regression_tests_21-24/hyperdsl/spatial/regression_tests/unit/10_BlockReduce1D/out/maxj/src/static/templates/Scatter.maxj (at line 24)
[maxjcompiler] 	import java.util.ArrayList;
[maxjcompiler] 	       ^^^^^^^^^^^^^^^^^^^
[maxjcompiler] The import java.util.ArrayList is never used
[maxjcompiler] ----------
[maxjcompiler] 23. WARNING in /local/ssd/home/mattfel/transform_regression_tests_21-24/hyperdsl/spatial/regression_tests/unit/10_BlockReduce1D/out/maxj/src/static/templates/Scatter.maxj (at line 75)
[maxjcompiler] 	DFEVar package_done = sm.getOutput("package_done");
[maxjcompiler] 	       ^^^^^^^^^^^^
[maxjcompiler] The local variable package_done is never read
[maxjcompiler] ----------
[maxjcompiler] 24. WARNING in /local/ssd/home/mattfel/transform_regression_tests_21-24/hyperdsl/spatial/regression_tests/unit/10_BlockReduce1D/out/maxj/src/static/templates/Scatter.maxj (at line 274)
[maxjcompiler] 	DFEVar package_done = sm.getOutput("package_done");
[maxjcompiler] 	       ^^^^^^^^^^^^
[maxjcompiler] The local variable package_done is never read
[maxjcompiler] ----------
[maxjcompiler] ----------
[maxjcompiler] 25. WARNING in /local/ssd/home/mattfel/transform_regression_tests_21-24/hyperdsl/spatial/regression_tests/unit/10_BlockReduce1D/out/maxj/src/static/templates/NBufSM.maxj (at line 9)
[maxjcompiler] 	import java.util.ArrayList;
[maxjcompiler] 	       ^^^^^^^^^^^^^^^^^^^
[maxjcompiler] The import java.util.ArrayList is never used
[maxjcompiler] ----------
[maxjcompiler] 26. WARNING in /local/ssd/home/mattfel/transform_regression_tests_21-24/hyperdsl/spatial/regression_tests/unit/10_BlockReduce1D/out/maxj/src/static/templates/NBufSM.maxj (at line 10)
[maxjcompiler] 	import java.util.List;
[maxjcompiler] 	       ^^^^^^^^^^^^^^
[maxjcompiler] The import java.util.List is never used
[maxjcompiler] ----------
[maxjcompiler] ----------
[maxjcompiler] 27. WARNING in /local/ssd/home/mattfel/transform_regression_tests_21-24/hyperdsl/spatial/regression_tests/unit/10_BlockReduce1D/out/maxj/src/static/templates/DblBufStateMachine.maxj (at line 48)
[maxjcompiler] 	this.numIter = numIter;
[maxjcompiler] 	^^^^^^^^^^^^^^^^^^^^^^
[maxjcompiler] The assignment to variable numIter has no effect
[maxjcompiler] ----------
[maxjcompiler] ----------
[maxjcompiler] 28. WARNING in /local/ssd/home/mattfel/transform_regression_tests_21-24/hyperdsl/spatial/regression_tests/unit/10_BlockReduce1D/out/maxj/src/static/templates/DblBufReg.maxj (at line 5)
[maxjcompiler] 	import com.maxeler.maxcompiler.v2.kernelcompiler.stdlib.memory.Memory;
[maxjcompiler] 	       ^^^^^^^^^^^^^^^^^^^^^^^^^^^^^^^^^^^^^^^^^^^^^^^^^^^^^^^^^^^^^^
[maxjcompiler] The import com.maxeler.maxcompiler.v2.kernelcompiler.stdlib.memory.Memory is never used
[maxjcompiler] ----------
[maxjcompiler] 29. WARNING in /local/ssd/home/mattfel/transform_regression_tests_21-24/hyperdsl/spatial/regression_tests/unit/10_BlockReduce1D/out/maxj/src/static/templates/DblBufReg.maxj (at line 7)
[maxjcompiler] 	import com.maxeler.maxcompiler.v2.utils.MathUtils;
[maxjcompiler] 	       ^^^^^^^^^^^^^^^^^^^^^^^^^^^^^^^^^^^^^^^^^^
[maxjcompiler] The import com.maxeler.maxcompiler.v2.utils.MathUtils is never used
[maxjcompiler] ----------
[maxjcompiler] 30. WARNING in /local/ssd/home/mattfel/transform_regression_tests_21-24/hyperdsl/spatial/regression_tests/unit/10_BlockReduce1D/out/maxj/src/static/templates/DblBufReg.maxj (at line 9)
[maxjcompiler] 	import com.maxeler.maxcompiler.v2.kernelcompiler.Optimization;
[maxjcompiler] 	       ^^^^^^^^^^^^^^^^^^^^^^^^^^^^^^^^^^^^^^^^^^^^^^^^^^^^^^
[maxjcompiler] The import com.maxeler.maxcompiler.v2.kernelcompiler.Optimization is never used
[maxjcompiler] ----------
[maxjcompiler] ----------
[maxjcompiler] 31. WARNING in /local/ssd/home/mattfel/transform_regression_tests_21-24/hyperdsl/spatial/regression_tests/unit/10_BlockReduce1D/out/maxj/src/static/templates/ScatterSM.maxj (at line 9)
[maxjcompiler] 	import com.maxeler.maxcompiler.v2.utils.MathUtils;
[maxjcompiler] 	       ^^^^^^^^^^^^^^^^^^^^^^^^^^^^^^^^^^^^^^^^^^
[maxjcompiler] The import com.maxeler.maxcompiler.v2.utils.MathUtils is never used
[maxjcompiler] ----------
[maxjcompiler] ----------
[maxjcompiler] 32. WARNING in /local/ssd/home/mattfel/transform_regression_tests_21-24/hyperdsl/spatial/regression_tests/unit/10_BlockReduce1D/out/maxj/src/static/templates/Gather.maxj (at line 6)
[maxjcompiler] 	import com.maxeler.maxcompiler.v2.kernelcompiler.stdlib.core.CounterChain;
[maxjcompiler] 	       ^^^^^^^^^^^^^^^^^^^^^^^^^^^^^^^^^^^^^^^^^^^^^^^^^^^^^^^^^^^^^^^^^^
[maxjcompiler] The import com.maxeler.maxcompiler.v2.kernelcompiler.stdlib.core.CounterChain is never used
[maxjcompiler] ----------
[maxjcompiler] 33. WARNING in /local/ssd/home/mattfel/transform_regression_tests_21-24/hyperdsl/spatial/regression_tests/unit/10_BlockReduce1D/out/maxj/src/static/templates/Gather.maxj (at line 7)
[maxjcompiler] 	import com.maxeler.maxcompiler.v2.kernelcompiler.stdlib.core.Count.WrapMode;
[maxjcompiler] 	       ^^^^^^^^^^^^^^^^^^^^^^^^^^^^^^^^^^^^^^^^^^^^^^^^^^^^^^^^^^^^^^^^^^^^
[maxjcompiler] The import com.maxeler.maxcompiler.v2.kernelcompiler.stdlib.core.Count.WrapMode is never used
[maxjcompiler] ----------
[maxjcompiler] 34. WARNING in /local/ssd/home/mattfel/transform_regression_tests_21-24/hyperdsl/spatial/regression_tests/unit/10_BlockReduce1D/out/maxj/src/static/templates/Gather.maxj (at line 11)
[maxjcompiler] 	import com.maxeler.maxcompiler.v2.kernelcompiler.Optimization;
[maxjcompiler] 	       ^^^^^^^^^^^^^^^^^^^^^^^^^^^^^^^^^^^^^^^^^^^^^^^^^^^^^^
[maxjcompiler] The import com.maxeler.maxcompiler.v2.kernelcompiler.Optimization is never used
[maxjcompiler] ----------
[maxjcompiler] 35. WARNING in /local/ssd/home/mattfel/transform_regression_tests_21-24/hyperdsl/spatial/regression_tests/unit/10_BlockReduce1D/out/maxj/src/static/templates/Gather.maxj (at line 12)
[maxjcompiler] 	import com.maxeler.maxcompiler.v2.kernelcompiler.stdlib.Reductions;
[maxjcompiler] 	       ^^^^^^^^^^^^^^^^^^^^^^^^^^^^^^^^^^^^^^^^^^^^^^^^^^^^^^^^^^^
[maxjcompiler] The import com.maxeler.maxcompiler.v2.kernelcompiler.stdlib.Reductions is never used
[maxjcompiler] ----------
[maxjcompiler] 36. WARNING in /local/ssd/home/mattfel/transform_regression_tests_21-24/hyperdsl/spatial/regression_tests/unit/10_BlockReduce1D/out/maxj/src/static/templates/Gather.maxj (at line 21)
[maxjcompiler] 	import com.maxeler.maxcompiler.v2.kernelcompiler.types.composite.DFEStruct;
[maxjcompiler] 	       ^^^^^^^^^^^^^^^^^^^^^^^^^^^^^^^^^^^^^^^^^^^^^^^^^^^^^^^^^^^^^^^^^^^
[maxjcompiler] The import com.maxeler.maxcompiler.v2.kernelcompiler.types.composite.DFEStruct is never used
[maxjcompiler] ----------
[maxjcompiler] 37. WARNING in /local/ssd/home/mattfel/transform_regression_tests_21-24/hyperdsl/spatial/regression_tests/unit/10_BlockReduce1D/out/maxj/src/static/templates/Gather.maxj (at line 22)
[maxjcompiler] 	import com.maxeler.maxcompiler.v2.kernelcompiler.types.composite.DFEStructType;
[maxjcompiler] 	       ^^^^^^^^^^^^^^^^^^^^^^^^^^^^^^^^^^^^^^^^^^^^^^^^^^^^^^^^^^^^^^^^^^^^^^^
[maxjcompiler] The import com.maxeler.maxcompiler.v2.kernelcompiler.types.composite.DFEStructType is never used
[maxjcompiler] ----------
[maxjcompiler] 38. WARNING in /local/ssd/home/mattfel/transform_regression_tests_21-24/hyperdsl/spatial/regression_tests/unit/10_BlockReduce1D/out/maxj/src/static/templates/Gather.maxj (at line 23)
[maxjcompiler] 	import com.maxeler.maxcompiler.v2.kernelcompiler.types.composite.DFEStructType.StructFieldType;
[maxjcompiler] 	       ^^^^^^^^^^^^^^^^^^^^^^^^^^^^^^^^^^^^^^^^^^^^^^^^^^^^^^^^^^^^^^^^^^^^^^^^^^^^^^^^^^^^^^^
[maxjcompiler] The import com.maxeler.maxcompiler.v2.kernelcompiler.types.composite.DFEStructType.StructFieldType is never used
[maxjcompiler] ----------
[maxjcompiler] 39. WARNING in /local/ssd/home/mattfel/transform_regression_tests_21-24/hyperdsl/spatial/regression_tests/unit/10_BlockReduce1D/out/maxj/src/static/templates/Gather.maxj (at line 24)
[maxjcompiler] 	import java.util.ArrayList;
[maxjcompiler] 	       ^^^^^^^^^^^^^^^^^^^
[maxjcompiler] The import java.util.ArrayList is never used
[maxjcompiler] ----------
[maxjcompiler] 40. WARNING in /local/ssd/home/mattfel/transform_regression_tests_21-24/hyperdsl/spatial/regression_tests/unit/10_BlockReduce1D/out/maxj/src/static/templates/Gather.maxj (at line 105)
[maxjcompiler] 	DFEVar package_done = sm.getOutput("package_done");
[maxjcompiler] 	       ^^^^^^^^^^^^
[maxjcompiler] The local variable package_done is never read
[maxjcompiler] ----------
[maxjcompiler] 41. WARNING in /local/ssd/home/mattfel/transform_regression_tests_21-24/hyperdsl/spatial/regression_tests/unit/10_BlockReduce1D/out/maxj/src/static/templates/Gather.maxj (at line 303)
[maxjcompiler] 	DFEVar package_done = sm.getOutput("package_done");
[maxjcompiler] 	       ^^^^^^^^^^^^
[maxjcompiler] The local variable package_done is never read
[maxjcompiler] ----------
[maxjcompiler] ----------
[maxjcompiler] 42. WARNING in /local/ssd/home/mattfel/transform_regression_tests_21-24/hyperdsl/spatial/regression_tests/unit/10_BlockReduce1D/out/maxj/src/static/templates/GBRSM.maxj (at line 8)
[maxjcompiler] 	import com.maxeler.maxcompiler.v2.statemachine.DFEsmValue;
[maxjcompiler] 	       ^^^^^^^^^^^^^^^^^^^^^^^^^^^^^^^^^^^^^^^^^^^^^^^^^^
[maxjcompiler] The import com.maxeler.maxcompiler.v2.statemachine.DFEsmValue is never used
[maxjcompiler] ----------
[maxjcompiler] ----------
[maxjcompiler] 43. WARNING in /local/ssd/home/mattfel/transform_regression_tests_21-24/hyperdsl/spatial/regression_tests/unit/10_BlockReduce1D/out/maxj/src/static/templates/DblBufStateMachine_2.maxj (at line 41)
[maxjcompiler] 	DFEsmValueType counterType = dfeUInt(2);
[maxjcompiler] 	               ^^^^^^^^^^^
[maxjcompiler] The local variable counterType is never read
[maxjcompiler] ----------
[maxjcompiler] 44. WARNING in /local/ssd/home/mattfel/transform_regression_tests_21-24/hyperdsl/spatial/regression_tests/unit/10_BlockReduce1D/out/maxj/src/static/templates/DblBufStateMachine_2.maxj (at line 59)
[maxjcompiler] 	this.numIter = numIter;
[maxjcompiler] 	^^^^^^^^^^^^^^^^^^^^^^
[maxjcompiler] The assignment to variable numIter has no effect
[maxjcompiler] ----------
[maxjcompiler] ----------
[maxjcompiler] 45. WARNING in /local/ssd/home/mattfel/transform_regression_tests_21-24/hyperdsl/spatial/regression_tests/unit/10_BlockReduce1D/out/maxj/src/static/templates/VDblBufKernelLib.maxj (at line 8)
[maxjcompiler] 	import com.maxeler.maxcompiler.v2.kernelcompiler.types.base.DFEType;
[maxjcompiler] 	       ^^^^^^^^^^^^^^^^^^^^^^^^^^^^^^^^^^^^^^^^^^^^^^^^^^^^^^^^^^^^
[maxjcompiler] The import com.maxeler.maxcompiler.v2.kernelcompiler.types.base.DFEType is never used
[maxjcompiler] ----------
[maxjcompiler] ----------
[maxjcompiler] 46. WARNING in /local/ssd/home/mattfel/transform_regression_tests_21-24/hyperdsl/spatial/regression_tests/unit/10_BlockReduce1D/out/maxj/src/static/templates/NBufKernelLib.maxj (at line 5)
[maxjcompiler] 	import com.maxeler.maxcompiler.v2.kernelcompiler.stdlib.memory.Memory;
[maxjcompiler] 	       ^^^^^^^^^^^^^^^^^^^^^^^^^^^^^^^^^^^^^^^^^^^^^^^^^^^^^^^^^^^^^^
[maxjcompiler] The import com.maxeler.maxcompiler.v2.kernelcompiler.stdlib.memory.Memory is never used
[maxjcompiler] ----------
[maxjcompiler] 47. WARNING in /local/ssd/home/mattfel/transform_regression_tests_21-24/hyperdsl/spatial/regression_tests/unit/10_BlockReduce1D/out/maxj/src/static/templates/NBufKernelLib.maxj (at line 9)
[maxjcompiler] 	import com.maxeler.maxcompiler.v2.kernelcompiler.Optimization;
[maxjcompiler] 	       ^^^^^^^^^^^^^^^^^^^^^^^^^^^^^^^^^^^^^^^^^^^^^^^^^^^^^^
[maxjcompiler] The import com.maxeler.maxcompiler.v2.kernelcompiler.Optimization is never used
[maxjcompiler] ----------
[maxjcompiler] 48. WARNING in /local/ssd/home/mattfel/transform_regression_tests_21-24/hyperdsl/spatial/regression_tests/unit/10_BlockReduce1D/out/maxj/src/static/templates/NBufKernelLib.maxj (at line 12)
[maxjcompiler] 	import com.maxeler.maxcompiler.v2.utils.Bits;
[maxjcompiler] 	       ^^^^^^^^^^^^^^^^^^^^^^^^^^^^^^^^^^^^^
[maxjcompiler] The import com.maxeler.maxcompiler.v2.utils.Bits is never used
[maxjcompiler] ----------
[maxjcompiler] 49. WARNING in /local/ssd/home/mattfel/transform_regression_tests_21-24/hyperdsl/spatial/regression_tests/unit/10_BlockReduce1D/out/maxj/src/static/templates/NBufKernelLib.maxj (at line 105)
[maxjcompiler] 	this.type = type;
[maxjcompiler] 	^^^^^^^^^^^^^^^^
[maxjcompiler] The assignment to variable type has no effect
[maxjcompiler] ----------
[maxjcompiler] ----------
[maxjcompiler] 50. WARNING in /local/ssd/home/mattfel/transform_regression_tests_21-24/hyperdsl/spatial/regression_tests/unit/10_BlockReduce1D/out/maxj/src/static/templates/MemoryCmdSM.maxj (at line 6)
[maxjcompiler] 	import com.maxeler.maxcompiler.v2.statemachine.DFEsmStateValue;
[maxjcompiler] 	       ^^^^^^^^^^^^^^^^^^^^^^^^^^^^^^^^^^^^^^^^^^^^^^^^^^^^^^^
[maxjcompiler] The import com.maxeler.maxcompiler.v2.statemachine.DFEsmStateValue is never used
[maxjcompiler] ----------
[maxjcompiler] 51. WARNING in /local/ssd/home/mattfel/transform_regression_tests_21-24/hyperdsl/spatial/regression_tests/unit/10_BlockReduce1D/out/maxj/src/static/templates/MemoryCmdSM.maxj (at line 35)
[maxjcompiler] 	DFEsmValueType counterType = dfeUInt(32);
[maxjcompiler] 	               ^^^^^^^^^^^
[maxjcompiler] The local variable counterType is never read
[maxjcompiler] ----------
[maxjcompiler] ----------
[maxjcompiler] 52. WARNING in /local/ssd/home/mattfel/transform_regression_tests_21-24/hyperdsl/spatial/regression_tests/unit/10_BlockReduce1D/out/maxj/src/static/templates/MemoryCmdGen.maxj (at line 7)
[maxjcompiler] 	import com.maxeler.maxcompiler.v2.kernelcompiler.stdlib.core.CounterChain;
[maxjcompiler] 	       ^^^^^^^^^^^^^^^^^^^^^^^^^^^^^^^^^^^^^^^^^^^^^^^^^^^^^^^^^^^^^^^^^^
[maxjcompiler] The import com.maxeler.maxcompiler.v2.kernelcompiler.stdlib.core.CounterChain is never used
[maxjcompiler] ----------
[maxjcompiler] 53. WARNING in /local/ssd/home/mattfel/transform_regression_tests_21-24/hyperdsl/spatial/regression_tests/unit/10_BlockReduce1D/out/maxj/src/static/templates/MemoryCmdGen.maxj (at line 10)
[maxjcompiler] 	import com.maxeler.maxcompiler.v2.utils.MathUtils;
[maxjcompiler] 	       ^^^^^^^^^^^^^^^^^^^^^^^^^^^^^^^^^^^^^^^^^^
[maxjcompiler] The import com.maxeler.maxcompiler.v2.utils.MathUtils is never used
[maxjcompiler] ----------
[maxjcompiler] 54. WARNING in /local/ssd/home/mattfel/transform_regression_tests_21-24/hyperdsl/spatial/regression_tests/unit/10_BlockReduce1D/out/maxj/src/static/templates/MemoryCmdGen.maxj (at line 13)
[maxjcompiler] 	import com.maxeler.maxcompiler.v2.kernelcompiler.Optimization;
[maxjcompiler] 	       ^^^^^^^^^^^^^^^^^^^^^^^^^^^^^^^^^^^^^^^^^^^^^^^^^^^^^^
[maxjcompiler] The import com.maxeler.maxcompiler.v2.kernelcompiler.Optimization is never used
[maxjcompiler] ----------
[maxjcompiler] 55. WARNING in /local/ssd/home/mattfel/transform_regression_tests_21-24/hyperdsl/spatial/regression_tests/unit/10_BlockReduce1D/out/maxj/src/static/templates/MemoryCmdGen.maxj (at line 14)
[maxjcompiler] 	import com.maxeler.maxcompiler.v2.kernelcompiler.stdlib.Reductions;
[maxjcompiler] 	       ^^^^^^^^^^^^^^^^^^^^^^^^^^^^^^^^^^^^^^^^^^^^^^^^^^^^^^^^^^^
[maxjcompiler] The import com.maxeler.maxcompiler.v2.kernelcompiler.stdlib.Reductions is never used
[maxjcompiler] ----------
[maxjcompiler] 56. WARNING in /local/ssd/home/mattfel/transform_regression_tests_21-24/hyperdsl/spatial/regression_tests/unit/10_BlockReduce1D/out/maxj/src/static/templates/MemoryCmdGen.maxj (at line 15)
[maxjcompiler] 	import com.maxeler.maxcompiler.v2.kernelcompiler.stdlib.core.Stream.OffsetExpr;
[maxjcompiler] 	       ^^^^^^^^^^^^^^^^^^^^^^^^^^^^^^^^^^^^^^^^^^^^^^^^^^^^^^^^^^^^^^^^^^^^^^^
[maxjcompiler] The import com.maxeler.maxcompiler.v2.kernelcompiler.stdlib.core.Stream.OffsetExpr is never used
[maxjcompiler] ----------
[maxjcompiler] 57. WARNING in /local/ssd/home/mattfel/transform_regression_tests_21-24/hyperdsl/spatial/regression_tests/unit/10_BlockReduce1D/out/maxj/src/static/templates/MemoryCmdGen.maxj (at line 20)
[maxjcompiler] 	import com.maxeler.maxcompiler.v2.kernelcompiler.types.composite.DFEStruct;
[maxjcompiler] 	       ^^^^^^^^^^^^^^^^^^^^^^^^^^^^^^^^^^^^^^^^^^^^^^^^^^^^^^^^^^^^^^^^^^^
[maxjcompiler] The import com.maxeler.maxcompiler.v2.kernelcompiler.types.composite.DFEStruct is never used
[maxjcompiler] ----------
[maxjcompiler] 58. WARNING in /local/ssd/home/mattfel/transform_regression_tests_21-24/hyperdsl/spatial/regression_tests/unit/10_BlockReduce1D/out/maxj/src/static/templates/MemoryCmdGen.maxj (at line 21)
[maxjcompiler] 	import com.maxeler.maxcompiler.v2.kernelcompiler.types.composite.DFEStructType;
[maxjcompiler] 	       ^^^^^^^^^^^^^^^^^^^^^^^^^^^^^^^^^^^^^^^^^^^^^^^^^^^^^^^^^^^^^^^^^^^^^^^
[maxjcompiler] The import com.maxeler.maxcompiler.v2.kernelcompiler.types.composite.DFEStructType is never used
[maxjcompiler] ----------
[maxjcompiler] 59. WARNING in /local/ssd/home/mattfel/transform_regression_tests_21-24/hyperdsl/spatial/regression_tests/unit/10_BlockReduce1D/out/maxj/src/static/templates/MemoryCmdGen.maxj (at line 22)
[maxjcompiler] 	import com.maxeler.maxcompiler.v2.kernelcompiler.types.composite.DFEStructType.StructFieldType;
[maxjcompiler] 	       ^^^^^^^^^^^^^^^^^^^^^^^^^^^^^^^^^^^^^^^^^^^^^^^^^^^^^^^^^^^^^^^^^^^^^^^^^^^^^^^^^^^^^^^
[maxjcompiler] The import com.maxeler.maxcompiler.v2.kernelcompiler.types.composite.DFEStructType.StructFieldType is never used
[maxjcompiler] ----------
[maxjcompiler] 60. WARNING in /local/ssd/home/mattfel/transform_regression_tests_21-24/hyperdsl/spatial/regression_tests/unit/10_BlockReduce1D/out/maxj/src/static/templates/MemoryCmdGen.maxj (at line 23)
[maxjcompiler] 	import java.util.ArrayList;
[maxjcompiler] 	       ^^^^^^^^^^^^^^^^^^^
[maxjcompiler] The import java.util.ArrayList is never used
[maxjcompiler] ----------
[maxjcompiler] 61. WARNING in /local/ssd/home/mattfel/transform_regression_tests_21-24/hyperdsl/spatial/regression_tests/unit/10_BlockReduce1D/out/maxj/src/static/templates/MemoryCmdGen.maxj (at line 102)
[maxjcompiler] 	int par = wdata.getSize();
[maxjcompiler] 	    ^^^
[maxjcompiler] The local variable par is never read
[maxjcompiler] ----------
[maxjcompiler] 62. WARNING in /local/ssd/home/mattfel/transform_regression_tests_21-24/hyperdsl/spatial/regression_tests/unit/10_BlockReduce1D/out/maxj/src/static/templates/MemoryCmdGen.maxj (at line 188)
[maxjcompiler] 	DFEVar sizecheck = upcast(size_int, wdata[0].getType());
[maxjcompiler] 	       ^^^^^^^^^
[maxjcompiler] The local variable sizecheck is never read
[maxjcompiler] ----------
[maxjcompiler] ----------
[maxjcompiler] 63. WARNING in /local/ssd/home/mattfel/transform_regression_tests_21-24/hyperdsl/spatial/regression_tests/unit/10_BlockReduce1D/out/maxj/src/static/templates/CtrChainLib.maxj (at line 6)
[maxjcompiler] 	import com.maxeler.maxcompiler.v2.kernelcompiler.SMIO;
[maxjcompiler] 	       ^^^^^^^^^^^^^^^^^^^^^^^^^^^^^^^^^^^^^^^^^^^^^^
[maxjcompiler] The import com.maxeler.maxcompiler.v2.kernelcompiler.SMIO is never used
[maxjcompiler] ----------
[maxjcompiler] 64. WARNING in /local/ssd/home/mattfel/transform_regression_tests_21-24/hyperdsl/spatial/regression_tests/unit/10_BlockReduce1D/out/maxj/src/static/templates/CtrChainLib.maxj (at line 7)
[maxjcompiler] 	import com.maxeler.maxcompiler.v2.kernelcompiler.stdlib.core.CounterChain;
[maxjcompiler] 	       ^^^^^^^^^^^^^^^^^^^^^^^^^^^^^^^^^^^^^^^^^^^^^^^^^^^^^^^^^^^^^^^^^^
[maxjcompiler] The import com.maxeler.maxcompiler.v2.kernelcompiler.stdlib.core.CounterChain is never used
[maxjcompiler] ----------
[maxjcompiler] 65. WARNING in /local/ssd/home/mattfel/transform_regression_tests_21-24/hyperdsl/spatial/regression_tests/unit/10_BlockReduce1D/out/maxj/src/static/templates/CtrChainLib.maxj (at line 8)
[maxjcompiler] 	import com.maxeler.maxcompiler.v2.utils.MathUtils;
[maxjcompiler] 	       ^^^^^^^^^^^^^^^^^^^^^^^^^^^^^^^^^^^^^^^^^^
[maxjcompiler] The import com.maxeler.maxcompiler.v2.utils.MathUtils is never used
[maxjcompiler] ----------
[maxjcompiler] ----------
[maxjcompiler] 66. WARNING in /local/ssd/home/mattfel/transform_regression_tests_21-24/hyperdsl/spatial/regression_tests/unit/10_BlockReduce1D/out/maxj/src/static/templates/PQSM.maxj (at line 5)
[maxjcompiler] 	import com.maxeler.maxcompiler.v2.statemachine.DFEsmStateEnum;
[maxjcompiler] 	       ^^^^^^^^^^^^^^^^^^^^^^^^^^^^^^^^^^^^^^^^^^^^^^^^^^^^^^
[maxjcompiler] The import com.maxeler.maxcompiler.v2.statemachine.DFEsmStateEnum is never used
[maxjcompiler] ----------
[maxjcompiler] 67. WARNING in /local/ssd/home/mattfel/transform_regression_tests_21-24/hyperdsl/spatial/regression_tests/unit/10_BlockReduce1D/out/maxj/src/static/templates/PQSM.maxj (at line 9)
[maxjcompiler] 	import com.maxeler.maxcompiler.v2.statemachine.DFEsmAssignableValue;
[maxjcompiler] 	       ^^^^^^^^^^^^^^^^^^^^^^^^^^^^^^^^^^^^^^^^^^^^^^^^^^^^^^^^^^^^
[maxjcompiler] The import com.maxeler.maxcompiler.v2.statemachine.DFEsmAssignableValue is never used
[maxjcompiler] ----------
[maxjcompiler] 68. WARNING in /local/ssd/home/mattfel/transform_regression_tests_21-24/hyperdsl/spatial/regression_tests/unit/10_BlockReduce1D/out/maxj/src/static/templates/PQSM.maxj (at line 11)
[maxjcompiler] 	import com.maxeler.maxcompiler.v2.statemachine.DFEsmVariable;
[maxjcompiler] 	       ^^^^^^^^^^^^^^^^^^^^^^^^^^^^^^^^^^^^^^^^^^^^^^^^^^^^^
[maxjcompiler] The import com.maxeler.maxcompiler.v2.statemachine.DFEsmVariable is never used
[maxjcompiler] ----------
[maxjcompiler] 69. WARNING in /local/ssd/home/mattfel/transform_regression_tests_21-24/hyperdsl/spatial/regression_tests/unit/10_BlockReduce1D/out/maxj/src/static/templates/PQSM.maxj (at line 13)
[maxjcompiler] 	import com.maxeler.maxcompiler.v2.statemachine.types.DFEsmTypeFactory;
[maxjcompiler] 	       ^^^^^^^^^^^^^^^^^^^^^^^^^^^^^^^^^^^^^^^^^^^^^^^^^^^^^^^^^^^^^^
[maxjcompiler] The import com.maxeler.maxcompiler.v2.statemachine.types.DFEsmTypeFactory is never used
[maxjcompiler] ----------
[maxjcompiler] 70. WARNING in /local/ssd/home/mattfel/transform_regression_tests_21-24/hyperdsl/spatial/regression_tests/unit/10_BlockReduce1D/out/maxj/src/static/templates/PQSM.maxj (at line 14)
[maxjcompiler] 	import com.maxeler.maxcompiler.v2.statemachine.StateMachineLib;
[maxjcompiler] 	       ^^^^^^^^^^^^^^^^^^^^^^^^^^^^^^^^^^^^^^^^^^^^^^^^^^^^^^^
[maxjcompiler] The import com.maxeler.maxcompiler.v2.statemachine.StateMachineLib is never used
[maxjcompiler] ----------
[maxjcompiler] 71. WARNING in /local/ssd/home/mattfel/transform_regression_tests_21-24/hyperdsl/spatial/regression_tests/unit/10_BlockReduce1D/out/maxj/src/static/templates/PQSM.maxj (at line 90)
[maxjcompiler] 	private void resetElemsFF() {
[maxjcompiler] 	             ^^^^^^^^^^^^^^
[maxjcompiler] The method resetElemsFF() from the type PQSM is never used locally
[maxjcompiler] ----------
[maxjcompiler] 72. WARNING in /local/ssd/home/mattfel/transform_regression_tests_21-24/hyperdsl/spatial/regression_tests/unit/10_BlockReduce1D/out/maxj/src/static/templates/PQSM.maxj (at line 99)
[maxjcompiler] 	private void write() {
[maxjcompiler] 	             ^^^^^^^
[maxjcompiler] The method write() from the type PQSM is never used locally
[maxjcompiler] ----------
[maxjcompiler] 73. WARNING in /local/ssd/home/mattfel/transform_regression_tests_21-24/hyperdsl/spatial/regression_tests/unit/10_BlockReduce1D/out/maxj/src/static/templates/PQSM.maxj (at line 116)
[maxjcompiler] 	private void stall() {
[maxjcompiler] 	             ^^^^^^^
[maxjcompiler] The method stall() from the type PQSM is never used locally
[maxjcompiler] ----------
[maxjcompiler] ----------
[maxjcompiler] 74. WARNING in /local/ssd/home/mattfel/transform_regression_tests_21-24/hyperdsl/spatial/regression_tests/unit/10_BlockReduce1D/out/maxj/src/static/templates/BoxedMem.maxj (at line 7)
[maxjcompiler] 	import com.maxeler.maxcompiler.v2.kernelcompiler.SMIO;
[maxjcompiler] 	       ^^^^^^^^^^^^^^^^^^^^^^^^^^^^^^^^^^^^^^^^^^^^^^
[maxjcompiler] The import com.maxeler.maxcompiler.v2.kernelcompiler.SMIO is never used
[maxjcompiler] ----------
[maxjcompiler] 75. WARNING in /local/ssd/home/mattfel/transform_regression_tests_21-24/hyperdsl/spatial/regression_tests/unit/10_BlockReduce1D/out/maxj/src/static/templates/BoxedMem.maxj (at line 8)
[maxjcompiler] 	import com.maxeler.maxcompiler.v2.utils.MathUtils;
[maxjcompiler] 	       ^^^^^^^^^^^^^^^^^^^^^^^^^^^^^^^^^^^^^^^^^^
[maxjcompiler] The import com.maxeler.maxcompiler.v2.utils.MathUtils is never used
[maxjcompiler] ----------
[maxjcompiler] 76. WARNING in /local/ssd/home/mattfel/transform_regression_tests_21-24/hyperdsl/spatial/regression_tests/unit/10_BlockReduce1D/out/maxj/src/static/templates/BoxedMem.maxj (at line 10)
[maxjcompiler] 	import com.maxeler.maxcompiler.v2.kernelcompiler.types.composite.DFEVector;
[maxjcompiler] 	       ^^^^^^^^^^^^^^^^^^^^^^^^^^^^^^^^^^^^^^^^^^^^^^^^^^^^^^^^^^^^^^^^^^^
[maxjcompiler] The import com.maxeler.maxcompiler.v2.kernelcompiler.types.composite.DFEVector is never used
[maxjcompiler] ----------
[maxjcompiler] ----------
[maxjcompiler] 77. WARNING in /local/ssd/home/mattfel/transform_regression_tests_21-24/hyperdsl/spatial/regression_tests/unit/10_BlockReduce1D/out/maxj/src/static/templates/MemoryCmdSt.maxj (at line 7)
[maxjcompiler] 	import com.maxeler.maxcompiler.v2.kernelcompiler.stdlib.core.CounterChain;
[maxjcompiler] 	       ^^^^^^^^^^^^^^^^^^^^^^^^^^^^^^^^^^^^^^^^^^^^^^^^^^^^^^^^^^^^^^^^^^
[maxjcompiler] The import com.maxeler.maxcompiler.v2.kernelcompiler.stdlib.core.CounterChain is never used
[maxjcompiler] ----------
[maxjcompiler] 78. WARNING in /local/ssd/home/mattfel/transform_regression_tests_21-24/hyperdsl/spatial/regression_tests/unit/10_BlockReduce1D/out/maxj/src/static/templates/MemoryCmdSt.maxj (at line 12)
[maxjcompiler] 	import com.maxeler.maxcompiler.v2.kernelcompiler.Optimization;
[maxjcompiler] 	       ^^^^^^^^^^^^^^^^^^^^^^^^^^^^^^^^^^^^^^^^^^^^^^^^^^^^^^
[maxjcompiler] The import com.maxeler.maxcompiler.v2.kernelcompiler.Optimization is never used
[maxjcompiler] ----------
[maxjcompiler] 79. WARNING in /local/ssd/home/mattfel/transform_regression_tests_21-24/hyperdsl/spatial/regression_tests/unit/10_BlockReduce1D/out/maxj/src/static/templates/MemoryCmdSt.maxj (at line 13)
[maxjcompiler] 	import com.maxeler.maxcompiler.v2.kernelcompiler.stdlib.Reductions;
[maxjcompiler] 	       ^^^^^^^^^^^^^^^^^^^^^^^^^^^^^^^^^^^^^^^^^^^^^^^^^^^^^^^^^^^
[maxjcompiler] The import com.maxeler.maxcompiler.v2.kernelcompiler.stdlib.Reductions is never used
[maxjcompiler] ----------
[maxjcompiler] 80. WARNING in /local/ssd/home/mattfel/transform_regression_tests_21-24/hyperdsl/spatial/regression_tests/unit/10_BlockReduce1D/out/maxj/src/static/templates/MemoryCmdSt.maxj (at line 14)
[maxjcompiler] 	import com.maxeler.maxcompiler.v2.kernelcompiler.stdlib.core.Stream.OffsetExpr;
[maxjcompiler] 	       ^^^^^^^^^^^^^^^^^^^^^^^^^^^^^^^^^^^^^^^^^^^^^^^^^^^^^^^^^^^^^^^^^^^^^^^
[maxjcompiler] The import com.maxeler.maxcompiler.v2.kernelcompiler.stdlib.core.Stream.OffsetExpr is never used
[maxjcompiler] ----------
[maxjcompiler] 81. WARNING in /local/ssd/home/mattfel/transform_regression_tests_21-24/hyperdsl/spatial/regression_tests/unit/10_BlockReduce1D/out/maxj/src/static/templates/MemoryCmdSt.maxj (at line 19)
[maxjcompiler] 	import com.maxeler.maxcompiler.v2.kernelcompiler.types.composite.DFEStruct;
[maxjcompiler] 	       ^^^^^^^^^^^^^^^^^^^^^^^^^^^^^^^^^^^^^^^^^^^^^^^^^^^^^^^^^^^^^^^^^^^
[maxjcompiler] The import com.maxeler.maxcompiler.v2.kernelcompiler.types.composite.DFEStruct is never used
[maxjcompiler] ----------
[maxjcompiler] 82. WARNING in /local/ssd/home/mattfel/transform_regression_tests_21-24/hyperdsl/spatial/regression_tests/unit/10_BlockReduce1D/out/maxj/src/static/templates/MemoryCmdSt.maxj (at line 20)
[maxjcompiler] 	import com.maxeler.maxcompiler.v2.kernelcompiler.types.composite.DFEStructType;
[maxjcompiler] 	       ^^^^^^^^^^^^^^^^^^^^^^^^^^^^^^^^^^^^^^^^^^^^^^^^^^^^^^^^^^^^^^^^^^^^^^^
[maxjcompiler] The import com.maxeler.maxcompiler.v2.kernelcompiler.types.composite.DFEStructType is never used
[maxjcompiler] ----------
[maxjcompiler] 83. WARNING in /local/ssd/home/mattfel/transform_regression_tests_21-24/hyperdsl/spatial/regression_tests/unit/10_BlockReduce1D/out/maxj/src/static/templates/MemoryCmdSt.maxj (at line 21)
[maxjcompiler] 	import com.maxeler.maxcompiler.v2.kernelcompiler.types.composite.DFEStructType.StructFieldType;
[maxjcompiler] 	       ^^^^^^^^^^^^^^^^^^^^^^^^^^^^^^^^^^^^^^^^^^^^^^^^^^^^^^^^^^^^^^^^^^^^^^^^^^^^^^^^^^^^^^^
[maxjcompiler] The import com.maxeler.maxcompiler.v2.kernelcompiler.types.composite.DFEStructType.StructFieldType is never used
[maxjcompiler] ----------
[maxjcompiler] 84. WARNING in /local/ssd/home/mattfel/transform_regression_tests_21-24/hyperdsl/spatial/regression_tests/unit/10_BlockReduce1D/out/maxj/src/static/templates/MemoryCmdSt.maxj (at line 22)
[maxjcompiler] 	import java.util.ArrayList;
[maxjcompiler] 	       ^^^^^^^^^^^^^^^^^^^
[maxjcompiler] The import java.util.ArrayList is never used
[maxjcompiler] ----------
[maxjcompiler] 85. WARNING in /local/ssd/home/mattfel/transform_regression_tests_21-24/hyperdsl/spatial/regression_tests/unit/10_BlockReduce1D/out/maxj/src/static/templates/MemoryCmdSt.maxj (at line 83)
[maxjcompiler] 	int par = wdata.getSize();
[maxjcompiler] 	    ^^^
[maxjcompiler] The local variable par is never read
[maxjcompiler] ----------
[maxjcompiler] ----------
[maxjcompiler] 86. WARNING in /local/ssd/home/mattfel/transform_regression_tests_21-24/hyperdsl/spatial/regression_tests/unit/10_BlockReduce1D/out/maxj/src/static/templates/DoubleCtrSM.maxj (at line 8)
[maxjcompiler] 	import com.maxeler.maxcompiler.v2.statemachine.DFEsmValue;
[maxjcompiler] 	       ^^^^^^^^^^^^^^^^^^^^^^^^^^^^^^^^^^^^^^^^^^^^^^^^^^
[maxjcompiler] The import com.maxeler.maxcompiler.v2.statemachine.DFEsmValue is never used
[maxjcompiler] ----------
[maxjcompiler] 87. WARNING in /local/ssd/home/mattfel/transform_regression_tests_21-24/hyperdsl/spatial/regression_tests/unit/10_BlockReduce1D/out/maxj/src/static/templates/DoubleCtrSM.maxj (at line 21)
[maxjcompiler] 	private final int start0;
[maxjcompiler] 	                  ^^^^^^
[maxjcompiler] The field DoubleCtrSM.start0 is never read locally
[maxjcompiler] ----------
[maxjcompiler] 88. WARNING in /local/ssd/home/mattfel/transform_regression_tests_21-24/hyperdsl/spatial/regression_tests/unit/10_BlockReduce1D/out/maxj/src/static/templates/DoubleCtrSM.maxj (at line 24)
[maxjcompiler] 	private final int start1;
[maxjcompiler] 	                  ^^^^^^
[maxjcompiler] The field DoubleCtrSM.start1 is never read locally
[maxjcompiler] ----------
[maxjcompiler] ----------
[maxjcompiler] 89. WARNING in /local/ssd/home/mattfel/transform_regression_tests_21-24/hyperdsl/spatial/regression_tests/unit/10_BlockReduce1D/out/maxj/src/static/templates/BlockStorer.maxj (at line 6)
[maxjcompiler] 	import com.maxeler.maxcompiler.v2.kernelcompiler.stdlib.core.CounterChain;
[maxjcompiler] 	       ^^^^^^^^^^^^^^^^^^^^^^^^^^^^^^^^^^^^^^^^^^^^^^^^^^^^^^^^^^^^^^^^^^
[maxjcompiler] The import com.maxeler.maxcompiler.v2.kernelcompiler.stdlib.core.CounterChain is never used
[maxjcompiler] ----------
[maxjcompiler] 90. WARNING in /local/ssd/home/mattfel/transform_regression_tests_21-24/hyperdsl/spatial/regression_tests/unit/10_BlockReduce1D/out/maxj/src/static/templates/BlockStorer.maxj (at line 11)
[maxjcompiler] 	import com.maxeler.maxcompiler.v2.kernelcompiler.Optimization;
[maxjcompiler] 	       ^^^^^^^^^^^^^^^^^^^^^^^^^^^^^^^^^^^^^^^^^^^^^^^^^^^^^^
[maxjcompiler] The import com.maxeler.maxcompiler.v2.kernelcompiler.Optimization is never used
[maxjcompiler] ----------
[maxjcompiler] ----------
[maxjcompiler] 91. WARNING in /local/ssd/home/mattfel/transform_regression_tests_21-24/hyperdsl/spatial/regression_tests/unit/10_BlockReduce1D/out/maxj/src/static/templates/DummyMemLib.maxj (at line 5)
[maxjcompiler] 	import com.maxeler.maxcompiler.v2.kernelcompiler.stdlib.memory.Memory;
[maxjcompiler] 	       ^^^^^^^^^^^^^^^^^^^^^^^^^^^^^^^^^^^^^^^^^^^^^^^^^^^^^^^^^^^^^^
[maxjcompiler] The import com.maxeler.maxcompiler.v2.kernelcompiler.stdlib.memory.Memory is never used
[maxjcompiler] ----------
[maxjcompiler] 92. WARNING in /local/ssd/home/mattfel/transform_regression_tests_21-24/hyperdsl/spatial/regression_tests/unit/10_BlockReduce1D/out/maxj/src/static/templates/DummyMemLib.maxj (at line 6)
[maxjcompiler] 	import com.maxeler.maxcompiler.v2.kernelcompiler.SMIO;
[maxjcompiler] 	       ^^^^^^^^^^^^^^^^^^^^^^^^^^^^^^^^^^^^^^^^^^^^^^
[maxjcompiler] The import com.maxeler.maxcompiler.v2.kernelcompiler.SMIO is never used
[maxjcompiler] ----------
[maxjcompiler] 93. WARNING in /local/ssd/home/mattfel/transform_regression_tests_21-24/hyperdsl/spatial/regression_tests/unit/10_BlockReduce1D/out/maxj/src/static/templates/DummyMemLib.maxj (at line 7)
[maxjcompiler] 	import com.maxeler.maxcompiler.v2.utils.MathUtils;
[maxjcompiler] 	       ^^^^^^^^^^^^^^^^^^^^^^^^^^^^^^^^^^^^^^^^^^
[maxjcompiler] The import com.maxeler.maxcompiler.v2.utils.MathUtils is never used
[maxjcompiler] ----------
[maxjcompiler] ----------
[maxjcompiler] 94. WARNING in /local/ssd/home/mattfel/transform_regression_tests_21-24/hyperdsl/spatial/regression_tests/unit/10_BlockReduce1D/out/maxj/src/static/templates/BramLib.maxj (at line 5)
[maxjcompiler] 	import com.maxeler.maxcompiler.v2.kernelcompiler.stdlib.memory.Memory;
[maxjcompiler] 	       ^^^^^^^^^^^^^^^^^^^^^^^^^^^^^^^^^^^^^^^^^^^^^^^^^^^^^^^^^^^^^^
[maxjcompiler] The import com.maxeler.maxcompiler.v2.kernelcompiler.stdlib.memory.Memory is never used
[maxjcompiler] ----------
[maxjcompiler] 95. WARNING in /local/ssd/home/mattfel/transform_regression_tests_21-24/hyperdsl/spatial/regression_tests/unit/10_BlockReduce1D/out/maxj/src/static/templates/BramLib.maxj (at line 6)
[maxjcompiler] 	import com.maxeler.maxcompiler.v2.kernelcompiler.SMIO;
[maxjcompiler] 	       ^^^^^^^^^^^^^^^^^^^^^^^^^^^^^^^^^^^^^^^^^^^^^^
[maxjcompiler] The import com.maxeler.maxcompiler.v2.kernelcompiler.SMIO is never used
[maxjcompiler] ----------
[maxjcompiler] 96. WARNING in /local/ssd/home/mattfel/transform_regression_tests_21-24/hyperdsl/spatial/regression_tests/unit/10_BlockReduce1D/out/maxj/src/static/templates/BramLib.maxj (at line 635)
[maxjcompiler] 	DFEVar bank_addr = bankAndLocalAddr(srcAddr[i], AddrMode.BANK);
[maxjcompiler] 	       ^^^^^^^^^
[maxjcompiler] The local variable bank_addr is never read
[maxjcompiler] ----------
[maxjcompiler] 97. WARNING in /local/ssd/home/mattfel/transform_regression_tests_21-24/hyperdsl/spatial/regression_tests/unit/10_BlockReduce1D/out/maxj/src/static/templates/BramLib.maxj (at line 648)
[maxjcompiler] 	DFEVar rd_delta = srcAddr[1] - srcAddr[0];
[maxjcompiler] 	       ^^^^^^^^
[maxjcompiler] The local variable rd_delta is never read
[maxjcompiler] ----------
[maxjcompiler] ----------
[maxjcompiler] 98. WARNING in /local/ssd/home/mattfel/transform_regression_tests_21-24/hyperdsl/spatial/regression_tests/unit/10_BlockReduce1D/out/maxj/src/static/templates/GroupByReduce.maxj (at line 5)
[maxjcompiler] 	import com.maxeler.maxcompiler.v2.kernelcompiler.stdlib.memory.Memory;
[maxjcompiler] 	       ^^^^^^^^^^^^^^^^^^^^^^^^^^^^^^^^^^^^^^^^^^^^^^^^^^^^^^^^^^^^^^
[maxjcompiler] The import com.maxeler.maxcompiler.v2.kernelcompiler.stdlib.memory.Memory is never used
[maxjcompiler] ----------
[maxjcompiler] 99. WARNING in /local/ssd/home/mattfel/transform_regression_tests_21-24/hyperdsl/spatial/regression_tests/unit/10_BlockReduce1D/out/maxj/src/static/templates/GroupByReduce.maxj (at line 7)
[maxjcompiler] 	import com.maxeler.maxcompiler.v2.utils.MathUtils;
[maxjcompiler] 	       ^^^^^^^^^^^^^^^^^^^^^^^^^^^^^^^^^^^^^^^^^^
[maxjcompiler] The import com.maxeler.maxcompiler.v2.utils.MathUtils is never used
[maxjcompiler] ----------
[maxjcompiler] 100. WARNING in /local/ssd/home/mattfel/transform_regression_tests_21-24/hyperdsl/spatial/regression_tests/unit/10_BlockReduce1D/out/maxj/src/static/templates/GroupByReduce.maxj (at line 11)
[maxjcompiler] 	import com.maxeler.maxcompiler.v2.kernelcompiler.stdlib.KernelMath;
[maxjcompiler] 	       ^^^^^^^^^^^^^^^^^^^^^^^^^^^^^^^^^^^^^^^^^^^^^^^^^^^^^^^^^^^
[maxjcompiler] The import com.maxeler.maxcompiler.v2.kernelcompiler.stdlib.KernelMath is never used
[maxjcompiler] ----------
[maxjcompiler] 101. WARNING in /local/ssd/home/mattfel/transform_regression_tests_21-24/hyperdsl/spatial/regression_tests/unit/10_BlockReduce1D/out/maxj/src/static/templates/GroupByReduce.maxj (at line 14)
[maxjcompiler] 	import java.util.ArrayList;
[maxjcompiler] 	       ^^^^^^^^^^^^^^^^^^^
[maxjcompiler] The import java.util.ArrayList is never used
[maxjcompiler] ----------
[maxjcompiler] 102. WARNING in /local/ssd/home/mattfel/transform_regression_tests_21-24/hyperdsl/spatial/regression_tests/unit/10_BlockReduce1D/out/maxj/src/static/templates/GroupByReduce.maxj (at line 77)
[maxjcompiler] 	DFEVar test = constant.var(tag.getType(), 0) === tag;
[maxjcompiler] 	       ^^^^
[maxjcompiler] The local variable test is never read
[maxjcompiler] ----------
[maxjcompiler] ----------
[maxjcompiler] 103. WARNING in /local/ssd/home/mattfel/transform_regression_tests_21-24/hyperdsl/spatial/regression_tests/unit/10_BlockReduce1D/out/maxj/src/static/templates/FFMem.maxj (at line 5)
[maxjcompiler] 	import com.maxeler.maxcompiler.v2.kernelcompiler.stdlib.memory.Memory;
[maxjcompiler] 	       ^^^^^^^^^^^^^^^^^^^^^^^^^^^^^^^^^^^^^^^^^^^^^^^^^^^^^^^^^^^^^^
[maxjcompiler] The import com.maxeler.maxcompiler.v2.kernelcompiler.stdlib.memory.Memory is never used
[maxjcompiler] ----------
[maxjcompiler] 104. WARNING in /local/ssd/home/mattfel/transform_regression_tests_21-24/hyperdsl/spatial/regression_tests/unit/10_BlockReduce1D/out/maxj/src/static/templates/FFMem.maxj (at line 6)
[maxjcompiler] 	import com.maxeler.maxcompiler.v2.kernelcompiler.SMIO;
[maxjcompiler] 	       ^^^^^^^^^^^^^^^^^^^^^^^^^^^^^^^^^^^^^^^^^^^^^^
[maxjcompiler] The import com.maxeler.maxcompiler.v2.kernelcompiler.SMIO is never used
[maxjcompiler] ----------
[maxjcompiler] 105. WARNING in /local/ssd/home/mattfel/transform_regression_tests_21-24/hyperdsl/spatial/regression_tests/unit/10_BlockReduce1D/out/maxj/src/static/templates/FFMem.maxj (at line 7)
[maxjcompiler] 	import com.maxeler.maxcompiler.v2.utils.MathUtils;
[maxjcompiler] 	       ^^^^^^^^^^^^^^^^^^^^^^^^^^^^^^^^^^^^^^^^^^
[maxjcompiler] The import com.maxeler.maxcompiler.v2.utils.MathUtils is never used
[maxjcompiler] ----------
[maxjcompiler] 106. WARNING in /local/ssd/home/mattfel/transform_regression_tests_21-24/hyperdsl/spatial/regression_tests/unit/10_BlockReduce1D/out/maxj/src/static/templates/FFMem.maxj (at line 9)
[maxjcompiler] 	import com.maxeler.maxcompiler.v2.kernelcompiler.types.composite.DFEVector;
[maxjcompiler] 	       ^^^^^^^^^^^^^^^^^^^^^^^^^^^^^^^^^^^^^^^^^^^^^^^^^^^^^^^^^^^^^^^^^^^
[maxjcompiler] The import com.maxeler.maxcompiler.v2.kernelcompiler.types.composite.DFEVector is never used
[maxjcompiler] ----------
[maxjcompiler] ----------
[maxjcompiler] 107. WARNING in /local/ssd/home/mattfel/transform_regression_tests_21-24/hyperdsl/spatial/regression_tests/unit/10_BlockReduce1D/out/maxj/src/static/templates/SpatialUtils.maxj (at line 2)
[maxjcompiler] 	import com.maxeler.maxcompiler.v2.kernelcompiler.stdlib.core.Count.Counter;
[maxjcompiler] 	       ^^^^^^^^^^^^^^^^^^^^^^^^^^^^^^^^^^^^^^^^^^^^^^^^^^^^^^^^^^^^^^^^^^^
[maxjcompiler] The import com.maxeler.maxcompiler.v2.kernelcompiler.stdlib.core.Count.Counter is never used
[maxjcompiler] ----------
[maxjcompiler] 108. WARNING in /local/ssd/home/mattfel/transform_regression_tests_21-24/hyperdsl/spatial/regression_tests/unit/10_BlockReduce1D/out/maxj/src/static/templates/SpatialUtils.maxj (at line 3)
[maxjcompiler] 	import com.maxeler.maxcompiler.v2.kernelcompiler.stdlib.core.CounterChain;
[maxjcompiler] 	       ^^^^^^^^^^^^^^^^^^^^^^^^^^^^^^^^^^^^^^^^^^^^^^^^^^^^^^^^^^^^^^^^^^
[maxjcompiler] The import com.maxeler.maxcompiler.v2.kernelcompiler.stdlib.core.CounterChain is never used
[maxjcompiler] ----------
[maxjcompiler] 109. WARNING in /local/ssd/home/mattfel/transform_regression_tests_21-24/hyperdsl/spatial/regression_tests/unit/10_BlockReduce1D/out/maxj/src/static/templates/SpatialUtils.maxj (at line 4)
[maxjcompiler] 	import com.maxeler.maxcompiler.v2.kernelcompiler.stdlib.core.Count;
[maxjcompiler] 	       ^^^^^^^^^^^^^^^^^^^^^^^^^^^^^^^^^^^^^^^^^^^^^^^^^^^^^^^^^^^
[maxjcompiler] The import com.maxeler.maxcompiler.v2.kernelcompiler.stdlib.core.Count is never used
[maxjcompiler] ----------
[maxjcompiler] 110. WARNING in /local/ssd/home/mattfel/transform_regression_tests_21-24/hyperdsl/spatial/regression_tests/unit/10_BlockReduce1D/out/maxj/src/static/templates/SpatialUtils.maxj (at line 5)
[maxjcompiler] 	import com.maxeler.maxcompiler.v2.kernelcompiler.stdlib.core.Count.WrapMode;
[maxjcompiler] 	       ^^^^^^^^^^^^^^^^^^^^^^^^^^^^^^^^^^^^^^^^^^^^^^^^^^^^^^^^^^^^^^^^^^^^
[maxjcompiler] The import com.maxeler.maxcompiler.v2.kernelcompiler.stdlib.core.Count.WrapMode is never used
[maxjcompiler] ----------
[maxjcompiler] 111. WARNING in /local/ssd/home/mattfel/transform_regression_tests_21-24/hyperdsl/spatial/regression_tests/unit/10_BlockReduce1D/out/maxj/src/static/templates/SpatialUtils.maxj (at line 6)
[maxjcompiler] 	import com.maxeler.maxcompiler.v2.kernelcompiler.stdlib.core.Count.Params;
[maxjcompiler] 	       ^^^^^^^^^^^^^^^^^^^^^^^^^^^^^^^^^^^^^^^^^^^^^^^^^^^^^^^^^^^^^^^^^^
[maxjcompiler] The import com.maxeler.maxcompiler.v2.kernelcompiler.stdlib.core.Count.Params is never used
[maxjcompiler] ----------
[maxjcompiler] 112. WARNING in /local/ssd/home/mattfel/transform_regression_tests_21-24/hyperdsl/spatial/regression_tests/unit/10_BlockReduce1D/out/maxj/src/static/templates/SpatialUtils.maxj (at line 7)
[maxjcompiler] 	import com.maxeler.maxcompiler.v2.kernelcompiler.stdlib.memory.Memory;
[maxjcompiler] 	       ^^^^^^^^^^^^^^^^^^^^^^^^^^^^^^^^^^^^^^^^^^^^^^^^^^^^^^^^^^^^^^
[maxjcompiler] The import com.maxeler.maxcompiler.v2.kernelcompiler.stdlib.memory.Memory is never used
[maxjcompiler] ----------
[maxjcompiler] 113. WARNING in /local/ssd/home/mattfel/transform_regression_tests_21-24/hyperdsl/spatial/regression_tests/unit/10_BlockReduce1D/out/maxj/src/static/templates/SpatialUtils.maxj (at line 8)
[maxjcompiler] 	import com.maxeler.maxcompiler.v2.kernelcompiler.Kernel;
[maxjcompiler] 	       ^^^^^^^^^^^^^^^^^^^^^^^^^^^^^^^^^^^^^^^^^^^^^^^^
[maxjcompiler] The import com.maxeler.maxcompiler.v2.kernelcompiler.Kernel is never used
[maxjcompiler] ----------
[maxjcompiler] 114. WARNING in /local/ssd/home/mattfel/transform_regression_tests_21-24/hyperdsl/spatial/regression_tests/unit/10_BlockReduce1D/out/maxj/src/static/templates/SpatialUtils.maxj (at line 9)
[maxjcompiler] 	import com.maxeler.maxcompiler.v2.kernelcompiler.KernelParameters;
[maxjcompiler] 	       ^^^^^^^^^^^^^^^^^^^^^^^^^^^^^^^^^^^^^^^^^^^^^^^^^^^^^^^^^^
[maxjcompiler] The import com.maxeler.maxcompiler.v2.kernelcompiler.KernelParameters is never used
[maxjcompiler] ----------
[maxjcompiler] 115. WARNING in /local/ssd/home/mattfel/transform_regression_tests_21-24/hyperdsl/spatial/regression_tests/unit/10_BlockReduce1D/out/maxj/src/static/templates/SpatialUtils.maxj (at line 11)
[maxjcompiler] 	import com.maxeler.maxcompiler.v2.utils.MathUtils;
[maxjcompiler] 	       ^^^^^^^^^^^^^^^^^^^^^^^^^^^^^^^^^^^^^^^^^^
[maxjcompiler] The import com.maxeler.maxcompiler.v2.utils.MathUtils is never used
[maxjcompiler] ----------
[maxjcompiler] 116. WARNING in /local/ssd/home/mattfel/transform_regression_tests_21-24/hyperdsl/spatial/regression_tests/unit/10_BlockReduce1D/out/maxj/src/static/templates/SpatialUtils.maxj (at line 14)
[maxjcompiler] 	import com.maxeler.maxcompiler.v2.kernelcompiler.stdlib.KernelMath;
[maxjcompiler] 	       ^^^^^^^^^^^^^^^^^^^^^^^^^^^^^^^^^^^^^^^^^^^^^^^^^^^^^^^^^^^
[maxjcompiler] The import com.maxeler.maxcompiler.v2.kernelcompiler.stdlib.KernelMath is never used
[maxjcompiler] ----------
[maxjcompiler] 117. WARNING in /local/ssd/home/mattfel/transform_regression_tests_21-24/hyperdsl/spatial/regression_tests/unit/10_BlockReduce1D/out/maxj/src/static/templates/SpatialUtils.maxj (at line 15)
[maxjcompiler] 	import com.maxeler.maxcompiler.v2.kernelcompiler.types.base.DFEType;
[maxjcompiler] 	       ^^^^^^^^^^^^^^^^^^^^^^^^^^^^^^^^^^^^^^^^^^^^^^^^^^^^^^^^^^^^
[maxjcompiler] The import com.maxeler.maxcompiler.v2.kernelcompiler.types.base.DFEType is never used
[maxjcompiler] ----------
[maxjcompiler] 118. WARNING in /local/ssd/home/mattfel/transform_regression_tests_21-24/hyperdsl/spatial/regression_tests/unit/10_BlockReduce1D/out/maxj/src/static/templates/SpatialUtils.maxj (at line 16)
[maxjcompiler] 	import com.maxeler.maxcompiler.v2.kernelcompiler.stdlib.core.Stream.OffsetExpr;
[maxjcompiler] 	       ^^^^^^^^^^^^^^^^^^^^^^^^^^^^^^^^^^^^^^^^^^^^^^^^^^^^^^^^^^^^^^^^^^^^^^^
[maxjcompiler] The import com.maxeler.maxcompiler.v2.kernelcompiler.stdlib.core.Stream.OffsetExpr is never used
[maxjcompiler] ----------
[maxjcompiler] 119. WARNING in /local/ssd/home/mattfel/transform_regression_tests_21-24/hyperdsl/spatial/regression_tests/unit/10_BlockReduce1D/out/maxj/src/static/templates/SpatialUtils.maxj (at line 17)
[maxjcompiler] 	import com.maxeler.maxcompiler.v2.kernelcompiler.stdlib.Reductions;
[maxjcompiler] 	       ^^^^^^^^^^^^^^^^^^^^^^^^^^^^^^^^^^^^^^^^^^^^^^^^^^^^^^^^^^^
[maxjcompiler] The import com.maxeler.maxcompiler.v2.kernelcompiler.stdlib.Reductions is never used
[maxjcompiler] ----------
[maxjcompiler] 120. WARNING in /local/ssd/home/mattfel/transform_regression_tests_21-24/hyperdsl/spatial/regression_tests/unit/10_BlockReduce1D/out/maxj/src/static/templates/SpatialUtils.maxj (at line 18)
[maxjcompiler] 	import com.maxeler.maxcompiler.v2.kernelcompiler.SMIO;
[maxjcompiler] 	       ^^^^^^^^^^^^^^^^^^^^^^^^^^^^^^^^^^^^^^^^^^^^^^
[maxjcompiler] The import com.maxeler.maxcompiler.v2.kernelcompiler.SMIO is never used
[maxjcompiler] ----------
[maxjcompiler] 121. WARNING in /local/ssd/home/mattfel/transform_regression_tests_21-24/hyperdsl/spatial/regression_tests/unit/10_BlockReduce1D/out/maxj/src/static/templates/SpatialUtils.maxj (at line 19)
[maxjcompiler] 	import com.maxeler.maxcompiler.v2.kernelcompiler.stdlib.Accumulator;
[maxjcompiler] 	       ^^^^^^^^^^^^^^^^^^^^^^^^^^^^^^^^^^^^^^^^^^^^^^^^^^^^^^^^^^^^
[maxjcompiler] The import com.maxeler.maxcompiler.v2.kernelcompiler.stdlib.Accumulator is never used
[maxjcompiler] ----------
[maxjcompiler] 122. WARNING in /local/ssd/home/mattfel/transform_regression_tests_21-24/hyperdsl/spatial/regression_tests/unit/10_BlockReduce1D/out/maxj/src/static/templates/SpatialUtils.maxj (at line 20)
[maxjcompiler] 	import com.maxeler.maxcompiler.v2.kernelcompiler.types.base.DFEType;
[maxjcompiler] 	       ^^^^^^^^^^^^^^^^^^^^^^^^^^^^^^^^^^^^^^^^^^^^^^^^^^^^^^^^^^^^
[maxjcompiler] The import com.maxeler.maxcompiler.v2.kernelcompiler.types.base.DFEType is never used
[maxjcompiler] ----------
[maxjcompiler] 123. WARNING in /local/ssd/home/mattfel/transform_regression_tests_21-24/hyperdsl/spatial/regression_tests/unit/10_BlockReduce1D/out/maxj/src/static/templates/SpatialUtils.maxj (at line 21)
[maxjcompiler] 	import com.maxeler.maxcompiler.v2.kernelcompiler.types.composite.DFEVector;
[maxjcompiler] 	       ^^^^^^^^^^^^^^^^^^^^^^^^^^^^^^^^^^^^^^^^^^^^^^^^^^^^^^^^^^^^^^^^^^^
[maxjcompiler] The import com.maxeler.maxcompiler.v2.kernelcompiler.types.composite.DFEVector is never used
[maxjcompiler] ----------
[maxjcompiler] 124. WARNING in /local/ssd/home/mattfel/transform_regression_tests_21-24/hyperdsl/spatial/regression_tests/unit/10_BlockReduce1D/out/maxj/src/static/templates/SpatialUtils.maxj (at line 22)
[maxjcompiler] 	import com.maxeler.maxcompiler.v2.kernelcompiler.types.composite.DFEVectorType;
[maxjcompiler] 	       ^^^^^^^^^^^^^^^^^^^^^^^^^^^^^^^^^^^^^^^^^^^^^^^^^^^^^^^^^^^^^^^^^^^^^^^
[maxjcompiler] The import com.maxeler.maxcompiler.v2.kernelcompiler.types.composite.DFEVectorType is never used
[maxjcompiler] ----------
[maxjcompiler] 125. WARNING in /local/ssd/home/mattfel/transform_regression_tests_21-24/hyperdsl/spatial/regression_tests/unit/10_BlockReduce1D/out/maxj/src/static/templates/SpatialUtils.maxj (at line 24)
[maxjcompiler] 	import java.util.Arrays;
[maxjcompiler] 	       ^^^^^^^^^^^^^^^^
[maxjcompiler] The import java.util.Arrays is never used
[maxjcompiler] ----------
[maxjcompiler] ----------
[maxjcompiler] 126. WARNING in /local/ssd/home/mattfel/transform_regression_tests_21-24/hyperdsl/spatial/regression_tests/unit/10_BlockReduce1D/out/maxj/src/static/templates/NBufReg.maxj (at line 5)
[maxjcompiler] 	import com.maxeler.maxcompiler.v2.kernelcompiler.stdlib.memory.Memory;
[maxjcompiler] 	       ^^^^^^^^^^^^^^^^^^^^^^^^^^^^^^^^^^^^^^^^^^^^^^^^^^^^^^^^^^^^^^
[maxjcompiler] The import com.maxeler.maxcompiler.v2.kernelcompiler.stdlib.memory.Memory is never used
[maxjcompiler] ----------
[maxjcompiler] 127. WARNING in /local/ssd/home/mattfel/transform_regression_tests_21-24/hyperdsl/spatial/regression_tests/unit/10_BlockReduce1D/out/maxj/src/static/templates/NBufReg.maxj (at line 9)
[maxjcompiler] 	import com.maxeler.maxcompiler.v2.kernelcompiler.Optimization;
[maxjcompiler] 	       ^^^^^^^^^^^^^^^^^^^^^^^^^^^^^^^^^^^^^^^^^^^^^^^^^^^^^^
[maxjcompiler] The import com.maxeler.maxcompiler.v2.kernelcompiler.Optimization is never used
[maxjcompiler] ----------
[maxjcompiler] 128. WARNING in /local/ssd/home/mattfel/transform_regression_tests_21-24/hyperdsl/spatial/regression_tests/unit/10_BlockReduce1D/out/maxj/src/static/templates/NBufReg.maxj (at line 10)
[maxjcompiler] 	import com.maxeler.maxcompiler.v2.kernelcompiler.types.composite.DFEVector;
[maxjcompiler] 	       ^^^^^^^^^^^^^^^^^^^^^^^^^^^^^^^^^^^^^^^^^^^^^^^^^^^^^^^^^^^^^^^^^^^
[maxjcompiler] The import com.maxeler.maxcompiler.v2.kernelcompiler.types.composite.DFEVector is never used
[maxjcompiler] ----------
[maxjcompiler] 129. WARNING in /local/ssd/home/mattfel/transform_regression_tests_21-24/hyperdsl/spatial/regression_tests/unit/10_BlockReduce1D/out/maxj/src/static/templates/NBufReg.maxj (at line 11)
[maxjcompiler] 	import com.maxeler.maxcompiler.v2.kernelcompiler.types.composite.DFEVectorType;
[maxjcompiler] 	       ^^^^^^^^^^^^^^^^^^^^^^^^^^^^^^^^^^^^^^^^^^^^^^^^^^^^^^^^^^^^^^^^^^^^^^^
[maxjcompiler] The import com.maxeler.maxcompiler.v2.kernelcompiler.types.composite.DFEVectorType is never used
[maxjcompiler] ----------
[maxjcompiler] ----------
[maxjcompiler] 130. WARNING in /local/ssd/home/mattfel/transform_regression_tests_21-24/hyperdsl/spatial/regression_tests/unit/10_BlockReduce1D/out/maxj/src/static/templates/OnChipMem.maxj (at line 5)
[maxjcompiler] 	import com.maxeler.maxcompiler.v2.kernelcompiler.stdlib.memory.Memory;
[maxjcompiler] 	       ^^^^^^^^^^^^^^^^^^^^^^^^^^^^^^^^^^^^^^^^^^^^^^^^^^^^^^^^^^^^^^
[maxjcompiler] The import com.maxeler.maxcompiler.v2.kernelcompiler.stdlib.memory.Memory is never used
[maxjcompiler] ----------
[maxjcompiler] 131. WARNING in /local/ssd/home/mattfel/transform_regression_tests_21-24/hyperdsl/spatial/regression_tests/unit/10_BlockReduce1D/out/maxj/src/static/templates/OnChipMem.maxj (at line 6)
[maxjcompiler] 	import com.maxeler.maxcompiler.v2.kernelcompiler.SMIO;
[maxjcompiler] 	       ^^^^^^^^^^^^^^^^^^^^^^^^^^^^^^^^^^^^^^^^^^^^^^
[maxjcompiler] The import com.maxeler.maxcompiler.v2.kernelcompiler.SMIO is never used
[maxjcompiler] ----------
[maxjcompiler] 132. WARNING in /local/ssd/home/mattfel/transform_regression_tests_21-24/hyperdsl/spatial/regression_tests/unit/10_BlockReduce1D/out/maxj/src/static/templates/OnChipMem.maxj (at line 9)
[maxjcompiler] 	import com.maxeler.maxcompiler.v2.kernelcompiler.types.composite.DFEVector;
[maxjcompiler] 	       ^^^^^^^^^^^^^^^^^^^^^^^^^^^^^^^^^^^^^^^^^^^^^^^^^^^^^^^^^^^^^^^^^^^
[maxjcompiler] The import com.maxeler.maxcompiler.v2.kernelcompiler.types.composite.DFEVector is never used
[maxjcompiler] ----------
[maxjcompiler] ----------
[maxjcompiler] 133. WARNING in /local/ssd/home/mattfel/transform_regression_tests_21-24/hyperdsl/spatial/regression_tests/unit/10_BlockReduce1D/out/maxj/src/static/templates/DblBufKernelLib.maxj (at line 3)
[maxjcompiler] 	import java.util.List;
[maxjcompiler] 	       ^^^^^^^^^^^^^^
[maxjcompiler] The import java.util.List is never used
[maxjcompiler] ----------
[maxjcompiler] 134. WARNING in /local/ssd/home/mattfel/transform_regression_tests_21-24/hyperdsl/spatial/regression_tests/unit/10_BlockReduce1D/out/maxj/src/static/templates/DblBufKernelLib.maxj (at line 6)
[maxjcompiler] 	import com.maxeler.maxcompiler.v2.kernelcompiler.stdlib.memory.Memory;
[maxjcompiler] 	       ^^^^^^^^^^^^^^^^^^^^^^^^^^^^^^^^^^^^^^^^^^^^^^^^^^^^^^^^^^^^^^
[maxjcompiler] The import com.maxeler.maxcompiler.v2.kernelcompiler.stdlib.memory.Memory is never used
[maxjcompiler] ----------
[maxjcompiler] ----------
[maxjcompiler] 135. WARNING in /local/ssd/home/mattfel/transform_regression_tests_21-24/hyperdsl/spatial/regression_tests/unit/10_BlockReduce1D/out/maxj/src/static/templates/GatherSM.maxj (at line 9)
[maxjcompiler] 	import com.maxeler.maxcompiler.v2.utils.MathUtils;
[maxjcompiler] 	       ^^^^^^^^^^^^^^^^^^^^^^^^^^^^^^^^^^^^^^^^^^
[maxjcompiler] The import com.maxeler.maxcompiler.v2.utils.MathUtils is never used
[maxjcompiler] ----------
[maxjcompiler] ----------
[maxjcompiler] 136. WARNING in /local/ssd/home/mattfel/transform_regression_tests_21-24/hyperdsl/spatial/regression_tests/unit/10_BlockReduce1D/out/maxj/src/static/templates/BlockLoader.maxj (at line 6)
[maxjcompiler] 	import com.maxeler.maxcompiler.v2.kernelcompiler.stdlib.core.CounterChain;
[maxjcompiler] 	       ^^^^^^^^^^^^^^^^^^^^^^^^^^^^^^^^^^^^^^^^^^^^^^^^^^^^^^^^^^^^^^^^^^
[maxjcompiler] The import com.maxeler.maxcompiler.v2.kernelcompiler.stdlib.core.CounterChain is never used
[maxjcompiler] ----------
[maxjcompiler] 137. WARNING in /local/ssd/home/mattfel/transform_regression_tests_21-24/hyperdsl/spatial/regression_tests/unit/10_BlockReduce1D/out/maxj/src/static/templates/BlockLoader.maxj (at line 11)
[maxjcompiler] 	import com.maxeler.maxcompiler.v2.kernelcompiler.Optimization;
[maxjcompiler] 	       ^^^^^^^^^^^^^^^^^^^^^^^^^^^^^^^^^^^^^^^^^^^^^^^^^^^^^^
[maxjcompiler] The import com.maxeler.maxcompiler.v2.kernelcompiler.Optimization is never used
[maxjcompiler] ----------
[maxjcompiler] 138. WARNING in /local/ssd/home/mattfel/transform_regression_tests_21-24/hyperdsl/spatial/regression_tests/unit/10_BlockReduce1D/out/maxj/src/static/templates/BlockLoader.maxj (at line 308)
[maxjcompiler] 	DFEVector<DFEStruct> vecDataIn = vecType.newInstance(this);
[maxjcompiler] 	                     ^^^^^^^^^
[maxjcompiler] The local variable vecDataIn is never read
[maxjcompiler] ----------
[maxjcompiler] ----------
[maxjcompiler] 139. WARNING in /local/ssd/home/mattfel/transform_regression_tests_21-24/hyperdsl/spatial/regression_tests/unit/10_BlockReduce1D/out/maxj/src/kernels/BaseLib.maxj (at line 20)
[maxjcompiler] 	import com.maxeler.maxcompiler.v2.kernelcompiler.types.base.DFEType;
[maxjcompiler] 	       ^^^^^^^^^^^^^^^^^^^^^^^^^^^^^^^^^^^^^^^^^^^^^^^^^^^^^^^^^^^^
[maxjcompiler] The import com.maxeler.maxcompiler.v2.kernelcompiler.types.base.DFEType is never used
[maxjcompiler] ----------
[maxjcompiler] 140. ERROR in /local/ssd/home/mattfel/transform_regression_tests_21-24/hyperdsl/spatial/regression_tests/unit/10_BlockReduce1D/out/maxj/src/kernels/BaseLib.maxj (at line 43)
[maxjcompiler] 	NBufKernelLib BRAM1266_0 = new NBufKernelLib(this, "BRAM1266_0",
[maxjcompiler]                   96, 1, /*size0, size1*/
[maxjcompiler]                   dfeFixOffset( 32,0, SignMode.TWOSCOMPLEMENT), 1, 1, 2, /*banks, strides, depth*/
[maxjcompiler]                   true, /*all_same access (row_major or col_major)*/
[maxjcompiler]                   new boolean[] {true}, /*rowmajor read?*/
[maxjcompiler]                   1, 1 /*writepar, readpar*/);
[maxjcompiler] 	                           ^^^^^^^^^^^^^^^^^^^^^^^^^^^^^^^^^^^^^^^^^^^^^^^^^^^^^^^^^^^^^^^^^^^^^^^^^^^^^^^^^^^^^^^^^^^^^^^^^^^^^^^^^^^^^^^^^^^^^^^^^^^^^^^^^^^^^^^^^^^^^^^^^^^^^^^^^^^^^^^^^^^^^^^^^^^^^^^^^^^^^^^^^^^^^^^^^^^^^^^^^^^^^^^^^^^^^^^^^^^^^^^^^^^^^^^^^^^^^^^^^^^^^^^^^^^^^^^^^^^^^^^^^^^^^^^^^^^^^^^^^^^^^^^^^^^^^^^^^^^^^^^^^^^^^^^^^^^^^^^^^^^^^^^^^^^^^^^^^^^^^^^^^^^^^^^^
[maxjcompiler] The constructor NBufKernelLib(BaseLib, String, int, int, DFEFix, int, int, int, boolean, boolean[], int, int) is undefined
[maxjcompiler] ----------
[maxjcompiler] ----------
[maxjcompiler] 141. WARNING in /local/ssd/home/mattfel/transform_regression_tests_21-24/hyperdsl/spatial/regression_tests/unit/10_BlockReduce1D/out/maxj/src/kernels/MaxJManager.maxj (at line 3)
[maxjcompiler] 	import com.maxeler.maxcompiler.v2.kernelcompiler.Kernel;
[maxjcompiler] 	       ^^^^^^^^^^^^^^^^^^^^^^^^^^^^^^^^^^^^^^^^^^^^^^^^
[maxjcompiler] The import com.maxeler.maxcompiler.v2.kernelcompiler.Kernel is never used
[maxjcompiler] ----------
[maxjcompiler] 142. WARNING in /local/ssd/home/mattfel/transform_regression_tests_21-24/hyperdsl/spatial/regression_tests/unit/10_BlockReduce1D/out/maxj/src/kernels/MaxJManager.maxj (at line 4)
[maxjcompiler] 	import com.maxeler.maxcompiler.v2.managers.standard.Manager;
[maxjcompiler] 	       ^^^^^^^^^^^^^^^^^^^^^^^^^^^^^^^^^^^^^^^^^^^^^^^^^^^^
[maxjcompiler] The import com.maxeler.maxcompiler.v2.managers.standard.Manager is never used
[maxjcompiler] ----------
[maxjcompiler] 143. WARNING in /local/ssd/home/mattfel/transform_regression_tests_21-24/hyperdsl/spatial/regression_tests/unit/10_BlockReduce1D/out/maxj/src/kernels/MaxJManager.maxj (at line 5)
[maxjcompiler] 	import com.maxeler.maxcompiler.v2.managers.standard.Manager.MemAccessPattern;
[maxjcompiler] 	       ^^^^^^^^^^^^^^^^^^^^^^^^^^^^^^^^^^^^^^^^^^^^^^^^^^^^^^^^^^^^^^^^^^^^^
[maxjcompiler] The import com.maxeler.maxcompiler.v2.managers.standard.Manager.MemAccessPattern is never used
[maxjcompiler] ----------
[maxjcompiler] 144. WARNING in /local/ssd/home/mattfel/transform_regression_tests_21-24/hyperdsl/spatial/regression_tests/unit/10_BlockReduce1D/out/maxj/src/kernels/MaxJManager.maxj (at line 6)
[maxjcompiler] 	import com.maxeler.maxcompiler.v2.managers.standard.Manager.IOType;
[maxjcompiler] 	       ^^^^^^^^^^^^^^^^^^^^^^^^^^^^^^^^^^^^^^^^^^^^^^^^^^^^^^^^^^^
[maxjcompiler] The import com.maxeler.maxcompiler.v2.managers.standard.Manager.IOType is never used
[maxjcompiler] ----------
[maxjcompiler] 145. WARNING in /local/ssd/home/mattfel/transform_regression_tests_21-24/hyperdsl/spatial/regression_tests/unit/10_BlockReduce1D/out/maxj/src/kernels/MaxJManager.maxj (at line 16)
[maxjcompiler] 	import com.maxeler.maxcompiler.v2.managers.custom.stdlib.MemoryControllerConfig;
[maxjcompiler] 	       ^^^^^^^^^^^^^^^^^^^^^^^^^^^^^^^^^^^^^^^^^^^^^^^^^^^^^^^^^^^^^^^^^^^^^^^^
[maxjcompiler] The import com.maxeler.maxcompiler.v2.managers.custom.stdlib.MemoryControllerConfig is never used
[maxjcompiler] ----------
[maxjcompiler] 146. WARNING in /local/ssd/home/mattfel/transform_regression_tests_21-24/hyperdsl/spatial/regression_tests/unit/10_BlockReduce1D/out/maxj/src/kernels/MaxJManager.maxj (at line 18)
[maxjcompiler] 	import com.maxeler.maxcompiler.v2.kernelcompiler.KernelConfiguration.OptimizationOptions;
[maxjcompiler] 	       ^^^^^^^^^^^^^^^^^^^^^^^^^^^^^^^^^^^^^^^^^^^^^^^^^^^^^^^^^^^^^^^^^^^^^^^^^^^^^^^^^
[maxjcompiler] The import com.maxeler.maxcompiler.v2.kernelcompiler.KernelConfiguration.OptimizationOptions is never used
[maxjcompiler] ----------
[maxjcompiler] 147. WARNING in /local/ssd/home/mattfel/transform_regression_tests_21-24/hyperdsl/spatial/regression_tests/unit/10_BlockReduce1D/out/maxj/src/kernels/MaxJManager.maxj (at line 19)
[maxjcompiler] 	import com.maxeler.maxcompiler.v2.kernelcompiler.KernelConfiguration.OptimizationOptions.OptimizationTechnique;
[maxjcompiler] 	       ^^^^^^^^^^^^^^^^^^^^^^^^^^^^^^^^^^^^^^^^^^^^^^^^^^^^^^^^^^^^^^^^^^^^^^^^^^^^^^^^^^^^^^^^^^^^^^^^^^^^^^^
[maxjcompiler] The import com.maxeler.maxcompiler.v2.kernelcompiler.KernelConfiguration.OptimizationOptions.OptimizationTechnique is never used
[maxjcompiler] ----------
[maxjcompiler] 148. WARNING in /local/ssd/home/mattfel/transform_regression_tests_21-24/hyperdsl/spatial/regression_tests/unit/10_BlockReduce1D/out/maxj/src/kernels/MaxJManager.maxj (at line 23)
[maxjcompiler] 	private static final CPUTypes int8_t =    CPUTypes.INT8;
[maxjcompiler] 	                              ^^^^^^
[maxjcompiler] The field TopManager.int8_t is never read locally
[maxjcompiler] ----------
[maxjcompiler] 149. WARNING in /local/ssd/home/mattfel/transform_regression_tests_21-24/hyperdsl/spatial/regression_tests/unit/10_BlockReduce1D/out/maxj/src/kernels/MaxJManager.maxj (at line 24)
[maxjcompiler] 	private static final CPUTypes int16_t =    CPUTypes.INT16;
[maxjcompiler] 	                              ^^^^^^^
[maxjcompiler] The field TopManager.int16_t is never read locally
[maxjcompiler] ----------
[maxjcompiler] 150. WARNING in /local/ssd/home/mattfel/transform_regression_tests_21-24/hyperdsl/spatial/regression_tests/unit/10_BlockReduce1D/out/maxj/src/kernels/MaxJManager.maxj (at line 26)
[maxjcompiler] 	private static final CPUTypes int64_t =    CPUTypes.INT64;
[maxjcompiler] 	                              ^^^^^^^
[maxjcompiler] The field TopManager.int64_t is never read locally
[maxjcompiler] ----------
[maxjcompiler] 151. WARNING in /local/ssd/home/mattfel/transform_regression_tests_21-24/hyperdsl/spatial/regression_tests/unit/10_BlockReduce1D/out/maxj/src/kernels/MaxJManager.maxj (at line 28)
[maxjcompiler] 	private static final CPUTypes uint16_t =    CPUTypes.UINT16;
[maxjcompiler] 	                              ^^^^^^^^
[maxjcompiler] The field TopManager.uint16_t is never read locally
[maxjcompiler] ----------
[maxjcompiler] 152. WARNING in /local/ssd/home/mattfel/transform_regression_tests_21-24/hyperdsl/spatial/regression_tests/unit/10_BlockReduce1D/out/maxj/src/kernels/MaxJManager.maxj (at line 30)
[maxjcompiler] 	private static final CPUTypes uint64_t =    CPUTypes.UINT64;
[maxjcompiler] 	                              ^^^^^^^^
[maxjcompiler] The field TopManager.uint64_t is never read locally
[maxjcompiler] ----------
[maxjcompiler] 153. WARNING in /local/ssd/home/mattfel/transform_regression_tests_21-24/hyperdsl/spatial/regression_tests/unit/10_BlockReduce1D/out/maxj/src/kernels/MaxJManager.maxj (at line 31)
[maxjcompiler] 	private static final CPUTypes FLOAT = CPUTypes.FLOAT;
[maxjcompiler] 	                              ^^^^^
[maxjcompiler] The field TopManager.FLOAT is never read locally
[maxjcompiler] ----------
[maxjcompiler] 154. WARNING in /local/ssd/home/mattfel/transform_regression_tests_21-24/hyperdsl/spatial/regression_tests/unit/10_BlockReduce1D/out/maxj/src/kernels/MaxJManager.maxj (at line 32)
[maxjcompiler] 	private static final CPUTypes DOUBLE = CPUTypes.DOUBLE;
[maxjcompiler] 	                              ^^^^^^
[maxjcompiler] The field TopManager.DOUBLE is never read locally
[maxjcompiler] ----------
[maxjcompiler] ----------
[maxjcompiler] 155. WARNING in /local/ssd/home/mattfel/transform_regression_tests_21-24/hyperdsl/spatial/regression_tests/unit/10_BlockReduce1D/out/maxj/src/kernels/TopKernelLib.maxj (at line 5)
[maxjcompiler] 	import com.maxeler.maxcompiler.v2.kernelcompiler.stdlib.core.Count.Counter;
[maxjcompiler] 	       ^^^^^^^^^^^^^^^^^^^^^^^^^^^^^^^^^^^^^^^^^^^^^^^^^^^^^^^^^^^^^^^^^^^
[maxjcompiler] The import com.maxeler.maxcompiler.v2.kernelcompiler.stdlib.core.Count.Counter is never used
[maxjcompiler] ----------
[maxjcompiler] 156. WARNING in /local/ssd/home/mattfel/transform_regression_tests_21-24/hyperdsl/spatial/regression_tests/unit/10_BlockReduce1D/out/maxj/src/kernels/TopKernelLib.maxj (at line 6)
[maxjcompiler] 	import com.maxeler.maxcompiler.v2.kernelcompiler.stdlib.core.CounterChain;
[maxjcompiler] 	       ^^^^^^^^^^^^^^^^^^^^^^^^^^^^^^^^^^^^^^^^^^^^^^^^^^^^^^^^^^^^^^^^^^
[maxjcompiler] The import com.maxeler.maxcompiler.v2.kernelcompiler.stdlib.core.CounterChain is never used
[maxjcompiler] ----------
[maxjcompiler] 157. WARNING in /local/ssd/home/mattfel/transform_regression_tests_21-24/hyperdsl/spatial/regression_tests/unit/10_BlockReduce1D/out/maxj/src/kernels/TopKernelLib.maxj (at line 7)
[maxjcompiler] 	import com.maxeler.maxcompiler.v2.kernelcompiler.stdlib.core.Count;
[maxjcompiler] 	       ^^^^^^^^^^^^^^^^^^^^^^^^^^^^^^^^^^^^^^^^^^^^^^^^^^^^^^^^^^^
[maxjcompiler] The import com.maxeler.maxcompiler.v2.kernelcompiler.stdlib.core.Count is never used
[maxjcompiler] ----------
[maxjcompiler] 158. WARNING in /local/ssd/home/mattfel/transform_regression_tests_21-24/hyperdsl/spatial/regression_tests/unit/10_BlockReduce1D/out/maxj/src/kernels/TopKernelLib.maxj (at line 8)
[maxjcompiler] 	import com.maxeler.maxcompiler.v2.kernelcompiler.stdlib.core.Count.WrapMode;
[maxjcompiler] 	       ^^^^^^^^^^^^^^^^^^^^^^^^^^^^^^^^^^^^^^^^^^^^^^^^^^^^^^^^^^^^^^^^^^^^
[maxjcompiler] The import com.maxeler.maxcompiler.v2.kernelcompiler.stdlib.core.Count.WrapMode is never used
[maxjcompiler] ----------
[maxjcompiler] 159. WARNING in /local/ssd/home/mattfel/transform_regression_tests_21-24/hyperdsl/spatial/regression_tests/unit/10_BlockReduce1D/out/maxj/src/kernels/TopKernelLib.maxj (at line 9)
[maxjcompiler] 	import com.maxeler.maxcompiler.v2.kernelcompiler.stdlib.core.Count.Params;
[maxjcompiler] 	       ^^^^^^^^^^^^^^^^^^^^^^^^^^^^^^^^^^^^^^^^^^^^^^^^^^^^^^^^^^^^^^^^^^
[maxjcompiler] The import com.maxeler.maxcompiler.v2.kernelcompiler.stdlib.core.Count.Params is never used
[maxjcompiler] ----------
[maxjcompiler] 160. WARNING in /local/ssd/home/mattfel/transform_regression_tests_21-24/hyperdsl/spatial/regression_tests/unit/10_BlockReduce1D/out/maxj/src/kernels/TopKernelLib.maxj (at line 10)
[maxjcompiler] 	import com.maxeler.maxcompiler.v2.kernelcompiler.stdlib.memory.Memory;
[maxjcompiler] 	       ^^^^^^^^^^^^^^^^^^^^^^^^^^^^^^^^^^^^^^^^^^^^^^^^^^^^^^^^^^^^^^
[maxjcompiler] The import com.maxeler.maxcompiler.v2.kernelcompiler.stdlib.memory.Memory is never used
[maxjcompiler] ----------
[maxjcompiler] 161. WARNING in /local/ssd/home/mattfel/transform_regression_tests_21-24/hyperdsl/spatial/regression_tests/unit/10_BlockReduce1D/out/maxj/src/kernels/TopKernelLib.maxj (at line 11)
[maxjcompiler] 	import com.maxeler.maxcompiler.v2.kernelcompiler.Kernel;
[maxjcompiler] 	       ^^^^^^^^^^^^^^^^^^^^^^^^^^^^^^^^^^^^^^^^^^^^^^^^
[maxjcompiler] The import com.maxeler.maxcompiler.v2.kernelcompiler.Kernel is never used
[maxjcompiler] ----------
[maxjcompiler] 162. WARNING in /local/ssd/home/mattfel/transform_regression_tests_21-24/hyperdsl/spatial/regression_tests/unit/10_BlockReduce1D/out/maxj/src/kernels/TopKernelLib.maxj (at line 12)
[maxjcompiler] 	import com.maxeler.maxcompiler.v2.kernelcompiler.KernelParameters;
[maxjcompiler] 	       ^^^^^^^^^^^^^^^^^^^^^^^^^^^^^^^^^^^^^^^^^^^^^^^^^^^^^^^^^^
[maxjcompiler] The import com.maxeler.maxcompiler.v2.kernelcompiler.KernelParameters is never used
[maxjcompiler] ----------
[maxjcompiler] 163. WARNING in /local/ssd/home/mattfel/transform_regression_tests_21-24/hyperdsl/spatial/regression_tests/unit/10_BlockReduce1D/out/maxj/src/kernels/TopKernelLib.maxj (at line 14)
[maxjcompiler] 	import com.maxeler.maxcompiler.v2.utils.MathUtils;
[maxjcompiler] 	       ^^^^^^^^^^^^^^^^^^^^^^^^^^^^^^^^^^^^^^^^^^
[maxjcompiler] The import com.maxeler.maxcompiler.v2.utils.MathUtils is never used
[maxjcompiler] ----------
[maxjcompiler] 164. WARNING in /local/ssd/home/mattfel/transform_regression_tests_21-24/hyperdsl/spatial/regression_tests/unit/10_BlockReduce1D/out/maxj/src/kernels/TopKernelLib.maxj (at line 15)
[maxjcompiler] 	import com.maxeler.maxcompiler.v2.utils.Bits;
[maxjcompiler] 	       ^^^^^^^^^^^^^^^^^^^^^^^^^^^^^^^^^^^^^
[maxjcompiler] The import com.maxeler.maxcompiler.v2.utils.Bits is never used
[maxjcompiler] ----------
[maxjcompiler] 165. WARNING in /local/ssd/home/mattfel/transform_regression_tests_21-24/hyperdsl/spatial/regression_tests/unit/10_BlockReduce1D/out/maxj/src/kernels/TopKernelLib.maxj (at line 17)
[maxjcompiler] 	import com.maxeler.maxcompiler.v2.kernelcompiler.stdlib.KernelMath;
[maxjcompiler] 	       ^^^^^^^^^^^^^^^^^^^^^^^^^^^^^^^^^^^^^^^^^^^^^^^^^^^^^^^^^^^
[maxjcompiler] The import com.maxeler.maxcompiler.v2.kernelcompiler.stdlib.KernelMath is never used
[maxjcompiler] ----------
[maxjcompiler] 166. WARNING in /local/ssd/home/mattfel/transform_regression_tests_21-24/hyperdsl/spatial/regression_tests/unit/10_BlockReduce1D/out/maxj/src/kernels/TopKernelLib.maxj (at line 18)
[maxjcompiler] 	import com.maxeler.maxcompiler.v2.kernelcompiler.types.base.DFEType;
[maxjcompiler] 	       ^^^^^^^^^^^^^^^^^^^^^^^^^^^^^^^^^^^^^^^^^^^^^^^^^^^^^^^^^^^^
[maxjcompiler] The import com.maxeler.maxcompiler.v2.kernelcompiler.types.base.DFEType is never used
[maxjcompiler] ----------
[maxjcompiler] 167. WARNING in /local/ssd/home/mattfel/transform_regression_tests_21-24/hyperdsl/spatial/regression_tests/unit/10_BlockReduce1D/out/maxj/src/kernels/TopKernelLib.maxj (at line 20)
[maxjcompiler] 	import com.maxeler.maxcompiler.v2.kernelcompiler.stdlib.Reductions;
[maxjcompiler] 	       ^^^^^^^^^^^^^^^^^^^^^^^^^^^^^^^^^^^^^^^^^^^^^^^^^^^^^^^^^^^
[maxjcompiler] The import com.maxeler.maxcompiler.v2.kernelcompiler.stdlib.Reductions is never used
[maxjcompiler] ----------
[maxjcompiler] 168. WARNING in /local/ssd/home/mattfel/transform_regression_tests_21-24/hyperdsl/spatial/regression_tests/unit/10_BlockReduce1D/out/maxj/src/kernels/TopKernelLib.maxj (at line 22)
[maxjcompiler] 	import com.maxeler.maxcompiler.v2.kernelcompiler.stdlib.Accumulator;
[maxjcompiler] 	       ^^^^^^^^^^^^^^^^^^^^^^^^^^^^^^^^^^^^^^^^^^^^^^^^^^^^^^^^^^^^
[maxjcompiler] The import com.maxeler.maxcompiler.v2.kernelcompiler.stdlib.Accumulator is never used
[maxjcompiler] ----------
[maxjcompiler] 169. WARNING in /local/ssd/home/mattfel/transform_regression_tests_21-24/hyperdsl/spatial/regression_tests/unit/10_BlockReduce1D/out/maxj/src/kernels/TopKernelLib.maxj (at line 23)
[maxjcompiler] 	import com.maxeler.maxcompiler.v2.kernelcompiler.types.base.DFEType;
[maxjcompiler] 	       ^^^^^^^^^^^^^^^^^^^^^^^^^^^^^^^^^^^^^^^^^^^^^^^^^^^^^^^^^^^^
[maxjcompiler] The import com.maxeler.maxcompiler.v2.kernelcompiler.types.base.DFEType is never used
[maxjcompiler] ----------
[maxjcompiler] 170. WARNING in /local/ssd/home/mattfel/transform_regression_tests_21-24/hyperdsl/spatial/regression_tests/unit/10_BlockReduce1D/out/maxj/src/kernels/TopKernelLib.maxj (at line 78)
[maxjcompiler] 	DFEVar void1306_ctr_en = void1306_datapath_en;
[maxjcompiler] 	       ^^^^^^^^^^^^^^^
[maxjcompiler] The local variable void1306_ctr_en is never read
[maxjcompiler] ----------
[maxjcompiler] 171. WARNING in /local/ssd/home/mattfel/transform_regression_tests_21-24/hyperdsl/spatial/regression_tests/unit/10_BlockReduce1D/out/maxj/src/kernels/TopKernelLib.maxj (at line 90)
[maxjcompiler] 	DFEVar metapipe1292_rst_en = metapipe1292_sm.getOutput("rst_en");
[maxjcompiler] 	       ^^^^^^^^^^^^^^^^^^^
[maxjcompiler] The local variable metapipe1292_rst_en is never read
[maxjcompiler] ----------
[maxjcompiler] 172. WARNING in /local/ssd/home/mattfel/transform_regression_tests_21-24/hyperdsl/spatial/regression_tests/unit/10_BlockReduce1D/out/maxj/src/kernels/TopKernelLib.maxj (at line 95)
[maxjcompiler] 	DFEVar Counter1262_max_0 = FixedPoint1261;
[maxjcompiler] 	       ^^^^^^^^^^^^^^^^^
[maxjcompiler] The local variable Counter1262_max_0 is never read
[maxjcompiler] ----------
[maxjcompiler] 173. WARNING in /local/ssd/home/mattfel/transform_regression_tests_21-24/hyperdsl/spatial/regression_tests/unit/10_BlockReduce1D/out/maxj/src/kernels/TopKernelLib.maxj (at line 96)
[maxjcompiler] 	DFEVar metapipe1292_datapath_en = metapipe1292_en;
[maxjcompiler] 	       ^^^^^^^^^^^^^^^^^^^^^^^^
[maxjcompiler] The local variable metapipe1292_datapath_en is never read
[maxjcompiler] ----------
[maxjcompiler] 174. WARNING in /local/ssd/home/mattfel/transform_regression_tests_21-24/hyperdsl/spatial/regression_tests/unit/10_BlockReduce1D/out/maxj/src/kernels/TopKernelLib.maxj (at line 97)
[maxjcompiler] 	DFEVar metapipe1292_ctr_en = void1278_done;
[maxjcompiler] 	       ^^^^^^^^^^^^^^^^^^^
[maxjcompiler] The local variable metapipe1292_ctr_en is never read
[maxjcompiler] ----------
[maxjcompiler] 175. WARNING in /local/ssd/home/mattfel/transform_regression_tests_21-24/hyperdsl/spatial/regression_tests/unit/10_BlockReduce1D/out/maxj/src/kernels/TopKernelLib.maxj (at line 102)
[maxjcompiler] 	OffsetExpr CounterChain1263_offset = stream.makeOffsetAutoLoop("CounterChain1263_offset");
[maxjcompiler] 	           ^^^^^^^^^^^^^^^^^^^^^^^
[maxjcompiler] The local variable CounterChain1263_offset is never read
[maxjcompiler] ----------
[maxjcompiler] 176. WARNING in /local/ssd/home/mattfel/transform_regression_tests_21-24/hyperdsl/spatial/regression_tests/unit/10_BlockReduce1D/out/maxj/src/kernels/TopKernelLib.maxj (at line 106)
[maxjcompiler] 	DFEVar CounterChain1263_maxed = CounterChain1263.getOutput("saturated");
[maxjcompiler] 	       ^^^^^^^^^^^^^^^^^^^^^^
[maxjcompiler] The local variable CounterChain1263_maxed is never read
[maxjcompiler] ----------
[maxjcompiler] 177. WARNING in /local/ssd/home/mattfel/transform_regression_tests_21-24/hyperdsl/spatial/regression_tests/unit/10_BlockReduce1D/out/maxj/src/kernels/TopKernelLib.maxj (at line 107)
[maxjcompiler] 	DFEVar CounterChain1263_done = stream.offset(CounterChain1263.getOutput("done"), -1);
[maxjcompiler] 	       ^^^^^^^^^^^^^^^^^^^^^
[maxjcompiler] The local variable CounterChain1263_done is never read
[maxjcompiler] ----------
[maxjcompiler] 178. WARNING in /local/ssd/home/mattfel/transform_regression_tests_21-24/hyperdsl/spatial/regression_tests/unit/10_BlockReduce1D/out/maxj/src/kernels/TopKernelLib.maxj (at line 108)
[maxjcompiler] 	OffsetExpr CounterChain1263_additionalOffset = new OffsetExpr();
[maxjcompiler] 	           ^^^^^^^^^^^^^^^^^^^^^^^^^^^^^^^^^
[maxjcompiler] The local variable CounterChain1263_additionalOffset is never read
[maxjcompiler] ----------
[maxjcompiler] 179. WARNING in /local/ssd/home/mattfel/transform_regression_tests_21-24/hyperdsl/spatial/regression_tests/unit/10_BlockReduce1D/out/maxj/src/kernels/TopKernelLib.maxj (at line 138)
[maxjcompiler] 	DFEVar void1278_ctr_en = void1278_datapath_en;
[maxjcompiler] 	       ^^^^^^^^^^^^^^^
[maxjcompiler] The local variable void1278_ctr_en is never read
[maxjcompiler] ----------
[maxjcompiler] 180. WARNING in /local/ssd/home/mattfel/transform_regression_tests_21-24/hyperdsl/spatial/regression_tests/unit/10_BlockReduce1D/out/maxj/src/kernels/TopKernelLib.maxj (at line 142)
[maxjcompiler] 	MemoryCmdGenLib void1268 = new MemoryCmdGenLib(
[maxjcompiler] 	                ^^^^^^^^
[maxjcompiler] The local variable void1268 is never read
[maxjcompiler] ----------
[maxjcompiler] 181. WARNING in /local/ssd/home/mattfel/transform_regression_tests_21-24/hyperdsl/spatial/regression_tests/unit/10_BlockReduce1D/out/maxj/src/kernels/TopKernelLib.maxj (at line 163)
[maxjcompiler] 	DFEVar Counter1269_max_0 = pipe1276_sm.getOutput("ctr_maxOut_0");
[maxjcompiler] 	       ^^^^^^^^^^^^^^^^^
[maxjcompiler] The local variable Counter1269_max_0 is never read
[maxjcompiler] ----------
[maxjcompiler] 182. WARNING in /local/ssd/home/mattfel/transform_regression_tests_21-24/hyperdsl/spatial/regression_tests/unit/10_BlockReduce1D/out/maxj/src/kernels/TopKernelLib.maxj (at line 171)
[maxjcompiler] 	OffsetExpr CounterChain1270_offset = stream.makeOffsetAutoLoop("CounterChain1270_offset");
[maxjcompiler] 	           ^^^^^^^^^^^^^^^^^^^^^^^
[maxjcompiler] The local variable CounterChain1270_offset is never read
[maxjcompiler] ----------
[maxjcompiler] 183. WARNING in /local/ssd/home/mattfel/transform_regression_tests_21-24/hyperdsl/spatial/regression_tests/unit/10_BlockReduce1D/out/maxj/src/kernels/TopKernelLib.maxj (at line 175)
[maxjcompiler] 	DFEVar CounterChain1270_maxed = CounterChain1270.getOutput("saturated");
[maxjcompiler] 	       ^^^^^^^^^^^^^^^^^^^^^^
[maxjcompiler] The local variable CounterChain1270_maxed is never read
[maxjcompiler] ----------
[maxjcompiler] 184. WARNING in /local/ssd/home/mattfel/transform_regression_tests_21-24/hyperdsl/spatial/regression_tests/unit/10_BlockReduce1D/out/maxj/src/kernels/TopKernelLib.maxj (at line 177)
[maxjcompiler] 	OffsetExpr CounterChain1270_additionalOffset = new OffsetExpr();
[maxjcompiler] 	           ^^^^^^^^^^^^^^^^^^^^^^^^^^^^^^^^^
[maxjcompiler] The local variable CounterChain1270_additionalOffset is never read
[maxjcompiler] ----------
[maxjcompiler] 185. WARNING in /local/ssd/home/mattfel/transform_regression_tests_21-24/hyperdsl/spatial/regression_tests/unit/10_BlockReduce1D/out/maxj/src/kernels/TopKernelLib.maxj (at line 182)
[maxjcompiler] 	DFEVar pipe1276_redLoop_done = constant.var(true); // Hack for new fold unrolling...
[maxjcompiler] 	       ^^^^^^^^^^^^^^^^^^^^^
[maxjcompiler] The local variable pipe1276_redLoop_done is never read
[maxjcompiler] ----------
[maxjcompiler] 186. WARNING in /local/ssd/home/mattfel/transform_regression_tests_21-24/hyperdsl/spatial/regression_tests/unit/10_BlockReduce1D/out/maxj/src/kernels/TopKernelLib.maxj (at line 209)
[maxjcompiler] 	DFEVar Counter1264_max_0 = pipe1290_sm.getOutput("ctr_maxOut_0");
[maxjcompiler] 	       ^^^^^^^^^^^^^^^^^
[maxjcompiler] The local variable Counter1264_max_0 is never read
[maxjcompiler] ----------
[maxjcompiler] 187. WARNING in /local/ssd/home/mattfel/transform_regression_tests_21-24/hyperdsl/spatial/regression_tests/unit/10_BlockReduce1D/out/maxj/src/kernels/TopKernelLib.maxj (at line 212)
[maxjcompiler] 	DFEVar pipe1290_ctr_en = pipe1290_datapath_en;
[maxjcompiler] 	       ^^^^^^^^^^^^^^^
[maxjcompiler] The local variable pipe1290_ctr_en is never read
[maxjcompiler] ----------
[maxjcompiler] 188. WARNING in /local/ssd/home/mattfel/transform_regression_tests_21-24/hyperdsl/spatial/regression_tests/unit/10_BlockReduce1D/out/maxj/src/kernels/TopKernelLib.maxj (at line 217)
[maxjcompiler] 	OffsetExpr CounterChain1265_offset = stream.makeOffsetAutoLoop("CounterChain1265_offset");
[maxjcompiler] 	           ^^^^^^^^^^^^^^^^^^^^^^^
[maxjcompiler] The local variable CounterChain1265_offset is never read
[maxjcompiler] ----------
[maxjcompiler] 189. WARNING in /local/ssd/home/mattfel/transform_regression_tests_21-24/hyperdsl/spatial/regression_tests/unit/10_BlockReduce1D/out/maxj/src/kernels/TopKernelLib.maxj (at line 221)
[maxjcompiler] 	DFEVar CounterChain1265_maxed = CounterChain1265.getOutput("saturated");
[maxjcompiler] 	       ^^^^^^^^^^^^^^^^^^^^^^
[maxjcompiler] The local variable CounterChain1265_maxed is never read
[maxjcompiler] ----------
[maxjcompiler] 190. WARNING in /local/ssd/home/mattfel/transform_regression_tests_21-24/hyperdsl/spatial/regression_tests/unit/10_BlockReduce1D/out/maxj/src/kernels/TopKernelLib.maxj (at line 223)
[maxjcompiler] 	OffsetExpr CounterChain1265_additionalOffset = new OffsetExpr();
[maxjcompiler] 	           ^^^^^^^^^^^^^^^^^^^^^^^^^^^^^^^^^
[maxjcompiler] The local variable CounterChain1265_additionalOffset is never read
[maxjcompiler] ----------
[maxjcompiler] 191. WARNING in /local/ssd/home/mattfel/transform_regression_tests_21-24/hyperdsl/spatial/regression_tests/unit/10_BlockReduce1D/out/maxj/src/kernels/TopKernelLib.maxj (at line 259)
[maxjcompiler] 	DFEVector<DFEVar> FIFO1293_rdata = new DFEVectorType<DFEVar>(dfeFixOffset( 32,0, SignMode.TWOSCOMPLEMENT), 1).newInstance(this);
[maxjcompiler] 	                  ^^^^^^^^^^^^^^
[maxjcompiler] The local variable FIFO1293_rdata is never read
[maxjcompiler] ----------
[maxjcompiler] 192. WARNING in /local/ssd/home/mattfel/transform_regression_tests_21-24/hyperdsl/spatial/regression_tests/unit/10_BlockReduce1D/out/maxj/src/kernels/TopKernelLib.maxj (at line 275)
[maxjcompiler] 	DFEVar void1304_ctr_en = void1304_datapath_en;
[maxjcompiler] 	       ^^^^^^^^^^^^^^^
[maxjcompiler] The local variable void1304_ctr_en is never read
[maxjcompiler] ----------
[maxjcompiler] 193. WARNING in /local/ssd/home/mattfel/transform_regression_tests_21-24/hyperdsl/spatial/regression_tests/unit/10_BlockReduce1D/out/maxj/src/kernels/TopKernelLib.maxj (at line 291)
[maxjcompiler] 	DFEVar Counter1294_max_0 = pipe1301_sm.getOutput("ctr_maxOut_0");
[maxjcompiler] 	       ^^^^^^^^^^^^^^^^^
[maxjcompiler] The local variable Counter1294_max_0 is never read
[maxjcompiler] ----------
[maxjcompiler] 194. WARNING in /local/ssd/home/mattfel/transform_regression_tests_21-24/hyperdsl/spatial/regression_tests/unit/10_BlockReduce1D/out/maxj/src/kernels/TopKernelLib.maxj (at line 299)
[maxjcompiler] 	OffsetExpr CounterChain1295_offset = stream.makeOffsetAutoLoop("CounterChain1295_offset");
[maxjcompiler] 	           ^^^^^^^^^^^^^^^^^^^^^^^
[maxjcompiler] The local variable CounterChain1295_offset is never read
[maxjcompiler] ----------
[maxjcompiler] 195. WARNING in /local/ssd/home/mattfel/transform_regression_tests_21-24/hyperdsl/spatial/regression_tests/unit/10_BlockReduce1D/out/maxj/src/kernels/TopKernelLib.maxj (at line 303)
[maxjcompiler] 	DFEVar CounterChain1295_maxed = CounterChain1295.getOutput("saturated");
[maxjcompiler] 	       ^^^^^^^^^^^^^^^^^^^^^^
[maxjcompiler] The local variable CounterChain1295_maxed is never read
[maxjcompiler] ----------
[maxjcompiler] 196. WARNING in /local/ssd/home/mattfel/transform_regression_tests_21-24/hyperdsl/spatial/regression_tests/unit/10_BlockReduce1D/out/maxj/src/kernels/TopKernelLib.maxj (at line 305)
[maxjcompiler] 	OffsetExpr CounterChain1295_additionalOffset = new OffsetExpr();
[maxjcompiler] 	           ^^^^^^^^^^^^^^^^^^^^^^^^^^^^^^^^^
[maxjcompiler] The local variable CounterChain1295_additionalOffset is never read
[maxjcompiler] ----------
[maxjcompiler] 197. WARNING in /local/ssd/home/mattfel/transform_regression_tests_21-24/hyperdsl/spatial/regression_tests/unit/10_BlockReduce1D/out/maxj/src/kernels/TopKernelLib.maxj (at line 310)
[maxjcompiler] 	DFEVar pipe1301_redLoop_done = constant.var(true); // Hack for new fold unrolling...
[maxjcompiler] 	       ^^^^^^^^^^^^^^^^^^^^^
[maxjcompiler] The local variable pipe1301_redLoop_done is never read
[maxjcompiler] ----------
[maxjcompiler] 198. WARNING in /local/ssd/home/mattfel/transform_regression_tests_21-24/hyperdsl/spatial/regression_tests/unit/10_BlockReduce1D/out/maxj/src/kernels/TopKernelLib.maxj (at line 312)
[maxjcompiler] 	DFEVector<DFEVar> Vector1095 = new DFEVectorType<DFEVar>(dfeFixOffset( 32,0, SignMode.TWOSCOMPLEMENT), 1).newInstance(this, Arrays.asList(FixedPoint1094));
[maxjcompiler] 	                  ^^^^^^^^^^
[maxjcompiler] The local variable Vector1095 is never read
[maxjcompiler] ----------
[maxjcompiler] 199. WARNING in /local/ssd/home/mattfel/transform_regression_tests_21-24/hyperdsl/spatial/regression_tests/unit/10_BlockReduce1D/out/maxj/src/kernels/TopKernelLib.maxj (at line 318)
[maxjcompiler] 	DFEVector<DFEVar> Vector1100 = new DFEVectorType<DFEVar>(dfeFixOffset(1, 0, SignMode.UNSIGNED), 1).newInstance(this, Arrays.asList(Bit1099));
[maxjcompiler] 	                  ^^^^^^^^^^
[maxjcompiler] The local variable Vector1100 is never read
[maxjcompiler] ----------
[maxjcompiler] 200. WARNING in /local/ssd/home/mattfel/transform_regression_tests_21-24/hyperdsl/spatial/regression_tests/unit/10_BlockReduce1D/out/maxj/src/kernels/TopKernelLib.maxj (at line 327)
[maxjcompiler] 	MemoryCmdStLib void1302 = new MemoryCmdStLib(
[maxjcompiler] 	               ^^^^^^^^
[maxjcompiler] The local variable void1302 is never read
[maxjcompiler] ----------
[maxjcompiler] ----------
[maxjcompiler] 201. WARNING in /local/ssd/home/mattfel/transform_regression_tests_21-24/hyperdsl/spatial/regression_tests/unit/10_BlockReduce1D/out/maxj/src/kernels/pipe1290_reduce_kernel.maxj (at line 2)
[maxjcompiler] 	import com.maxeler.maxcompiler.v2.kernelcompiler.stdlib.core.Count.Counter;
[maxjcompiler] 	       ^^^^^^^^^^^^^^^^^^^^^^^^^^^^^^^^^^^^^^^^^^^^^^^^^^^^^^^^^^^^^^^^^^^
[maxjcompiler] The import com.maxeler.maxcompiler.v2.kernelcompiler.stdlib.core.Count.Counter is never used
[maxjcompiler] ----------
[maxjcompiler] 202. WARNING in /local/ssd/home/mattfel/transform_regression_tests_21-24/hyperdsl/spatial/regression_tests/unit/10_BlockReduce1D/out/maxj/src/kernels/pipe1290_reduce_kernel.maxj (at line 3)
[maxjcompiler] 	import com.maxeler.maxcompiler.v2.kernelcompiler.stdlib.core.CounterChain;
[maxjcompiler] 	       ^^^^^^^^^^^^^^^^^^^^^^^^^^^^^^^^^^^^^^^^^^^^^^^^^^^^^^^^^^^^^^^^^^
[maxjcompiler] The import com.maxeler.maxcompiler.v2.kernelcompiler.stdlib.core.CounterChain is never used
[maxjcompiler] ----------
[maxjcompiler] 203. WARNING in /local/ssd/home/mattfel/transform_regression_tests_21-24/hyperdsl/spatial/regression_tests/unit/10_BlockReduce1D/out/maxj/src/kernels/pipe1290_reduce_kernel.maxj (at line 4)
[maxjcompiler] 	import com.maxeler.maxcompiler.v2.kernelcompiler.stdlib.core.Count;
[maxjcompiler] 	       ^^^^^^^^^^^^^^^^^^^^^^^^^^^^^^^^^^^^^^^^^^^^^^^^^^^^^^^^^^^
[maxjcompiler] The import com.maxeler.maxcompiler.v2.kernelcompiler.stdlib.core.Count is never used
[maxjcompiler] ----------
[maxjcompiler] 204. WARNING in /local/ssd/home/mattfel/transform_regression_tests_21-24/hyperdsl/spatial/regression_tests/unit/10_BlockReduce1D/out/maxj/src/kernels/pipe1290_reduce_kernel.maxj (at line 5)
[maxjcompiler] 	import com.maxeler.maxcompiler.v2.kernelcompiler.stdlib.core.Count.WrapMode;
[maxjcompiler] 	       ^^^^^^^^^^^^^^^^^^^^^^^^^^^^^^^^^^^^^^^^^^^^^^^^^^^^^^^^^^^^^^^^^^^^
[maxjcompiler] The import com.maxeler.maxcompiler.v2.kernelcompiler.stdlib.core.Count.WrapMode is never used
[maxjcompiler] ----------
[maxjcompiler] 205. WARNING in /local/ssd/home/mattfel/transform_regression_tests_21-24/hyperdsl/spatial/regression_tests/unit/10_BlockReduce1D/out/maxj/src/kernels/pipe1290_reduce_kernel.maxj (at line 6)
[maxjcompiler] 	import com.maxeler.maxcompiler.v2.kernelcompiler.stdlib.core.Count.Params;
[maxjcompiler] 	       ^^^^^^^^^^^^^^^^^^^^^^^^^^^^^^^^^^^^^^^^^^^^^^^^^^^^^^^^^^^^^^^^^^
[maxjcompiler] The import com.maxeler.maxcompiler.v2.kernelcompiler.stdlib.core.Count.Params is never used
[maxjcompiler] ----------
[maxjcompiler] 206. WARNING in /local/ssd/home/mattfel/transform_regression_tests_21-24/hyperdsl/spatial/regression_tests/unit/10_BlockReduce1D/out/maxj/src/kernels/pipe1290_reduce_kernel.maxj (at line 7)
[maxjcompiler] 	import com.maxeler.maxcompiler.v2.kernelcompiler.stdlib.memory.Memory;
[maxjcompiler] 	       ^^^^^^^^^^^^^^^^^^^^^^^^^^^^^^^^^^^^^^^^^^^^^^^^^^^^^^^^^^^^^^
[maxjcompiler] The import com.maxeler.maxcompiler.v2.kernelcompiler.stdlib.memory.Memory is never used
[maxjcompiler] ----------
[maxjcompiler] 207. WARNING in /local/ssd/home/mattfel/transform_regression_tests_21-24/hyperdsl/spatial/regression_tests/unit/10_BlockReduce1D/out/maxj/src/kernels/pipe1290_reduce_kernel.maxj (at line 8)
[maxjcompiler] 	import com.maxeler.maxcompiler.v2.kernelcompiler.Kernel;
[maxjcompiler] 	       ^^^^^^^^^^^^^^^^^^^^^^^^^^^^^^^^^^^^^^^^^^^^^^^^
[maxjcompiler] The import com.maxeler.maxcompiler.v2.kernelcompiler.Kernel is never used
[maxjcompiler] ----------
[maxjcompiler] 208. WARNING in /local/ssd/home/mattfel/transform_regression_tests_21-24/hyperdsl/spatial/regression_tests/unit/10_BlockReduce1D/out/maxj/src/kernels/pipe1290_reduce_kernel.maxj (at line 9)
[maxjcompiler] 	import com.maxeler.maxcompiler.v2.kernelcompiler.KernelParameters;
[maxjcompiler] 	       ^^^^^^^^^^^^^^^^^^^^^^^^^^^^^^^^^^^^^^^^^^^^^^^^^^^^^^^^^^
[maxjcompiler] The import com.maxeler.maxcompiler.v2.kernelcompiler.KernelParameters is never used
[maxjcompiler] ----------
[maxjcompiler] 209. WARNING in /local/ssd/home/mattfel/transform_regression_tests_21-24/hyperdsl/spatial/regression_tests/unit/10_BlockReduce1D/out/maxj/src/kernels/pipe1290_reduce_kernel.maxj (at line 11)
[maxjcompiler] 	import com.maxeler.maxcompiler.v2.utils.MathUtils;
[maxjcompiler] 	       ^^^^^^^^^^^^^^^^^^^^^^^^^^^^^^^^^^^^^^^^^^
[maxjcompiler] The import com.maxeler.maxcompiler.v2.utils.MathUtils is never used
[maxjcompiler] ----------
[maxjcompiler] 210. WARNING in /local/ssd/home/mattfel/transform_regression_tests_21-24/hyperdsl/spatial/regression_tests/unit/10_BlockReduce1D/out/maxj/src/kernels/pipe1290_reduce_kernel.maxj (at line 12)
[maxjcompiler] 	import com.maxeler.maxcompiler.v2.utils.Bits;
[maxjcompiler] 	       ^^^^^^^^^^^^^^^^^^^^^^^^^^^^^^^^^^^^^
[maxjcompiler] The import com.maxeler.maxcompiler.v2.utils.Bits is never used
[maxjcompiler] ----------
[maxjcompiler] 211. WARNING in /local/ssd/home/mattfel/transform_regression_tests_21-24/hyperdsl/spatial/regression_tests/unit/10_BlockReduce1D/out/maxj/src/kernels/pipe1290_reduce_kernel.maxj (at line 14)
[maxjcompiler] 	import com.maxeler.maxcompiler.v2.kernelcompiler.stdlib.KernelMath;
[maxjcompiler] 	       ^^^^^^^^^^^^^^^^^^^^^^^^^^^^^^^^^^^^^^^^^^^^^^^^^^^^^^^^^^^
[maxjcompiler] The import com.maxeler.maxcompiler.v2.kernelcompiler.stdlib.KernelMath is never used
[maxjcompiler] ----------
[maxjcompiler] 212. WARNING in /local/ssd/home/mattfel/transform_regression_tests_21-24/hyperdsl/spatial/regression_tests/unit/10_BlockReduce1D/out/maxj/src/kernels/pipe1290_reduce_kernel.maxj (at line 15)
[maxjcompiler] 	import com.maxeler.maxcompiler.v2.kernelcompiler.types.base.DFEType;
[maxjcompiler] 	       ^^^^^^^^^^^^^^^^^^^^^^^^^^^^^^^^^^^^^^^^^^^^^^^^^^^^^^^^^^^^
[maxjcompiler] The import com.maxeler.maxcompiler.v2.kernelcompiler.types.base.DFEType is never used
[maxjcompiler] ----------
[maxjcompiler] 213. WARNING in /local/ssd/home/mattfel/transform_regression_tests_21-24/hyperdsl/spatial/regression_tests/unit/10_BlockReduce1D/out/maxj/src/kernels/pipe1290_reduce_kernel.maxj (at line 16)
[maxjcompiler] 	import com.maxeler.maxcompiler.v2.kernelcompiler.stdlib.core.Stream.OffsetExpr;
[maxjcompiler] 	       ^^^^^^^^^^^^^^^^^^^^^^^^^^^^^^^^^^^^^^^^^^^^^^^^^^^^^^^^^^^^^^^^^^^^^^^
[maxjcompiler] The import com.maxeler.maxcompiler.v2.kernelcompiler.stdlib.core.Stream.OffsetExpr is never used
[maxjcompiler] ----------
[maxjcompiler] 214. WARNING in /local/ssd/home/mattfel/transform_regression_tests_21-24/hyperdsl/spatial/regression_tests/unit/10_BlockReduce1D/out/maxj/src/kernels/pipe1290_reduce_kernel.maxj (at line 17)
[maxjcompiler] 	import com.maxeler.maxcompiler.v2.kernelcompiler.stdlib.Reductions;
[maxjcompiler] 	       ^^^^^^^^^^^^^^^^^^^^^^^^^^^^^^^^^^^^^^^^^^^^^^^^^^^^^^^^^^^
[maxjcompiler] The import com.maxeler.maxcompiler.v2.kernelcompiler.stdlib.Reductions is never used
[maxjcompiler] ----------
[maxjcompiler] 215. WARNING in /local/ssd/home/mattfel/transform_regression_tests_21-24/hyperdsl/spatial/regression_tests/unit/10_BlockReduce1D/out/maxj/src/kernels/pipe1290_reduce_kernel.maxj (at line 18)
[maxjcompiler] 	import com.maxeler.maxcompiler.v2.kernelcompiler.SMIO;
[maxjcompiler] 	       ^^^^^^^^^^^^^^^^^^^^^^^^^^^^^^^^^^^^^^^^^^^^^^
[maxjcompiler] The import com.maxeler.maxcompiler.v2.kernelcompiler.SMIO is never used
[maxjcompiler] ----------
[maxjcompiler] 216. WARNING in /local/ssd/home/mattfel/transform_regression_tests_21-24/hyperdsl/spatial/regression_tests/unit/10_BlockReduce1D/out/maxj/src/kernels/pipe1290_reduce_kernel.maxj (at line 19)
[maxjcompiler] 	import com.maxeler.maxcompiler.v2.kernelcompiler.stdlib.Accumulator;
[maxjcompiler] 	       ^^^^^^^^^^^^^^^^^^^^^^^^^^^^^^^^^^^^^^^^^^^^^^^^^^^^^^^^^^^^
[maxjcompiler] The import com.maxeler.maxcompiler.v2.kernelcompiler.stdlib.Accumulator is never used
[maxjcompiler] ----------
[maxjcompiler] 217. WARNING in /local/ssd/home/mattfel/transform_regression_tests_21-24/hyperdsl/spatial/regression_tests/unit/10_BlockReduce1D/out/maxj/src/kernels/pipe1290_reduce_kernel.maxj (at line 20)
[maxjcompiler] 	import com.maxeler.maxcompiler.v2.kernelcompiler.types.base.DFEType;
[maxjcompiler] 	       ^^^^^^^^^^^^^^^^^^^^^^^^^^^^^^^^^^^^^^^^^^^^^^^^^^^^^^^^^^^^
[maxjcompiler] The import com.maxeler.maxcompiler.v2.kernelcompiler.types.base.DFEType is never used
[maxjcompiler] ----------
[maxjcompiler] 218. WARNING in /local/ssd/home/mattfel/transform_regression_tests_21-24/hyperdsl/spatial/regression_tests/unit/10_BlockReduce1D/out/maxj/src/kernels/pipe1290_reduce_kernel.maxj (at line 22)
[maxjcompiler] 	import com.maxeler.maxcompiler.v2.kernelcompiler.types.composite.DFEVectorType;
[maxjcompiler] 	       ^^^^^^^^^^^^^^^^^^^^^^^^^^^^^^^^^^^^^^^^^^^^^^^^^^^^^^^^^^^^^^^^^^^^^^^
[maxjcompiler] The import com.maxeler.maxcompiler.v2.kernelcompiler.types.composite.DFEVectorType is never used
[maxjcompiler] ----------
[maxjcompiler] 219. WARNING in /local/ssd/home/mattfel/transform_regression_tests_21-24/hyperdsl/spatial/regression_tests/unit/10_BlockReduce1D/out/maxj/src/kernels/pipe1290_reduce_kernel.maxj (at line 24)
[maxjcompiler] 	import java.util.Arrays;
[maxjcompiler] 	       ^^^^^^^^^^^^^^^^
[maxjcompiler] The import java.util.Arrays is never used
[maxjcompiler] ----------
[maxjcompiler] 219 problems (1 error, 218 warnings)

BUILD FAILED
/local/ssd/home/mattfel/transform_regression_tests_21-24/hyperdsl/spatial/regression_tests/unit/10_BlockReduce1D/out/build.xml:40: /local/ssd/home/mattfel/transform_regression_tests_21-24/hyperdsl/spatial/regression_tests/unit/10_BlockReduce1D/out/build.xml:40: Compile failed; see the compiler error output for details.

Total time: 3 seconds
make: *** [bitstream-sim] Error 1
