Ignoring silly LD_PRELOAD  e r r o r
Ignoring silly LD_PRELOAD  e r r o r
Delite Application Being Staged:[ScatterGather$]
******Generating the program******
Ignoring scattergather mutable sharing e r r o rs Sym(173), Sym(178)
at Sym(206)=Reflect(Gather(Sym(173),Sym(185),Sym(178),Sym(179),p3(1),Sym(205)),Summary(mayRead(Sym(173), Sym(185), Sym(178)), mstRead(Sym(173), Sym(185), Sym(178)), mayWrite(Sym(185)), mstWrite(Sym(185))),List())
Ignoring scattergather mutable sharing e r r o rs Sym(185), Sym(178)
at Sym(211)=Reflect(Scatter(Sym(174),Sym(185),Sym(178),Sym(179),p4(4),Sym(210)),Summary(mayRead(Sym(174), Sym(185), Sym(178)), mstRead(Sym(174), Sym(185), Sym(178)), mayWrite(Sym(174)), mstWrite(Sym(174))),List())
[[33mwarn[0m] /local/ssd/home/mattfel/transform_regression_tests_21-24/hyperdsl/spatial/published/Spatial/compiler/src/spatial/compiler/models/AreaModel.scala:80: Don't know area for Gather(Sym(1227),Sym(1271),Sym(1268),Sym(179),p3(1),Sym(205))
[[33mwarn[0m] /local/ssd/home/mattfel/transform_regression_tests_21-24/hyperdsl/spatial/published/Spatial/compiler/src/spatial/compiler/models/AreaModel.scala:80: Don't know area for Scatter(Sym(1228),Sym(1271),Sym(1268),Sym(179),p4(4),Sym(210))
Loaded RoutingLUTs model from file
Loaded FanoutRegisters model from file
Loaded UnavailableALMs model from file
Resource Estimate Breakdown: 
-----------------------------
Estimated unavailable ALMs: 579
LUT3: 23350
LUT4: 11251
LUT5: 12420
LUT6: 9253
LUT7: 468
Estimated routing luts: 20691
Logic+register ALMs: 48650
Register-only ALMS:  0
Recovered ALMs:      35059
MEM64: 4619
MEM32: 519
MEM16: 559
Design registers: 76623
Memory registers: 0
Fanout registers: 3706
Design BRAMs: 340
Fanout BRAMs: 0

Resource Estimate Summary: 
---------------------------
ALMs: 48650 / 262400 (18.54%)
Regs: 80329
DSPs: 0 / 1963 (0.00%)
BRAM: 340 / 2567 (13.25%)

Loaded TileLoadModel model from file
[[33mwarn[0m] /local/ssd/home/mattfel/transform_regression_tests_21-24/hyperdsl/spatial/published/Spatial/compiler/src/spatial/compiler/models/LatencyModel.scala:16: Don't know latency of Gather(Sym(1227),Sym(1271),Sym(1268),Sym(179),p3(1),Sym(205))
[[33mwarn[0m] /local/ssd/home/mattfel/transform_regression_tests_21-24/hyperdsl/spatial/published/Spatial/compiler/src/spatial/compiler/models/LatencyModel.scala:16: Don't know latency of Scatter(Sym(1228),Sym(1271),Sym(1268),Sym(179),p4(4),Sym(210))
Estimated cycles: 987749
Estimated runtime (at 150.00MHz): 0.00658499s
Instruction statistics:
  Instructions: 1771009 (0.002 GI)
  FLOPs: 0 (0.000 GFLOPs)
  On-chip loads: 18874368 bits (0.002 GB)
  On-chip stores: 18874368 bits (0.002 GB)
  Off-chip loads: 18874368 bits (0.002 GB)
  Off-chip stores: 0 bits (0.000 GB)
--
  Total on-chip transfers: 0.004 GB
  Total off-chip transfers: 0.002 GB

Performance statistics (based on estimated runtime):
  Instructions: 0.269 GIPS
  Floating point: 0.000 GFLOPS
  On-chip load bandwidth: 0.334 GB/s
  On-chip store bandwidth: 0.334 GB/s
  Off-chip load bandwidth: 0.334 GB/s
  Off-chip store bandwidth: 0.000 GB/s
--
  Total on-chip bandwidth: 0.667 GB/s
  Total off-chip bandwidth: 0.334 GB/s
Ignoring scattergather mutable sharing e r r o rs Sym(1486), Sym(1527)
at Sym(1560)=Reflect(Gather(Sym(1486),Sym(1531),Sym(1527),Sym(179),Const(1),Sym(1559)),Summary(mayRead(Sym(1486), Sym(1531), Sym(1527)), mstRead(Sym(1486), Sym(1531), Sym(1527)), mayWrite(Sym(1531)), mstWrite(Sym(1531))),List())
Ignoring scattergather mutable sharing e r r o rs Sym(1531), Sym(1527)
at Sym(1567)=Reflect(Scatter(Sym(1487),Sym(1531),Sym(1527),Sym(179),Const(1),Sym(1566)),Summary(mayRead(Sym(1487), Sym(1531), Sym(1527)), mstRead(Sym(1487), Sym(1531), Sym(1527)), mayWrite(Sym(1487)), mstWrite(Sym(1487))),List())
Ignoring scattergather mutable sharing e r r o rs Sym(1531), Sym(1527)
at Sym(1569)=Reflect(Scatter(Sym(1487),Sym(1531),Sym(1527),Sym(179),Const(1),Sym(1568)),Summary(mayRead(Sym(1487), Sym(1531), Sym(1527)), mstRead(Sym(1487), Sym(1531), Sym(1527)), mayWrite(Sym(1487)), mstWrite(Sym(1487))),List(Sym(1567)))
Ignoring scattergather mutable sharing e r r o rs Sym(1531), Sym(1527)
at Sym(1571)=Reflect(Scatter(Sym(1487),Sym(1531),Sym(1527),Sym(179),Const(1),Sym(1570)),Summary(mayRead(Sym(1487), Sym(1531), Sym(1527)), mstRead(Sym(1487), Sym(1531), Sym(1527)), mayWrite(Sym(1487)), mstWrite(Sym(1487))),List(Sym(1567), Sym(1569)))
Ignoring scattergather mutable sharing e r r o rs Sym(1531), Sym(1527)
at Sym(1573)=Reflect(Scatter(Sym(1487),Sym(1531),Sym(1527),Sym(179),Const(1),Sym(1572)),Summary(mayRead(Sym(1487), Sym(1531), Sym(1527)), mstRead(Sym(1487), Sym(1531), Sym(1527)), mayWrite(Sym(1487)), mstWrite(Sym(1487))),List(Sym(1567), Sym(1569), Sym(1571)))
[getFileStream] Created file /home/mattfel/transform_regression_tests_21-24/hyperdsl/spatial/published/Spatial/generated/ScatterGather//maxj/kernels//TopKernelLib.maxj
[emitAnyNode] s = x124, tpestr = FixedPoint[Signed,B32,B0]
[emitAnyNode] s = x124, tpestr = int32_t 
[emitAnyNode] s = x124, tpestr = spatial.compiler.ops.FixedPoint[spatial.shared.Signed, spatial.shared.B32, spatial.shared.B0]
[emitAnyNode] kernelName = x124, node = ConstFixPt, supportedTargets = ListBuffer(scala, cpp, maxj)
[emitAnyNode] s = x125, tpestr = Int
[emitAnyNode] s = x125, tpestr = int32_t 
[emitAnyNode] s = x125, tpestr = Int
[30m[43mmaxj: don't know how to generate code for: Tpes_Fix_to_int(Sym(124))[0m
[emitAnyNode] kernelName = x125, node = Tpes_Fix_to_int, supportedTargets = ListBuffer(scala, cpp, maxj)
[emitAnyNode] s = x1773, tpestr = Array[FixedPoint[Signed,B32,B0]]
[emitAnyNode] s = x1773, tpestr = cppDeliteArrayint32_t *
[emitAnyNode] s = x1773, tpestr = ppl.delite.framework.datastructures.DeliteArray[spatial.compiler.ops.FixedPoint[spatial.shared.Signed, spatial.shared.B32, spatial.shared.B0]]
[30m[43mmaxj: don't know how to generate code for: DeliteArrayFromFunction(Sym(125),<function1>)[0m
[emitAnyNode] kernelName = x1773, node = DeliteArrayFromFunction, supportedTargets = ListBuffer(scala, cpp, maxj)
[emitAnyNode] s = x1, tpestr = FixedPoint[Signed,B32,B0]
[emitAnyNode] s = x1, tpestr = int32_t 
[emitAnyNode] s = x1, tpestr = spatial.compiler.ops.FixedPoint[spatial.shared.Signed, spatial.shared.B32, spatial.shared.B0]
[emitAnyNode] kernelName = x1, node = ConstFixPt, supportedTargets = ListBuffer(scala, cpp, maxj)
[emitAnyNode] s = x1774, tpestr = Array[FixedPoint[Signed,B32,B0]]
[emitAnyNode] s = x1774, tpestr = maxjLmem *
[emitAnyNode] s = x1774, tpestr = spatial.compiler.ops.DRAM[spatial.compiler.ops.FixedPoint[spatial.shared.Signed, spatial.shared.B32, spatial.shared.B0]]
[emitAnyNode] kernelName = x1774, node = Offchip_new, supportedTargets = ListBuffer(scala, cpp, maxj)
[emitAnyNode] s = x1775, tpestr = Array[FixedPoint[Signed,B32,B0]]
[emitAnyNode] s = x1775, tpestr = maxjLmem *
[emitAnyNode] s = x1775, tpestr = spatial.compiler.ops.DRAM[spatial.compiler.ops.FixedPoint[spatial.shared.Signed, spatial.shared.B32, spatial.shared.B0]]
[emitAnyNode] kernelName = x1775, node = Offchip_new, supportedTargets = ListBuffer(scala, cpp, maxj)
[emitAnyNode] s = x1776, tpestr = Array[FixedPoint[Signed,B32,B0]]
[emitAnyNode] s = x1776, tpestr = maxjLmem *
[emitAnyNode] s = x1776, tpestr = spatial.compiler.ops.DRAM[spatial.compiler.ops.FixedPoint[spatial.shared.Signed, spatial.shared.B32, spatial.shared.B0]]
[emitAnyNode] kernelName = x1776, node = Offchip_new, supportedTargets = ListBuffer(scala, cpp, maxj)
[emitAnyNode] s = x2, tpestr = Int
[emitAnyNode] s = x2, tpestr = int32_t 
[emitAnyNode] s = x2, tpestr = Int
[30m[43mmaxj: don't know how to generate code for: Tpes_Fix_to_int(Sym(1))[0m
[emitAnyNode] kernelName = x2, node = Tpes_Fix_to_int, supportedTargets = ListBuffer(scala, cpp, maxj)
[emitAnyNode] s = x5, tpestr = FixedPoint[Signed,B32,B0]
[emitAnyNode] s = x5, tpestr = int32_t 
[emitAnyNode] s = x5, tpestr = spatial.compiler.ops.FixedPoint[spatial.shared.Signed, spatial.shared.B32, spatial.shared.B0]
[emitAnyNode] kernelName = x5, node = ConstFixPt, supportedTargets = ListBuffer(scala, cpp, maxj)
[emitAnyNode] s = x8, tpestr = FixedPoint[Signed,B32,B0]
[emitAnyNode] s = x8, tpestr = int32_t 
[emitAnyNode] s = x8, tpestr = spatial.compiler.ops.FixedPoint[spatial.shared.Signed, spatial.shared.B32, spatial.shared.B0]
[emitAnyNode] kernelName = x8, node = ConstFixPt, supportedTargets = ListBuffer(scala, cpp, maxj)
[emitAnyNode] s = x9, tpestr = FixedPoint[Signed,B32,B0]
[emitAnyNode] s = x9, tpestr = int32_t 
[emitAnyNode] s = x9, tpestr = spatial.compiler.ops.FixedPoint[spatial.shared.Signed, spatial.shared.B32, spatial.shared.B0]
[emitAnyNode] kernelName = x9, node = ConstFixPt, supportedTargets = ListBuffer(scala, cpp, maxj)
[emitAnyNode] s = x12, tpestr = FixedPoint[Signed,B32,B0]
[emitAnyNode] s = x12, tpestr = int32_t 
[emitAnyNode] s = x12, tpestr = spatial.compiler.ops.FixedPoint[spatial.shared.Signed, spatial.shared.B32, spatial.shared.B0]
[emitAnyNode] kernelName = x12, node = ConstFixPt, supportedTargets = ListBuffer(scala, cpp, maxj)
[emitAnyNode] s = x13, tpestr = FixedPoint[Signed,B32,B0]
[emitAnyNode] s = x13, tpestr = int32_t 
[emitAnyNode] s = x13, tpestr = spatial.compiler.ops.FixedPoint[spatial.shared.Signed, spatial.shared.B32, spatial.shared.B0]
[emitAnyNode] kernelName = x13, node = ConstFixPt, supportedTargets = ListBuffer(scala, cpp, maxj)
[emitAnyNode] s = x16, tpestr = FixedPoint[Signed,B32,B0]
[emitAnyNode] s = x16, tpestr = int32_t 
[emitAnyNode] s = x16, tpestr = spatial.compiler.ops.FixedPoint[spatial.shared.Signed, spatial.shared.B32, spatial.shared.B0]
[emitAnyNode] kernelName = x16, node = ConstFixPt, supportedTargets = ListBuffer(scala, cpp, maxj)
[emitAnyNode] s = x17, tpestr = FixedPoint[Signed,B32,B0]
[emitAnyNode] s = x17, tpestr = int32_t 
[emitAnyNode] s = x17, tpestr = spatial.compiler.ops.FixedPoint[spatial.shared.Signed, spatial.shared.B32, spatial.shared.B0]
[emitAnyNode] kernelName = x17, node = ConstFixPt, supportedTargets = ListBuffer(scala, cpp, maxj)
[emitAnyNode] s = x20, tpestr = FixedPoint[Signed,B32,B0]
[emitAnyNode] s = x20, tpestr = int32_t 
[emitAnyNode] s = x20, tpestr = spatial.compiler.ops.FixedPoint[spatial.shared.Signed, spatial.shared.B32, spatial.shared.B0]
[emitAnyNode] kernelName = x20, node = ConstFixPt, supportedTargets = ListBuffer(scala, cpp, maxj)
[emitAnyNode] s = x21, tpestr = FixedPoint[Signed,B32,B0]
[emitAnyNode] s = x21, tpestr = int32_t 
[emitAnyNode] s = x21, tpestr = spatial.compiler.ops.FixedPoint[spatial.shared.Signed, spatial.shared.B32, spatial.shared.B0]
[emitAnyNode] kernelName = x21, node = ConstFixPt, supportedTargets = ListBuffer(scala, cpp, maxj)
[emitAnyNode] s = x24, tpestr = FixedPoint[Signed,B32,B0]
[emitAnyNode] s = x24, tpestr = int32_t 
[emitAnyNode] s = x24, tpestr = spatial.compiler.ops.FixedPoint[spatial.shared.Signed, spatial.shared.B32, spatial.shared.B0]
[emitAnyNode] kernelName = x24, node = ConstFixPt, supportedTargets = ListBuffer(scala, cpp, maxj)
[emitAnyNode] s = x25, tpestr = FixedPoint[Signed,B32,B0]
[emitAnyNode] s = x25, tpestr = int32_t 
[emitAnyNode] s = x25, tpestr = spatial.compiler.ops.FixedPoint[spatial.shared.Signed, spatial.shared.B32, spatial.shared.B0]
[emitAnyNode] kernelName = x25, node = ConstFixPt, supportedTargets = ListBuffer(scala, cpp, maxj)
[emitAnyNode] s = x28, tpestr = FixedPoint[Signed,B32,B0]
[emitAnyNode] s = x28, tpestr = int32_t 
[emitAnyNode] s = x28, tpestr = spatial.compiler.ops.FixedPoint[spatial.shared.Signed, spatial.shared.B32, spatial.shared.B0]
[emitAnyNode] kernelName = x28, node = ConstFixPt, supportedTargets = ListBuffer(scala, cpp, maxj)
[emitAnyNode] s = x29, tpestr = FixedPoint[Signed,B32,B0]
[emitAnyNode] s = x29, tpestr = int32_t 
[emitAnyNode] s = x29, tpestr = spatial.compiler.ops.FixedPoint[spatial.shared.Signed, spatial.shared.B32, spatial.shared.B0]
[emitAnyNode] kernelName = x29, node = ConstFixPt, supportedTargets = ListBuffer(scala, cpp, maxj)
[emitAnyNode] s = x32, tpestr = FixedPoint[Signed,B32,B0]
[emitAnyNode] s = x32, tpestr = int32_t 
[emitAnyNode] s = x32, tpestr = spatial.compiler.ops.FixedPoint[spatial.shared.Signed, spatial.shared.B32, spatial.shared.B0]
[emitAnyNode] kernelName = x32, node = ConstFixPt, supportedTargets = ListBuffer(scala, cpp, maxj)
[emitAnyNode] s = x33, tpestr = FixedPoint[Signed,B32,B0]
[emitAnyNode] s = x33, tpestr = int32_t 
[emitAnyNode] s = x33, tpestr = spatial.compiler.ops.FixedPoint[spatial.shared.Signed, spatial.shared.B32, spatial.shared.B0]
[emitAnyNode] kernelName = x33, node = ConstFixPt, supportedTargets = ListBuffer(scala, cpp, maxj)
[emitAnyNode] s = x36, tpestr = FixedPoint[Signed,B32,B0]
[emitAnyNode] s = x36, tpestr = int32_t 
[emitAnyNode] s = x36, tpestr = spatial.compiler.ops.FixedPoint[spatial.shared.Signed, spatial.shared.B32, spatial.shared.B0]
[emitAnyNode] kernelName = x36, node = ConstFixPt, supportedTargets = ListBuffer(scala, cpp, maxj)
[emitAnyNode] s = x37, tpestr = FixedPoint[Signed,B32,B0]
[emitAnyNode] s = x37, tpestr = int32_t 
[emitAnyNode] s = x37, tpestr = spatial.compiler.ops.FixedPoint[spatial.shared.Signed, spatial.shared.B32, spatial.shared.B0]
[emitAnyNode] kernelName = x37, node = ConstFixPt, supportedTargets = ListBuffer(scala, cpp, maxj)
[emitAnyNode] s = x40, tpestr = FixedPoint[Signed,B32,B0]
[emitAnyNode] s = x40, tpestr = int32_t 
[emitAnyNode] s = x40, tpestr = spatial.compiler.ops.FixedPoint[spatial.shared.Signed, spatial.shared.B32, spatial.shared.B0]
[emitAnyNode] kernelName = x40, node = ConstFixPt, supportedTargets = ListBuffer(scala, cpp, maxj)
[emitAnyNode] s = x41, tpestr = FixedPoint[Signed,B32,B0]
[emitAnyNode] s = x41, tpestr = int32_t 
[emitAnyNode] s = x41, tpestr = spatial.compiler.ops.FixedPoint[spatial.shared.Signed, spatial.shared.B32, spatial.shared.B0]
[emitAnyNode] kernelName = x41, node = ConstFixPt, supportedTargets = ListBuffer(scala, cpp, maxj)
[emitAnyNode] s = x44, tpestr = FixedPoint[Signed,B32,B0]
[emitAnyNode] s = x44, tpestr = int32_t 
[emitAnyNode] s = x44, tpestr = spatial.compiler.ops.FixedPoint[spatial.shared.Signed, spatial.shared.B32, spatial.shared.B0]
[emitAnyNode] kernelName = x44, node = ConstFixPt, supportedTargets = ListBuffer(scala, cpp, maxj)
[emitAnyNode] s = x45, tpestr = FixedPoint[Signed,B32,B0]
[emitAnyNode] s = x45, tpestr = int32_t 
[emitAnyNode] s = x45, tpestr = spatial.compiler.ops.FixedPoint[spatial.shared.Signed, spatial.shared.B32, spatial.shared.B0]
[emitAnyNode] kernelName = x45, node = ConstFixPt, supportedTargets = ListBuffer(scala, cpp, maxj)
[emitAnyNode] s = x48, tpestr = FixedPoint[Signed,B32,B0]
[emitAnyNode] s = x48, tpestr = int32_t 
[emitAnyNode] s = x48, tpestr = spatial.compiler.ops.FixedPoint[spatial.shared.Signed, spatial.shared.B32, spatial.shared.B0]
[emitAnyNode] kernelName = x48, node = ConstFixPt, supportedTargets = ListBuffer(scala, cpp, maxj)
[emitAnyNode] s = x49, tpestr = FixedPoint[Signed,B32,B0]
[emitAnyNode] s = x49, tpestr = int32_t 
[emitAnyNode] s = x49, tpestr = spatial.compiler.ops.FixedPoint[spatial.shared.Signed, spatial.shared.B32, spatial.shared.B0]
[emitAnyNode] kernelName = x49, node = ConstFixPt, supportedTargets = ListBuffer(scala, cpp, maxj)
[emitAnyNode] s = x52, tpestr = FixedPoint[Signed,B32,B0]
[emitAnyNode] s = x52, tpestr = int32_t 
[emitAnyNode] s = x52, tpestr = spatial.compiler.ops.FixedPoint[spatial.shared.Signed, spatial.shared.B32, spatial.shared.B0]
[emitAnyNode] kernelName = x52, node = ConstFixPt, supportedTargets = ListBuffer(scala, cpp, maxj)
[emitAnyNode] s = x53, tpestr = FixedPoint[Signed,B32,B0]
[emitAnyNode] s = x53, tpestr = int32_t 
[emitAnyNode] s = x53, tpestr = spatial.compiler.ops.FixedPoint[spatial.shared.Signed, spatial.shared.B32, spatial.shared.B0]
[emitAnyNode] kernelName = x53, node = ConstFixPt, supportedTargets = ListBuffer(scala, cpp, maxj)
[emitAnyNode] s = x56, tpestr = FixedPoint[Signed,B32,B0]
[emitAnyNode] s = x56, tpestr = int32_t 
[emitAnyNode] s = x56, tpestr = spatial.compiler.ops.FixedPoint[spatial.shared.Signed, spatial.shared.B32, spatial.shared.B0]
[emitAnyNode] kernelName = x56, node = ConstFixPt, supportedTargets = ListBuffer(scala, cpp, maxj)
[emitAnyNode] s = x57, tpestr = FixedPoint[Signed,B32,B0]
[emitAnyNode] s = x57, tpestr = int32_t 
[emitAnyNode] s = x57, tpestr = spatial.compiler.ops.FixedPoint[spatial.shared.Signed, spatial.shared.B32, spatial.shared.B0]
[emitAnyNode] kernelName = x57, node = ConstFixPt, supportedTargets = ListBuffer(scala, cpp, maxj)
[emitAnyNode] s = x60, tpestr = FixedPoint[Signed,B32,B0]
[emitAnyNode] s = x60, tpestr = int32_t 
[emitAnyNode] s = x60, tpestr = spatial.compiler.ops.FixedPoint[spatial.shared.Signed, spatial.shared.B32, spatial.shared.B0]
[emitAnyNode] kernelName = x60, node = ConstFixPt, supportedTargets = ListBuffer(scala, cpp, maxj)
[emitAnyNode] s = x63, tpestr = FixedPoint[Signed,B32,B0]
[emitAnyNode] s = x63, tpestr = int32_t 
[emitAnyNode] s = x63, tpestr = spatial.compiler.ops.FixedPoint[spatial.shared.Signed, spatial.shared.B32, spatial.shared.B0]
[emitAnyNode] kernelName = x63, node = ConstFixPt, supportedTargets = ListBuffer(scala, cpp, maxj)
[emitAnyNode] s = x64, tpestr = FixedPoint[Signed,B32,B0]
[emitAnyNode] s = x64, tpestr = int32_t 
[emitAnyNode] s = x64, tpestr = spatial.compiler.ops.FixedPoint[spatial.shared.Signed, spatial.shared.B32, spatial.shared.B0]
[emitAnyNode] kernelName = x64, node = ConstFixPt, supportedTargets = ListBuffer(scala, cpp, maxj)
[emitAnyNode] s = x1813, tpestr = Array[FixedPoint[Signed,B32,B0]]
[emitAnyNode] s = x1813, tpestr = cppDeliteArrayint32_t *
[emitAnyNode] s = x1813, tpestr = ppl.delite.framework.datastructures.DeliteArray[spatial.compiler.ops.FixedPoint[spatial.shared.Signed, spatial.shared.B32, spatial.shared.B0]]
[30m[43mmaxj: don't know how to generate code for: DeliteArrayNew(Sym(83),spatial.compiler.ops.FixedPoint[ScatterGather$@682f78a8.type#spatial.shared.SpatialIdentifiers$Signed, ScatterGather$@682f78a8.type#spatial.shared.SpatialIdentifiers$B32, ScatterGather$@682f78a8.type#spatial.shared.SpatialIdentifiers$B0],PartitionTag(DeliteArray,false))[0m
[30m[43mmaxj: don't know how to generate code for: Tpes_Bit_to_bool(Sym(6))[0m
[30m[43mmaxj: don't know how to generate code for: DeliteIfThenElse(Sym(7),Block(Sym(8)),Block(Sym(79)),false)[0m
[30m[43mmaxj: don't know how to generate code for: DeliteArrayUpdate(Sym(81),Sym(3),Sym(82))[0m
[emitAnyNode] kernelName = x1813, node = SimpleFatLoop, supportedTargets = ListBuffer(scala, cpp, maxj)
[emitAnyNode] s = x1814, tpestr = Unit
[emitAnyNode] s = x1814, tpestr = void 
[emitAnyNode] s = x1814, tpestr = Unit
[emitAnyNode] kernelName = x1814, node = Set_mem, supportedTargets = ListBuffer(scala, cpp, maxj)
[emitAnyNode] s = x1815, tpestr = Unit
[emitAnyNode] s = x1815, tpestr = void 
[emitAnyNode] s = x1815, tpestr = Unit
[emitAnyNode] kernelName = x1815, node = Set_mem, supportedTargets = ListBuffer(scala, cpp, maxj)
[emitAnyNode] s = x177, tpestr = FixedPoint[Signed,B32,B0]
[emitAnyNode] s = x177, tpestr = int32_t 
[emitAnyNode] s = x177, tpestr = spatial.compiler.ops.FixedPoint[spatial.shared.Signed, spatial.shared.B32, spatial.shared.B0]
[emitAnyNode] kernelName = x177, node = ConstFixPt, supportedTargets = ListBuffer(scala, cpp, maxj)
[emitAnyNode] s = x179, tpestr = FixedPoint[Signed,B32,B0]
[emitAnyNode] s = x179, tpestr = int32_t 
[emitAnyNode] s = x179, tpestr = spatial.compiler.ops.FixedPoint[spatial.shared.Signed, spatial.shared.B32, spatial.shared.B0]
[emitAnyNode] kernelName = x179, node = ConstFixPt, supportedTargets = ListBuffer(scala, cpp, maxj)
[emitAnyNode] s = x189, tpestr = FixedPoint[Signed,B32,B0]
[emitAnyNode] s = x189, tpestr = int32_t 
[emitAnyNode] s = x189, tpestr = spatial.compiler.ops.FixedPoint[spatial.shared.Signed, spatial.shared.B32, spatial.shared.B0]
[emitAnyNode] kernelName = x189, node = ConstFixPt, supportedTargets = ListBuffer(scala, cpp, maxj)
[emitAnyNode] s = x1853, tpestr = Unit
[emitAnyNode] s = x1853, tpestr = void 
[emitAnyNode] s = x1853, tpestr = Unit
[emitAnyNode] kernelName = x1853, node = Hwblock, supportedTargets = ListBuffer(scala, cpp, maxj)
[emitAnyNode] s = x1854, tpestr = Array[FixedPoint[Signed,B32,B0]]
[emitAnyNode] s = x1854, tpestr = cppDeliteArrayint32_t *
[emitAnyNode] s = x1854, tpestr = ppl.delite.framework.datastructures.DeliteArray[spatial.compiler.ops.FixedPoint[spatial.shared.Signed, spatial.shared.B32, spatial.shared.B0]]
[30m[43mmaxj: don't know how to generate code for: DeliteArrayNew(Sym(125),spatial.compiler.ops.FixedPoint[ScatterGather$@682f78a8.type#spatial.shared.SpatialIdentifiers$Signed, ScatterGather$@682f78a8.type#spatial.shared.SpatialIdentifiers$B32, ScatterGather$@682f78a8.type#spatial.shared.SpatialIdentifiers$B0],PartitionTag(DeliteArray,false))[0m
[emitAnyNode] kernelName = x1854, node = DeliteArrayNew, supportedTargets = ListBuffer(scala, cpp, maxj)
[emitAnyNode] s = x1855, tpestr = Unit
[emitAnyNode] s = x1855, tpestr = void 
[emitAnyNode] s = x1855, tpestr = Unit
[emitAnyNode] kernelName = x1855, node = Get_mem, supportedTargets = ListBuffer(scala, cpp, maxj)
[emitAnyNode] s = x1856, tpestr = Unit
[emitAnyNode] s = x1856, tpestr = void 
[emitAnyNode] s = x1856, tpestr = Unit
[emitAnyNode] kernelName = x1856, node = Nosynth1_Println, supportedTargets = ListBuffer(scala, cpp, maxj)
[emitAnyNode] s = x325, tpestr = FixedPoint[Signed,B32,B0]
[emitAnyNode] s = x325, tpestr = int32_t 
[emitAnyNode] s = x325, tpestr = spatial.compiler.ops.FixedPoint[spatial.shared.Signed, spatial.shared.B32, spatial.shared.B0]
[emitAnyNode] kernelName = x325, node = Tpes_Int_to_fix, supportedTargets = ListBuffer(scala, cpp, maxj)
[emitAnyNode] s = x268, tpestr = Boolean
[emitAnyNode] s = x268, tpestr = bool 
[emitAnyNode] s = x268, tpestr = spatial.compiler.ops.SpatialBit
[emitAnyNode] kernelName = x268, node = ConstBit, supportedTargets = ListBuffer(scala, cpp, maxj)
[emitAnyNode] s = x1939, tpestr = Array[FixedPoint[Signed,B32,B0]]
[emitAnyNode] s = x1939, tpestr = cppDeliteArrayint32_t *
[emitAnyNode] s = x1939, tpestr = ppl.delite.framework.datastructures.DeliteArray[spatial.compiler.ops.FixedPoint[spatial.shared.Signed, spatial.shared.B32, spatial.shared.B0]]
[30m[43mmaxj: don't know how to generate code for: DeliteArrayNew(Sym(283),spatial.compiler.ops.FixedPoint[ScatterGather$@682f78a8.type#spatial.shared.SpatialIdentifiers$Signed, ScatterGather$@682f78a8.type#spatial.shared.SpatialIdentifiers$B32, ScatterGather$@682f78a8.type#spatial.shared.SpatialIdentifiers$B0],PartitionTag(DeliteArray,false))[0m
[30m[43mmaxj: don't know how to generate code for: DeliteArrayNew(Sym(227),spatial.compiler.ops.SpatialBit,PartitionTag(DeliteArray,false))[0m
[30m[43mmaxj: don't know how to generate code for: DeliteArrayApply(Sym(1813),Sym(222))[0m
[30m[43mmaxj: don't know how to generate code for: DeliteArrayUpdate(Sym(225),Sym(222),Sym(226))[0m
[30m[43mmaxj: don't know how to generate code for: DeliteArrayApply(Sym(1895),Sym(269))[0m
[30m[43mmaxj: don't know how to generate code for: DeliteArrayApply(Sym(1895),Sym(269))[0m
[30m[43mmaxj: don't know how to generate code for: Tpes_Bit_to_bool(Sym(1899))[0m
[30m[43mmaxj: don't know how to generate code for: DeliteIfThenElse(Sym(1900),Block(Sym(1901)),Block(Sym(177)),false)[0m
[30m[43mmaxj: don't know how to generate code for: DeliteArrayUpdate(Sym(281),Sym(220),Sym(282))[0m
[emitAnyNode] kernelName = x1939, node = SimpleFatLoop, supportedTargets = ListBuffer(scala, cpp, maxj)
[emitAnyNode] s = x1944, tpestr = Unit
[emitAnyNode] s = x1944, tpestr = void 
[emitAnyNode] s = x1944, tpestr = Unit
[30m[43mmaxj: don't know how to generate code for: Forloop(Sym(177),Sym(325),Sym(52),Block(Sym(1943)),Sym(327))[0m
[emitAnyNode] kernelName = x1944, node = Forloop, supportedTargets = ListBuffer(scala, cpp, maxj)
[emitAnyNode] s = x1945, tpestr = Unit
[emitAnyNode] s = x1945, tpestr = void 
[emitAnyNode] s = x1945, tpestr = Unit
[emitAnyNode] kernelName = x1945, node = Nosynth1_Println, supportedTargets = ListBuffer(scala, cpp, maxj)
[emitAnyNode] s = x1946, tpestr = Unit
[emitAnyNode] s = x1946, tpestr = void 
[emitAnyNode] s = x1946, tpestr = Unit
[emitAnyNode] kernelName = x1946, node = Nosynth1_Println, supportedTargets = ListBuffer(scala, cpp, maxj)
[emitAnyNode] s = x1947, tpestr = Int
[emitAnyNode] s = x1947, tpestr = int32_t 
[emitAnyNode] s = x1947, tpestr = Int
[30m[43mmaxj: don't know how to generate code for: DeliteArrayLength(Sym(1854))[0m
[emitAnyNode] kernelName = x1947, node = DeliteArrayLength, supportedTargets = ListBuffer(scala, cpp, maxj)
[emitAnyNode] s = x1948, tpestr = FixedPoint[Signed,B32,B0]
[emitAnyNode] s = x1948, tpestr = int32_t 
[emitAnyNode] s = x1948, tpestr = spatial.compiler.ops.FixedPoint[spatial.shared.Signed, spatial.shared.B32, spatial.shared.B0]
[emitAnyNode] kernelName = x1948, node = Tpes_Int_to_fix, supportedTargets = ListBuffer(scala, cpp, maxj)
[emitAnyNode] s = x1953, tpestr = Unit
[emitAnyNode] s = x1953, tpestr = void 
[emitAnyNode] s = x1953, tpestr = Unit
[30m[43mmaxj: don't know how to generate code for: Forloop(Sym(177),Sym(1948),Sym(52),Block(Sym(1952)),Sym(339))[0m
[emitAnyNode] kernelName = x1953, node = Forloop, supportedTargets = ListBuffer(scala, cpp, maxj)
[emitAnyNode] s = x1954, tpestr = Unit
[emitAnyNode] s = x1954, tpestr = void 
[emitAnyNode] s = x1954, tpestr = Unit
[emitAnyNode] kernelName = x1954, node = Nosynth1_Println, supportedTargets = ListBuffer(scala, cpp, maxj)
[emitAnyNode] s = x1995, tpestr = Array[Boolean]
[emitAnyNode] s = x1995, tpestr = cppDeliteArraybool *
[emitAnyNode] s = x1995, tpestr = ppl.delite.framework.datastructures.DeliteArray[spatial.compiler.ops.SpatialBit]
[30m[43mmaxj: don't know how to generate code for: DeliteArrayNew(Sym(354),spatial.compiler.ops.SpatialBit,PartitionTag(DeliteArray,false))[0m
[30m[43mmaxj: don't know how to generate code for: DeliteArrayApply(Sym(1854),Sym(347))[0m
[30m[43mmaxj: don't know how to generate code for: DeliteArrayApply(Sym(1939),Sym(347))[0m
[30m[43mmaxj: don't know how to generate code for: DeliteArrayUpdate(Sym(352),Sym(347),Sym(353))[0m
[emitAnyNode] kernelName = x1995, node = SimpleFatLoop, supportedTargets = ListBuffer(scala, cpp, maxj)
[emitAnyNode] s = x1996, tpestr = Int
[emitAnyNode] s = x1996, tpestr = int32_t 
[emitAnyNode] s = x1996, tpestr = Int
[30m[43mmaxj: don't know how to generate code for: DeliteArrayLength(Sym(1995))[0m
[emitAnyNode] kernelName = x1996, node = DeliteArrayLength, supportedTargets = ListBuffer(scala, cpp, maxj)
[emitAnyNode] s = x2001, tpestr = Boolean
[emitAnyNode] s = x2001, tpestr = bool 
[emitAnyNode] s = x2001, tpestr = spatial.compiler.ops.SpatialBit
[30m[43mmaxj: don't know how to generate code for: DeliteArrayApply(Sym(1995),Sym(396))[0m
[30m[43mmaxj: don't know how to generate code for: DeliteArrayApply(Sym(1995),Sym(396))[0m
[emitAnyNode] kernelName = x2001, node = SimpleFatLoop, supportedTargets = ListBuffer(scala, cpp, maxj)
[emitAnyNode] s = x2002, tpestr = java.lang.String
[emitAnyNode] s = x2002, tpestr = string 
[emitAnyNode] s = x2002, tpestr = java.lang.String
[30m[43mmaxj: don't know how to generate code for: FString_Forge_string_plus(Const(PASS: ),Sym(2001))[0m
[emitAnyNode] kernelName = x2002, node = FString_Forge_string_plus, supportedTargets = ListBuffer(scala, cpp, maxj)
[emitAnyNode] s = x2003, tpestr = java.lang.String
[emitAnyNode] s = x2003, tpestr = string 
[emitAnyNode] s = x2003, tpestr = java.lang.String
[30m[43mmaxj: don't know how to generate code for: FString_Forge_string_plus(Sym(2002),Const( (ScatterGather)))[0m
[emitAnyNode] kernelName = x2003, node = FString_Forge_string_plus, supportedTargets = ListBuffer(scala, cpp, maxj)
[emitAnyNode] s = x2004, tpestr = Unit
[emitAnyNode] s = x2004, tpestr = void 
[emitAnyNode] s = x2004, tpestr = Unit
[emitAnyNode] kernelName = x2004, node = Nosynth1_Println, supportedTargets = ListBuffer(scala, cpp, maxj)
[delite info 2016-10-09 21:41:51.533702]: Generating DEG file with options: {'enable_pir': True, 'verbose': False, 'no_fusion': False, 'cluster': False, 'debuglast': False, 'no_blas': False, 'no_multidimgpu': False, 'latency': False, 'xdebug': False, 'jar_app': False, 'opencl': False, 'build_dir': '/home/mattfel/transform_regression_tests_21-24/hyperdsl/spatial/published/Spatial', 'maxj': False, 'dump_exception': True, 'no_soa': False, 'strict_control': False, 'profile': False, 'enable_dse': True, 'debug': False, 'optimize': 0, 'long_int': False, 'xnocache': False, 'cuda': False, 'cpp': False, 'dot': False}
Ignoring silly LD_PRELOAD  e r r o r
Ignoring silly LD_PRELOAD  e r r o r
numMaxJ = 1
scheduler = dynamic
[MaxJExecutableGenerator::makeNestedFunction() Cannot generate 'Free_x0')
[MaxJExecutableGenerator::makeNestedFunction() Cannot generate 'Free_x1776')
[MaxJExecutableGenerator::makeNestedFunction() Cannot generate 'Free_x2')
[MaxJExecutableGenerator::makeNestedFunction() Cannot generate 'Free_x1813')
[MaxJExecutableGenerator::makeNestedFunction() Cannot generate 'Free_x1814')
[MaxJExecutableGenerator::makeNestedFunction() Cannot generate 'Free_x1815')
[MaxJExecutableGenerator::makeNestedFunction() Cannot generate 'Free_x179')
[MaxJExecutableGenerator::makeNestedFunction() Cannot generate 'Free_x189')
[MaxJExecutableGenerator::makeNestedFunction() Cannot generate 'Free_x1853')
[MaxJExecutableGenerator::makeNestedFunction() Cannot generate 'Free_x1855')
[MaxJExecutableGenerator::makeNestedFunction() Cannot generate 'Free_x1939')
[MaxJExecutableGenerator::makeNestedFunction() Cannot generate 'Free_x1944')
[MaxJExecutableGenerator::makeNestedFunction() Cannot generate 'Free_x1953')
[MaxJExecutableGenerator::makeNestedFunction() Cannot generate 'Free_x1995')
[MaxJExecutableGenerator::makeNestedFunction() Cannot generate 'Free_x2001')
[MaxJExecutableGenerator::makeNestedFunction() Cannot generate 'Free_x2002')
[MaxJExecutableGenerator::makeNestedFunction() Cannot generate 'Free_x2003')
[MaxJExecutableGenerator::makeNestedFunction() Cannot generate 'Free_x2004')
[delite info 2016-10-09 21:42:23.908016]: executing application: ScatterGather.deg 
Parsing log
Running Spatial with arguments: 
/opt/maxcompiler/bin/maxcompilersim -n Top$(md5sum ./maxj/src/kernels/TopKernelLib.maxj | cut -c1-5 | sed 's/1/z/g' | sed 's/2/y/g' | sed 's/3/q/g' | sed 's/4/r/g' | sed 's/5/s/g' | sed 's/6/t/g' | sed 's/7/u/g' | sed 's/8/v/g' | sed 's/9/w/g' | sed 's/0/x/g') stop
ERROR: No PID or lock files found for simulation 'Topdqtrq' on host 'london'.
make: [clean] Error 1 (ignored)
rm -f maxobj_Top_DFE_SIM.o
rm -f Top_sim
rm -rf bin Top_MAX4848A_DFE_SIM
rm -f maxj/src/runtime/Executable1.o cpp/src/kernels/cpphelperFuncs.o cpp/src/kernels/x124.o cpp/src/kernels/x125.o cpp/src/kernels/x12.o cpp/src/kernels/x13.o cpp/src/kernels/x16.o cpp/src/kernels/x1773.o cpp/src/kernels/x1774.o cpp/src/kernels/x1775.o cpp/src/kernels/x1776.o cpp/src/kernels/x177.o cpp/src/kernels/x179.o cpp/src/kernels/x17.o cpp/src/kernels/x1813.o cpp/src/kernels/x1814.o cpp/src/kernels/x1815.o cpp/src/kernels/x1853.o cpp/src/kernels/x1854.o cpp/src/kernels/x1855.o cpp/src/kernels/x1856.o cpp/src/kernels/x189.o cpp/src/kernels/x1939.o cpp/src/kernels/x1944.o cpp/src/kernels/x1945.o cpp/src/kernels/x1946.o cpp/src/kernels/x1947.o cpp/src/kernels/x1948.o cpp/src/kernels/x1953.o cpp/src/kernels/x1954.o cpp/src/kernels/x1995.o cpp/src/kernels/x1996.o cpp/src/kernels/x1.o cpp/src/kernels/x2001.o cpp/src/kernels/x2002.o cpp/src/kernels/x2003.o cpp/src/kernels/x2004.o cpp/src/kernels/x20.o cpp/src/kernels/x21.o cpp/src/kernels/x24.o cpp/src/kernels/x25.o cpp/src/kernels/x268.o cpp/src/kernels/x28.o cpp/src/kernels/x29.o cpp/src/kernels/x2.o cpp/src/kernels/x325.o cpp/src/kernels/x32.o cpp/src/kernels/x33.o cpp/src/kernels/x36.o cpp/src/kernels/x37.o cpp/src/kernels/x40.o cpp/src/kernels/x41.o cpp/src/kernels/x44.o cpp/src/kernels/x45.o cpp/src/kernels/x48.o cpp/src/kernels/x49.o cpp/src/kernels/x52.o cpp/src/kernels/x53.o cpp/src/kernels/x56.o cpp/src/kernels/x57.o cpp/src/kernels/x5.o cpp/src/kernels/x60.o cpp/src/kernels/x63.o cpp/src/kernels/x64.o cpp/src/kernels/x8.o cpp/src/kernels/x9.o cpp/src/static/cpp/Config.o cpp/src/static/cpp/cppDeliteArray.o cpp/src/static/cpp/cppInit.o cpp/src/static/cpp/cppList.o cpp/src/static/cpp/cppRef.o cpp/src/static/cpp/DeliteCpp.o cpp/src/static/cpp/DeliteCppProfiler.o cpp/src/static/cpp/DeliteMemory.o cpp/src/static/cpp/DeliteThreadPool.o cpp/src/static/cpp/pcmHelper.o
rm -f *.log
rm -rf debug*
ant
Buildfile: /local/ssd/home/mattfel/transform_regression_tests_21-24/hyperdsl/spatial/regression_tests/unit/13_ScatterGather/out/build.xml

init:
    [mkdir] Created dir: /local/ssd/home/mattfel/transform_regression_tests_21-24/hyperdsl/spatial/regression_tests/unit/13_ScatterGather/out/bin

compile:
     [echo] Using MaxCompiler from: /opt/maxcompiler
     [echo] Compiling templates
[maxjcompiler] 
[maxjcompiler] 
[maxjcompiler] Compiling to folder /local/ssd/home/mattfel/transform_regression_tests_21-24/hyperdsl/spatial/regression_tests/unit/13_ScatterGather/out/bin
[maxjcompiler] ----------
[maxjcompiler] 1. WARNING in /local/ssd/home/mattfel/transform_regression_tests_21-24/hyperdsl/spatial/regression_tests/unit/13_ScatterGather/out/maxj/src/static/templates/SingleCtrSM.maxj (at line 8)
[maxjcompiler] 	import com.maxeler.maxcompiler.v2.statemachine.DFEsmValue;
[maxjcompiler] 	       ^^^^^^^^^^^^^^^^^^^^^^^^^^^^^^^^^^^^^^^^^^^^^^^^^^
[maxjcompiler] The import com.maxeler.maxcompiler.v2.statemachine.DFEsmValue is never used
[maxjcompiler] ----------
[maxjcompiler] ----------
[maxjcompiler] 2. WARNING in /local/ssd/home/mattfel/transform_regression_tests_21-24/hyperdsl/spatial/regression_tests/unit/13_ScatterGather/out/maxj/src/static/templates/PQ.maxj (at line 5)
[maxjcompiler] 	import com.maxeler.maxcompiler.v2.kernelcompiler.stdlib.memory.Memory;
[maxjcompiler] 	       ^^^^^^^^^^^^^^^^^^^^^^^^^^^^^^^^^^^^^^^^^^^^^^^^^^^^^^^^^^^^^^
[maxjcompiler] The import com.maxeler.maxcompiler.v2.kernelcompiler.stdlib.memory.Memory is never used
[maxjcompiler] ----------
[maxjcompiler] 3. WARNING in /local/ssd/home/mattfel/transform_regression_tests_21-24/hyperdsl/spatial/regression_tests/unit/13_ScatterGather/out/maxj/src/static/templates/PQ.maxj (at line 9)
[maxjcompiler] 	import com.maxeler.maxcompiler.v2.kernelcompiler.types.composite.DFEVector;
[maxjcompiler] 	       ^^^^^^^^^^^^^^^^^^^^^^^^^^^^^^^^^^^^^^^^^^^^^^^^^^^^^^^^^^^^^^^^^^^
[maxjcompiler] The import com.maxeler.maxcompiler.v2.kernelcompiler.types.composite.DFEVector is never used
[maxjcompiler] ----------
[maxjcompiler] 4. WARNING in /local/ssd/home/mattfel/transform_regression_tests_21-24/hyperdsl/spatial/regression_tests/unit/13_ScatterGather/out/maxj/src/static/templates/PQ.maxj (at line 10)
[maxjcompiler] 	import com.maxeler.maxcompiler.v2.kernelcompiler.stdlib.Reductions;
[maxjcompiler] 	       ^^^^^^^^^^^^^^^^^^^^^^^^^^^^^^^^^^^^^^^^^^^^^^^^^^^^^^^^^^^
[maxjcompiler] The import com.maxeler.maxcompiler.v2.kernelcompiler.stdlib.Reductions is never used
[maxjcompiler] ----------
[maxjcompiler] ----------
[maxjcompiler] 5. WARNING in /local/ssd/home/mattfel/transform_regression_tests_21-24/hyperdsl/spatial/regression_tests/unit/13_ScatterGather/out/maxj/src/static/templates/Scatter.maxj (at line 6)
[maxjcompiler] 	import com.maxeler.maxcompiler.v2.kernelcompiler.stdlib.core.CounterChain;
[maxjcompiler] 	       ^^^^^^^^^^^^^^^^^^^^^^^^^^^^^^^^^^^^^^^^^^^^^^^^^^^^^^^^^^^^^^^^^^
[maxjcompiler] The import com.maxeler.maxcompiler.v2.kernelcompiler.stdlib.core.CounterChain is never used
[maxjcompiler] ----------
[maxjcompiler] 6. WARNING in /local/ssd/home/mattfel/transform_regression_tests_21-24/hyperdsl/spatial/regression_tests/unit/13_ScatterGather/out/maxj/src/static/templates/Scatter.maxj (at line 7)
[maxjcompiler] 	import com.maxeler.maxcompiler.v2.kernelcompiler.stdlib.core.Count.WrapMode;
[maxjcompiler] 	       ^^^^^^^^^^^^^^^^^^^^^^^^^^^^^^^^^^^^^^^^^^^^^^^^^^^^^^^^^^^^^^^^^^^^
[maxjcompiler] The import com.maxeler.maxcompiler.v2.kernelcompiler.stdlib.core.Count.WrapMode is never used
[maxjcompiler] ----------
[maxjcompiler] 7. WARNING in /local/ssd/home/mattfel/transform_regression_tests_21-24/hyperdsl/spatial/regression_tests/unit/13_ScatterGather/out/maxj/src/static/templates/Scatter.maxj (at line 11)
[maxjcompiler] 	import com.maxeler.maxcompiler.v2.kernelcompiler.Optimization;
[maxjcompiler] 	       ^^^^^^^^^^^^^^^^^^^^^^^^^^^^^^^^^^^^^^^^^^^^^^^^^^^^^^
[maxjcompiler] The import com.maxeler.maxcompiler.v2.kernelcompiler.Optimization is never used
[maxjcompiler] ----------
[maxjcompiler] 8. WARNING in /local/ssd/home/mattfel/transform_regression_tests_21-24/hyperdsl/spatial/regression_tests/unit/13_ScatterGather/out/maxj/src/static/templates/Scatter.maxj (at line 12)
[maxjcompiler] 	import com.maxeler.maxcompiler.v2.kernelcompiler.stdlib.Reductions;
[maxjcompiler] 	       ^^^^^^^^^^^^^^^^^^^^^^^^^^^^^^^^^^^^^^^^^^^^^^^^^^^^^^^^^^^
[maxjcompiler] The import com.maxeler.maxcompiler.v2.kernelcompiler.stdlib.Reductions is never used
[maxjcompiler] ----------
[maxjcompiler] 9. WARNING in /local/ssd/home/mattfel/transform_regression_tests_21-24/hyperdsl/spatial/regression_tests/unit/13_ScatterGather/out/maxj/src/static/templates/Scatter.maxj (at line 19)
[maxjcompiler] 	import com.maxeler.maxcompiler.v2.kernelcompiler.types.composite.DFEVector;
[maxjcompiler] 	       ^^^^^^^^^^^^^^^^^^^^^^^^^^^^^^^^^^^^^^^^^^^^^^^^^^^^^^^^^^^^^^^^^^^
[maxjcompiler] The import com.maxeler.maxcompiler.v2.kernelcompiler.types.composite.DFEVector is never used
[maxjcompiler] ----------
[maxjcompiler] 10. WARNING in /local/ssd/home/mattfel/transform_regression_tests_21-24/hyperdsl/spatial/regression_tests/unit/13_ScatterGather/out/maxj/src/static/templates/Scatter.maxj (at line 20)
[maxjcompiler] 	import com.maxeler.maxcompiler.v2.kernelcompiler.types.composite.DFEVectorType;
[maxjcompiler] 	       ^^^^^^^^^^^^^^^^^^^^^^^^^^^^^^^^^^^^^^^^^^^^^^^^^^^^^^^^^^^^^^^^^^^^^^^
[maxjcompiler] The import com.maxeler.maxcompiler.v2.kernelcompiler.types.composite.DFEVectorType is never used
[maxjcompiler] ----------
[maxjcompiler] 11. WARNING in /local/ssd/home/mattfel/transform_regression_tests_21-24/hyperdsl/spatial/regression_tests/unit/13_ScatterGather/out/maxj/src/static/templates/Scatter.maxj (at line 21)
[maxjcompiler] 	import com.maxeler.maxcompiler.v2.kernelcompiler.types.composite.DFEStruct;
[maxjcompiler] 	       ^^^^^^^^^^^^^^^^^^^^^^^^^^^^^^^^^^^^^^^^^^^^^^^^^^^^^^^^^^^^^^^^^^^
[maxjcompiler] The import com.maxeler.maxcompiler.v2.kernelcompiler.types.composite.DFEStruct is never used
[maxjcompiler] ----------
[maxjcompiler] 12. WARNING in /local/ssd/home/mattfel/transform_regression_tests_21-24/hyperdsl/spatial/regression_tests/unit/13_ScatterGather/out/maxj/src/static/templates/Scatter.maxj (at line 22)
[maxjcompiler] 	import com.maxeler.maxcompiler.v2.kernelcompiler.types.composite.DFEStructType;
[maxjcompiler] 	       ^^^^^^^^^^^^^^^^^^^^^^^^^^^^^^^^^^^^^^^^^^^^^^^^^^^^^^^^^^^^^^^^^^^^^^^
[maxjcompiler] The import com.maxeler.maxcompiler.v2.kernelcompiler.types.composite.DFEStructType is never used
[maxjcompiler] ----------
[maxjcompiler] 13. WARNING in /local/ssd/home/mattfel/transform_regression_tests_21-24/hyperdsl/spatial/regression_tests/unit/13_ScatterGather/out/maxj/src/static/templates/Scatter.maxj (at line 23)
[maxjcompiler] 	import com.maxeler.maxcompiler.v2.kernelcompiler.types.composite.DFEStructType.StructFieldType;
[maxjcompiler] 	       ^^^^^^^^^^^^^^^^^^^^^^^^^^^^^^^^^^^^^^^^^^^^^^^^^^^^^^^^^^^^^^^^^^^^^^^^^^^^^^^^^^^^^^^
[maxjcompiler] The import com.maxeler.maxcompiler.v2.kernelcompiler.types.composite.DFEStructType.StructFieldType is never used
[maxjcompiler] ----------
[maxjcompiler] 14. WARNING in /local/ssd/home/mattfel/transform_regression_tests_21-24/hyperdsl/spatial/regression_tests/unit/13_ScatterGather/out/maxj/src/static/templates/Scatter.maxj (at line 24)
[maxjcompiler] 	import java.util.ArrayList;
[maxjcompiler] 	       ^^^^^^^^^^^^^^^^^^^
[maxjcompiler] The import java.util.ArrayList is never used
[maxjcompiler] ----------
[maxjcompiler] 15. WARNING in /local/ssd/home/mattfel/transform_regression_tests_21-24/hyperdsl/spatial/regression_tests/unit/13_ScatterGather/out/maxj/src/static/templates/Scatter.maxj (at line 75)
[maxjcompiler] 	DFEVar package_done = sm.getOutput("package_done");
[maxjcompiler] 	       ^^^^^^^^^^^^
[maxjcompiler] The local variable package_done is never read
[maxjcompiler] ----------
[maxjcompiler] 16. WARNING in /local/ssd/home/mattfel/transform_regression_tests_21-24/hyperdsl/spatial/regression_tests/unit/13_ScatterGather/out/maxj/src/static/templates/Scatter.maxj (at line 274)
[maxjcompiler] 	DFEVar package_done = sm.getOutput("package_done");
[maxjcompiler] 	       ^^^^^^^^^^^^
[maxjcompiler] The local variable package_done is never read
[maxjcompiler] ----------
[maxjcompiler] ----------
[maxjcompiler] 17. WARNING in /local/ssd/home/mattfel/transform_regression_tests_21-24/hyperdsl/spatial/regression_tests/unit/13_ScatterGather/out/maxj/src/static/templates/NBufSM.maxj (at line 9)
[maxjcompiler] 	import java.util.ArrayList;
[maxjcompiler] 	       ^^^^^^^^^^^^^^^^^^^
[maxjcompiler] The import java.util.ArrayList is never used
[maxjcompiler] ----------
[maxjcompiler] 18. WARNING in /local/ssd/home/mattfel/transform_regression_tests_21-24/hyperdsl/spatial/regression_tests/unit/13_ScatterGather/out/maxj/src/static/templates/NBufSM.maxj (at line 10)
[maxjcompiler] 	import java.util.List;
[maxjcompiler] 	       ^^^^^^^^^^^^^^
[maxjcompiler] The import java.util.List is never used
[maxjcompiler] ----------
[maxjcompiler] ----------
[maxjcompiler] 19. WARNING in /local/ssd/home/mattfel/transform_regression_tests_21-24/hyperdsl/spatial/regression_tests/unit/13_ScatterGather/out/maxj/src/static/templates/DblBufStateMachine.maxj (at line 48)
[maxjcompiler] 	this.numIter = numIter;
[maxjcompiler] 	^^^^^^^^^^^^^^^^^^^^^^
[maxjcompiler] The assignment to variable numIter has no effect
[maxjcompiler] ----------
[maxjcompiler] ----------
[maxjcompiler] 20. WARNING in /local/ssd/home/mattfel/transform_regression_tests_21-24/hyperdsl/spatial/regression_tests/unit/13_ScatterGather/out/maxj/src/static/templates/DblBufReg.maxj (at line 5)
[maxjcompiler] 	import com.maxeler.maxcompiler.v2.kernelcompiler.stdlib.memory.Memory;
[maxjcompiler] 	       ^^^^^^^^^^^^^^^^^^^^^^^^^^^^^^^^^^^^^^^^^^^^^^^^^^^^^^^^^^^^^^
[maxjcompiler] The import com.maxeler.maxcompiler.v2.kernelcompiler.stdlib.memory.Memory is never used
[maxjcompiler] ----------
[maxjcompiler] 21. WARNING in /local/ssd/home/mattfel/transform_regression_tests_21-24/hyperdsl/spatial/regression_tests/unit/13_ScatterGather/out/maxj/src/static/templates/DblBufReg.maxj (at line 7)
[maxjcompiler] 	import com.maxeler.maxcompiler.v2.utils.MathUtils;
[maxjcompiler] 	       ^^^^^^^^^^^^^^^^^^^^^^^^^^^^^^^^^^^^^^^^^^
[maxjcompiler] The import com.maxeler.maxcompiler.v2.utils.MathUtils is never used
[maxjcompiler] ----------
[maxjcompiler] 22. WARNING in /local/ssd/home/mattfel/transform_regression_tests_21-24/hyperdsl/spatial/regression_tests/unit/13_ScatterGather/out/maxj/src/static/templates/DblBufReg.maxj (at line 9)
[maxjcompiler] 	import com.maxeler.maxcompiler.v2.kernelcompiler.Optimization;
[maxjcompiler] 	       ^^^^^^^^^^^^^^^^^^^^^^^^^^^^^^^^^^^^^^^^^^^^^^^^^^^^^^
[maxjcompiler] The import com.maxeler.maxcompiler.v2.kernelcompiler.Optimization is never used
[maxjcompiler] ----------
[maxjcompiler] ----------
[maxjcompiler] 23. WARNING in /local/ssd/home/mattfel/transform_regression_tests_21-24/hyperdsl/spatial/regression_tests/unit/13_ScatterGather/out/maxj/src/static/templates/ScatterSM.maxj (at line 9)
[maxjcompiler] 	import com.maxeler.maxcompiler.v2.utils.MathUtils;
[maxjcompiler] 	       ^^^^^^^^^^^^^^^^^^^^^^^^^^^^^^^^^^^^^^^^^^
[maxjcompiler] The import com.maxeler.maxcompiler.v2.utils.MathUtils is never used
[maxjcompiler] ----------
[maxjcompiler] ----------
[maxjcompiler] 24. WARNING in /local/ssd/home/mattfel/transform_regression_tests_21-24/hyperdsl/spatial/regression_tests/unit/13_ScatterGather/out/maxj/src/static/templates/Gather.maxj (at line 6)
[maxjcompiler] 	import com.maxeler.maxcompiler.v2.kernelcompiler.stdlib.core.CounterChain;
[maxjcompiler] 	       ^^^^^^^^^^^^^^^^^^^^^^^^^^^^^^^^^^^^^^^^^^^^^^^^^^^^^^^^^^^^^^^^^^
[maxjcompiler] The import com.maxeler.maxcompiler.v2.kernelcompiler.stdlib.core.CounterChain is never used
[maxjcompiler] ----------
[maxjcompiler] 25. WARNING in /local/ssd/home/mattfel/transform_regression_tests_21-24/hyperdsl/spatial/regression_tests/unit/13_ScatterGather/out/maxj/src/static/templates/Gather.maxj (at line 7)
[maxjcompiler] 	import com.maxeler.maxcompiler.v2.kernelcompiler.stdlib.core.Count.WrapMode;
[maxjcompiler] 	       ^^^^^^^^^^^^^^^^^^^^^^^^^^^^^^^^^^^^^^^^^^^^^^^^^^^^^^^^^^^^^^^^^^^^
[maxjcompiler] The import com.maxeler.maxcompiler.v2.kernelcompiler.stdlib.core.Count.WrapMode is never used
[maxjcompiler] ----------
[maxjcompiler] 26. WARNING in /local/ssd/home/mattfel/transform_regression_tests_21-24/hyperdsl/spatial/regression_tests/unit/13_ScatterGather/out/maxj/src/static/templates/Gather.maxj (at line 11)
[maxjcompiler] 	import com.maxeler.maxcompiler.v2.kernelcompiler.Optimization;
[maxjcompiler] 	       ^^^^^^^^^^^^^^^^^^^^^^^^^^^^^^^^^^^^^^^^^^^^^^^^^^^^^^
[maxjcompiler] The import com.maxeler.maxcompiler.v2.kernelcompiler.Optimization is never used
[maxjcompiler] ----------
[maxjcompiler] 27. WARNING in /local/ssd/home/mattfel/transform_regression_tests_21-24/hyperdsl/spatial/regression_tests/unit/13_ScatterGather/out/maxj/src/static/templates/Gather.maxj (at line 12)
[maxjcompiler] 	import com.maxeler.maxcompiler.v2.kernelcompiler.stdlib.Reductions;
[maxjcompiler] 	       ^^^^^^^^^^^^^^^^^^^^^^^^^^^^^^^^^^^^^^^^^^^^^^^^^^^^^^^^^^^
[maxjcompiler] The import com.maxeler.maxcompiler.v2.kernelcompiler.stdlib.Reductions is never used
[maxjcompiler] ----------
[maxjcompiler] 28. WARNING in /local/ssd/home/mattfel/transform_regression_tests_21-24/hyperdsl/spatial/regression_tests/unit/13_ScatterGather/out/maxj/src/static/templates/Gather.maxj (at line 21)
[maxjcompiler] 	import com.maxeler.maxcompiler.v2.kernelcompiler.types.composite.DFEStruct;
[maxjcompiler] 	       ^^^^^^^^^^^^^^^^^^^^^^^^^^^^^^^^^^^^^^^^^^^^^^^^^^^^^^^^^^^^^^^^^^^
[maxjcompiler] The import com.maxeler.maxcompiler.v2.kernelcompiler.types.composite.DFEStruct is never used
[maxjcompiler] ----------
[maxjcompiler] 29. WARNING in /local/ssd/home/mattfel/transform_regression_tests_21-24/hyperdsl/spatial/regression_tests/unit/13_ScatterGather/out/maxj/src/static/templates/Gather.maxj (at line 22)
[maxjcompiler] 	import com.maxeler.maxcompiler.v2.kernelcompiler.types.composite.DFEStructType;
[maxjcompiler] 	       ^^^^^^^^^^^^^^^^^^^^^^^^^^^^^^^^^^^^^^^^^^^^^^^^^^^^^^^^^^^^^^^^^^^^^^^
[maxjcompiler] The import com.maxeler.maxcompiler.v2.kernelcompiler.types.composite.DFEStructType is never used
[maxjcompiler] ----------
[maxjcompiler] 30. WARNING in /local/ssd/home/mattfel/transform_regression_tests_21-24/hyperdsl/spatial/regression_tests/unit/13_ScatterGather/out/maxj/src/static/templates/Gather.maxj (at line 23)
[maxjcompiler] 	import com.maxeler.maxcompiler.v2.kernelcompiler.types.composite.DFEStructType.StructFieldType;
[maxjcompiler] 	       ^^^^^^^^^^^^^^^^^^^^^^^^^^^^^^^^^^^^^^^^^^^^^^^^^^^^^^^^^^^^^^^^^^^^^^^^^^^^^^^^^^^^^^^
[maxjcompiler] The import com.maxeler.maxcompiler.v2.kernelcompiler.types.composite.DFEStructType.StructFieldType is never used
[maxjcompiler] ----------
[maxjcompiler] 31. WARNING in /local/ssd/home/mattfel/transform_regression_tests_21-24/hyperdsl/spatial/regression_tests/unit/13_ScatterGather/out/maxj/src/static/templates/Gather.maxj (at line 24)
[maxjcompiler] 	import java.util.ArrayList;
[maxjcompiler] 	       ^^^^^^^^^^^^^^^^^^^
[maxjcompiler] The import java.util.ArrayList is never used
[maxjcompiler] ----------
[maxjcompiler] 32. WARNING in /local/ssd/home/mattfel/transform_regression_tests_21-24/hyperdsl/spatial/regression_tests/unit/13_ScatterGather/out/maxj/src/static/templates/Gather.maxj (at line 105)
[maxjcompiler] 	DFEVar package_done = sm.getOutput("package_done");
[maxjcompiler] 	       ^^^^^^^^^^^^
[maxjcompiler] The local variable package_done is never read
[maxjcompiler] ----------
[maxjcompiler] 33. WARNING in /local/ssd/home/mattfel/transform_regression_tests_21-24/hyperdsl/spatial/regression_tests/unit/13_ScatterGather/out/maxj/src/static/templates/Gather.maxj (at line 303)
[maxjcompiler] 	DFEVar package_done = sm.getOutput("package_done");
[maxjcompiler] 	       ^^^^^^^^^^^^
[maxjcompiler] The local variable package_done is never read
[maxjcompiler] ----------
[maxjcompiler] ----------
[maxjcompiler] 34. WARNING in /local/ssd/home/mattfel/transform_regression_tests_21-24/hyperdsl/spatial/regression_tests/unit/13_ScatterGather/out/maxj/src/static/templates/GBRSM.maxj (at line 8)
[maxjcompiler] 	import com.maxeler.maxcompiler.v2.statemachine.DFEsmValue;
[maxjcompiler] 	       ^^^^^^^^^^^^^^^^^^^^^^^^^^^^^^^^^^^^^^^^^^^^^^^^^^
[maxjcompiler] The import com.maxeler.maxcompiler.v2.statemachine.DFEsmValue is never used
[maxjcompiler] ----------
[maxjcompiler] ----------
[maxjcompiler] 35. WARNING in /local/ssd/home/mattfel/transform_regression_tests_21-24/hyperdsl/spatial/regression_tests/unit/13_ScatterGather/out/maxj/src/static/templates/DblBufStateMachine_2.maxj (at line 41)
[maxjcompiler] 	DFEsmValueType counterType = dfeUInt(2);
[maxjcompiler] 	               ^^^^^^^^^^^
[maxjcompiler] The local variable counterType is never read
[maxjcompiler] ----------
[maxjcompiler] 36. WARNING in /local/ssd/home/mattfel/transform_regression_tests_21-24/hyperdsl/spatial/regression_tests/unit/13_ScatterGather/out/maxj/src/static/templates/DblBufStateMachine_2.maxj (at line 59)
[maxjcompiler] 	this.numIter = numIter;
[maxjcompiler] 	^^^^^^^^^^^^^^^^^^^^^^
[maxjcompiler] The assignment to variable numIter has no effect
[maxjcompiler] ----------
[maxjcompiler] ----------
[maxjcompiler] 37. WARNING in /local/ssd/home/mattfel/transform_regression_tests_21-24/hyperdsl/spatial/regression_tests/unit/13_ScatterGather/out/maxj/src/static/templates/VDblBufKernelLib.maxj (at line 8)
[maxjcompiler] 	import com.maxeler.maxcompiler.v2.kernelcompiler.types.base.DFEType;
[maxjcompiler] 	       ^^^^^^^^^^^^^^^^^^^^^^^^^^^^^^^^^^^^^^^^^^^^^^^^^^^^^^^^^^^^
[maxjcompiler] The import com.maxeler.maxcompiler.v2.kernelcompiler.types.base.DFEType is never used
[maxjcompiler] ----------
[maxjcompiler] ----------
[maxjcompiler] 38. WARNING in /local/ssd/home/mattfel/transform_regression_tests_21-24/hyperdsl/spatial/regression_tests/unit/13_ScatterGather/out/maxj/src/static/templates/NBufKernelLib.maxj (at line 5)
[maxjcompiler] 	import com.maxeler.maxcompiler.v2.kernelcompiler.stdlib.memory.Memory;
[maxjcompiler] 	       ^^^^^^^^^^^^^^^^^^^^^^^^^^^^^^^^^^^^^^^^^^^^^^^^^^^^^^^^^^^^^^
[maxjcompiler] The import com.maxeler.maxcompiler.v2.kernelcompiler.stdlib.memory.Memory is never used
[maxjcompiler] ----------
[maxjcompiler] 39. WARNING in /local/ssd/home/mattfel/transform_regression_tests_21-24/hyperdsl/spatial/regression_tests/unit/13_ScatterGather/out/maxj/src/static/templates/NBufKernelLib.maxj (at line 9)
[maxjcompiler] 	import com.maxeler.maxcompiler.v2.kernelcompiler.Optimization;
[maxjcompiler] 	       ^^^^^^^^^^^^^^^^^^^^^^^^^^^^^^^^^^^^^^^^^^^^^^^^^^^^^^
[maxjcompiler] The import com.maxeler.maxcompiler.v2.kernelcompiler.Optimization is never used
[maxjcompiler] ----------
[maxjcompiler] 40. WARNING in /local/ssd/home/mattfel/transform_regression_tests_21-24/hyperdsl/spatial/regression_tests/unit/13_ScatterGather/out/maxj/src/static/templates/NBufKernelLib.maxj (at line 12)
[maxjcompiler] 	import com.maxeler.maxcompiler.v2.utils.Bits;
[maxjcompiler] 	       ^^^^^^^^^^^^^^^^^^^^^^^^^^^^^^^^^^^^^
[maxjcompiler] The import com.maxeler.maxcompiler.v2.utils.Bits is never used
[maxjcompiler] ----------
[maxjcompiler] 41. WARNING in /local/ssd/home/mattfel/transform_regression_tests_21-24/hyperdsl/spatial/regression_tests/unit/13_ScatterGather/out/maxj/src/static/templates/NBufKernelLib.maxj (at line 105)
[maxjcompiler] 	this.type = type;
[maxjcompiler] 	^^^^^^^^^^^^^^^^
[maxjcompiler] The assignment to variable type has no effect
[maxjcompiler] ----------
[maxjcompiler] ----------
[maxjcompiler] 42. WARNING in /local/ssd/home/mattfel/transform_regression_tests_21-24/hyperdsl/spatial/regression_tests/unit/13_ScatterGather/out/maxj/src/static/templates/MemoryCmdSM.maxj (at line 6)
[maxjcompiler] 	import com.maxeler.maxcompiler.v2.statemachine.DFEsmStateValue;
[maxjcompiler] 	       ^^^^^^^^^^^^^^^^^^^^^^^^^^^^^^^^^^^^^^^^^^^^^^^^^^^^^^^
[maxjcompiler] The import com.maxeler.maxcompiler.v2.statemachine.DFEsmStateValue is never used
[maxjcompiler] ----------
[maxjcompiler] 43. WARNING in /local/ssd/home/mattfel/transform_regression_tests_21-24/hyperdsl/spatial/regression_tests/unit/13_ScatterGather/out/maxj/src/static/templates/MemoryCmdSM.maxj (at line 35)
[maxjcompiler] 	DFEsmValueType counterType = dfeUInt(32);
[maxjcompiler] 	               ^^^^^^^^^^^
[maxjcompiler] The local variable counterType is never read
[maxjcompiler] ----------
[maxjcompiler] ----------
[maxjcompiler] 44. WARNING in /local/ssd/home/mattfel/transform_regression_tests_21-24/hyperdsl/spatial/regression_tests/unit/13_ScatterGather/out/maxj/src/static/templates/MemoryCmdGen.maxj (at line 7)
[maxjcompiler] 	import com.maxeler.maxcompiler.v2.kernelcompiler.stdlib.core.CounterChain;
[maxjcompiler] 	       ^^^^^^^^^^^^^^^^^^^^^^^^^^^^^^^^^^^^^^^^^^^^^^^^^^^^^^^^^^^^^^^^^^
[maxjcompiler] The import com.maxeler.maxcompiler.v2.kernelcompiler.stdlib.core.CounterChain is never used
[maxjcompiler] ----------
[maxjcompiler] 45. WARNING in /local/ssd/home/mattfel/transform_regression_tests_21-24/hyperdsl/spatial/regression_tests/unit/13_ScatterGather/out/maxj/src/static/templates/MemoryCmdGen.maxj (at line 10)
[maxjcompiler] 	import com.maxeler.maxcompiler.v2.utils.MathUtils;
[maxjcompiler] 	       ^^^^^^^^^^^^^^^^^^^^^^^^^^^^^^^^^^^^^^^^^^
[maxjcompiler] The import com.maxeler.maxcompiler.v2.utils.MathUtils is never used
[maxjcompiler] ----------
[maxjcompiler] 46. WARNING in /local/ssd/home/mattfel/transform_regression_tests_21-24/hyperdsl/spatial/regression_tests/unit/13_ScatterGather/out/maxj/src/static/templates/MemoryCmdGen.maxj (at line 13)
[maxjcompiler] 	import com.maxeler.maxcompiler.v2.kernelcompiler.Optimization;
[maxjcompiler] 	       ^^^^^^^^^^^^^^^^^^^^^^^^^^^^^^^^^^^^^^^^^^^^^^^^^^^^^^
[maxjcompiler] The import com.maxeler.maxcompiler.v2.kernelcompiler.Optimization is never used
[maxjcompiler] ----------
[maxjcompiler] 47. WARNING in /local/ssd/home/mattfel/transform_regression_tests_21-24/hyperdsl/spatial/regression_tests/unit/13_ScatterGather/out/maxj/src/static/templates/MemoryCmdGen.maxj (at line 14)
[maxjcompiler] 	import com.maxeler.maxcompiler.v2.kernelcompiler.stdlib.Reductions;
[maxjcompiler] 	       ^^^^^^^^^^^^^^^^^^^^^^^^^^^^^^^^^^^^^^^^^^^^^^^^^^^^^^^^^^^
[maxjcompiler] The import com.maxeler.maxcompiler.v2.kernelcompiler.stdlib.Reductions is never used
[maxjcompiler] ----------
[maxjcompiler] 48. WARNING in /local/ssd/home/mattfel/transform_regression_tests_21-24/hyperdsl/spatial/regression_tests/unit/13_ScatterGather/out/maxj/src/static/templates/MemoryCmdGen.maxj (at line 15)
[maxjcompiler] 	import com.maxeler.maxcompiler.v2.kernelcompiler.stdlib.core.Stream.OffsetExpr;
[maxjcompiler] 	       ^^^^^^^^^^^^^^^^^^^^^^^^^^^^^^^^^^^^^^^^^^^^^^^^^^^^^^^^^^^^^^^^^^^^^^^
[maxjcompiler] The import com.maxeler.maxcompiler.v2.kernelcompiler.stdlib.core.Stream.OffsetExpr is never used
[maxjcompiler] ----------
[maxjcompiler] 49. WARNING in /local/ssd/home/mattfel/transform_regression_tests_21-24/hyperdsl/spatial/regression_tests/unit/13_ScatterGather/out/maxj/src/static/templates/MemoryCmdGen.maxj (at line 20)
[maxjcompiler] 	import com.maxeler.maxcompiler.v2.kernelcompiler.types.composite.DFEStruct;
[maxjcompiler] 	       ^^^^^^^^^^^^^^^^^^^^^^^^^^^^^^^^^^^^^^^^^^^^^^^^^^^^^^^^^^^^^^^^^^^
[maxjcompiler] The import com.maxeler.maxcompiler.v2.kernelcompiler.types.composite.DFEStruct is never used
[maxjcompiler] ----------
[maxjcompiler] 50. WARNING in /local/ssd/home/mattfel/transform_regression_tests_21-24/hyperdsl/spatial/regression_tests/unit/13_ScatterGather/out/maxj/src/static/templates/MemoryCmdGen.maxj (at line 21)
[maxjcompiler] 	import com.maxeler.maxcompiler.v2.kernelcompiler.types.composite.DFEStructType;
[maxjcompiler] 	       ^^^^^^^^^^^^^^^^^^^^^^^^^^^^^^^^^^^^^^^^^^^^^^^^^^^^^^^^^^^^^^^^^^^^^^^
[maxjcompiler] The import com.maxeler.maxcompiler.v2.kernelcompiler.types.composite.DFEStructType is never used
[maxjcompiler] ----------
[maxjcompiler] 51. WARNING in /local/ssd/home/mattfel/transform_regression_tests_21-24/hyperdsl/spatial/regression_tests/unit/13_ScatterGather/out/maxj/src/static/templates/MemoryCmdGen.maxj (at line 22)
[maxjcompiler] 	import com.maxeler.maxcompiler.v2.kernelcompiler.types.composite.DFEStructType.StructFieldType;
[maxjcompiler] 	       ^^^^^^^^^^^^^^^^^^^^^^^^^^^^^^^^^^^^^^^^^^^^^^^^^^^^^^^^^^^^^^^^^^^^^^^^^^^^^^^^^^^^^^^
[maxjcompiler] The import com.maxeler.maxcompiler.v2.kernelcompiler.types.composite.DFEStructType.StructFieldType is never used
[maxjcompiler] ----------
[maxjcompiler] 52. WARNING in /local/ssd/home/mattfel/transform_regression_tests_21-24/hyperdsl/spatial/regression_tests/unit/13_ScatterGather/out/maxj/src/static/templates/MemoryCmdGen.maxj (at line 23)
[maxjcompiler] 	import java.util.ArrayList;
[maxjcompiler] 	       ^^^^^^^^^^^^^^^^^^^
[maxjcompiler] The import java.util.ArrayList is never used
[maxjcompiler] ----------
[maxjcompiler] 53. WARNING in /local/ssd/home/mattfel/transform_regression_tests_21-24/hyperdsl/spatial/regression_tests/unit/13_ScatterGather/out/maxj/src/static/templates/MemoryCmdGen.maxj (at line 102)
[maxjcompiler] 	int par = wdata.getSize();
[maxjcompiler] 	    ^^^
[maxjcompiler] The local variable par is never read
[maxjcompiler] ----------
[maxjcompiler] 54. WARNING in /local/ssd/home/mattfel/transform_regression_tests_21-24/hyperdsl/spatial/regression_tests/unit/13_ScatterGather/out/maxj/src/static/templates/MemoryCmdGen.maxj (at line 188)
[maxjcompiler] 	DFEVar sizecheck = upcast(size_int, wdata[0].getType());
[maxjcompiler] 	       ^^^^^^^^^
[maxjcompiler] The local variable sizecheck is never read
[maxjcompiler] ----------
[maxjcompiler] ----------
[maxjcompiler] 55. WARNING in /local/ssd/home/mattfel/transform_regression_tests_21-24/hyperdsl/spatial/regression_tests/unit/13_ScatterGather/out/maxj/src/static/templates/CtrChainLib.maxj (at line 6)
[maxjcompiler] 	import com.maxeler.maxcompiler.v2.kernelcompiler.SMIO;
[maxjcompiler] 	       ^^^^^^^^^^^^^^^^^^^^^^^^^^^^^^^^^^^^^^^^^^^^^^
[maxjcompiler] The import com.maxeler.maxcompiler.v2.kernelcompiler.SMIO is never used
[maxjcompiler] ----------
[maxjcompiler] 56. WARNING in /local/ssd/home/mattfel/transform_regression_tests_21-24/hyperdsl/spatial/regression_tests/unit/13_ScatterGather/out/maxj/src/static/templates/CtrChainLib.maxj (at line 7)
[maxjcompiler] 	import com.maxeler.maxcompiler.v2.kernelcompiler.stdlib.core.CounterChain;
[maxjcompiler] 	       ^^^^^^^^^^^^^^^^^^^^^^^^^^^^^^^^^^^^^^^^^^^^^^^^^^^^^^^^^^^^^^^^^^
[maxjcompiler] The import com.maxeler.maxcompiler.v2.kernelcompiler.stdlib.core.CounterChain is never used
[maxjcompiler] ----------
[maxjcompiler] 57. WARNING in /local/ssd/home/mattfel/transform_regression_tests_21-24/hyperdsl/spatial/regression_tests/unit/13_ScatterGather/out/maxj/src/static/templates/CtrChainLib.maxj (at line 8)
[maxjcompiler] 	import com.maxeler.maxcompiler.v2.utils.MathUtils;
[maxjcompiler] 	       ^^^^^^^^^^^^^^^^^^^^^^^^^^^^^^^^^^^^^^^^^^
[maxjcompiler] The import com.maxeler.maxcompiler.v2.utils.MathUtils is never used
[maxjcompiler] ----------
[maxjcompiler] ----------
[maxjcompiler] 58. WARNING in /local/ssd/home/mattfel/transform_regression_tests_21-24/hyperdsl/spatial/regression_tests/unit/13_ScatterGather/out/maxj/src/static/templates/PQSM.maxj (at line 5)
[maxjcompiler] 	import com.maxeler.maxcompiler.v2.statemachine.DFEsmStateEnum;
[maxjcompiler] 	       ^^^^^^^^^^^^^^^^^^^^^^^^^^^^^^^^^^^^^^^^^^^^^^^^^^^^^^
[maxjcompiler] The import com.maxeler.maxcompiler.v2.statemachine.DFEsmStateEnum is never used
[maxjcompiler] ----------
[maxjcompiler] 59. WARNING in /local/ssd/home/mattfel/transform_regression_tests_21-24/hyperdsl/spatial/regression_tests/unit/13_ScatterGather/out/maxj/src/static/templates/PQSM.maxj (at line 9)
[maxjcompiler] 	import com.maxeler.maxcompiler.v2.statemachine.DFEsmAssignableValue;
[maxjcompiler] 	       ^^^^^^^^^^^^^^^^^^^^^^^^^^^^^^^^^^^^^^^^^^^^^^^^^^^^^^^^^^^^
[maxjcompiler] The import com.maxeler.maxcompiler.v2.statemachine.DFEsmAssignableValue is never used
[maxjcompiler] ----------
[maxjcompiler] 60. WARNING in /local/ssd/home/mattfel/transform_regression_tests_21-24/hyperdsl/spatial/regression_tests/unit/13_ScatterGather/out/maxj/src/static/templates/PQSM.maxj (at line 11)
[maxjcompiler] 	import com.maxeler.maxcompiler.v2.statemachine.DFEsmVariable;
[maxjcompiler] 	       ^^^^^^^^^^^^^^^^^^^^^^^^^^^^^^^^^^^^^^^^^^^^^^^^^^^^^
[maxjcompiler] The import com.maxeler.maxcompiler.v2.statemachine.DFEsmVariable is never used
[maxjcompiler] ----------
[maxjcompiler] 61. WARNING in /local/ssd/home/mattfel/transform_regression_tests_21-24/hyperdsl/spatial/regression_tests/unit/13_ScatterGather/out/maxj/src/static/templates/PQSM.maxj (at line 13)
[maxjcompiler] 	import com.maxeler.maxcompiler.v2.statemachine.types.DFEsmTypeFactory;
[maxjcompiler] 	       ^^^^^^^^^^^^^^^^^^^^^^^^^^^^^^^^^^^^^^^^^^^^^^^^^^^^^^^^^^^^^^
[maxjcompiler] The import com.maxeler.maxcompiler.v2.statemachine.types.DFEsmTypeFactory is never used
[maxjcompiler] ----------
[maxjcompiler] 62. WARNING in /local/ssd/home/mattfel/transform_regression_tests_21-24/hyperdsl/spatial/regression_tests/unit/13_ScatterGather/out/maxj/src/static/templates/PQSM.maxj (at line 14)
[maxjcompiler] 	import com.maxeler.maxcompiler.v2.statemachine.StateMachineLib;
[maxjcompiler] 	       ^^^^^^^^^^^^^^^^^^^^^^^^^^^^^^^^^^^^^^^^^^^^^^^^^^^^^^^
[maxjcompiler] The import com.maxeler.maxcompiler.v2.statemachine.StateMachineLib is never used
[maxjcompiler] ----------
[maxjcompiler] 63. WARNING in /local/ssd/home/mattfel/transform_regression_tests_21-24/hyperdsl/spatial/regression_tests/unit/13_ScatterGather/out/maxj/src/static/templates/PQSM.maxj (at line 90)
[maxjcompiler] 	private void resetElemsFF() {
[maxjcompiler] 	             ^^^^^^^^^^^^^^
[maxjcompiler] The method resetElemsFF() from the type PQSM is never used locally
[maxjcompiler] ----------
[maxjcompiler] 64. WARNING in /local/ssd/home/mattfel/transform_regression_tests_21-24/hyperdsl/spatial/regression_tests/unit/13_ScatterGather/out/maxj/src/static/templates/PQSM.maxj (at line 99)
[maxjcompiler] 	private void write() {
[maxjcompiler] 	             ^^^^^^^
[maxjcompiler] The method write() from the type PQSM is never used locally
[maxjcompiler] ----------
[maxjcompiler] 65. WARNING in /local/ssd/home/mattfel/transform_regression_tests_21-24/hyperdsl/spatial/regression_tests/unit/13_ScatterGather/out/maxj/src/static/templates/PQSM.maxj (at line 116)
[maxjcompiler] 	private void stall() {
[maxjcompiler] 	             ^^^^^^^
[maxjcompiler] The method stall() from the type PQSM is never used locally
[maxjcompiler] ----------
[maxjcompiler] ----------
[maxjcompiler] 66. WARNING in /local/ssd/home/mattfel/transform_regression_tests_21-24/hyperdsl/spatial/regression_tests/unit/13_ScatterGather/out/maxj/src/static/templates/BoxedMem.maxj (at line 7)
[maxjcompiler] 	import com.maxeler.maxcompiler.v2.kernelcompiler.SMIO;
[maxjcompiler] 	       ^^^^^^^^^^^^^^^^^^^^^^^^^^^^^^^^^^^^^^^^^^^^^^
[maxjcompiler] The import com.maxeler.maxcompiler.v2.kernelcompiler.SMIO is never used
[maxjcompiler] ----------
[maxjcompiler] 67. WARNING in /local/ssd/home/mattfel/transform_regression_tests_21-24/hyperdsl/spatial/regression_tests/unit/13_ScatterGather/out/maxj/src/static/templates/BoxedMem.maxj (at line 8)
[maxjcompiler] 	import com.maxeler.maxcompiler.v2.utils.MathUtils;
[maxjcompiler] 	       ^^^^^^^^^^^^^^^^^^^^^^^^^^^^^^^^^^^^^^^^^^
[maxjcompiler] The import com.maxeler.maxcompiler.v2.utils.MathUtils is never used
[maxjcompiler] ----------
[maxjcompiler] 68. WARNING in /local/ssd/home/mattfel/transform_regression_tests_21-24/hyperdsl/spatial/regression_tests/unit/13_ScatterGather/out/maxj/src/static/templates/BoxedMem.maxj (at line 10)
[maxjcompiler] 	import com.maxeler.maxcompiler.v2.kernelcompiler.types.composite.DFEVector;
[maxjcompiler] 	       ^^^^^^^^^^^^^^^^^^^^^^^^^^^^^^^^^^^^^^^^^^^^^^^^^^^^^^^^^^^^^^^^^^^
[maxjcompiler] The import com.maxeler.maxcompiler.v2.kernelcompiler.types.composite.DFEVector is never used
[maxjcompiler] ----------
[maxjcompiler] ----------
[maxjcompiler] 69. WARNING in /local/ssd/home/mattfel/transform_regression_tests_21-24/hyperdsl/spatial/regression_tests/unit/13_ScatterGather/out/maxj/src/static/templates/MemoryCmdSt.maxj (at line 7)
[maxjcompiler] 	import com.maxeler.maxcompiler.v2.kernelcompiler.stdlib.core.CounterChain;
[maxjcompiler] 	       ^^^^^^^^^^^^^^^^^^^^^^^^^^^^^^^^^^^^^^^^^^^^^^^^^^^^^^^^^^^^^^^^^^
[maxjcompiler] The import com.maxeler.maxcompiler.v2.kernelcompiler.stdlib.core.CounterChain is never used
[maxjcompiler] ----------
[maxjcompiler] 70. WARNING in /local/ssd/home/mattfel/transform_regression_tests_21-24/hyperdsl/spatial/regression_tests/unit/13_ScatterGather/out/maxj/src/static/templates/MemoryCmdSt.maxj (at line 12)
[maxjcompiler] 	import com.maxeler.maxcompiler.v2.kernelcompiler.Optimization;
[maxjcompiler] 	       ^^^^^^^^^^^^^^^^^^^^^^^^^^^^^^^^^^^^^^^^^^^^^^^^^^^^^^
[maxjcompiler] The import com.maxeler.maxcompiler.v2.kernelcompiler.Optimization is never used
[maxjcompiler] ----------
[maxjcompiler] 71. WARNING in /local/ssd/home/mattfel/transform_regression_tests_21-24/hyperdsl/spatial/regression_tests/unit/13_ScatterGather/out/maxj/src/static/templates/MemoryCmdSt.maxj (at line 13)
[maxjcompiler] 	import com.maxeler.maxcompiler.v2.kernelcompiler.stdlib.Reductions;
[maxjcompiler] 	       ^^^^^^^^^^^^^^^^^^^^^^^^^^^^^^^^^^^^^^^^^^^^^^^^^^^^^^^^^^^
[maxjcompiler] The import com.maxeler.maxcompiler.v2.kernelcompiler.stdlib.Reductions is never used
[maxjcompiler] ----------
[maxjcompiler] 72. WARNING in /local/ssd/home/mattfel/transform_regression_tests_21-24/hyperdsl/spatial/regression_tests/unit/13_ScatterGather/out/maxj/src/static/templates/MemoryCmdSt.maxj (at line 14)
[maxjcompiler] 	import com.maxeler.maxcompiler.v2.kernelcompiler.stdlib.core.Stream.OffsetExpr;
[maxjcompiler] 	       ^^^^^^^^^^^^^^^^^^^^^^^^^^^^^^^^^^^^^^^^^^^^^^^^^^^^^^^^^^^^^^^^^^^^^^^
[maxjcompiler] The import com.maxeler.maxcompiler.v2.kernelcompiler.stdlib.core.Stream.OffsetExpr is never used
[maxjcompiler] ----------
[maxjcompiler] 73. WARNING in /local/ssd/home/mattfel/transform_regression_tests_21-24/hyperdsl/spatial/regression_tests/unit/13_ScatterGather/out/maxj/src/static/templates/MemoryCmdSt.maxj (at line 19)
[maxjcompiler] 	import com.maxeler.maxcompiler.v2.kernelcompiler.types.composite.DFEStruct;
[maxjcompiler] 	       ^^^^^^^^^^^^^^^^^^^^^^^^^^^^^^^^^^^^^^^^^^^^^^^^^^^^^^^^^^^^^^^^^^^
[maxjcompiler] The import com.maxeler.maxcompiler.v2.kernelcompiler.types.composite.DFEStruct is never used
[maxjcompiler] ----------
[maxjcompiler] 74. WARNING in /local/ssd/home/mattfel/transform_regression_tests_21-24/hyperdsl/spatial/regression_tests/unit/13_ScatterGather/out/maxj/src/static/templates/MemoryCmdSt.maxj (at line 20)
[maxjcompiler] 	import com.maxeler.maxcompiler.v2.kernelcompiler.types.composite.DFEStructType;
[maxjcompiler] 	       ^^^^^^^^^^^^^^^^^^^^^^^^^^^^^^^^^^^^^^^^^^^^^^^^^^^^^^^^^^^^^^^^^^^^^^^
[maxjcompiler] The import com.maxeler.maxcompiler.v2.kernelcompiler.types.composite.DFEStructType is never used
[maxjcompiler] ----------
[maxjcompiler] 75. WARNING in /local/ssd/home/mattfel/transform_regression_tests_21-24/hyperdsl/spatial/regression_tests/unit/13_ScatterGather/out/maxj/src/static/templates/MemoryCmdSt.maxj (at line 21)
[maxjcompiler] 	import com.maxeler.maxcompiler.v2.kernelcompiler.types.composite.DFEStructType.StructFieldType;
[maxjcompiler] 	       ^^^^^^^^^^^^^^^^^^^^^^^^^^^^^^^^^^^^^^^^^^^^^^^^^^^^^^^^^^^^^^^^^^^^^^^^^^^^^^^^^^^^^^^
[maxjcompiler] The import com.maxeler.maxcompiler.v2.kernelcompiler.types.composite.DFEStructType.StructFieldType is never used
[maxjcompiler] ----------
[maxjcompiler] 76. WARNING in /local/ssd/home/mattfel/transform_regression_tests_21-24/hyperdsl/spatial/regression_tests/unit/13_ScatterGather/out/maxj/src/static/templates/MemoryCmdSt.maxj (at line 22)
[maxjcompiler] 	import java.util.ArrayList;
[maxjcompiler] 	       ^^^^^^^^^^^^^^^^^^^
[maxjcompiler] The import java.util.ArrayList is never used
[maxjcompiler] ----------
[maxjcompiler] 77. WARNING in /local/ssd/home/mattfel/transform_regression_tests_21-24/hyperdsl/spatial/regression_tests/unit/13_ScatterGather/out/maxj/src/static/templates/MemoryCmdSt.maxj (at line 83)
[maxjcompiler] 	int par = wdata.getSize();
[maxjcompiler] 	    ^^^
[maxjcompiler] The local variable par is never read
[maxjcompiler] ----------
[maxjcompiler] ----------
[maxjcompiler] 78. WARNING in /local/ssd/home/mattfel/transform_regression_tests_21-24/hyperdsl/spatial/regression_tests/unit/13_ScatterGather/out/maxj/src/static/templates/DoubleCtrSM.maxj (at line 8)
[maxjcompiler] 	import com.maxeler.maxcompiler.v2.statemachine.DFEsmValue;
[maxjcompiler] 	       ^^^^^^^^^^^^^^^^^^^^^^^^^^^^^^^^^^^^^^^^^^^^^^^^^^
[maxjcompiler] The import com.maxeler.maxcompiler.v2.statemachine.DFEsmValue is never used
[maxjcompiler] ----------
[maxjcompiler] 79. WARNING in /local/ssd/home/mattfel/transform_regression_tests_21-24/hyperdsl/spatial/regression_tests/unit/13_ScatterGather/out/maxj/src/static/templates/DoubleCtrSM.maxj (at line 21)
[maxjcompiler] 	private final int start0;
[maxjcompiler] 	                  ^^^^^^
[maxjcompiler] The field DoubleCtrSM.start0 is never read locally
[maxjcompiler] ----------
[maxjcompiler] 80. WARNING in /local/ssd/home/mattfel/transform_regression_tests_21-24/hyperdsl/spatial/regression_tests/unit/13_ScatterGather/out/maxj/src/static/templates/DoubleCtrSM.maxj (at line 24)
[maxjcompiler] 	private final int start1;
[maxjcompiler] 	                  ^^^^^^
[maxjcompiler] The field DoubleCtrSM.start1 is never read locally
[maxjcompiler] ----------
[maxjcompiler] ----------
[maxjcompiler] 81. WARNING in /local/ssd/home/mattfel/transform_regression_tests_21-24/hyperdsl/spatial/regression_tests/unit/13_ScatterGather/out/maxj/src/static/templates/BlockStorer.maxj (at line 6)
[maxjcompiler] 	import com.maxeler.maxcompiler.v2.kernelcompiler.stdlib.core.CounterChain;
[maxjcompiler] 	       ^^^^^^^^^^^^^^^^^^^^^^^^^^^^^^^^^^^^^^^^^^^^^^^^^^^^^^^^^^^^^^^^^^
[maxjcompiler] The import com.maxeler.maxcompiler.v2.kernelcompiler.stdlib.core.CounterChain is never used
[maxjcompiler] ----------
[maxjcompiler] 82. WARNING in /local/ssd/home/mattfel/transform_regression_tests_21-24/hyperdsl/spatial/regression_tests/unit/13_ScatterGather/out/maxj/src/static/templates/BlockStorer.maxj (at line 11)
[maxjcompiler] 	import com.maxeler.maxcompiler.v2.kernelcompiler.Optimization;
[maxjcompiler] 	       ^^^^^^^^^^^^^^^^^^^^^^^^^^^^^^^^^^^^^^^^^^^^^^^^^^^^^^
[maxjcompiler] The import com.maxeler.maxcompiler.v2.kernelcompiler.Optimization is never used
[maxjcompiler] ----------
[maxjcompiler] ----------
[maxjcompiler] 83. WARNING in /local/ssd/home/mattfel/transform_regression_tests_21-24/hyperdsl/spatial/regression_tests/unit/13_ScatterGather/out/maxj/src/static/templates/DummyMemLib.maxj (at line 5)
[maxjcompiler] 	import com.maxeler.maxcompiler.v2.kernelcompiler.stdlib.memory.Memory;
[maxjcompiler] 	       ^^^^^^^^^^^^^^^^^^^^^^^^^^^^^^^^^^^^^^^^^^^^^^^^^^^^^^^^^^^^^^
[maxjcompiler] The import com.maxeler.maxcompiler.v2.kernelcompiler.stdlib.memory.Memory is never used
[maxjcompiler] ----------
[maxjcompiler] 84. WARNING in /local/ssd/home/mattfel/transform_regression_tests_21-24/hyperdsl/spatial/regression_tests/unit/13_ScatterGather/out/maxj/src/static/templates/DummyMemLib.maxj (at line 6)
[maxjcompiler] 	import com.maxeler.maxcompiler.v2.kernelcompiler.SMIO;
[maxjcompiler] 	       ^^^^^^^^^^^^^^^^^^^^^^^^^^^^^^^^^^^^^^^^^^^^^^
[maxjcompiler] The import com.maxeler.maxcompiler.v2.kernelcompiler.SMIO is never used
[maxjcompiler] ----------
[maxjcompiler] 85. WARNING in /local/ssd/home/mattfel/transform_regression_tests_21-24/hyperdsl/spatial/regression_tests/unit/13_ScatterGather/out/maxj/src/static/templates/DummyMemLib.maxj (at line 7)
[maxjcompiler] 	import com.maxeler.maxcompiler.v2.utils.MathUtils;
[maxjcompiler] 	       ^^^^^^^^^^^^^^^^^^^^^^^^^^^^^^^^^^^^^^^^^^
[maxjcompiler] The import com.maxeler.maxcompiler.v2.utils.MathUtils is never used
[maxjcompiler] ----------
[maxjcompiler] ----------
[maxjcompiler] 86. WARNING in /local/ssd/home/mattfel/transform_regression_tests_21-24/hyperdsl/spatial/regression_tests/unit/13_ScatterGather/out/maxj/src/static/templates/BramLib.maxj (at line 5)
[maxjcompiler] 	import com.maxeler.maxcompiler.v2.kernelcompiler.stdlib.memory.Memory;
[maxjcompiler] 	       ^^^^^^^^^^^^^^^^^^^^^^^^^^^^^^^^^^^^^^^^^^^^^^^^^^^^^^^^^^^^^^
[maxjcompiler] The import com.maxeler.maxcompiler.v2.kernelcompiler.stdlib.memory.Memory is never used
[maxjcompiler] ----------
[maxjcompiler] 87. WARNING in /local/ssd/home/mattfel/transform_regression_tests_21-24/hyperdsl/spatial/regression_tests/unit/13_ScatterGather/out/maxj/src/static/templates/BramLib.maxj (at line 6)
[maxjcompiler] 	import com.maxeler.maxcompiler.v2.kernelcompiler.SMIO;
[maxjcompiler] 	       ^^^^^^^^^^^^^^^^^^^^^^^^^^^^^^^^^^^^^^^^^^^^^^
[maxjcompiler] The import com.maxeler.maxcompiler.v2.kernelcompiler.SMIO is never used
[maxjcompiler] ----------
[maxjcompiler] 88. WARNING in /local/ssd/home/mattfel/transform_regression_tests_21-24/hyperdsl/spatial/regression_tests/unit/13_ScatterGather/out/maxj/src/static/templates/BramLib.maxj (at line 635)
[maxjcompiler] 	DFEVar bank_addr = bankAndLocalAddr(srcAddr[i], AddrMode.BANK);
[maxjcompiler] 	       ^^^^^^^^^
[maxjcompiler] The local variable bank_addr is never read
[maxjcompiler] ----------
[maxjcompiler] 89. WARNING in /local/ssd/home/mattfel/transform_regression_tests_21-24/hyperdsl/spatial/regression_tests/unit/13_ScatterGather/out/maxj/src/static/templates/BramLib.maxj (at line 648)
[maxjcompiler] 	DFEVar rd_delta = srcAddr[1] - srcAddr[0];
[maxjcompiler] 	       ^^^^^^^^
[maxjcompiler] The local variable rd_delta is never read
[maxjcompiler] ----------
[maxjcompiler] ----------
[maxjcompiler] 90. WARNING in /local/ssd/home/mattfel/transform_regression_tests_21-24/hyperdsl/spatial/regression_tests/unit/13_ScatterGather/out/maxj/src/static/templates/GroupByReduce.maxj (at line 5)
[maxjcompiler] 	import com.maxeler.maxcompiler.v2.kernelcompiler.stdlib.memory.Memory;
[maxjcompiler] 	       ^^^^^^^^^^^^^^^^^^^^^^^^^^^^^^^^^^^^^^^^^^^^^^^^^^^^^^^^^^^^^^
[maxjcompiler] The import com.maxeler.maxcompiler.v2.kernelcompiler.stdlib.memory.Memory is never used
[maxjcompiler] ----------
[maxjcompiler] 91. WARNING in /local/ssd/home/mattfel/transform_regression_tests_21-24/hyperdsl/spatial/regression_tests/unit/13_ScatterGather/out/maxj/src/static/templates/GroupByReduce.maxj (at line 7)
[maxjcompiler] 	import com.maxeler.maxcompiler.v2.utils.MathUtils;
[maxjcompiler] 	       ^^^^^^^^^^^^^^^^^^^^^^^^^^^^^^^^^^^^^^^^^^
[maxjcompiler] The import com.maxeler.maxcompiler.v2.utils.MathUtils is never used
[maxjcompiler] ----------
[maxjcompiler] 92. WARNING in /local/ssd/home/mattfel/transform_regression_tests_21-24/hyperdsl/spatial/regression_tests/unit/13_ScatterGather/out/maxj/src/static/templates/GroupByReduce.maxj (at line 11)
[maxjcompiler] 	import com.maxeler.maxcompiler.v2.kernelcompiler.stdlib.KernelMath;
[maxjcompiler] 	       ^^^^^^^^^^^^^^^^^^^^^^^^^^^^^^^^^^^^^^^^^^^^^^^^^^^^^^^^^^^
[maxjcompiler] The import com.maxeler.maxcompiler.v2.kernelcompiler.stdlib.KernelMath is never used
[maxjcompiler] ----------
[maxjcompiler] 93. WARNING in /local/ssd/home/mattfel/transform_regression_tests_21-24/hyperdsl/spatial/regression_tests/unit/13_ScatterGather/out/maxj/src/static/templates/GroupByReduce.maxj (at line 14)
[maxjcompiler] 	import java.util.ArrayList;
[maxjcompiler] 	       ^^^^^^^^^^^^^^^^^^^
[maxjcompiler] The import java.util.ArrayList is never used
[maxjcompiler] ----------
[maxjcompiler] 94. WARNING in /local/ssd/home/mattfel/transform_regression_tests_21-24/hyperdsl/spatial/regression_tests/unit/13_ScatterGather/out/maxj/src/static/templates/GroupByReduce.maxj (at line 77)
[maxjcompiler] 	DFEVar test = constant.var(tag.getType(), 0) === tag;
[maxjcompiler] 	       ^^^^
[maxjcompiler] The local variable test is never read
[maxjcompiler] ----------
[maxjcompiler] ----------
[maxjcompiler] 95. WARNING in /local/ssd/home/mattfel/transform_regression_tests_21-24/hyperdsl/spatial/regression_tests/unit/13_ScatterGather/out/maxj/src/static/templates/FFMem.maxj (at line 5)
[maxjcompiler] 	import com.maxeler.maxcompiler.v2.kernelcompiler.stdlib.memory.Memory;
[maxjcompiler] 	       ^^^^^^^^^^^^^^^^^^^^^^^^^^^^^^^^^^^^^^^^^^^^^^^^^^^^^^^^^^^^^^
[maxjcompiler] The import com.maxeler.maxcompiler.v2.kernelcompiler.stdlib.memory.Memory is never used
[maxjcompiler] ----------
[maxjcompiler] 96. WARNING in /local/ssd/home/mattfel/transform_regression_tests_21-24/hyperdsl/spatial/regression_tests/unit/13_ScatterGather/out/maxj/src/static/templates/FFMem.maxj (at line 6)
[maxjcompiler] 	import com.maxeler.maxcompiler.v2.kernelcompiler.SMIO;
[maxjcompiler] 	       ^^^^^^^^^^^^^^^^^^^^^^^^^^^^^^^^^^^^^^^^^^^^^^
[maxjcompiler] The import com.maxeler.maxcompiler.v2.kernelcompiler.SMIO is never used
[maxjcompiler] ----------
[maxjcompiler] 97. WARNING in /local/ssd/home/mattfel/transform_regression_tests_21-24/hyperdsl/spatial/regression_tests/unit/13_ScatterGather/out/maxj/src/static/templates/FFMem.maxj (at line 7)
[maxjcompiler] 	import com.maxeler.maxcompiler.v2.utils.MathUtils;
[maxjcompiler] 	       ^^^^^^^^^^^^^^^^^^^^^^^^^^^^^^^^^^^^^^^^^^
[maxjcompiler] The import com.maxeler.maxcompiler.v2.utils.MathUtils is never used
[maxjcompiler] ----------
[maxjcompiler] 98. WARNING in /local/ssd/home/mattfel/transform_regression_tests_21-24/hyperdsl/spatial/regression_tests/unit/13_ScatterGather/out/maxj/src/static/templates/FFMem.maxj (at line 9)
[maxjcompiler] 	import com.maxeler.maxcompiler.v2.kernelcompiler.types.composite.DFEVector;
[maxjcompiler] 	       ^^^^^^^^^^^^^^^^^^^^^^^^^^^^^^^^^^^^^^^^^^^^^^^^^^^^^^^^^^^^^^^^^^^
[maxjcompiler] The import com.maxeler.maxcompiler.v2.kernelcompiler.types.composite.DFEVector is never used
[maxjcompiler] ----------
[maxjcompiler] ----------
[maxjcompiler] 99. WARNING in /local/ssd/home/mattfel/transform_regression_tests_21-24/hyperdsl/spatial/regression_tests/unit/13_ScatterGather/out/maxj/src/static/templates/SpatialUtils.maxj (at line 2)
[maxjcompiler] 	import com.maxeler.maxcompiler.v2.kernelcompiler.stdlib.core.Count.Counter;
[maxjcompiler] 	       ^^^^^^^^^^^^^^^^^^^^^^^^^^^^^^^^^^^^^^^^^^^^^^^^^^^^^^^^^^^^^^^^^^^
[maxjcompiler] The import com.maxeler.maxcompiler.v2.kernelcompiler.stdlib.core.Count.Counter is never used
[maxjcompiler] ----------
[maxjcompiler] 100. WARNING in /local/ssd/home/mattfel/transform_regression_tests_21-24/hyperdsl/spatial/regression_tests/unit/13_ScatterGather/out/maxj/src/static/templates/SpatialUtils.maxj (at line 3)
[maxjcompiler] 	import com.maxeler.maxcompiler.v2.kernelcompiler.stdlib.core.CounterChain;
[maxjcompiler] 	       ^^^^^^^^^^^^^^^^^^^^^^^^^^^^^^^^^^^^^^^^^^^^^^^^^^^^^^^^^^^^^^^^^^
[maxjcompiler] The import com.maxeler.maxcompiler.v2.kernelcompiler.stdlib.core.CounterChain is never used
[maxjcompiler] ----------
[maxjcompiler] 101. WARNING in /local/ssd/home/mattfel/transform_regression_tests_21-24/hyperdsl/spatial/regression_tests/unit/13_ScatterGather/out/maxj/src/static/templates/SpatialUtils.maxj (at line 4)
[maxjcompiler] 	import com.maxeler.maxcompiler.v2.kernelcompiler.stdlib.core.Count;
[maxjcompiler] 	       ^^^^^^^^^^^^^^^^^^^^^^^^^^^^^^^^^^^^^^^^^^^^^^^^^^^^^^^^^^^
[maxjcompiler] The import com.maxeler.maxcompiler.v2.kernelcompiler.stdlib.core.Count is never used
[maxjcompiler] ----------
[maxjcompiler] 102. WARNING in /local/ssd/home/mattfel/transform_regression_tests_21-24/hyperdsl/spatial/regression_tests/unit/13_ScatterGather/out/maxj/src/static/templates/SpatialUtils.maxj (at line 5)
[maxjcompiler] 	import com.maxeler.maxcompiler.v2.kernelcompiler.stdlib.core.Count.WrapMode;
[maxjcompiler] 	       ^^^^^^^^^^^^^^^^^^^^^^^^^^^^^^^^^^^^^^^^^^^^^^^^^^^^^^^^^^^^^^^^^^^^
[maxjcompiler] The import com.maxeler.maxcompiler.v2.kernelcompiler.stdlib.core.Count.WrapMode is never used
[maxjcompiler] ----------
[maxjcompiler] 103. WARNING in /local/ssd/home/mattfel/transform_regression_tests_21-24/hyperdsl/spatial/regression_tests/unit/13_ScatterGather/out/maxj/src/static/templates/SpatialUtils.maxj (at line 6)
[maxjcompiler] 	import com.maxeler.maxcompiler.v2.kernelcompiler.stdlib.core.Count.Params;
[maxjcompiler] 	       ^^^^^^^^^^^^^^^^^^^^^^^^^^^^^^^^^^^^^^^^^^^^^^^^^^^^^^^^^^^^^^^^^^
[maxjcompiler] The import com.maxeler.maxcompiler.v2.kernelcompiler.stdlib.core.Count.Params is never used
[maxjcompiler] ----------
[maxjcompiler] 104. WARNING in /local/ssd/home/mattfel/transform_regression_tests_21-24/hyperdsl/spatial/regression_tests/unit/13_ScatterGather/out/maxj/src/static/templates/SpatialUtils.maxj (at line 7)
[maxjcompiler] 	import com.maxeler.maxcompiler.v2.kernelcompiler.stdlib.memory.Memory;
[maxjcompiler] 	       ^^^^^^^^^^^^^^^^^^^^^^^^^^^^^^^^^^^^^^^^^^^^^^^^^^^^^^^^^^^^^^
[maxjcompiler] The import com.maxeler.maxcompiler.v2.kernelcompiler.stdlib.memory.Memory is never used
[maxjcompiler] ----------
[maxjcompiler] 105. WARNING in /local/ssd/home/mattfel/transform_regression_tests_21-24/hyperdsl/spatial/regression_tests/unit/13_ScatterGather/out/maxj/src/static/templates/SpatialUtils.maxj (at line 8)
[maxjcompiler] 	import com.maxeler.maxcompiler.v2.kernelcompiler.Kernel;
[maxjcompiler] 	       ^^^^^^^^^^^^^^^^^^^^^^^^^^^^^^^^^^^^^^^^^^^^^^^^
[maxjcompiler] The import com.maxeler.maxcompiler.v2.kernelcompiler.Kernel is never used
[maxjcompiler] ----------
[maxjcompiler] 106. WARNING in /local/ssd/home/mattfel/transform_regression_tests_21-24/hyperdsl/spatial/regression_tests/unit/13_ScatterGather/out/maxj/src/static/templates/SpatialUtils.maxj (at line 9)
[maxjcompiler] 	import com.maxeler.maxcompiler.v2.kernelcompiler.KernelParameters;
[maxjcompiler] 	       ^^^^^^^^^^^^^^^^^^^^^^^^^^^^^^^^^^^^^^^^^^^^^^^^^^^^^^^^^^
[maxjcompiler] The import com.maxeler.maxcompiler.v2.kernelcompiler.KernelParameters is never used
[maxjcompiler] ----------
[maxjcompiler] 107. WARNING in /local/ssd/home/mattfel/transform_regression_tests_21-24/hyperdsl/spatial/regression_tests/unit/13_ScatterGather/out/maxj/src/static/templates/SpatialUtils.maxj (at line 11)
[maxjcompiler] 	import com.maxeler.maxcompiler.v2.utils.MathUtils;
[maxjcompiler] 	       ^^^^^^^^^^^^^^^^^^^^^^^^^^^^^^^^^^^^^^^^^^
[maxjcompiler] The import com.maxeler.maxcompiler.v2.utils.MathUtils is never used
[maxjcompiler] ----------
[maxjcompiler] 108. WARNING in /local/ssd/home/mattfel/transform_regression_tests_21-24/hyperdsl/spatial/regression_tests/unit/13_ScatterGather/out/maxj/src/static/templates/SpatialUtils.maxj (at line 14)
[maxjcompiler] 	import com.maxeler.maxcompiler.v2.kernelcompiler.stdlib.KernelMath;
[maxjcompiler] 	       ^^^^^^^^^^^^^^^^^^^^^^^^^^^^^^^^^^^^^^^^^^^^^^^^^^^^^^^^^^^
[maxjcompiler] The import com.maxeler.maxcompiler.v2.kernelcompiler.stdlib.KernelMath is never used
[maxjcompiler] ----------
[maxjcompiler] 109. WARNING in /local/ssd/home/mattfel/transform_regression_tests_21-24/hyperdsl/spatial/regression_tests/unit/13_ScatterGather/out/maxj/src/static/templates/SpatialUtils.maxj (at line 15)
[maxjcompiler] 	import com.maxeler.maxcompiler.v2.kernelcompiler.types.base.DFEType;
[maxjcompiler] 	       ^^^^^^^^^^^^^^^^^^^^^^^^^^^^^^^^^^^^^^^^^^^^^^^^^^^^^^^^^^^^
[maxjcompiler] The import com.maxeler.maxcompiler.v2.kernelcompiler.types.base.DFEType is never used
[maxjcompiler] ----------
[maxjcompiler] 110. WARNING in /local/ssd/home/mattfel/transform_regression_tests_21-24/hyperdsl/spatial/regression_tests/unit/13_ScatterGather/out/maxj/src/static/templates/SpatialUtils.maxj (at line 16)
[maxjcompiler] 	import com.maxeler.maxcompiler.v2.kernelcompiler.stdlib.core.Stream.OffsetExpr;
[maxjcompiler] 	       ^^^^^^^^^^^^^^^^^^^^^^^^^^^^^^^^^^^^^^^^^^^^^^^^^^^^^^^^^^^^^^^^^^^^^^^
[maxjcompiler] The import com.maxeler.maxcompiler.v2.kernelcompiler.stdlib.core.Stream.OffsetExpr is never used
[maxjcompiler] ----------
[maxjcompiler] 111. WARNING in /local/ssd/home/mattfel/transform_regression_tests_21-24/hyperdsl/spatial/regression_tests/unit/13_ScatterGather/out/maxj/src/static/templates/SpatialUtils.maxj (at line 17)
[maxjcompiler] 	import com.maxeler.maxcompiler.v2.kernelcompiler.stdlib.Reductions;
[maxjcompiler] 	       ^^^^^^^^^^^^^^^^^^^^^^^^^^^^^^^^^^^^^^^^^^^^^^^^^^^^^^^^^^^
[maxjcompiler] The import com.maxeler.maxcompiler.v2.kernelcompiler.stdlib.Reductions is never used
[maxjcompiler] ----------
[maxjcompiler] 112. WARNING in /local/ssd/home/mattfel/transform_regression_tests_21-24/hyperdsl/spatial/regression_tests/unit/13_ScatterGather/out/maxj/src/static/templates/SpatialUtils.maxj (at line 18)
[maxjcompiler] 	import com.maxeler.maxcompiler.v2.kernelcompiler.SMIO;
[maxjcompiler] 	       ^^^^^^^^^^^^^^^^^^^^^^^^^^^^^^^^^^^^^^^^^^^^^^
[maxjcompiler] The import com.maxeler.maxcompiler.v2.kernelcompiler.SMIO is never used
[maxjcompiler] ----------
[maxjcompiler] 113. WARNING in /local/ssd/home/mattfel/transform_regression_tests_21-24/hyperdsl/spatial/regression_tests/unit/13_ScatterGather/out/maxj/src/static/templates/SpatialUtils.maxj (at line 19)
[maxjcompiler] 	import com.maxeler.maxcompiler.v2.kernelcompiler.stdlib.Accumulator;
[maxjcompiler] 	       ^^^^^^^^^^^^^^^^^^^^^^^^^^^^^^^^^^^^^^^^^^^^^^^^^^^^^^^^^^^^
[maxjcompiler] The import com.maxeler.maxcompiler.v2.kernelcompiler.stdlib.Accumulator is never used
[maxjcompiler] ----------
[maxjcompiler] 114. WARNING in /local/ssd/home/mattfel/transform_regression_tests_21-24/hyperdsl/spatial/regression_tests/unit/13_ScatterGather/out/maxj/src/static/templates/SpatialUtils.maxj (at line 20)
[maxjcompiler] 	import com.maxeler.maxcompiler.v2.kernelcompiler.types.base.DFEType;
[maxjcompiler] 	       ^^^^^^^^^^^^^^^^^^^^^^^^^^^^^^^^^^^^^^^^^^^^^^^^^^^^^^^^^^^^
[maxjcompiler] The import com.maxeler.maxcompiler.v2.kernelcompiler.types.base.DFEType is never used
[maxjcompiler] ----------
[maxjcompiler] 115. WARNING in /local/ssd/home/mattfel/transform_regression_tests_21-24/hyperdsl/spatial/regression_tests/unit/13_ScatterGather/out/maxj/src/static/templates/SpatialUtils.maxj (at line 21)
[maxjcompiler] 	import com.maxeler.maxcompiler.v2.kernelcompiler.types.composite.DFEVector;
[maxjcompiler] 	       ^^^^^^^^^^^^^^^^^^^^^^^^^^^^^^^^^^^^^^^^^^^^^^^^^^^^^^^^^^^^^^^^^^^
[maxjcompiler] The import com.maxeler.maxcompiler.v2.kernelcompiler.types.composite.DFEVector is never used
[maxjcompiler] ----------
[maxjcompiler] 116. WARNING in /local/ssd/home/mattfel/transform_regression_tests_21-24/hyperdsl/spatial/regression_tests/unit/13_ScatterGather/out/maxj/src/static/templates/SpatialUtils.maxj (at line 22)
[maxjcompiler] 	import com.maxeler.maxcompiler.v2.kernelcompiler.types.composite.DFEVectorType;
[maxjcompiler] 	       ^^^^^^^^^^^^^^^^^^^^^^^^^^^^^^^^^^^^^^^^^^^^^^^^^^^^^^^^^^^^^^^^^^^^^^^
[maxjcompiler] The import com.maxeler.maxcompiler.v2.kernelcompiler.types.composite.DFEVectorType is never used
[maxjcompiler] ----------
[maxjcompiler] 117. WARNING in /local/ssd/home/mattfel/transform_regression_tests_21-24/hyperdsl/spatial/regression_tests/unit/13_ScatterGather/out/maxj/src/static/templates/SpatialUtils.maxj (at line 24)
[maxjcompiler] 	import java.util.Arrays;
[maxjcompiler] 	       ^^^^^^^^^^^^^^^^
[maxjcompiler] The import java.util.Arrays is never used
[maxjcompiler] ----------
[maxjcompiler] ----------
[maxjcompiler] 118. WARNING in /local/ssd/home/mattfel/transform_regression_tests_21-24/hyperdsl/spatial/regression_tests/unit/13_ScatterGather/out/maxj/src/static/templates/NBufReg.maxj (at line 5)
[maxjcompiler] 	import com.maxeler.maxcompiler.v2.kernelcompiler.stdlib.memory.Memory;
[maxjcompiler] 	       ^^^^^^^^^^^^^^^^^^^^^^^^^^^^^^^^^^^^^^^^^^^^^^^^^^^^^^^^^^^^^^
[maxjcompiler] The import com.maxeler.maxcompiler.v2.kernelcompiler.stdlib.memory.Memory is never used
[maxjcompiler] ----------
[maxjcompiler] 119. WARNING in /local/ssd/home/mattfel/transform_regression_tests_21-24/hyperdsl/spatial/regression_tests/unit/13_ScatterGather/out/maxj/src/static/templates/NBufReg.maxj (at line 9)
[maxjcompiler] 	import com.maxeler.maxcompiler.v2.kernelcompiler.Optimization;
[maxjcompiler] 	       ^^^^^^^^^^^^^^^^^^^^^^^^^^^^^^^^^^^^^^^^^^^^^^^^^^^^^^
[maxjcompiler] The import com.maxeler.maxcompiler.v2.kernelcompiler.Optimization is never used
[maxjcompiler] ----------
[maxjcompiler] 120. WARNING in /local/ssd/home/mattfel/transform_regression_tests_21-24/hyperdsl/spatial/regression_tests/unit/13_ScatterGather/out/maxj/src/static/templates/NBufReg.maxj (at line 10)
[maxjcompiler] 	import com.maxeler.maxcompiler.v2.kernelcompiler.types.composite.DFEVector;
[maxjcompiler] 	       ^^^^^^^^^^^^^^^^^^^^^^^^^^^^^^^^^^^^^^^^^^^^^^^^^^^^^^^^^^^^^^^^^^^
[maxjcompiler] The import com.maxeler.maxcompiler.v2.kernelcompiler.types.composite.DFEVector is never used
[maxjcompiler] ----------
[maxjcompiler] 121. WARNING in /local/ssd/home/mattfel/transform_regression_tests_21-24/hyperdsl/spatial/regression_tests/unit/13_ScatterGather/out/maxj/src/static/templates/NBufReg.maxj (at line 11)
[maxjcompiler] 	import com.maxeler.maxcompiler.v2.kernelcompiler.types.composite.DFEVectorType;
[maxjcompiler] 	       ^^^^^^^^^^^^^^^^^^^^^^^^^^^^^^^^^^^^^^^^^^^^^^^^^^^^^^^^^^^^^^^^^^^^^^^
[maxjcompiler] The import com.maxeler.maxcompiler.v2.kernelcompiler.types.composite.DFEVectorType is never used
[maxjcompiler] ----------
[maxjcompiler] ----------
[maxjcompiler] 122. WARNING in /local/ssd/home/mattfel/transform_regression_tests_21-24/hyperdsl/spatial/regression_tests/unit/13_ScatterGather/out/maxj/src/static/templates/OnChipMem.maxj (at line 5)
[maxjcompiler] 	import com.maxeler.maxcompiler.v2.kernelcompiler.stdlib.memory.Memory;
[maxjcompiler] 	       ^^^^^^^^^^^^^^^^^^^^^^^^^^^^^^^^^^^^^^^^^^^^^^^^^^^^^^^^^^^^^^
[maxjcompiler] The import com.maxeler.maxcompiler.v2.kernelcompiler.stdlib.memory.Memory is never used
[maxjcompiler] ----------
[maxjcompiler] 123. WARNING in /local/ssd/home/mattfel/transform_regression_tests_21-24/hyperdsl/spatial/regression_tests/unit/13_ScatterGather/out/maxj/src/static/templates/OnChipMem.maxj (at line 6)
[maxjcompiler] 	import com.maxeler.maxcompiler.v2.kernelcompiler.SMIO;
[maxjcompiler] 	       ^^^^^^^^^^^^^^^^^^^^^^^^^^^^^^^^^^^^^^^^^^^^^^
[maxjcompiler] The import com.maxeler.maxcompiler.v2.kernelcompiler.SMIO is never used
[maxjcompiler] ----------
[maxjcompiler] 124. WARNING in /local/ssd/home/mattfel/transform_regression_tests_21-24/hyperdsl/spatial/regression_tests/unit/13_ScatterGather/out/maxj/src/static/templates/OnChipMem.maxj (at line 9)
[maxjcompiler] 	import com.maxeler.maxcompiler.v2.kernelcompiler.types.composite.DFEVector;
[maxjcompiler] 	       ^^^^^^^^^^^^^^^^^^^^^^^^^^^^^^^^^^^^^^^^^^^^^^^^^^^^^^^^^^^^^^^^^^^
[maxjcompiler] The import com.maxeler.maxcompiler.v2.kernelcompiler.types.composite.DFEVector is never used
[maxjcompiler] ----------
[maxjcompiler] ----------
[maxjcompiler] 125. WARNING in /local/ssd/home/mattfel/transform_regression_tests_21-24/hyperdsl/spatial/regression_tests/unit/13_ScatterGather/out/maxj/src/static/templates/DblBufKernelLib.maxj (at line 3)
[maxjcompiler] 	import java.util.List;
[maxjcompiler] 	       ^^^^^^^^^^^^^^
[maxjcompiler] The import java.util.List is never used
[maxjcompiler] ----------
[maxjcompiler] 126. WARNING in /local/ssd/home/mattfel/transform_regression_tests_21-24/hyperdsl/spatial/regression_tests/unit/13_ScatterGather/out/maxj/src/static/templates/DblBufKernelLib.maxj (at line 6)
[maxjcompiler] 	import com.maxeler.maxcompiler.v2.kernelcompiler.stdlib.memory.Memory;
[maxjcompiler] 	       ^^^^^^^^^^^^^^^^^^^^^^^^^^^^^^^^^^^^^^^^^^^^^^^^^^^^^^^^^^^^^^
[maxjcompiler] The import com.maxeler.maxcompiler.v2.kernelcompiler.stdlib.memory.Memory is never used
[maxjcompiler] ----------
[maxjcompiler] ----------
[maxjcompiler] 127. WARNING in /local/ssd/home/mattfel/transform_regression_tests_21-24/hyperdsl/spatial/regression_tests/unit/13_ScatterGather/out/maxj/src/static/templates/GatherSM.maxj (at line 9)
[maxjcompiler] 	import com.maxeler.maxcompiler.v2.utils.MathUtils;
[maxjcompiler] 	       ^^^^^^^^^^^^^^^^^^^^^^^^^^^^^^^^^^^^^^^^^^
[maxjcompiler] The import com.maxeler.maxcompiler.v2.utils.MathUtils is never used
[maxjcompiler] ----------
[maxjcompiler] ----------
[maxjcompiler] 128. WARNING in /local/ssd/home/mattfel/transform_regression_tests_21-24/hyperdsl/spatial/regression_tests/unit/13_ScatterGather/out/maxj/src/static/templates/BlockLoader.maxj (at line 6)
[maxjcompiler] 	import com.maxeler.maxcompiler.v2.kernelcompiler.stdlib.core.CounterChain;
[maxjcompiler] 	       ^^^^^^^^^^^^^^^^^^^^^^^^^^^^^^^^^^^^^^^^^^^^^^^^^^^^^^^^^^^^^^^^^^
[maxjcompiler] The import com.maxeler.maxcompiler.v2.kernelcompiler.stdlib.core.CounterChain is never used
[maxjcompiler] ----------
[maxjcompiler] 129. WARNING in /local/ssd/home/mattfel/transform_regression_tests_21-24/hyperdsl/spatial/regression_tests/unit/13_ScatterGather/out/maxj/src/static/templates/BlockLoader.maxj (at line 11)
[maxjcompiler] 	import com.maxeler.maxcompiler.v2.kernelcompiler.Optimization;
[maxjcompiler] 	       ^^^^^^^^^^^^^^^^^^^^^^^^^^^^^^^^^^^^^^^^^^^^^^^^^^^^^^
[maxjcompiler] The import com.maxeler.maxcompiler.v2.kernelcompiler.Optimization is never used
[maxjcompiler] ----------
[maxjcompiler] 130. WARNING in /local/ssd/home/mattfel/transform_regression_tests_21-24/hyperdsl/spatial/regression_tests/unit/13_ScatterGather/out/maxj/src/static/templates/BlockLoader.maxj (at line 308)
[maxjcompiler] 	DFEVector<DFEStruct> vecDataIn = vecType.newInstance(this);
[maxjcompiler] 	                     ^^^^^^^^^
[maxjcompiler] The local variable vecDataIn is never read
[maxjcompiler] ----------
[maxjcompiler] 130 problems (130 warnings)
     [echo] Compiling kernel
[maxjcompiler] 
[maxjcompiler] 
[maxjcompiler] Compiling to folder /local/ssd/home/mattfel/transform_regression_tests_21-24/hyperdsl/spatial/regression_tests/unit/13_ScatterGather/out/bin
[maxjcompiler] ----------
[maxjcompiler] 1. WARNING in /local/ssd/home/mattfel/transform_regression_tests_21-24/hyperdsl/spatial/regression_tests/unit/13_ScatterGather/out/maxj/src/static/TopKernel.maxj (at line 3)
[maxjcompiler] 	import com.maxeler.maxcompiler.v2.kernelcompiler.stdlib.core.Count.Counter;
[maxjcompiler] 	       ^^^^^^^^^^^^^^^^^^^^^^^^^^^^^^^^^^^^^^^^^^^^^^^^^^^^^^^^^^^^^^^^^^^
[maxjcompiler] The import com.maxeler.maxcompiler.v2.kernelcompiler.stdlib.core.Count.Counter is never used
[maxjcompiler] ----------
[maxjcompiler] 2. WARNING in /local/ssd/home/mattfel/transform_regression_tests_21-24/hyperdsl/spatial/regression_tests/unit/13_ScatterGather/out/maxj/src/static/TopKernel.maxj (at line 4)
[maxjcompiler] 	import com.maxeler.maxcompiler.v2.kernelcompiler.stdlib.core.CounterChain;
[maxjcompiler] 	       ^^^^^^^^^^^^^^^^^^^^^^^^^^^^^^^^^^^^^^^^^^^^^^^^^^^^^^^^^^^^^^^^^^
[maxjcompiler] The import com.maxeler.maxcompiler.v2.kernelcompiler.stdlib.core.CounterChain is never used
[maxjcompiler] ----------
[maxjcompiler] 3. WARNING in /local/ssd/home/mattfel/transform_regression_tests_21-24/hyperdsl/spatial/regression_tests/unit/13_ScatterGather/out/maxj/src/static/TopKernel.maxj (at line 6)
[maxjcompiler] 	import com.maxeler.maxcompiler.v2.kernelcompiler.stdlib.core.Count.Params;
[maxjcompiler] 	       ^^^^^^^^^^^^^^^^^^^^^^^^^^^^^^^^^^^^^^^^^^^^^^^^^^^^^^^^^^^^^^^^^^
[maxjcompiler] The import com.maxeler.maxcompiler.v2.kernelcompiler.stdlib.core.Count.Params is never used
[maxjcompiler] ----------
[maxjcompiler] 4. WARNING in /local/ssd/home/mattfel/transform_regression_tests_21-24/hyperdsl/spatial/regression_tests/unit/13_ScatterGather/out/maxj/src/static/TopKernel.maxj (at line 7)
[maxjcompiler] 	import com.maxeler.maxcompiler.v2.kernelcompiler.stdlib.memory.Memory;
[maxjcompiler] 	       ^^^^^^^^^^^^^^^^^^^^^^^^^^^^^^^^^^^^^^^^^^^^^^^^^^^^^^^^^^^^^^
[maxjcompiler] The import com.maxeler.maxcompiler.v2.kernelcompiler.stdlib.memory.Memory is never used
[maxjcompiler] ----------
[maxjcompiler] 5. WARNING in /local/ssd/home/mattfel/transform_regression_tests_21-24/hyperdsl/spatial/regression_tests/unit/13_ScatterGather/out/maxj/src/static/TopKernel.maxj (at line 12)
[maxjcompiler] 	import com.maxeler.maxcompiler.v2.utils.MathUtils;
[maxjcompiler] 	       ^^^^^^^^^^^^^^^^^^^^^^^^^^^^^^^^^^^^^^^^^^
[maxjcompiler] The import com.maxeler.maxcompiler.v2.utils.MathUtils is never used
[maxjcompiler] ----------
[maxjcompiler] 6. WARNING in /local/ssd/home/mattfel/transform_regression_tests_21-24/hyperdsl/spatial/regression_tests/unit/13_ScatterGather/out/maxj/src/static/TopKernel.maxj (at line 13)
[maxjcompiler] 	import com.maxeler.maxcompiler.v2.utils.Bits;
[maxjcompiler] 	       ^^^^^^^^^^^^^^^^^^^^^^^^^^^^^^^^^^^^^
[maxjcompiler] The import com.maxeler.maxcompiler.v2.utils.Bits is never used
[maxjcompiler] ----------
[maxjcompiler] 7. WARNING in /local/ssd/home/mattfel/transform_regression_tests_21-24/hyperdsl/spatial/regression_tests/unit/13_ScatterGather/out/maxj/src/static/TopKernel.maxj (at line 14)
[maxjcompiler] 	import com.maxeler.maxcompiler.v2.kernelcompiler.stdlib.core.CounterChain;
[maxjcompiler] 	       ^^^^^^^^^^^^^^^^^^^^^^^^^^^^^^^^^^^^^^^^^^^^^^^^^^^^^^^^^^^^^^^^^^
[maxjcompiler] The import com.maxeler.maxcompiler.v2.kernelcompiler.stdlib.core.CounterChain is never used
[maxjcompiler] ----------
[maxjcompiler] 8. WARNING in /local/ssd/home/mattfel/transform_regression_tests_21-24/hyperdsl/spatial/regression_tests/unit/13_ScatterGather/out/maxj/src/static/TopKernel.maxj (at line 17)
[maxjcompiler] 	import java.util.Random;
[maxjcompiler] 	       ^^^^^^^^^^^^^^^^
[maxjcompiler] The import java.util.Random is never used
[maxjcompiler] ----------
[maxjcompiler] ----------
[maxjcompiler] 9. WARNING in /local/ssd/home/mattfel/transform_regression_tests_21-24/hyperdsl/spatial/regression_tests/unit/13_ScatterGather/out/maxj/src/static/templates/SingleCtrSM.maxj (at line 8)
[maxjcompiler] 	import com.maxeler.maxcompiler.v2.statemachine.DFEsmValue;
[maxjcompiler] 	       ^^^^^^^^^^^^^^^^^^^^^^^^^^^^^^^^^^^^^^^^^^^^^^^^^^
[maxjcompiler] The import com.maxeler.maxcompiler.v2.statemachine.DFEsmValue is never used
[maxjcompiler] ----------
[maxjcompiler] ----------
[maxjcompiler] 10. WARNING in /local/ssd/home/mattfel/transform_regression_tests_21-24/hyperdsl/spatial/regression_tests/unit/13_ScatterGather/out/maxj/src/static/templates/PQ.maxj (at line 5)
[maxjcompiler] 	import com.maxeler.maxcompiler.v2.kernelcompiler.stdlib.memory.Memory;
[maxjcompiler] 	       ^^^^^^^^^^^^^^^^^^^^^^^^^^^^^^^^^^^^^^^^^^^^^^^^^^^^^^^^^^^^^^
[maxjcompiler] The import com.maxeler.maxcompiler.v2.kernelcompiler.stdlib.memory.Memory is never used
[maxjcompiler] ----------
[maxjcompiler] 11. WARNING in /local/ssd/home/mattfel/transform_regression_tests_21-24/hyperdsl/spatial/regression_tests/unit/13_ScatterGather/out/maxj/src/static/templates/PQ.maxj (at line 9)
[maxjcompiler] 	import com.maxeler.maxcompiler.v2.kernelcompiler.types.composite.DFEVector;
[maxjcompiler] 	       ^^^^^^^^^^^^^^^^^^^^^^^^^^^^^^^^^^^^^^^^^^^^^^^^^^^^^^^^^^^^^^^^^^^
[maxjcompiler] The import com.maxeler.maxcompiler.v2.kernelcompiler.types.composite.DFEVector is never used
[maxjcompiler] ----------
[maxjcompiler] 12. WARNING in /local/ssd/home/mattfel/transform_regression_tests_21-24/hyperdsl/spatial/regression_tests/unit/13_ScatterGather/out/maxj/src/static/templates/PQ.maxj (at line 10)
[maxjcompiler] 	import com.maxeler.maxcompiler.v2.kernelcompiler.stdlib.Reductions;
[maxjcompiler] 	       ^^^^^^^^^^^^^^^^^^^^^^^^^^^^^^^^^^^^^^^^^^^^^^^^^^^^^^^^^^^
[maxjcompiler] The import com.maxeler.maxcompiler.v2.kernelcompiler.stdlib.Reductions is never used
[maxjcompiler] ----------
[maxjcompiler] ----------
[maxjcompiler] 13. WARNING in /local/ssd/home/mattfel/transform_regression_tests_21-24/hyperdsl/spatial/regression_tests/unit/13_ScatterGather/out/maxj/src/static/templates/Scatter.maxj (at line 6)
[maxjcompiler] 	import com.maxeler.maxcompiler.v2.kernelcompiler.stdlib.core.CounterChain;
[maxjcompiler] 	       ^^^^^^^^^^^^^^^^^^^^^^^^^^^^^^^^^^^^^^^^^^^^^^^^^^^^^^^^^^^^^^^^^^
[maxjcompiler] The import com.maxeler.maxcompiler.v2.kernelcompiler.stdlib.core.CounterChain is never used
[maxjcompiler] ----------
[maxjcompiler] 14. WARNING in /local/ssd/home/mattfel/transform_regression_tests_21-24/hyperdsl/spatial/regression_tests/unit/13_ScatterGather/out/maxj/src/static/templates/Scatter.maxj (at line 7)
[maxjcompiler] 	import com.maxeler.maxcompiler.v2.kernelcompiler.stdlib.core.Count.WrapMode;
[maxjcompiler] 	       ^^^^^^^^^^^^^^^^^^^^^^^^^^^^^^^^^^^^^^^^^^^^^^^^^^^^^^^^^^^^^^^^^^^^
[maxjcompiler] The import com.maxeler.maxcompiler.v2.kernelcompiler.stdlib.core.Count.WrapMode is never used
[maxjcompiler] ----------
[maxjcompiler] 15. WARNING in /local/ssd/home/mattfel/transform_regression_tests_21-24/hyperdsl/spatial/regression_tests/unit/13_ScatterGather/out/maxj/src/static/templates/Scatter.maxj (at line 11)
[maxjcompiler] 	import com.maxeler.maxcompiler.v2.kernelcompiler.Optimization;
[maxjcompiler] 	       ^^^^^^^^^^^^^^^^^^^^^^^^^^^^^^^^^^^^^^^^^^^^^^^^^^^^^^
[maxjcompiler] The import com.maxeler.maxcompiler.v2.kernelcompiler.Optimization is never used
[maxjcompiler] ----------
[maxjcompiler] 16. WARNING in /local/ssd/home/mattfel/transform_regression_tests_21-24/hyperdsl/spatial/regression_tests/unit/13_ScatterGather/out/maxj/src/static/templates/Scatter.maxj (at line 12)
[maxjcompiler] 	import com.maxeler.maxcompiler.v2.kernelcompiler.stdlib.Reductions;
[maxjcompiler] 	       ^^^^^^^^^^^^^^^^^^^^^^^^^^^^^^^^^^^^^^^^^^^^^^^^^^^^^^^^^^^
[maxjcompiler] The import com.maxeler.maxcompiler.v2.kernelcompiler.stdlib.Reductions is never used
[maxjcompiler] ----------
[maxjcompiler] 17. WARNING in /local/ssd/home/mattfel/transform_regression_tests_21-24/hyperdsl/spatial/regression_tests/unit/13_ScatterGather/out/maxj/src/static/templates/Scatter.maxj (at line 19)
[maxjcompiler] 	import com.maxeler.maxcompiler.v2.kernelcompiler.types.composite.DFEVector;
[maxjcompiler] 	       ^^^^^^^^^^^^^^^^^^^^^^^^^^^^^^^^^^^^^^^^^^^^^^^^^^^^^^^^^^^^^^^^^^^
[maxjcompiler] The import com.maxeler.maxcompiler.v2.kernelcompiler.types.composite.DFEVector is never used
[maxjcompiler] ----------
[maxjcompiler] 18. WARNING in /local/ssd/home/mattfel/transform_regression_tests_21-24/hyperdsl/spatial/regression_tests/unit/13_ScatterGather/out/maxj/src/static/templates/Scatter.maxj (at line 20)
[maxjcompiler] 	import com.maxeler.maxcompiler.v2.kernelcompiler.types.composite.DFEVectorType;
[maxjcompiler] 	       ^^^^^^^^^^^^^^^^^^^^^^^^^^^^^^^^^^^^^^^^^^^^^^^^^^^^^^^^^^^^^^^^^^^^^^^
[maxjcompiler] The import com.maxeler.maxcompiler.v2.kernelcompiler.types.composite.DFEVectorType is never used
[maxjcompiler] ----------
[maxjcompiler] 19. WARNING in /local/ssd/home/mattfel/transform_regression_tests_21-24/hyperdsl/spatial/regression_tests/unit/13_ScatterGather/out/maxj/src/static/templates/Scatter.maxj (at line 21)
[maxjcompiler] 	import com.maxeler.maxcompiler.v2.kernelcompiler.types.composite.DFEStruct;
[maxjcompiler] 	       ^^^^^^^^^^^^^^^^^^^^^^^^^^^^^^^^^^^^^^^^^^^^^^^^^^^^^^^^^^^^^^^^^^^
[maxjcompiler] The import com.maxeler.maxcompiler.v2.kernelcompiler.types.composite.DFEStruct is never used
[maxjcompiler] ----------
[maxjcompiler] 20. WARNING in /local/ssd/home/mattfel/transform_regression_tests_21-24/hyperdsl/spatial/regression_tests/unit/13_ScatterGather/out/maxj/src/static/templates/Scatter.maxj (at line 22)
[maxjcompiler] 	import com.maxeler.maxcompiler.v2.kernelcompiler.types.composite.DFEStructType;
[maxjcompiler] 	       ^^^^^^^^^^^^^^^^^^^^^^^^^^^^^^^^^^^^^^^^^^^^^^^^^^^^^^^^^^^^^^^^^^^^^^^
[maxjcompiler] The import com.maxeler.maxcompiler.v2.kernelcompiler.types.composite.DFEStructType is never used
[maxjcompiler] ----------
[maxjcompiler] 21. WARNING in /local/ssd/home/mattfel/transform_regression_tests_21-24/hyperdsl/spatial/regression_tests/unit/13_ScatterGather/out/maxj/src/static/templates/Scatter.maxj (at line 23)
[maxjcompiler] 	import com.maxeler.maxcompiler.v2.kernelcompiler.types.composite.DFEStructType.StructFieldType;
[maxjcompiler] 	       ^^^^^^^^^^^^^^^^^^^^^^^^^^^^^^^^^^^^^^^^^^^^^^^^^^^^^^^^^^^^^^^^^^^^^^^^^^^^^^^^^^^^^^^
[maxjcompiler] The import com.maxeler.maxcompiler.v2.kernelcompiler.types.composite.DFEStructType.StructFieldType is never used
[maxjcompiler] ----------
[maxjcompiler] 22. WARNING in /local/ssd/home/mattfel/transform_regression_tests_21-24/hyperdsl/spatial/regression_tests/unit/13_ScatterGather/out/maxj/src/static/templates/Scatter.maxj (at line 24)
[maxjcompiler] 	import java.util.ArrayList;
[maxjcompiler] 	       ^^^^^^^^^^^^^^^^^^^
[maxjcompiler] The import java.util.ArrayList is never used
[maxjcompiler] ----------
[maxjcompiler] 23. WARNING in /local/ssd/home/mattfel/transform_regression_tests_21-24/hyperdsl/spatial/regression_tests/unit/13_ScatterGather/out/maxj/src/static/templates/Scatter.maxj (at line 75)
[maxjcompiler] 	DFEVar package_done = sm.getOutput("package_done");
[maxjcompiler] 	       ^^^^^^^^^^^^
[maxjcompiler] The local variable package_done is never read
[maxjcompiler] ----------
[maxjcompiler] 24. WARNING in /local/ssd/home/mattfel/transform_regression_tests_21-24/hyperdsl/spatial/regression_tests/unit/13_ScatterGather/out/maxj/src/static/templates/Scatter.maxj (at line 274)
[maxjcompiler] 	DFEVar package_done = sm.getOutput("package_done");
[maxjcompiler] 	       ^^^^^^^^^^^^
[maxjcompiler] The local variable package_done is never read
[maxjcompiler] ----------
[maxjcompiler] ----------
[maxjcompiler] 25. WARNING in /local/ssd/home/mattfel/transform_regression_tests_21-24/hyperdsl/spatial/regression_tests/unit/13_ScatterGather/out/maxj/src/static/templates/NBufSM.maxj (at line 9)
[maxjcompiler] 	import java.util.ArrayList;
[maxjcompiler] 	       ^^^^^^^^^^^^^^^^^^^
[maxjcompiler] The import java.util.ArrayList is never used
[maxjcompiler] ----------
[maxjcompiler] 26. WARNING in /local/ssd/home/mattfel/transform_regression_tests_21-24/hyperdsl/spatial/regression_tests/unit/13_ScatterGather/out/maxj/src/static/templates/NBufSM.maxj (at line 10)
[maxjcompiler] 	import java.util.List;
[maxjcompiler] 	       ^^^^^^^^^^^^^^
[maxjcompiler] The import java.util.List is never used
[maxjcompiler] ----------
[maxjcompiler] ----------
[maxjcompiler] 27. WARNING in /local/ssd/home/mattfel/transform_regression_tests_21-24/hyperdsl/spatial/regression_tests/unit/13_ScatterGather/out/maxj/src/static/templates/DblBufStateMachine.maxj (at line 48)
[maxjcompiler] 	this.numIter = numIter;
[maxjcompiler] 	^^^^^^^^^^^^^^^^^^^^^^
[maxjcompiler] The assignment to variable numIter has no effect
[maxjcompiler] ----------
[maxjcompiler] ----------
[maxjcompiler] 28. WARNING in /local/ssd/home/mattfel/transform_regression_tests_21-24/hyperdsl/spatial/regression_tests/unit/13_ScatterGather/out/maxj/src/static/templates/DblBufReg.maxj (at line 5)
[maxjcompiler] 	import com.maxeler.maxcompiler.v2.kernelcompiler.stdlib.memory.Memory;
[maxjcompiler] 	       ^^^^^^^^^^^^^^^^^^^^^^^^^^^^^^^^^^^^^^^^^^^^^^^^^^^^^^^^^^^^^^
[maxjcompiler] The import com.maxeler.maxcompiler.v2.kernelcompiler.stdlib.memory.Memory is never used
[maxjcompiler] ----------
[maxjcompiler] 29. WARNING in /local/ssd/home/mattfel/transform_regression_tests_21-24/hyperdsl/spatial/regression_tests/unit/13_ScatterGather/out/maxj/src/static/templates/DblBufReg.maxj (at line 7)
[maxjcompiler] 	import com.maxeler.maxcompiler.v2.utils.MathUtils;
[maxjcompiler] 	       ^^^^^^^^^^^^^^^^^^^^^^^^^^^^^^^^^^^^^^^^^^
[maxjcompiler] The import com.maxeler.maxcompiler.v2.utils.MathUtils is never used
[maxjcompiler] ----------
[maxjcompiler] 30. WARNING in /local/ssd/home/mattfel/transform_regression_tests_21-24/hyperdsl/spatial/regression_tests/unit/13_ScatterGather/out/maxj/src/static/templates/DblBufReg.maxj (at line 9)
[maxjcompiler] 	import com.maxeler.maxcompiler.v2.kernelcompiler.Optimization;
[maxjcompiler] 	       ^^^^^^^^^^^^^^^^^^^^^^^^^^^^^^^^^^^^^^^^^^^^^^^^^^^^^^
[maxjcompiler] The import com.maxeler.maxcompiler.v2.kernelcompiler.Optimization is never used
[maxjcompiler] ----------
[maxjcompiler] ----------
[maxjcompiler] 31. WARNING in /local/ssd/home/mattfel/transform_regression_tests_21-24/hyperdsl/spatial/regression_tests/unit/13_ScatterGather/out/maxj/src/static/templates/ScatterSM.maxj (at line 9)
[maxjcompiler] 	import com.maxeler.maxcompiler.v2.utils.MathUtils;
[maxjcompiler] 	       ^^^^^^^^^^^^^^^^^^^^^^^^^^^^^^^^^^^^^^^^^^
[maxjcompiler] The import com.maxeler.maxcompiler.v2.utils.MathUtils is never used
[maxjcompiler] ----------
[maxjcompiler] ----------
[maxjcompiler] 32. WARNING in /local/ssd/home/mattfel/transform_regression_tests_21-24/hyperdsl/spatial/regression_tests/unit/13_ScatterGather/out/maxj/src/static/templates/Gather.maxj (at line 6)
[maxjcompiler] 	import com.maxeler.maxcompiler.v2.kernelcompiler.stdlib.core.CounterChain;
[maxjcompiler] 	       ^^^^^^^^^^^^^^^^^^^^^^^^^^^^^^^^^^^^^^^^^^^^^^^^^^^^^^^^^^^^^^^^^^
[maxjcompiler] The import com.maxeler.maxcompiler.v2.kernelcompiler.stdlib.core.CounterChain is never used
[maxjcompiler] ----------
[maxjcompiler] 33. WARNING in /local/ssd/home/mattfel/transform_regression_tests_21-24/hyperdsl/spatial/regression_tests/unit/13_ScatterGather/out/maxj/src/static/templates/Gather.maxj (at line 7)
[maxjcompiler] 	import com.maxeler.maxcompiler.v2.kernelcompiler.stdlib.core.Count.WrapMode;
[maxjcompiler] 	       ^^^^^^^^^^^^^^^^^^^^^^^^^^^^^^^^^^^^^^^^^^^^^^^^^^^^^^^^^^^^^^^^^^^^
[maxjcompiler] The import com.maxeler.maxcompiler.v2.kernelcompiler.stdlib.core.Count.WrapMode is never used
[maxjcompiler] ----------
[maxjcompiler] 34. WARNING in /local/ssd/home/mattfel/transform_regression_tests_21-24/hyperdsl/spatial/regression_tests/unit/13_ScatterGather/out/maxj/src/static/templates/Gather.maxj (at line 11)
[maxjcompiler] 	import com.maxeler.maxcompiler.v2.kernelcompiler.Optimization;
[maxjcompiler] 	       ^^^^^^^^^^^^^^^^^^^^^^^^^^^^^^^^^^^^^^^^^^^^^^^^^^^^^^
[maxjcompiler] The import com.maxeler.maxcompiler.v2.kernelcompiler.Optimization is never used
[maxjcompiler] ----------
[maxjcompiler] 35. WARNING in /local/ssd/home/mattfel/transform_regression_tests_21-24/hyperdsl/spatial/regression_tests/unit/13_ScatterGather/out/maxj/src/static/templates/Gather.maxj (at line 12)
[maxjcompiler] 	import com.maxeler.maxcompiler.v2.kernelcompiler.stdlib.Reductions;
[maxjcompiler] 	       ^^^^^^^^^^^^^^^^^^^^^^^^^^^^^^^^^^^^^^^^^^^^^^^^^^^^^^^^^^^
[maxjcompiler] The import com.maxeler.maxcompiler.v2.kernelcompiler.stdlib.Reductions is never used
[maxjcompiler] ----------
[maxjcompiler] 36. WARNING in /local/ssd/home/mattfel/transform_regression_tests_21-24/hyperdsl/spatial/regression_tests/unit/13_ScatterGather/out/maxj/src/static/templates/Gather.maxj (at line 21)
[maxjcompiler] 	import com.maxeler.maxcompiler.v2.kernelcompiler.types.composite.DFEStruct;
[maxjcompiler] 	       ^^^^^^^^^^^^^^^^^^^^^^^^^^^^^^^^^^^^^^^^^^^^^^^^^^^^^^^^^^^^^^^^^^^
[maxjcompiler] The import com.maxeler.maxcompiler.v2.kernelcompiler.types.composite.DFEStruct is never used
[maxjcompiler] ----------
[maxjcompiler] 37. WARNING in /local/ssd/home/mattfel/transform_regression_tests_21-24/hyperdsl/spatial/regression_tests/unit/13_ScatterGather/out/maxj/src/static/templates/Gather.maxj (at line 22)
[maxjcompiler] 	import com.maxeler.maxcompiler.v2.kernelcompiler.types.composite.DFEStructType;
[maxjcompiler] 	       ^^^^^^^^^^^^^^^^^^^^^^^^^^^^^^^^^^^^^^^^^^^^^^^^^^^^^^^^^^^^^^^^^^^^^^^
[maxjcompiler] The import com.maxeler.maxcompiler.v2.kernelcompiler.types.composite.DFEStructType is never used
[maxjcompiler] ----------
[maxjcompiler] 38. WARNING in /local/ssd/home/mattfel/transform_regression_tests_21-24/hyperdsl/spatial/regression_tests/unit/13_ScatterGather/out/maxj/src/static/templates/Gather.maxj (at line 23)
[maxjcompiler] 	import com.maxeler.maxcompiler.v2.kernelcompiler.types.composite.DFEStructType.StructFieldType;
[maxjcompiler] 	       ^^^^^^^^^^^^^^^^^^^^^^^^^^^^^^^^^^^^^^^^^^^^^^^^^^^^^^^^^^^^^^^^^^^^^^^^^^^^^^^^^^^^^^^
[maxjcompiler] The import com.maxeler.maxcompiler.v2.kernelcompiler.types.composite.DFEStructType.StructFieldType is never used
[maxjcompiler] ----------
[maxjcompiler] 39. WARNING in /local/ssd/home/mattfel/transform_regression_tests_21-24/hyperdsl/spatial/regression_tests/unit/13_ScatterGather/out/maxj/src/static/templates/Gather.maxj (at line 24)
[maxjcompiler] 	import java.util.ArrayList;
[maxjcompiler] 	       ^^^^^^^^^^^^^^^^^^^
[maxjcompiler] The import java.util.ArrayList is never used
[maxjcompiler] ----------
[maxjcompiler] 40. WARNING in /local/ssd/home/mattfel/transform_regression_tests_21-24/hyperdsl/spatial/regression_tests/unit/13_ScatterGather/out/maxj/src/static/templates/Gather.maxj (at line 105)
[maxjcompiler] 	DFEVar package_done = sm.getOutput("package_done");
[maxjcompiler] 	       ^^^^^^^^^^^^
[maxjcompiler] The local variable package_done is never read
[maxjcompiler] ----------
[maxjcompiler] 41. WARNING in /local/ssd/home/mattfel/transform_regression_tests_21-24/hyperdsl/spatial/regression_tests/unit/13_ScatterGather/out/maxj/src/static/templates/Gather.maxj (at line 303)
[maxjcompiler] 	DFEVar package_done = sm.getOutput("package_done");
[maxjcompiler] 	       ^^^^^^^^^^^^
[maxjcompiler] The local variable package_done is never read
[maxjcompiler] ----------
[maxjcompiler] ----------
[maxjcompiler] 42. WARNING in /local/ssd/home/mattfel/transform_regression_tests_21-24/hyperdsl/spatial/regression_tests/unit/13_ScatterGather/out/maxj/src/static/templates/GBRSM.maxj (at line 8)
[maxjcompiler] 	import com.maxeler.maxcompiler.v2.statemachine.DFEsmValue;
[maxjcompiler] 	       ^^^^^^^^^^^^^^^^^^^^^^^^^^^^^^^^^^^^^^^^^^^^^^^^^^
[maxjcompiler] The import com.maxeler.maxcompiler.v2.statemachine.DFEsmValue is never used
[maxjcompiler] ----------
[maxjcompiler] ----------
[maxjcompiler] 43. WARNING in /local/ssd/home/mattfel/transform_regression_tests_21-24/hyperdsl/spatial/regression_tests/unit/13_ScatterGather/out/maxj/src/static/templates/DblBufStateMachine_2.maxj (at line 41)
[maxjcompiler] 	DFEsmValueType counterType = dfeUInt(2);
[maxjcompiler] 	               ^^^^^^^^^^^
[maxjcompiler] The local variable counterType is never read
[maxjcompiler] ----------
[maxjcompiler] 44. WARNING in /local/ssd/home/mattfel/transform_regression_tests_21-24/hyperdsl/spatial/regression_tests/unit/13_ScatterGather/out/maxj/src/static/templates/DblBufStateMachine_2.maxj (at line 59)
[maxjcompiler] 	this.numIter = numIter;
[maxjcompiler] 	^^^^^^^^^^^^^^^^^^^^^^
[maxjcompiler] The assignment to variable numIter has no effect
[maxjcompiler] ----------
[maxjcompiler] ----------
[maxjcompiler] 45. WARNING in /local/ssd/home/mattfel/transform_regression_tests_21-24/hyperdsl/spatial/regression_tests/unit/13_ScatterGather/out/maxj/src/static/templates/VDblBufKernelLib.maxj (at line 8)
[maxjcompiler] 	import com.maxeler.maxcompiler.v2.kernelcompiler.types.base.DFEType;
[maxjcompiler] 	       ^^^^^^^^^^^^^^^^^^^^^^^^^^^^^^^^^^^^^^^^^^^^^^^^^^^^^^^^^^^^
[maxjcompiler] The import com.maxeler.maxcompiler.v2.kernelcompiler.types.base.DFEType is never used
[maxjcompiler] ----------
[maxjcompiler] ----------
[maxjcompiler] 46. WARNING in /local/ssd/home/mattfel/transform_regression_tests_21-24/hyperdsl/spatial/regression_tests/unit/13_ScatterGather/out/maxj/src/static/templates/NBufKernelLib.maxj (at line 5)
[maxjcompiler] 	import com.maxeler.maxcompiler.v2.kernelcompiler.stdlib.memory.Memory;
[maxjcompiler] 	       ^^^^^^^^^^^^^^^^^^^^^^^^^^^^^^^^^^^^^^^^^^^^^^^^^^^^^^^^^^^^^^
[maxjcompiler] The import com.maxeler.maxcompiler.v2.kernelcompiler.stdlib.memory.Memory is never used
[maxjcompiler] ----------
[maxjcompiler] 47. WARNING in /local/ssd/home/mattfel/transform_regression_tests_21-24/hyperdsl/spatial/regression_tests/unit/13_ScatterGather/out/maxj/src/static/templates/NBufKernelLib.maxj (at line 9)
[maxjcompiler] 	import com.maxeler.maxcompiler.v2.kernelcompiler.Optimization;
[maxjcompiler] 	       ^^^^^^^^^^^^^^^^^^^^^^^^^^^^^^^^^^^^^^^^^^^^^^^^^^^^^^
[maxjcompiler] The import com.maxeler.maxcompiler.v2.kernelcompiler.Optimization is never used
[maxjcompiler] ----------
[maxjcompiler] 48. WARNING in /local/ssd/home/mattfel/transform_regression_tests_21-24/hyperdsl/spatial/regression_tests/unit/13_ScatterGather/out/maxj/src/static/templates/NBufKernelLib.maxj (at line 12)
[maxjcompiler] 	import com.maxeler.maxcompiler.v2.utils.Bits;
[maxjcompiler] 	       ^^^^^^^^^^^^^^^^^^^^^^^^^^^^^^^^^^^^^
[maxjcompiler] The import com.maxeler.maxcompiler.v2.utils.Bits is never used
[maxjcompiler] ----------
[maxjcompiler] 49. WARNING in /local/ssd/home/mattfel/transform_regression_tests_21-24/hyperdsl/spatial/regression_tests/unit/13_ScatterGather/out/maxj/src/static/templates/NBufKernelLib.maxj (at line 105)
[maxjcompiler] 	this.type = type;
[maxjcompiler] 	^^^^^^^^^^^^^^^^
[maxjcompiler] The assignment to variable type has no effect
[maxjcompiler] ----------
[maxjcompiler] ----------
[maxjcompiler] 50. WARNING in /local/ssd/home/mattfel/transform_regression_tests_21-24/hyperdsl/spatial/regression_tests/unit/13_ScatterGather/out/maxj/src/static/templates/MemoryCmdSM.maxj (at line 6)
[maxjcompiler] 	import com.maxeler.maxcompiler.v2.statemachine.DFEsmStateValue;
[maxjcompiler] 	       ^^^^^^^^^^^^^^^^^^^^^^^^^^^^^^^^^^^^^^^^^^^^^^^^^^^^^^^
[maxjcompiler] The import com.maxeler.maxcompiler.v2.statemachine.DFEsmStateValue is never used
[maxjcompiler] ----------
[maxjcompiler] 51. WARNING in /local/ssd/home/mattfel/transform_regression_tests_21-24/hyperdsl/spatial/regression_tests/unit/13_ScatterGather/out/maxj/src/static/templates/MemoryCmdSM.maxj (at line 35)
[maxjcompiler] 	DFEsmValueType counterType = dfeUInt(32);
[maxjcompiler] 	               ^^^^^^^^^^^
[maxjcompiler] The local variable counterType is never read
[maxjcompiler] ----------
[maxjcompiler] ----------
[maxjcompiler] 52. WARNING in /local/ssd/home/mattfel/transform_regression_tests_21-24/hyperdsl/spatial/regression_tests/unit/13_ScatterGather/out/maxj/src/static/templates/MemoryCmdGen.maxj (at line 7)
[maxjcompiler] 	import com.maxeler.maxcompiler.v2.kernelcompiler.stdlib.core.CounterChain;
[maxjcompiler] 	       ^^^^^^^^^^^^^^^^^^^^^^^^^^^^^^^^^^^^^^^^^^^^^^^^^^^^^^^^^^^^^^^^^^
[maxjcompiler] The import com.maxeler.maxcompiler.v2.kernelcompiler.stdlib.core.CounterChain is never used
[maxjcompiler] ----------
[maxjcompiler] 53. WARNING in /local/ssd/home/mattfel/transform_regression_tests_21-24/hyperdsl/spatial/regression_tests/unit/13_ScatterGather/out/maxj/src/static/templates/MemoryCmdGen.maxj (at line 10)
[maxjcompiler] 	import com.maxeler.maxcompiler.v2.utils.MathUtils;
[maxjcompiler] 	       ^^^^^^^^^^^^^^^^^^^^^^^^^^^^^^^^^^^^^^^^^^
[maxjcompiler] The import com.maxeler.maxcompiler.v2.utils.MathUtils is never used
[maxjcompiler] ----------
[maxjcompiler] 54. WARNING in /local/ssd/home/mattfel/transform_regression_tests_21-24/hyperdsl/spatial/regression_tests/unit/13_ScatterGather/out/maxj/src/static/templates/MemoryCmdGen.maxj (at line 13)
[maxjcompiler] 	import com.maxeler.maxcompiler.v2.kernelcompiler.Optimization;
[maxjcompiler] 	       ^^^^^^^^^^^^^^^^^^^^^^^^^^^^^^^^^^^^^^^^^^^^^^^^^^^^^^
[maxjcompiler] The import com.maxeler.maxcompiler.v2.kernelcompiler.Optimization is never used
[maxjcompiler] ----------
[maxjcompiler] 55. WARNING in /local/ssd/home/mattfel/transform_regression_tests_21-24/hyperdsl/spatial/regression_tests/unit/13_ScatterGather/out/maxj/src/static/templates/MemoryCmdGen.maxj (at line 14)
[maxjcompiler] 	import com.maxeler.maxcompiler.v2.kernelcompiler.stdlib.Reductions;
[maxjcompiler] 	       ^^^^^^^^^^^^^^^^^^^^^^^^^^^^^^^^^^^^^^^^^^^^^^^^^^^^^^^^^^^
[maxjcompiler] The import com.maxeler.maxcompiler.v2.kernelcompiler.stdlib.Reductions is never used
[maxjcompiler] ----------
[maxjcompiler] 56. WARNING in /local/ssd/home/mattfel/transform_regression_tests_21-24/hyperdsl/spatial/regression_tests/unit/13_ScatterGather/out/maxj/src/static/templates/MemoryCmdGen.maxj (at line 15)
[maxjcompiler] 	import com.maxeler.maxcompiler.v2.kernelcompiler.stdlib.core.Stream.OffsetExpr;
[maxjcompiler] 	       ^^^^^^^^^^^^^^^^^^^^^^^^^^^^^^^^^^^^^^^^^^^^^^^^^^^^^^^^^^^^^^^^^^^^^^^
[maxjcompiler] The import com.maxeler.maxcompiler.v2.kernelcompiler.stdlib.core.Stream.OffsetExpr is never used
[maxjcompiler] ----------
[maxjcompiler] 57. WARNING in /local/ssd/home/mattfel/transform_regression_tests_21-24/hyperdsl/spatial/regression_tests/unit/13_ScatterGather/out/maxj/src/static/templates/MemoryCmdGen.maxj (at line 20)
[maxjcompiler] 	import com.maxeler.maxcompiler.v2.kernelcompiler.types.composite.DFEStruct;
[maxjcompiler] 	       ^^^^^^^^^^^^^^^^^^^^^^^^^^^^^^^^^^^^^^^^^^^^^^^^^^^^^^^^^^^^^^^^^^^
[maxjcompiler] The import com.maxeler.maxcompiler.v2.kernelcompiler.types.composite.DFEStruct is never used
[maxjcompiler] ----------
[maxjcompiler] 58. WARNING in /local/ssd/home/mattfel/transform_regression_tests_21-24/hyperdsl/spatial/regression_tests/unit/13_ScatterGather/out/maxj/src/static/templates/MemoryCmdGen.maxj (at line 21)
[maxjcompiler] 	import com.maxeler.maxcompiler.v2.kernelcompiler.types.composite.DFEStructType;
[maxjcompiler] 	       ^^^^^^^^^^^^^^^^^^^^^^^^^^^^^^^^^^^^^^^^^^^^^^^^^^^^^^^^^^^^^^^^^^^^^^^
[maxjcompiler] The import com.maxeler.maxcompiler.v2.kernelcompiler.types.composite.DFEStructType is never used
[maxjcompiler] ----------
[maxjcompiler] 59. WARNING in /local/ssd/home/mattfel/transform_regression_tests_21-24/hyperdsl/spatial/regression_tests/unit/13_ScatterGather/out/maxj/src/static/templates/MemoryCmdGen.maxj (at line 22)
[maxjcompiler] 	import com.maxeler.maxcompiler.v2.kernelcompiler.types.composite.DFEStructType.StructFieldType;
[maxjcompiler] 	       ^^^^^^^^^^^^^^^^^^^^^^^^^^^^^^^^^^^^^^^^^^^^^^^^^^^^^^^^^^^^^^^^^^^^^^^^^^^^^^^^^^^^^^^
[maxjcompiler] The import com.maxeler.maxcompiler.v2.kernelcompiler.types.composite.DFEStructType.StructFieldType is never used
[maxjcompiler] ----------
[maxjcompiler] 60. WARNING in /local/ssd/home/mattfel/transform_regression_tests_21-24/hyperdsl/spatial/regression_tests/unit/13_ScatterGather/out/maxj/src/static/templates/MemoryCmdGen.maxj (at line 23)
[maxjcompiler] 	import java.util.ArrayList;
[maxjcompiler] 	       ^^^^^^^^^^^^^^^^^^^
[maxjcompiler] The import java.util.ArrayList is never used
[maxjcompiler] ----------
[maxjcompiler] 61. WARNING in /local/ssd/home/mattfel/transform_regression_tests_21-24/hyperdsl/spatial/regression_tests/unit/13_ScatterGather/out/maxj/src/static/templates/MemoryCmdGen.maxj (at line 102)
[maxjcompiler] 	int par = wdata.getSize();
[maxjcompiler] 	    ^^^
[maxjcompiler] The local variable par is never read
[maxjcompiler] ----------
[maxjcompiler] 62. WARNING in /local/ssd/home/mattfel/transform_regression_tests_21-24/hyperdsl/spatial/regression_tests/unit/13_ScatterGather/out/maxj/src/static/templates/MemoryCmdGen.maxj (at line 188)
[maxjcompiler] 	DFEVar sizecheck = upcast(size_int, wdata[0].getType());
[maxjcompiler] 	       ^^^^^^^^^
[maxjcompiler] The local variable sizecheck is never read
[maxjcompiler] ----------
[maxjcompiler] ----------
[maxjcompiler] 63. WARNING in /local/ssd/home/mattfel/transform_regression_tests_21-24/hyperdsl/spatial/regression_tests/unit/13_ScatterGather/out/maxj/src/static/templates/CtrChainLib.maxj (at line 6)
[maxjcompiler] 	import com.maxeler.maxcompiler.v2.kernelcompiler.SMIO;
[maxjcompiler] 	       ^^^^^^^^^^^^^^^^^^^^^^^^^^^^^^^^^^^^^^^^^^^^^^
[maxjcompiler] The import com.maxeler.maxcompiler.v2.kernelcompiler.SMIO is never used
[maxjcompiler] ----------
[maxjcompiler] 64. WARNING in /local/ssd/home/mattfel/transform_regression_tests_21-24/hyperdsl/spatial/regression_tests/unit/13_ScatterGather/out/maxj/src/static/templates/CtrChainLib.maxj (at line 7)
[maxjcompiler] 	import com.maxeler.maxcompiler.v2.kernelcompiler.stdlib.core.CounterChain;
[maxjcompiler] 	       ^^^^^^^^^^^^^^^^^^^^^^^^^^^^^^^^^^^^^^^^^^^^^^^^^^^^^^^^^^^^^^^^^^
[maxjcompiler] The import com.maxeler.maxcompiler.v2.kernelcompiler.stdlib.core.CounterChain is never used
[maxjcompiler] ----------
[maxjcompiler] 65. WARNING in /local/ssd/home/mattfel/transform_regression_tests_21-24/hyperdsl/spatial/regression_tests/unit/13_ScatterGather/out/maxj/src/static/templates/CtrChainLib.maxj (at line 8)
[maxjcompiler] 	import com.maxeler.maxcompiler.v2.utils.MathUtils;
[maxjcompiler] 	       ^^^^^^^^^^^^^^^^^^^^^^^^^^^^^^^^^^^^^^^^^^
[maxjcompiler] The import com.maxeler.maxcompiler.v2.utils.MathUtils is never used
[maxjcompiler] ----------
[maxjcompiler] ----------
[maxjcompiler] 66. WARNING in /local/ssd/home/mattfel/transform_regression_tests_21-24/hyperdsl/spatial/regression_tests/unit/13_ScatterGather/out/maxj/src/static/templates/PQSM.maxj (at line 5)
[maxjcompiler] 	import com.maxeler.maxcompiler.v2.statemachine.DFEsmStateEnum;
[maxjcompiler] 	       ^^^^^^^^^^^^^^^^^^^^^^^^^^^^^^^^^^^^^^^^^^^^^^^^^^^^^^
[maxjcompiler] The import com.maxeler.maxcompiler.v2.statemachine.DFEsmStateEnum is never used
[maxjcompiler] ----------
[maxjcompiler] 67. WARNING in /local/ssd/home/mattfel/transform_regression_tests_21-24/hyperdsl/spatial/regression_tests/unit/13_ScatterGather/out/maxj/src/static/templates/PQSM.maxj (at line 9)
[maxjcompiler] 	import com.maxeler.maxcompiler.v2.statemachine.DFEsmAssignableValue;
[maxjcompiler] 	       ^^^^^^^^^^^^^^^^^^^^^^^^^^^^^^^^^^^^^^^^^^^^^^^^^^^^^^^^^^^^
[maxjcompiler] The import com.maxeler.maxcompiler.v2.statemachine.DFEsmAssignableValue is never used
[maxjcompiler] ----------
[maxjcompiler] 68. WARNING in /local/ssd/home/mattfel/transform_regression_tests_21-24/hyperdsl/spatial/regression_tests/unit/13_ScatterGather/out/maxj/src/static/templates/PQSM.maxj (at line 11)
[maxjcompiler] 	import com.maxeler.maxcompiler.v2.statemachine.DFEsmVariable;
[maxjcompiler] 	       ^^^^^^^^^^^^^^^^^^^^^^^^^^^^^^^^^^^^^^^^^^^^^^^^^^^^^
[maxjcompiler] The import com.maxeler.maxcompiler.v2.statemachine.DFEsmVariable is never used
[maxjcompiler] ----------
[maxjcompiler] 69. WARNING in /local/ssd/home/mattfel/transform_regression_tests_21-24/hyperdsl/spatial/regression_tests/unit/13_ScatterGather/out/maxj/src/static/templates/PQSM.maxj (at line 13)
[maxjcompiler] 	import com.maxeler.maxcompiler.v2.statemachine.types.DFEsmTypeFactory;
[maxjcompiler] 	       ^^^^^^^^^^^^^^^^^^^^^^^^^^^^^^^^^^^^^^^^^^^^^^^^^^^^^^^^^^^^^^
[maxjcompiler] The import com.maxeler.maxcompiler.v2.statemachine.types.DFEsmTypeFactory is never used
[maxjcompiler] ----------
[maxjcompiler] 70. WARNING in /local/ssd/home/mattfel/transform_regression_tests_21-24/hyperdsl/spatial/regression_tests/unit/13_ScatterGather/out/maxj/src/static/templates/PQSM.maxj (at line 14)
[maxjcompiler] 	import com.maxeler.maxcompiler.v2.statemachine.StateMachineLib;
[maxjcompiler] 	       ^^^^^^^^^^^^^^^^^^^^^^^^^^^^^^^^^^^^^^^^^^^^^^^^^^^^^^^
[maxjcompiler] The import com.maxeler.maxcompiler.v2.statemachine.StateMachineLib is never used
[maxjcompiler] ----------
[maxjcompiler] 71. WARNING in /local/ssd/home/mattfel/transform_regression_tests_21-24/hyperdsl/spatial/regression_tests/unit/13_ScatterGather/out/maxj/src/static/templates/PQSM.maxj (at line 90)
[maxjcompiler] 	private void resetElemsFF() {
[maxjcompiler] 	             ^^^^^^^^^^^^^^
[maxjcompiler] The method resetElemsFF() from the type PQSM is never used locally
[maxjcompiler] ----------
[maxjcompiler] 72. WARNING in /local/ssd/home/mattfel/transform_regression_tests_21-24/hyperdsl/spatial/regression_tests/unit/13_ScatterGather/out/maxj/src/static/templates/PQSM.maxj (at line 99)
[maxjcompiler] 	private void write() {
[maxjcompiler] 	             ^^^^^^^
[maxjcompiler] The method write() from the type PQSM is never used locally
[maxjcompiler] ----------
[maxjcompiler] 73. WARNING in /local/ssd/home/mattfel/transform_regression_tests_21-24/hyperdsl/spatial/regression_tests/unit/13_ScatterGather/out/maxj/src/static/templates/PQSM.maxj (at line 116)
[maxjcompiler] 	private void stall() {
[maxjcompiler] 	             ^^^^^^^
[maxjcompiler] The method stall() from the type PQSM is never used locally
[maxjcompiler] ----------
[maxjcompiler] ----------
[maxjcompiler] 74. WARNING in /local/ssd/home/mattfel/transform_regression_tests_21-24/hyperdsl/spatial/regression_tests/unit/13_ScatterGather/out/maxj/src/static/templates/BoxedMem.maxj (at line 7)
[maxjcompiler] 	import com.maxeler.maxcompiler.v2.kernelcompiler.SMIO;
[maxjcompiler] 	       ^^^^^^^^^^^^^^^^^^^^^^^^^^^^^^^^^^^^^^^^^^^^^^
[maxjcompiler] The import com.maxeler.maxcompiler.v2.kernelcompiler.SMIO is never used
[maxjcompiler] ----------
[maxjcompiler] 75. WARNING in /local/ssd/home/mattfel/transform_regression_tests_21-24/hyperdsl/spatial/regression_tests/unit/13_ScatterGather/out/maxj/src/static/templates/BoxedMem.maxj (at line 8)
[maxjcompiler] 	import com.maxeler.maxcompiler.v2.utils.MathUtils;
[maxjcompiler] 	       ^^^^^^^^^^^^^^^^^^^^^^^^^^^^^^^^^^^^^^^^^^
[maxjcompiler] The import com.maxeler.maxcompiler.v2.utils.MathUtils is never used
[maxjcompiler] ----------
[maxjcompiler] 76. WARNING in /local/ssd/home/mattfel/transform_regression_tests_21-24/hyperdsl/spatial/regression_tests/unit/13_ScatterGather/out/maxj/src/static/templates/BoxedMem.maxj (at line 10)
[maxjcompiler] 	import com.maxeler.maxcompiler.v2.kernelcompiler.types.composite.DFEVector;
[maxjcompiler] 	       ^^^^^^^^^^^^^^^^^^^^^^^^^^^^^^^^^^^^^^^^^^^^^^^^^^^^^^^^^^^^^^^^^^^
[maxjcompiler] The import com.maxeler.maxcompiler.v2.kernelcompiler.types.composite.DFEVector is never used
[maxjcompiler] ----------
[maxjcompiler] ----------
[maxjcompiler] 77. WARNING in /local/ssd/home/mattfel/transform_regression_tests_21-24/hyperdsl/spatial/regression_tests/unit/13_ScatterGather/out/maxj/src/static/templates/MemoryCmdSt.maxj (at line 7)
[maxjcompiler] 	import com.maxeler.maxcompiler.v2.kernelcompiler.stdlib.core.CounterChain;
[maxjcompiler] 	       ^^^^^^^^^^^^^^^^^^^^^^^^^^^^^^^^^^^^^^^^^^^^^^^^^^^^^^^^^^^^^^^^^^
[maxjcompiler] The import com.maxeler.maxcompiler.v2.kernelcompiler.stdlib.core.CounterChain is never used
[maxjcompiler] ----------
[maxjcompiler] 78. WARNING in /local/ssd/home/mattfel/transform_regression_tests_21-24/hyperdsl/spatial/regression_tests/unit/13_ScatterGather/out/maxj/src/static/templates/MemoryCmdSt.maxj (at line 12)
[maxjcompiler] 	import com.maxeler.maxcompiler.v2.kernelcompiler.Optimization;
[maxjcompiler] 	       ^^^^^^^^^^^^^^^^^^^^^^^^^^^^^^^^^^^^^^^^^^^^^^^^^^^^^^
[maxjcompiler] The import com.maxeler.maxcompiler.v2.kernelcompiler.Optimization is never used
[maxjcompiler] ----------
[maxjcompiler] 79. WARNING in /local/ssd/home/mattfel/transform_regression_tests_21-24/hyperdsl/spatial/regression_tests/unit/13_ScatterGather/out/maxj/src/static/templates/MemoryCmdSt.maxj (at line 13)
[maxjcompiler] 	import com.maxeler.maxcompiler.v2.kernelcompiler.stdlib.Reductions;
[maxjcompiler] 	       ^^^^^^^^^^^^^^^^^^^^^^^^^^^^^^^^^^^^^^^^^^^^^^^^^^^^^^^^^^^
[maxjcompiler] The import com.maxeler.maxcompiler.v2.kernelcompiler.stdlib.Reductions is never used
[maxjcompiler] ----------
[maxjcompiler] 80. WARNING in /local/ssd/home/mattfel/transform_regression_tests_21-24/hyperdsl/spatial/regression_tests/unit/13_ScatterGather/out/maxj/src/static/templates/MemoryCmdSt.maxj (at line 14)
[maxjcompiler] 	import com.maxeler.maxcompiler.v2.kernelcompiler.stdlib.core.Stream.OffsetExpr;
[maxjcompiler] 	       ^^^^^^^^^^^^^^^^^^^^^^^^^^^^^^^^^^^^^^^^^^^^^^^^^^^^^^^^^^^^^^^^^^^^^^^
[maxjcompiler] The import com.maxeler.maxcompiler.v2.kernelcompiler.stdlib.core.Stream.OffsetExpr is never used
[maxjcompiler] ----------
[maxjcompiler] 81. WARNING in /local/ssd/home/mattfel/transform_regression_tests_21-24/hyperdsl/spatial/regression_tests/unit/13_ScatterGather/out/maxj/src/static/templates/MemoryCmdSt.maxj (at line 19)
[maxjcompiler] 	import com.maxeler.maxcompiler.v2.kernelcompiler.types.composite.DFEStruct;
[maxjcompiler] 	       ^^^^^^^^^^^^^^^^^^^^^^^^^^^^^^^^^^^^^^^^^^^^^^^^^^^^^^^^^^^^^^^^^^^
[maxjcompiler] The import com.maxeler.maxcompiler.v2.kernelcompiler.types.composite.DFEStruct is never used
[maxjcompiler] ----------
[maxjcompiler] 82. WARNING in /local/ssd/home/mattfel/transform_regression_tests_21-24/hyperdsl/spatial/regression_tests/unit/13_ScatterGather/out/maxj/src/static/templates/MemoryCmdSt.maxj (at line 20)
[maxjcompiler] 	import com.maxeler.maxcompiler.v2.kernelcompiler.types.composite.DFEStructType;
[maxjcompiler] 	       ^^^^^^^^^^^^^^^^^^^^^^^^^^^^^^^^^^^^^^^^^^^^^^^^^^^^^^^^^^^^^^^^^^^^^^^
[maxjcompiler] The import com.maxeler.maxcompiler.v2.kernelcompiler.types.composite.DFEStructType is never used
[maxjcompiler] ----------
[maxjcompiler] 83. WARNING in /local/ssd/home/mattfel/transform_regression_tests_21-24/hyperdsl/spatial/regression_tests/unit/13_ScatterGather/out/maxj/src/static/templates/MemoryCmdSt.maxj (at line 21)
[maxjcompiler] 	import com.maxeler.maxcompiler.v2.kernelcompiler.types.composite.DFEStructType.StructFieldType;
[maxjcompiler] 	       ^^^^^^^^^^^^^^^^^^^^^^^^^^^^^^^^^^^^^^^^^^^^^^^^^^^^^^^^^^^^^^^^^^^^^^^^^^^^^^^^^^^^^^^
[maxjcompiler] The import com.maxeler.maxcompiler.v2.kernelcompiler.types.composite.DFEStructType.StructFieldType is never used
[maxjcompiler] ----------
[maxjcompiler] 84. WARNING in /local/ssd/home/mattfel/transform_regression_tests_21-24/hyperdsl/spatial/regression_tests/unit/13_ScatterGather/out/maxj/src/static/templates/MemoryCmdSt.maxj (at line 22)
[maxjcompiler] 	import java.util.ArrayList;
[maxjcompiler] 	       ^^^^^^^^^^^^^^^^^^^
[maxjcompiler] The import java.util.ArrayList is never used
[maxjcompiler] ----------
[maxjcompiler] 85. WARNING in /local/ssd/home/mattfel/transform_regression_tests_21-24/hyperdsl/spatial/regression_tests/unit/13_ScatterGather/out/maxj/src/static/templates/MemoryCmdSt.maxj (at line 83)
[maxjcompiler] 	int par = wdata.getSize();
[maxjcompiler] 	    ^^^
[maxjcompiler] The local variable par is never read
[maxjcompiler] ----------
[maxjcompiler] ----------
[maxjcompiler] 86. WARNING in /local/ssd/home/mattfel/transform_regression_tests_21-24/hyperdsl/spatial/regression_tests/unit/13_ScatterGather/out/maxj/src/static/templates/DoubleCtrSM.maxj (at line 8)
[maxjcompiler] 	import com.maxeler.maxcompiler.v2.statemachine.DFEsmValue;
[maxjcompiler] 	       ^^^^^^^^^^^^^^^^^^^^^^^^^^^^^^^^^^^^^^^^^^^^^^^^^^
[maxjcompiler] The import com.maxeler.maxcompiler.v2.statemachine.DFEsmValue is never used
[maxjcompiler] ----------
[maxjcompiler] 87. WARNING in /local/ssd/home/mattfel/transform_regression_tests_21-24/hyperdsl/spatial/regression_tests/unit/13_ScatterGather/out/maxj/src/static/templates/DoubleCtrSM.maxj (at line 21)
[maxjcompiler] 	private final int start0;
[maxjcompiler] 	                  ^^^^^^
[maxjcompiler] The field DoubleCtrSM.start0 is never read locally
[maxjcompiler] ----------
[maxjcompiler] 88. WARNING in /local/ssd/home/mattfel/transform_regression_tests_21-24/hyperdsl/spatial/regression_tests/unit/13_ScatterGather/out/maxj/src/static/templates/DoubleCtrSM.maxj (at line 24)
[maxjcompiler] 	private final int start1;
[maxjcompiler] 	                  ^^^^^^
[maxjcompiler] The field DoubleCtrSM.start1 is never read locally
[maxjcompiler] ----------
[maxjcompiler] ----------
[maxjcompiler] 89. WARNING in /local/ssd/home/mattfel/transform_regression_tests_21-24/hyperdsl/spatial/regression_tests/unit/13_ScatterGather/out/maxj/src/static/templates/BlockStorer.maxj (at line 6)
[maxjcompiler] 	import com.maxeler.maxcompiler.v2.kernelcompiler.stdlib.core.CounterChain;
[maxjcompiler] 	       ^^^^^^^^^^^^^^^^^^^^^^^^^^^^^^^^^^^^^^^^^^^^^^^^^^^^^^^^^^^^^^^^^^
[maxjcompiler] The import com.maxeler.maxcompiler.v2.kernelcompiler.stdlib.core.CounterChain is never used
[maxjcompiler] ----------
[maxjcompiler] 90. WARNING in /local/ssd/home/mattfel/transform_regression_tests_21-24/hyperdsl/spatial/regression_tests/unit/13_ScatterGather/out/maxj/src/static/templates/BlockStorer.maxj (at line 11)
[maxjcompiler] 	import com.maxeler.maxcompiler.v2.kernelcompiler.Optimization;
[maxjcompiler] 	       ^^^^^^^^^^^^^^^^^^^^^^^^^^^^^^^^^^^^^^^^^^^^^^^^^^^^^^
[maxjcompiler] The import com.maxeler.maxcompiler.v2.kernelcompiler.Optimization is never used
[maxjcompiler] ----------
[maxjcompiler] ----------
[maxjcompiler] 91. WARNING in /local/ssd/home/mattfel/transform_regression_tests_21-24/hyperdsl/spatial/regression_tests/unit/13_ScatterGather/out/maxj/src/static/templates/DummyMemLib.maxj (at line 5)
[maxjcompiler] 	import com.maxeler.maxcompiler.v2.kernelcompiler.stdlib.memory.Memory;
[maxjcompiler] 	       ^^^^^^^^^^^^^^^^^^^^^^^^^^^^^^^^^^^^^^^^^^^^^^^^^^^^^^^^^^^^^^
[maxjcompiler] The import com.maxeler.maxcompiler.v2.kernelcompiler.stdlib.memory.Memory is never used
[maxjcompiler] ----------
[maxjcompiler] 92. WARNING in /local/ssd/home/mattfel/transform_regression_tests_21-24/hyperdsl/spatial/regression_tests/unit/13_ScatterGather/out/maxj/src/static/templates/DummyMemLib.maxj (at line 6)
[maxjcompiler] 	import com.maxeler.maxcompiler.v2.kernelcompiler.SMIO;
[maxjcompiler] 	       ^^^^^^^^^^^^^^^^^^^^^^^^^^^^^^^^^^^^^^^^^^^^^^
[maxjcompiler] The import com.maxeler.maxcompiler.v2.kernelcompiler.SMIO is never used
[maxjcompiler] ----------
[maxjcompiler] 93. WARNING in /local/ssd/home/mattfel/transform_regression_tests_21-24/hyperdsl/spatial/regression_tests/unit/13_ScatterGather/out/maxj/src/static/templates/DummyMemLib.maxj (at line 7)
[maxjcompiler] 	import com.maxeler.maxcompiler.v2.utils.MathUtils;
[maxjcompiler] 	       ^^^^^^^^^^^^^^^^^^^^^^^^^^^^^^^^^^^^^^^^^^
[maxjcompiler] The import com.maxeler.maxcompiler.v2.utils.MathUtils is never used
[maxjcompiler] ----------
[maxjcompiler] ----------
[maxjcompiler] 94. WARNING in /local/ssd/home/mattfel/transform_regression_tests_21-24/hyperdsl/spatial/regression_tests/unit/13_ScatterGather/out/maxj/src/static/templates/BramLib.maxj (at line 5)
[maxjcompiler] 	import com.maxeler.maxcompiler.v2.kernelcompiler.stdlib.memory.Memory;
[maxjcompiler] 	       ^^^^^^^^^^^^^^^^^^^^^^^^^^^^^^^^^^^^^^^^^^^^^^^^^^^^^^^^^^^^^^
[maxjcompiler] The import com.maxeler.maxcompiler.v2.kernelcompiler.stdlib.memory.Memory is never used
[maxjcompiler] ----------
[maxjcompiler] 95. WARNING in /local/ssd/home/mattfel/transform_regression_tests_21-24/hyperdsl/spatial/regression_tests/unit/13_ScatterGather/out/maxj/src/static/templates/BramLib.maxj (at line 6)
[maxjcompiler] 	import com.maxeler.maxcompiler.v2.kernelcompiler.SMIO;
[maxjcompiler] 	       ^^^^^^^^^^^^^^^^^^^^^^^^^^^^^^^^^^^^^^^^^^^^^^
[maxjcompiler] The import com.maxeler.maxcompiler.v2.kernelcompiler.SMIO is never used
[maxjcompiler] ----------
[maxjcompiler] 96. WARNING in /local/ssd/home/mattfel/transform_regression_tests_21-24/hyperdsl/spatial/regression_tests/unit/13_ScatterGather/out/maxj/src/static/templates/BramLib.maxj (at line 635)
[maxjcompiler] 	DFEVar bank_addr = bankAndLocalAddr(srcAddr[i], AddrMode.BANK);
[maxjcompiler] 	       ^^^^^^^^^
[maxjcompiler] The local variable bank_addr is never read
[maxjcompiler] ----------
[maxjcompiler] 97. WARNING in /local/ssd/home/mattfel/transform_regression_tests_21-24/hyperdsl/spatial/regression_tests/unit/13_ScatterGather/out/maxj/src/static/templates/BramLib.maxj (at line 648)
[maxjcompiler] 	DFEVar rd_delta = srcAddr[1] - srcAddr[0];
[maxjcompiler] 	       ^^^^^^^^
[maxjcompiler] The local variable rd_delta is never read
[maxjcompiler] ----------
[maxjcompiler] ----------
[maxjcompiler] 98. WARNING in /local/ssd/home/mattfel/transform_regression_tests_21-24/hyperdsl/spatial/regression_tests/unit/13_ScatterGather/out/maxj/src/static/templates/GroupByReduce.maxj (at line 5)
[maxjcompiler] 	import com.maxeler.maxcompiler.v2.kernelcompiler.stdlib.memory.Memory;
[maxjcompiler] 	       ^^^^^^^^^^^^^^^^^^^^^^^^^^^^^^^^^^^^^^^^^^^^^^^^^^^^^^^^^^^^^^
[maxjcompiler] The import com.maxeler.maxcompiler.v2.kernelcompiler.stdlib.memory.Memory is never used
[maxjcompiler] ----------
[maxjcompiler] 99. WARNING in /local/ssd/home/mattfel/transform_regression_tests_21-24/hyperdsl/spatial/regression_tests/unit/13_ScatterGather/out/maxj/src/static/templates/GroupByReduce.maxj (at line 7)
[maxjcompiler] 	import com.maxeler.maxcompiler.v2.utils.MathUtils;
[maxjcompiler] 	       ^^^^^^^^^^^^^^^^^^^^^^^^^^^^^^^^^^^^^^^^^^
[maxjcompiler] The import com.maxeler.maxcompiler.v2.utils.MathUtils is never used
[maxjcompiler] ----------
[maxjcompiler] 100. WARNING in /local/ssd/home/mattfel/transform_regression_tests_21-24/hyperdsl/spatial/regression_tests/unit/13_ScatterGather/out/maxj/src/static/templates/GroupByReduce.maxj (at line 11)
[maxjcompiler] 	import com.maxeler.maxcompiler.v2.kernelcompiler.stdlib.KernelMath;
[maxjcompiler] 	       ^^^^^^^^^^^^^^^^^^^^^^^^^^^^^^^^^^^^^^^^^^^^^^^^^^^^^^^^^^^
[maxjcompiler] The import com.maxeler.maxcompiler.v2.kernelcompiler.stdlib.KernelMath is never used
[maxjcompiler] ----------
[maxjcompiler] 101. WARNING in /local/ssd/home/mattfel/transform_regression_tests_21-24/hyperdsl/spatial/regression_tests/unit/13_ScatterGather/out/maxj/src/static/templates/GroupByReduce.maxj (at line 14)
[maxjcompiler] 	import java.util.ArrayList;
[maxjcompiler] 	       ^^^^^^^^^^^^^^^^^^^
[maxjcompiler] The import java.util.ArrayList is never used
[maxjcompiler] ----------
[maxjcompiler] 102. WARNING in /local/ssd/home/mattfel/transform_regression_tests_21-24/hyperdsl/spatial/regression_tests/unit/13_ScatterGather/out/maxj/src/static/templates/GroupByReduce.maxj (at line 77)
[maxjcompiler] 	DFEVar test = constant.var(tag.getType(), 0) === tag;
[maxjcompiler] 	       ^^^^
[maxjcompiler] The local variable test is never read
[maxjcompiler] ----------
[maxjcompiler] ----------
[maxjcompiler] 103. WARNING in /local/ssd/home/mattfel/transform_regression_tests_21-24/hyperdsl/spatial/regression_tests/unit/13_ScatterGather/out/maxj/src/static/templates/FFMem.maxj (at line 5)
[maxjcompiler] 	import com.maxeler.maxcompiler.v2.kernelcompiler.stdlib.memory.Memory;
[maxjcompiler] 	       ^^^^^^^^^^^^^^^^^^^^^^^^^^^^^^^^^^^^^^^^^^^^^^^^^^^^^^^^^^^^^^
[maxjcompiler] The import com.maxeler.maxcompiler.v2.kernelcompiler.stdlib.memory.Memory is never used
[maxjcompiler] ----------
[maxjcompiler] 104. WARNING in /local/ssd/home/mattfel/transform_regression_tests_21-24/hyperdsl/spatial/regression_tests/unit/13_ScatterGather/out/maxj/src/static/templates/FFMem.maxj (at line 6)
[maxjcompiler] 	import com.maxeler.maxcompiler.v2.kernelcompiler.SMIO;
[maxjcompiler] 	       ^^^^^^^^^^^^^^^^^^^^^^^^^^^^^^^^^^^^^^^^^^^^^^
[maxjcompiler] The import com.maxeler.maxcompiler.v2.kernelcompiler.SMIO is never used
[maxjcompiler] ----------
[maxjcompiler] 105. WARNING in /local/ssd/home/mattfel/transform_regression_tests_21-24/hyperdsl/spatial/regression_tests/unit/13_ScatterGather/out/maxj/src/static/templates/FFMem.maxj (at line 7)
[maxjcompiler] 	import com.maxeler.maxcompiler.v2.utils.MathUtils;
[maxjcompiler] 	       ^^^^^^^^^^^^^^^^^^^^^^^^^^^^^^^^^^^^^^^^^^
[maxjcompiler] The import com.maxeler.maxcompiler.v2.utils.MathUtils is never used
[maxjcompiler] ----------
[maxjcompiler] 106. WARNING in /local/ssd/home/mattfel/transform_regression_tests_21-24/hyperdsl/spatial/regression_tests/unit/13_ScatterGather/out/maxj/src/static/templates/FFMem.maxj (at line 9)
[maxjcompiler] 	import com.maxeler.maxcompiler.v2.kernelcompiler.types.composite.DFEVector;
[maxjcompiler] 	       ^^^^^^^^^^^^^^^^^^^^^^^^^^^^^^^^^^^^^^^^^^^^^^^^^^^^^^^^^^^^^^^^^^^
[maxjcompiler] The import com.maxeler.maxcompiler.v2.kernelcompiler.types.composite.DFEVector is never used
[maxjcompiler] ----------
[maxjcompiler] ----------
[maxjcompiler] 107. WARNING in /local/ssd/home/mattfel/transform_regression_tests_21-24/hyperdsl/spatial/regression_tests/unit/13_ScatterGather/out/maxj/src/static/templates/SpatialUtils.maxj (at line 2)
[maxjcompiler] 	import com.maxeler.maxcompiler.v2.kernelcompiler.stdlib.core.Count.Counter;
[maxjcompiler] 	       ^^^^^^^^^^^^^^^^^^^^^^^^^^^^^^^^^^^^^^^^^^^^^^^^^^^^^^^^^^^^^^^^^^^
[maxjcompiler] The import com.maxeler.maxcompiler.v2.kernelcompiler.stdlib.core.Count.Counter is never used
[maxjcompiler] ----------
[maxjcompiler] 108. WARNING in /local/ssd/home/mattfel/transform_regression_tests_21-24/hyperdsl/spatial/regression_tests/unit/13_ScatterGather/out/maxj/src/static/templates/SpatialUtils.maxj (at line 3)
[maxjcompiler] 	import com.maxeler.maxcompiler.v2.kernelcompiler.stdlib.core.CounterChain;
[maxjcompiler] 	       ^^^^^^^^^^^^^^^^^^^^^^^^^^^^^^^^^^^^^^^^^^^^^^^^^^^^^^^^^^^^^^^^^^
[maxjcompiler] The import com.maxeler.maxcompiler.v2.kernelcompiler.stdlib.core.CounterChain is never used
[maxjcompiler] ----------
[maxjcompiler] 109. WARNING in /local/ssd/home/mattfel/transform_regression_tests_21-24/hyperdsl/spatial/regression_tests/unit/13_ScatterGather/out/maxj/src/static/templates/SpatialUtils.maxj (at line 4)
[maxjcompiler] 	import com.maxeler.maxcompiler.v2.kernelcompiler.stdlib.core.Count;
[maxjcompiler] 	       ^^^^^^^^^^^^^^^^^^^^^^^^^^^^^^^^^^^^^^^^^^^^^^^^^^^^^^^^^^^
[maxjcompiler] The import com.maxeler.maxcompiler.v2.kernelcompiler.stdlib.core.Count is never used
[maxjcompiler] ----------
[maxjcompiler] 110. WARNING in /local/ssd/home/mattfel/transform_regression_tests_21-24/hyperdsl/spatial/regression_tests/unit/13_ScatterGather/out/maxj/src/static/templates/SpatialUtils.maxj (at line 5)
[maxjcompiler] 	import com.maxeler.maxcompiler.v2.kernelcompiler.stdlib.core.Count.WrapMode;
[maxjcompiler] 	       ^^^^^^^^^^^^^^^^^^^^^^^^^^^^^^^^^^^^^^^^^^^^^^^^^^^^^^^^^^^^^^^^^^^^
[maxjcompiler] The import com.maxeler.maxcompiler.v2.kernelcompiler.stdlib.core.Count.WrapMode is never used
[maxjcompiler] ----------
[maxjcompiler] 111. WARNING in /local/ssd/home/mattfel/transform_regression_tests_21-24/hyperdsl/spatial/regression_tests/unit/13_ScatterGather/out/maxj/src/static/templates/SpatialUtils.maxj (at line 6)
[maxjcompiler] 	import com.maxeler.maxcompiler.v2.kernelcompiler.stdlib.core.Count.Params;
[maxjcompiler] 	       ^^^^^^^^^^^^^^^^^^^^^^^^^^^^^^^^^^^^^^^^^^^^^^^^^^^^^^^^^^^^^^^^^^
[maxjcompiler] The import com.maxeler.maxcompiler.v2.kernelcompiler.stdlib.core.Count.Params is never used
[maxjcompiler] ----------
[maxjcompiler] 112. WARNING in /local/ssd/home/mattfel/transform_regression_tests_21-24/hyperdsl/spatial/regression_tests/unit/13_ScatterGather/out/maxj/src/static/templates/SpatialUtils.maxj (at line 7)
[maxjcompiler] 	import com.maxeler.maxcompiler.v2.kernelcompiler.stdlib.memory.Memory;
[maxjcompiler] 	       ^^^^^^^^^^^^^^^^^^^^^^^^^^^^^^^^^^^^^^^^^^^^^^^^^^^^^^^^^^^^^^
[maxjcompiler] The import com.maxeler.maxcompiler.v2.kernelcompiler.stdlib.memory.Memory is never used
[maxjcompiler] ----------
[maxjcompiler] 113. WARNING in /local/ssd/home/mattfel/transform_regression_tests_21-24/hyperdsl/spatial/regression_tests/unit/13_ScatterGather/out/maxj/src/static/templates/SpatialUtils.maxj (at line 8)
[maxjcompiler] 	import com.maxeler.maxcompiler.v2.kernelcompiler.Kernel;
[maxjcompiler] 	       ^^^^^^^^^^^^^^^^^^^^^^^^^^^^^^^^^^^^^^^^^^^^^^^^
[maxjcompiler] The import com.maxeler.maxcompiler.v2.kernelcompiler.Kernel is never used
[maxjcompiler] ----------
[maxjcompiler] 114. WARNING in /local/ssd/home/mattfel/transform_regression_tests_21-24/hyperdsl/spatial/regression_tests/unit/13_ScatterGather/out/maxj/src/static/templates/SpatialUtils.maxj (at line 9)
[maxjcompiler] 	import com.maxeler.maxcompiler.v2.kernelcompiler.KernelParameters;
[maxjcompiler] 	       ^^^^^^^^^^^^^^^^^^^^^^^^^^^^^^^^^^^^^^^^^^^^^^^^^^^^^^^^^^
[maxjcompiler] The import com.maxeler.maxcompiler.v2.kernelcompiler.KernelParameters is never used
[maxjcompiler] ----------
[maxjcompiler] 115. WARNING in /local/ssd/home/mattfel/transform_regression_tests_21-24/hyperdsl/spatial/regression_tests/unit/13_ScatterGather/out/maxj/src/static/templates/SpatialUtils.maxj (at line 11)
[maxjcompiler] 	import com.maxeler.maxcompiler.v2.utils.MathUtils;
[maxjcompiler] 	       ^^^^^^^^^^^^^^^^^^^^^^^^^^^^^^^^^^^^^^^^^^
[maxjcompiler] The import com.maxeler.maxcompiler.v2.utils.MathUtils is never used
[maxjcompiler] ----------
[maxjcompiler] 116. WARNING in /local/ssd/home/mattfel/transform_regression_tests_21-24/hyperdsl/spatial/regression_tests/unit/13_ScatterGather/out/maxj/src/static/templates/SpatialUtils.maxj (at line 14)
[maxjcompiler] 	import com.maxeler.maxcompiler.v2.kernelcompiler.stdlib.KernelMath;
[maxjcompiler] 	       ^^^^^^^^^^^^^^^^^^^^^^^^^^^^^^^^^^^^^^^^^^^^^^^^^^^^^^^^^^^
[maxjcompiler] The import com.maxeler.maxcompiler.v2.kernelcompiler.stdlib.KernelMath is never used
[maxjcompiler] ----------
[maxjcompiler] 117. WARNING in /local/ssd/home/mattfel/transform_regression_tests_21-24/hyperdsl/spatial/regression_tests/unit/13_ScatterGather/out/maxj/src/static/templates/SpatialUtils.maxj (at line 15)
[maxjcompiler] 	import com.maxeler.maxcompiler.v2.kernelcompiler.types.base.DFEType;
[maxjcompiler] 	       ^^^^^^^^^^^^^^^^^^^^^^^^^^^^^^^^^^^^^^^^^^^^^^^^^^^^^^^^^^^^
[maxjcompiler] The import com.maxeler.maxcompiler.v2.kernelcompiler.types.base.DFEType is never used
[maxjcompiler] ----------
[maxjcompiler] 118. WARNING in /local/ssd/home/mattfel/transform_regression_tests_21-24/hyperdsl/spatial/regression_tests/unit/13_ScatterGather/out/maxj/src/static/templates/SpatialUtils.maxj (at line 16)
[maxjcompiler] 	import com.maxeler.maxcompiler.v2.kernelcompiler.stdlib.core.Stream.OffsetExpr;
[maxjcompiler] 	       ^^^^^^^^^^^^^^^^^^^^^^^^^^^^^^^^^^^^^^^^^^^^^^^^^^^^^^^^^^^^^^^^^^^^^^^
[maxjcompiler] The import com.maxeler.maxcompiler.v2.kernelcompiler.stdlib.core.Stream.OffsetExpr is never used
[maxjcompiler] ----------
[maxjcompiler] 119. WARNING in /local/ssd/home/mattfel/transform_regression_tests_21-24/hyperdsl/spatial/regression_tests/unit/13_ScatterGather/out/maxj/src/static/templates/SpatialUtils.maxj (at line 17)
[maxjcompiler] 	import com.maxeler.maxcompiler.v2.kernelcompiler.stdlib.Reductions;
[maxjcompiler] 	       ^^^^^^^^^^^^^^^^^^^^^^^^^^^^^^^^^^^^^^^^^^^^^^^^^^^^^^^^^^^
[maxjcompiler] The import com.maxeler.maxcompiler.v2.kernelcompiler.stdlib.Reductions is never used
[maxjcompiler] ----------
[maxjcompiler] 120. WARNING in /local/ssd/home/mattfel/transform_regression_tests_21-24/hyperdsl/spatial/regression_tests/unit/13_ScatterGather/out/maxj/src/static/templates/SpatialUtils.maxj (at line 18)
[maxjcompiler] 	import com.maxeler.maxcompiler.v2.kernelcompiler.SMIO;
[maxjcompiler] 	       ^^^^^^^^^^^^^^^^^^^^^^^^^^^^^^^^^^^^^^^^^^^^^^
[maxjcompiler] The import com.maxeler.maxcompiler.v2.kernelcompiler.SMIO is never used
[maxjcompiler] ----------
[maxjcompiler] 121. WARNING in /local/ssd/home/mattfel/transform_regression_tests_21-24/hyperdsl/spatial/regression_tests/unit/13_ScatterGather/out/maxj/src/static/templates/SpatialUtils.maxj (at line 19)
[maxjcompiler] 	import com.maxeler.maxcompiler.v2.kernelcompiler.stdlib.Accumulator;
[maxjcompiler] 	       ^^^^^^^^^^^^^^^^^^^^^^^^^^^^^^^^^^^^^^^^^^^^^^^^^^^^^^^^^^^^
[maxjcompiler] The import com.maxeler.maxcompiler.v2.kernelcompiler.stdlib.Accumulator is never used
[maxjcompiler] ----------
[maxjcompiler] 122. WARNING in /local/ssd/home/mattfel/transform_regression_tests_21-24/hyperdsl/spatial/regression_tests/unit/13_ScatterGather/out/maxj/src/static/templates/SpatialUtils.maxj (at line 20)
[maxjcompiler] 	import com.maxeler.maxcompiler.v2.kernelcompiler.types.base.DFEType;
[maxjcompiler] 	       ^^^^^^^^^^^^^^^^^^^^^^^^^^^^^^^^^^^^^^^^^^^^^^^^^^^^^^^^^^^^
[maxjcompiler] The import com.maxeler.maxcompiler.v2.kernelcompiler.types.base.DFEType is never used
[maxjcompiler] ----------
[maxjcompiler] 123. WARNING in /local/ssd/home/mattfel/transform_regression_tests_21-24/hyperdsl/spatial/regression_tests/unit/13_ScatterGather/out/maxj/src/static/templates/SpatialUtils.maxj (at line 21)
[maxjcompiler] 	import com.maxeler.maxcompiler.v2.kernelcompiler.types.composite.DFEVector;
[maxjcompiler] 	       ^^^^^^^^^^^^^^^^^^^^^^^^^^^^^^^^^^^^^^^^^^^^^^^^^^^^^^^^^^^^^^^^^^^
[maxjcompiler] The import com.maxeler.maxcompiler.v2.kernelcompiler.types.composite.DFEVector is never used
[maxjcompiler] ----------
[maxjcompiler] 124. WARNING in /local/ssd/home/mattfel/transform_regression_tests_21-24/hyperdsl/spatial/regression_tests/unit/13_ScatterGather/out/maxj/src/static/templates/SpatialUtils.maxj (at line 22)
[maxjcompiler] 	import com.maxeler.maxcompiler.v2.kernelcompiler.types.composite.DFEVectorType;
[maxjcompiler] 	       ^^^^^^^^^^^^^^^^^^^^^^^^^^^^^^^^^^^^^^^^^^^^^^^^^^^^^^^^^^^^^^^^^^^^^^^
[maxjcompiler] The import com.maxeler.maxcompiler.v2.kernelcompiler.types.composite.DFEVectorType is never used
[maxjcompiler] ----------
[maxjcompiler] 125. WARNING in /local/ssd/home/mattfel/transform_regression_tests_21-24/hyperdsl/spatial/regression_tests/unit/13_ScatterGather/out/maxj/src/static/templates/SpatialUtils.maxj (at line 24)
[maxjcompiler] 	import java.util.Arrays;
[maxjcompiler] 	       ^^^^^^^^^^^^^^^^
[maxjcompiler] The import java.util.Arrays is never used
[maxjcompiler] ----------
[maxjcompiler] ----------
[maxjcompiler] 126. WARNING in /local/ssd/home/mattfel/transform_regression_tests_21-24/hyperdsl/spatial/regression_tests/unit/13_ScatterGather/out/maxj/src/static/templates/NBufReg.maxj (at line 5)
[maxjcompiler] 	import com.maxeler.maxcompiler.v2.kernelcompiler.stdlib.memory.Memory;
[maxjcompiler] 	       ^^^^^^^^^^^^^^^^^^^^^^^^^^^^^^^^^^^^^^^^^^^^^^^^^^^^^^^^^^^^^^
[maxjcompiler] The import com.maxeler.maxcompiler.v2.kernelcompiler.stdlib.memory.Memory is never used
[maxjcompiler] ----------
[maxjcompiler] 127. WARNING in /local/ssd/home/mattfel/transform_regression_tests_21-24/hyperdsl/spatial/regression_tests/unit/13_ScatterGather/out/maxj/src/static/templates/NBufReg.maxj (at line 9)
[maxjcompiler] 	import com.maxeler.maxcompiler.v2.kernelcompiler.Optimization;
[maxjcompiler] 	       ^^^^^^^^^^^^^^^^^^^^^^^^^^^^^^^^^^^^^^^^^^^^^^^^^^^^^^
[maxjcompiler] The import com.maxeler.maxcompiler.v2.kernelcompiler.Optimization is never used
[maxjcompiler] ----------
[maxjcompiler] 128. WARNING in /local/ssd/home/mattfel/transform_regression_tests_21-24/hyperdsl/spatial/regression_tests/unit/13_ScatterGather/out/maxj/src/static/templates/NBufReg.maxj (at line 10)
[maxjcompiler] 	import com.maxeler.maxcompiler.v2.kernelcompiler.types.composite.DFEVector;
[maxjcompiler] 	       ^^^^^^^^^^^^^^^^^^^^^^^^^^^^^^^^^^^^^^^^^^^^^^^^^^^^^^^^^^^^^^^^^^^
[maxjcompiler] The import com.maxeler.maxcompiler.v2.kernelcompiler.types.composite.DFEVector is never used
[maxjcompiler] ----------
[maxjcompiler] 129. WARNING in /local/ssd/home/mattfel/transform_regression_tests_21-24/hyperdsl/spatial/regression_tests/unit/13_ScatterGather/out/maxj/src/static/templates/NBufReg.maxj (at line 11)
[maxjcompiler] 	import com.maxeler.maxcompiler.v2.kernelcompiler.types.composite.DFEVectorType;
[maxjcompiler] 	       ^^^^^^^^^^^^^^^^^^^^^^^^^^^^^^^^^^^^^^^^^^^^^^^^^^^^^^^^^^^^^^^^^^^^^^^
[maxjcompiler] The import com.maxeler.maxcompiler.v2.kernelcompiler.types.composite.DFEVectorType is never used
[maxjcompiler] ----------
[maxjcompiler] ----------
[maxjcompiler] 130. WARNING in /local/ssd/home/mattfel/transform_regression_tests_21-24/hyperdsl/spatial/regression_tests/unit/13_ScatterGather/out/maxj/src/static/templates/OnChipMem.maxj (at line 5)
[maxjcompiler] 	import com.maxeler.maxcompiler.v2.kernelcompiler.stdlib.memory.Memory;
[maxjcompiler] 	       ^^^^^^^^^^^^^^^^^^^^^^^^^^^^^^^^^^^^^^^^^^^^^^^^^^^^^^^^^^^^^^
[maxjcompiler] The import com.maxeler.maxcompiler.v2.kernelcompiler.stdlib.memory.Memory is never used
[maxjcompiler] ----------
[maxjcompiler] 131. WARNING in /local/ssd/home/mattfel/transform_regression_tests_21-24/hyperdsl/spatial/regression_tests/unit/13_ScatterGather/out/maxj/src/static/templates/OnChipMem.maxj (at line 6)
[maxjcompiler] 	import com.maxeler.maxcompiler.v2.kernelcompiler.SMIO;
[maxjcompiler] 	       ^^^^^^^^^^^^^^^^^^^^^^^^^^^^^^^^^^^^^^^^^^^^^^
[maxjcompiler] The import com.maxeler.maxcompiler.v2.kernelcompiler.SMIO is never used
[maxjcompiler] ----------
[maxjcompiler] 132. WARNING in /local/ssd/home/mattfel/transform_regression_tests_21-24/hyperdsl/spatial/regression_tests/unit/13_ScatterGather/out/maxj/src/static/templates/OnChipMem.maxj (at line 9)
[maxjcompiler] 	import com.maxeler.maxcompiler.v2.kernelcompiler.types.composite.DFEVector;
[maxjcompiler] 	       ^^^^^^^^^^^^^^^^^^^^^^^^^^^^^^^^^^^^^^^^^^^^^^^^^^^^^^^^^^^^^^^^^^^
[maxjcompiler] The import com.maxeler.maxcompiler.v2.kernelcompiler.types.composite.DFEVector is never used
[maxjcompiler] ----------
[maxjcompiler] ----------
[maxjcompiler] 133. WARNING in /local/ssd/home/mattfel/transform_regression_tests_21-24/hyperdsl/spatial/regression_tests/unit/13_ScatterGather/out/maxj/src/static/templates/DblBufKernelLib.maxj (at line 3)
[maxjcompiler] 	import java.util.List;
[maxjcompiler] 	       ^^^^^^^^^^^^^^
[maxjcompiler] The import java.util.List is never used
[maxjcompiler] ----------
[maxjcompiler] 134. WARNING in /local/ssd/home/mattfel/transform_regression_tests_21-24/hyperdsl/spatial/regression_tests/unit/13_ScatterGather/out/maxj/src/static/templates/DblBufKernelLib.maxj (at line 6)
[maxjcompiler] 	import com.maxeler.maxcompiler.v2.kernelcompiler.stdlib.memory.Memory;
[maxjcompiler] 	       ^^^^^^^^^^^^^^^^^^^^^^^^^^^^^^^^^^^^^^^^^^^^^^^^^^^^^^^^^^^^^^
[maxjcompiler] The import com.maxeler.maxcompiler.v2.kernelcompiler.stdlib.memory.Memory is never used
[maxjcompiler] ----------
[maxjcompiler] ----------
[maxjcompiler] 135. WARNING in /local/ssd/home/mattfel/transform_regression_tests_21-24/hyperdsl/spatial/regression_tests/unit/13_ScatterGather/out/maxj/src/static/templates/GatherSM.maxj (at line 9)
[maxjcompiler] 	import com.maxeler.maxcompiler.v2.utils.MathUtils;
[maxjcompiler] 	       ^^^^^^^^^^^^^^^^^^^^^^^^^^^^^^^^^^^^^^^^^^
[maxjcompiler] The import com.maxeler.maxcompiler.v2.utils.MathUtils is never used
[maxjcompiler] ----------
[maxjcompiler] ----------
[maxjcompiler] 136. WARNING in /local/ssd/home/mattfel/transform_regression_tests_21-24/hyperdsl/spatial/regression_tests/unit/13_ScatterGather/out/maxj/src/static/templates/BlockLoader.maxj (at line 6)
[maxjcompiler] 	import com.maxeler.maxcompiler.v2.kernelcompiler.stdlib.core.CounterChain;
[maxjcompiler] 	       ^^^^^^^^^^^^^^^^^^^^^^^^^^^^^^^^^^^^^^^^^^^^^^^^^^^^^^^^^^^^^^^^^^
[maxjcompiler] The import com.maxeler.maxcompiler.v2.kernelcompiler.stdlib.core.CounterChain is never used
[maxjcompiler] ----------
[maxjcompiler] 137. WARNING in /local/ssd/home/mattfel/transform_regression_tests_21-24/hyperdsl/spatial/regression_tests/unit/13_ScatterGather/out/maxj/src/static/templates/BlockLoader.maxj (at line 11)
[maxjcompiler] 	import com.maxeler.maxcompiler.v2.kernelcompiler.Optimization;
[maxjcompiler] 	       ^^^^^^^^^^^^^^^^^^^^^^^^^^^^^^^^^^^^^^^^^^^^^^^^^^^^^^
[maxjcompiler] The import com.maxeler.maxcompiler.v2.kernelcompiler.Optimization is never used
[maxjcompiler] ----------
[maxjcompiler] 138. WARNING in /local/ssd/home/mattfel/transform_regression_tests_21-24/hyperdsl/spatial/regression_tests/unit/13_ScatterGather/out/maxj/src/static/templates/BlockLoader.maxj (at line 308)
[maxjcompiler] 	DFEVector<DFEStruct> vecDataIn = vecType.newInstance(this);
[maxjcompiler] 	                     ^^^^^^^^^
[maxjcompiler] The local variable vecDataIn is never read
[maxjcompiler] ----------
[maxjcompiler] ----------
[maxjcompiler] 139. WARNING in /local/ssd/home/mattfel/transform_regression_tests_21-24/hyperdsl/spatial/regression_tests/unit/13_ScatterGather/out/maxj/src/kernels/parallel_void1839.maxj (at line 38)
[maxjcompiler] 	DFEsmValueType counterType = dfeUInt(32);
[maxjcompiler] 	               ^^^^^^^^^^^
[maxjcompiler] The local variable counterType is never read
[maxjcompiler] ----------
[maxjcompiler] ----------
[maxjcompiler] 140. WARNING in /local/ssd/home/mattfel/transform_regression_tests_21-24/hyperdsl/spatial/regression_tests/unit/13_ScatterGather/out/maxj/src/kernels/parallel_void1847.maxj (at line 50)
[maxjcompiler] 	DFEsmValueType counterType = dfeUInt(32);
[maxjcompiler] 	               ^^^^^^^^^^^
[maxjcompiler] The local variable counterType is never read
[maxjcompiler] ----------
[maxjcompiler] ----------
[maxjcompiler] 141. WARNING in /local/ssd/home/mattfel/transform_regression_tests_21-24/hyperdsl/spatial/regression_tests/unit/13_ScatterGather/out/maxj/src/kernels/BaseLib.maxj (at line 2)
[maxjcompiler] 	import com.maxeler.maxcompiler.v2.kernelcompiler.stdlib.core.Count.Counter;
[maxjcompiler] 	       ^^^^^^^^^^^^^^^^^^^^^^^^^^^^^^^^^^^^^^^^^^^^^^^^^^^^^^^^^^^^^^^^^^^
[maxjcompiler] The import com.maxeler.maxcompiler.v2.kernelcompiler.stdlib.core.Count.Counter is never used
[maxjcompiler] ----------
[maxjcompiler] 142. WARNING in /local/ssd/home/mattfel/transform_regression_tests_21-24/hyperdsl/spatial/regression_tests/unit/13_ScatterGather/out/maxj/src/kernels/BaseLib.maxj (at line 3)
[maxjcompiler] 	import com.maxeler.maxcompiler.v2.kernelcompiler.stdlib.core.CounterChain;
[maxjcompiler] 	       ^^^^^^^^^^^^^^^^^^^^^^^^^^^^^^^^^^^^^^^^^^^^^^^^^^^^^^^^^^^^^^^^^^
[maxjcompiler] The import com.maxeler.maxcompiler.v2.kernelcompiler.stdlib.core.CounterChain is never used
[maxjcompiler] ----------
[maxjcompiler] 143. WARNING in /local/ssd/home/mattfel/transform_regression_tests_21-24/hyperdsl/spatial/regression_tests/unit/13_ScatterGather/out/maxj/src/kernels/BaseLib.maxj (at line 4)
[maxjcompiler] 	import com.maxeler.maxcompiler.v2.kernelcompiler.stdlib.core.Count;
[maxjcompiler] 	       ^^^^^^^^^^^^^^^^^^^^^^^^^^^^^^^^^^^^^^^^^^^^^^^^^^^^^^^^^^^
[maxjcompiler] The import com.maxeler.maxcompiler.v2.kernelcompiler.stdlib.core.Count is never used
[maxjcompiler] ----------
[maxjcompiler] 144. WARNING in /local/ssd/home/mattfel/transform_regression_tests_21-24/hyperdsl/spatial/regression_tests/unit/13_ScatterGather/out/maxj/src/kernels/BaseLib.maxj (at line 5)
[maxjcompiler] 	import com.maxeler.maxcompiler.v2.kernelcompiler.stdlib.core.Count.WrapMode;
[maxjcompiler] 	       ^^^^^^^^^^^^^^^^^^^^^^^^^^^^^^^^^^^^^^^^^^^^^^^^^^^^^^^^^^^^^^^^^^^^
[maxjcompiler] The import com.maxeler.maxcompiler.v2.kernelcompiler.stdlib.core.Count.WrapMode is never used
[maxjcompiler] ----------
[maxjcompiler] 145. WARNING in /local/ssd/home/mattfel/transform_regression_tests_21-24/hyperdsl/spatial/regression_tests/unit/13_ScatterGather/out/maxj/src/kernels/BaseLib.maxj (at line 6)
[maxjcompiler] 	import com.maxeler.maxcompiler.v2.kernelcompiler.stdlib.core.Count.Params;
[maxjcompiler] 	       ^^^^^^^^^^^^^^^^^^^^^^^^^^^^^^^^^^^^^^^^^^^^^^^^^^^^^^^^^^^^^^^^^^
[maxjcompiler] The import com.maxeler.maxcompiler.v2.kernelcompiler.stdlib.core.Count.Params is never used
[maxjcompiler] ----------
[maxjcompiler] 146. WARNING in /local/ssd/home/mattfel/transform_regression_tests_21-24/hyperdsl/spatial/regression_tests/unit/13_ScatterGather/out/maxj/src/kernels/BaseLib.maxj (at line 7)
[maxjcompiler] 	import com.maxeler.maxcompiler.v2.kernelcompiler.stdlib.memory.Memory;
[maxjcompiler] 	       ^^^^^^^^^^^^^^^^^^^^^^^^^^^^^^^^^^^^^^^^^^^^^^^^^^^^^^^^^^^^^^
[maxjcompiler] The import com.maxeler.maxcompiler.v2.kernelcompiler.stdlib.memory.Memory is never used
[maxjcompiler] ----------
[maxjcompiler] 147. WARNING in /local/ssd/home/mattfel/transform_regression_tests_21-24/hyperdsl/spatial/regression_tests/unit/13_ScatterGather/out/maxj/src/kernels/BaseLib.maxj (at line 8)
[maxjcompiler] 	import com.maxeler.maxcompiler.v2.kernelcompiler.Kernel;
[maxjcompiler] 	       ^^^^^^^^^^^^^^^^^^^^^^^^^^^^^^^^^^^^^^^^^^^^^^^^
[maxjcompiler] The import com.maxeler.maxcompiler.v2.kernelcompiler.Kernel is never used
[maxjcompiler] ----------
[maxjcompiler] 148. WARNING in /local/ssd/home/mattfel/transform_regression_tests_21-24/hyperdsl/spatial/regression_tests/unit/13_ScatterGather/out/maxj/src/kernels/BaseLib.maxj (at line 9)
[maxjcompiler] 	import com.maxeler.maxcompiler.v2.kernelcompiler.KernelParameters;
[maxjcompiler] 	       ^^^^^^^^^^^^^^^^^^^^^^^^^^^^^^^^^^^^^^^^^^^^^^^^^^^^^^^^^^
[maxjcompiler] The import com.maxeler.maxcompiler.v2.kernelcompiler.KernelParameters is never used
[maxjcompiler] ----------
[maxjcompiler] 149. WARNING in /local/ssd/home/mattfel/transform_regression_tests_21-24/hyperdsl/spatial/regression_tests/unit/13_ScatterGather/out/maxj/src/kernels/BaseLib.maxj (at line 11)
[maxjcompiler] 	import com.maxeler.maxcompiler.v2.utils.MathUtils;
[maxjcompiler] 	       ^^^^^^^^^^^^^^^^^^^^^^^^^^^^^^^^^^^^^^^^^^
[maxjcompiler] The import com.maxeler.maxcompiler.v2.utils.MathUtils is never used
[maxjcompiler] ----------
[maxjcompiler] 150. WARNING in /local/ssd/home/mattfel/transform_regression_tests_21-24/hyperdsl/spatial/regression_tests/unit/13_ScatterGather/out/maxj/src/kernels/BaseLib.maxj (at line 12)
[maxjcompiler] 	import com.maxeler.maxcompiler.v2.utils.Bits;
[maxjcompiler] 	       ^^^^^^^^^^^^^^^^^^^^^^^^^^^^^^^^^^^^^
[maxjcompiler] The import com.maxeler.maxcompiler.v2.utils.Bits is never used
[maxjcompiler] ----------
[maxjcompiler] 151. WARNING in /local/ssd/home/mattfel/transform_regression_tests_21-24/hyperdsl/spatial/regression_tests/unit/13_ScatterGather/out/maxj/src/kernels/BaseLib.maxj (at line 14)
[maxjcompiler] 	import com.maxeler.maxcompiler.v2.kernelcompiler.stdlib.KernelMath;
[maxjcompiler] 	       ^^^^^^^^^^^^^^^^^^^^^^^^^^^^^^^^^^^^^^^^^^^^^^^^^^^^^^^^^^^
[maxjcompiler] The import com.maxeler.maxcompiler.v2.kernelcompiler.stdlib.KernelMath is never used
[maxjcompiler] ----------
[maxjcompiler] 152. WARNING in /local/ssd/home/mattfel/transform_regression_tests_21-24/hyperdsl/spatial/regression_tests/unit/13_ScatterGather/out/maxj/src/kernels/BaseLib.maxj (at line 15)
[maxjcompiler] 	import com.maxeler.maxcompiler.v2.kernelcompiler.types.base.DFEType;
[maxjcompiler] 	       ^^^^^^^^^^^^^^^^^^^^^^^^^^^^^^^^^^^^^^^^^^^^^^^^^^^^^^^^^^^^
[maxjcompiler] The import com.maxeler.maxcompiler.v2.kernelcompiler.types.base.DFEType is never used
[maxjcompiler] ----------
[maxjcompiler] 153. WARNING in /local/ssd/home/mattfel/transform_regression_tests_21-24/hyperdsl/spatial/regression_tests/unit/13_ScatterGather/out/maxj/src/kernels/BaseLib.maxj (at line 16)
[maxjcompiler] 	import com.maxeler.maxcompiler.v2.kernelcompiler.stdlib.core.Stream.OffsetExpr;
[maxjcompiler] 	       ^^^^^^^^^^^^^^^^^^^^^^^^^^^^^^^^^^^^^^^^^^^^^^^^^^^^^^^^^^^^^^^^^^^^^^^
[maxjcompiler] The import com.maxeler.maxcompiler.v2.kernelcompiler.stdlib.core.Stream.OffsetExpr is never used
[maxjcompiler] ----------
[maxjcompiler] 154. WARNING in /local/ssd/home/mattfel/transform_regression_tests_21-24/hyperdsl/spatial/regression_tests/unit/13_ScatterGather/out/maxj/src/kernels/BaseLib.maxj (at line 17)
[maxjcompiler] 	import com.maxeler.maxcompiler.v2.kernelcompiler.stdlib.Reductions;
[maxjcompiler] 	       ^^^^^^^^^^^^^^^^^^^^^^^^^^^^^^^^^^^^^^^^^^^^^^^^^^^^^^^^^^^
[maxjcompiler] The import com.maxeler.maxcompiler.v2.kernelcompiler.stdlib.Reductions is never used
[maxjcompiler] ----------
[maxjcompiler] 155. WARNING in /local/ssd/home/mattfel/transform_regression_tests_21-24/hyperdsl/spatial/regression_tests/unit/13_ScatterGather/out/maxj/src/kernels/BaseLib.maxj (at line 18)
[maxjcompiler] 	import com.maxeler.maxcompiler.v2.kernelcompiler.SMIO;
[maxjcompiler] 	       ^^^^^^^^^^^^^^^^^^^^^^^^^^^^^^^^^^^^^^^^^^^^^^
[maxjcompiler] The import com.maxeler.maxcompiler.v2.kernelcompiler.SMIO is never used
[maxjcompiler] ----------
[maxjcompiler] 156. WARNING in /local/ssd/home/mattfel/transform_regression_tests_21-24/hyperdsl/spatial/regression_tests/unit/13_ScatterGather/out/maxj/src/kernels/BaseLib.maxj (at line 19)
[maxjcompiler] 	import com.maxeler.maxcompiler.v2.kernelcompiler.stdlib.Accumulator;
[maxjcompiler] 	       ^^^^^^^^^^^^^^^^^^^^^^^^^^^^^^^^^^^^^^^^^^^^^^^^^^^^^^^^^^^^
[maxjcompiler] The import com.maxeler.maxcompiler.v2.kernelcompiler.stdlib.Accumulator is never used
[maxjcompiler] ----------
[maxjcompiler] 157. WARNING in /local/ssd/home/mattfel/transform_regression_tests_21-24/hyperdsl/spatial/regression_tests/unit/13_ScatterGather/out/maxj/src/kernels/BaseLib.maxj (at line 20)
[maxjcompiler] 	import com.maxeler.maxcompiler.v2.kernelcompiler.types.base.DFEType;
[maxjcompiler] 	       ^^^^^^^^^^^^^^^^^^^^^^^^^^^^^^^^^^^^^^^^^^^^^^^^^^^^^^^^^^^^
[maxjcompiler] The import com.maxeler.maxcompiler.v2.kernelcompiler.types.base.DFEType is never used
[maxjcompiler] ----------
[maxjcompiler] 158. WARNING in /local/ssd/home/mattfel/transform_regression_tests_21-24/hyperdsl/spatial/regression_tests/unit/13_ScatterGather/out/maxj/src/kernels/BaseLib.maxj (at line 21)
[maxjcompiler] 	import com.maxeler.maxcompiler.v2.kernelcompiler.types.composite.DFEVector;
[maxjcompiler] 	       ^^^^^^^^^^^^^^^^^^^^^^^^^^^^^^^^^^^^^^^^^^^^^^^^^^^^^^^^^^^^^^^^^^^
[maxjcompiler] The import com.maxeler.maxcompiler.v2.kernelcompiler.types.composite.DFEVector is never used
[maxjcompiler] ----------
[maxjcompiler] 159. WARNING in /local/ssd/home/mattfel/transform_regression_tests_21-24/hyperdsl/spatial/regression_tests/unit/13_ScatterGather/out/maxj/src/kernels/BaseLib.maxj (at line 22)
[maxjcompiler] 	import com.maxeler.maxcompiler.v2.kernelcompiler.types.composite.DFEVectorType;
[maxjcompiler] 	       ^^^^^^^^^^^^^^^^^^^^^^^^^^^^^^^^^^^^^^^^^^^^^^^^^^^^^^^^^^^^^^^^^^^^^^^
[maxjcompiler] The import com.maxeler.maxcompiler.v2.kernelcompiler.types.composite.DFEVectorType is never used
[maxjcompiler] ----------
[maxjcompiler] 160. WARNING in /local/ssd/home/mattfel/transform_regression_tests_21-24/hyperdsl/spatial/regression_tests/unit/13_ScatterGather/out/maxj/src/kernels/BaseLib.maxj (at line 24)
[maxjcompiler] 	import java.util.Arrays;
[maxjcompiler] 	       ^^^^^^^^^^^^^^^^
[maxjcompiler] The import java.util.Arrays is never used
[maxjcompiler] ----------
[maxjcompiler] ----------
[maxjcompiler] 161. WARNING in /local/ssd/home/mattfel/transform_regression_tests_21-24/hyperdsl/spatial/regression_tests/unit/13_ScatterGather/out/maxj/src/kernels/MaxJManager.maxj (at line 3)
[maxjcompiler] 	import com.maxeler.maxcompiler.v2.kernelcompiler.Kernel;
[maxjcompiler] 	       ^^^^^^^^^^^^^^^^^^^^^^^^^^^^^^^^^^^^^^^^^^^^^^^^
[maxjcompiler] The import com.maxeler.maxcompiler.v2.kernelcompiler.Kernel is never used
[maxjcompiler] ----------
[maxjcompiler] 162. WARNING in /local/ssd/home/mattfel/transform_regression_tests_21-24/hyperdsl/spatial/regression_tests/unit/13_ScatterGather/out/maxj/src/kernels/MaxJManager.maxj (at line 4)
[maxjcompiler] 	import com.maxeler.maxcompiler.v2.managers.standard.Manager;
[maxjcompiler] 	       ^^^^^^^^^^^^^^^^^^^^^^^^^^^^^^^^^^^^^^^^^^^^^^^^^^^^
[maxjcompiler] The import com.maxeler.maxcompiler.v2.managers.standard.Manager is never used
[maxjcompiler] ----------
[maxjcompiler] 163. WARNING in /local/ssd/home/mattfel/transform_regression_tests_21-24/hyperdsl/spatial/regression_tests/unit/13_ScatterGather/out/maxj/src/kernels/MaxJManager.maxj (at line 5)
[maxjcompiler] 	import com.maxeler.maxcompiler.v2.managers.standard.Manager.MemAccessPattern;
[maxjcompiler] 	       ^^^^^^^^^^^^^^^^^^^^^^^^^^^^^^^^^^^^^^^^^^^^^^^^^^^^^^^^^^^^^^^^^^^^^
[maxjcompiler] The import com.maxeler.maxcompiler.v2.managers.standard.Manager.MemAccessPattern is never used
[maxjcompiler] ----------
[maxjcompiler] 164. WARNING in /local/ssd/home/mattfel/transform_regression_tests_21-24/hyperdsl/spatial/regression_tests/unit/13_ScatterGather/out/maxj/src/kernels/MaxJManager.maxj (at line 6)
[maxjcompiler] 	import com.maxeler.maxcompiler.v2.managers.standard.Manager.IOType;
[maxjcompiler] 	       ^^^^^^^^^^^^^^^^^^^^^^^^^^^^^^^^^^^^^^^^^^^^^^^^^^^^^^^^^^^
[maxjcompiler] The import com.maxeler.maxcompiler.v2.managers.standard.Manager.IOType is never used
[maxjcompiler] ----------
[maxjcompiler] 165. WARNING in /local/ssd/home/mattfel/transform_regression_tests_21-24/hyperdsl/spatial/regression_tests/unit/13_ScatterGather/out/maxj/src/kernels/MaxJManager.maxj (at line 16)
[maxjcompiler] 	import com.maxeler.maxcompiler.v2.managers.custom.stdlib.MemoryControllerConfig;
[maxjcompiler] 	       ^^^^^^^^^^^^^^^^^^^^^^^^^^^^^^^^^^^^^^^^^^^^^^^^^^^^^^^^^^^^^^^^^^^^^^^^
[maxjcompiler] The import com.maxeler.maxcompiler.v2.managers.custom.stdlib.MemoryControllerConfig is never used
[maxjcompiler] ----------
[maxjcompiler] 166. WARNING in /local/ssd/home/mattfel/transform_regression_tests_21-24/hyperdsl/spatial/regression_tests/unit/13_ScatterGather/out/maxj/src/kernels/MaxJManager.maxj (at line 18)
[maxjcompiler] 	import com.maxeler.maxcompiler.v2.kernelcompiler.KernelConfiguration.OptimizationOptions;
[maxjcompiler] 	       ^^^^^^^^^^^^^^^^^^^^^^^^^^^^^^^^^^^^^^^^^^^^^^^^^^^^^^^^^^^^^^^^^^^^^^^^^^^^^^^^^
[maxjcompiler] The import com.maxeler.maxcompiler.v2.kernelcompiler.KernelConfiguration.OptimizationOptions is never used
[maxjcompiler] ----------
[maxjcompiler] 167. WARNING in /local/ssd/home/mattfel/transform_regression_tests_21-24/hyperdsl/spatial/regression_tests/unit/13_ScatterGather/out/maxj/src/kernels/MaxJManager.maxj (at line 19)
[maxjcompiler] 	import com.maxeler.maxcompiler.v2.kernelcompiler.KernelConfiguration.OptimizationOptions.OptimizationTechnique;
[maxjcompiler] 	       ^^^^^^^^^^^^^^^^^^^^^^^^^^^^^^^^^^^^^^^^^^^^^^^^^^^^^^^^^^^^^^^^^^^^^^^^^^^^^^^^^^^^^^^^^^^^^^^^^^^^^^^
[maxjcompiler] The import com.maxeler.maxcompiler.v2.kernelcompiler.KernelConfiguration.OptimizationOptions.OptimizationTechnique is never used
[maxjcompiler] ----------
[maxjcompiler] 168. WARNING in /local/ssd/home/mattfel/transform_regression_tests_21-24/hyperdsl/spatial/regression_tests/unit/13_ScatterGather/out/maxj/src/kernels/MaxJManager.maxj (at line 23)
[maxjcompiler] 	private static final CPUTypes int8_t =    CPUTypes.INT8;
[maxjcompiler] 	                              ^^^^^^
[maxjcompiler] The field TopManager.int8_t is never read locally
[maxjcompiler] ----------
[maxjcompiler] 169. WARNING in /local/ssd/home/mattfel/transform_regression_tests_21-24/hyperdsl/spatial/regression_tests/unit/13_ScatterGather/out/maxj/src/kernels/MaxJManager.maxj (at line 24)
[maxjcompiler] 	private static final CPUTypes int16_t =    CPUTypes.INT16;
[maxjcompiler] 	                              ^^^^^^^
[maxjcompiler] The field TopManager.int16_t is never read locally
[maxjcompiler] ----------
[maxjcompiler] 170. WARNING in /local/ssd/home/mattfel/transform_regression_tests_21-24/hyperdsl/spatial/regression_tests/unit/13_ScatterGather/out/maxj/src/kernels/MaxJManager.maxj (at line 25)
[maxjcompiler] 	private static final CPUTypes int32_t =    CPUTypes.INT32;
[maxjcompiler] 	                              ^^^^^^^
[maxjcompiler] The field TopManager.int32_t is never read locally
[maxjcompiler] ----------
[maxjcompiler] 171. WARNING in /local/ssd/home/mattfel/transform_regression_tests_21-24/hyperdsl/spatial/regression_tests/unit/13_ScatterGather/out/maxj/src/kernels/MaxJManager.maxj (at line 26)
[maxjcompiler] 	private static final CPUTypes int64_t =    CPUTypes.INT64;
[maxjcompiler] 	                              ^^^^^^^
[maxjcompiler] The field TopManager.int64_t is never read locally
[maxjcompiler] ----------
[maxjcompiler] 172. WARNING in /local/ssd/home/mattfel/transform_regression_tests_21-24/hyperdsl/spatial/regression_tests/unit/13_ScatterGather/out/maxj/src/kernels/MaxJManager.maxj (at line 28)
[maxjcompiler] 	private static final CPUTypes uint16_t =    CPUTypes.UINT16;
[maxjcompiler] 	                              ^^^^^^^^
[maxjcompiler] The field TopManager.uint16_t is never read locally
[maxjcompiler] ----------
[maxjcompiler] 173. WARNING in /local/ssd/home/mattfel/transform_regression_tests_21-24/hyperdsl/spatial/regression_tests/unit/13_ScatterGather/out/maxj/src/kernels/MaxJManager.maxj (at line 30)
[maxjcompiler] 	private static final CPUTypes uint64_t =    CPUTypes.UINT64;
[maxjcompiler] 	                              ^^^^^^^^
[maxjcompiler] The field TopManager.uint64_t is never read locally
[maxjcompiler] ----------
[maxjcompiler] 174. WARNING in /local/ssd/home/mattfel/transform_regression_tests_21-24/hyperdsl/spatial/regression_tests/unit/13_ScatterGather/out/maxj/src/kernels/MaxJManager.maxj (at line 31)
[maxjcompiler] 	private static final CPUTypes FLOAT = CPUTypes.FLOAT;
[maxjcompiler] 	                              ^^^^^
[maxjcompiler] The field TopManager.FLOAT is never read locally
[maxjcompiler] ----------
[maxjcompiler] 175. WARNING in /local/ssd/home/mattfel/transform_regression_tests_21-24/hyperdsl/spatial/regression_tests/unit/13_ScatterGather/out/maxj/src/kernels/MaxJManager.maxj (at line 32)
[maxjcompiler] 	private static final CPUTypes DOUBLE = CPUTypes.DOUBLE;
[maxjcompiler] 	                              ^^^^^^
[maxjcompiler] The field TopManager.DOUBLE is never read locally
[maxjcompiler] ----------
[maxjcompiler] ----------
[maxjcompiler] 176. WARNING in /local/ssd/home/mattfel/transform_regression_tests_21-24/hyperdsl/spatial/regression_tests/unit/13_ScatterGather/out/maxj/src/kernels/TopKernelLib.maxj (at line 23)
[maxjcompiler] 	import com.maxeler.maxcompiler.v2.kernelcompiler.types.base.DFEType;
[maxjcompiler] 	       ^^^^^^^^^^^^^^^^^^^^^^^^^^^^^^^^^^^^^^^^^^^^^^^^^^^^^^^^^^^^
[maxjcompiler] The import com.maxeler.maxcompiler.v2.kernelcompiler.types.base.DFEType is never used
[maxjcompiler] ----------
[maxjcompiler] 177. ERROR in /local/ssd/home/mattfel/transform_regression_tests_21-24/hyperdsl/spatial/regression_tests/unit/13_ScatterGather/out/maxj/src/kernels/TopKernelLib.maxj (at line 271)
[maxjcompiler] 	GatherLib void1837 = new GatherLib(
[maxjcompiler]         this,
[maxjcompiler]         void1837_en, void1837_done, 
[maxjcompiler]         void1837_isLdSt, void1837_forceLdSt,
[maxjcompiler]         BRAM1816_0, const384_FixedPoint179,
[maxjcompiler]         DRAM1775,  "DRAM1775_void1837_in",
[maxjcompiler]         void1837_waddr, void1837_wdata, void1837_wen);
[maxjcompiler] 	                     ^^^^^^^^^^^^^^^^^^^^^^^^^^^^^^^^^^^^^^^^^^^^^^^^^^^^^^^^^^^^^^^^^^^^^^^^^^^^^^^^^^^^^^^^^^^^^^^^^^^^^^^^^^^^^^^^^^^^^^^^^^^^^^^^^^^^^^^^^^^^^^^^^^^^^^^^^^^^^^^^^^^^^^^^^^^^^^^^^^^^^^^^^^^^^^^^^^^^^^^^^^^^^^^^^^^^^^^^^^^^^^^^^^^^^^^^^^^^^^^^^^^^^^^^^^^
[maxjcompiler] The constructor GatherLib(TopKernelLib, DFEVar, DFEVar, DFEVar, DFEVar, BramLib, DFEVar, int, String, DFEVector<DFEVar>, DFEVector<DFEVar>, DFEVar) is undefined
[maxjcompiler] ----------
[maxjcompiler] 178. ERROR in /local/ssd/home/mattfel/transform_regression_tests_21-24/hyperdsl/spatial/regression_tests/unit/13_ScatterGather/out/maxj/src/kernels/TopKernelLib.maxj (at line 314)
[maxjcompiler] 	ScatterLib void1842 = new ScatterLib(
[maxjcompiler]         this,
[maxjcompiler]         void1842_en, void1842_done,
[maxjcompiler]         void1842_isLdSt, void1842_forceLdSt,
[maxjcompiler]         BRAM1816_1, BRAM1819_0, const384_FixedPoint179,
[maxjcompiler]         DRAM1776, "DRAM1776_void1842_out");
[maxjcompiler] 	                      ^^^^^^^^^^^^^^^^^^^^^^^^^^^^^^^^^^^^^^^^^^^^^^^^^^^^^^^^^^^^^^^^^^^^^^^^^^^^^^^^^^^^^^^^^^^^^^^^^^^^^^^^^^^^^^^^^^^^^^^^^^^^^^^^^^^^^^^^^^^^^^^^^^^^^^^^^^^^^^^^^^^^^^^^^^^^^^^^^^^^^^^^^^^^^^^^^^^^^^^^^^^^^^^^^
[maxjcompiler] The constructor ScatterLib(TopKernelLib, DFEVar, DFEVar, DFEVar, DFEVar, BramLib, BramLib, DFEVar, int, String) is undefined
[maxjcompiler] ----------
[maxjcompiler] 179. ERROR in /local/ssd/home/mattfel/transform_regression_tests_21-24/hyperdsl/spatial/regression_tests/unit/13_ScatterGather/out/maxj/src/kernels/TopKernelLib.maxj (at line 322)
[maxjcompiler] 	ScatterLib void1843 = new ScatterLib(
[maxjcompiler]         this,
[maxjcompiler]         void1843_en, void1843_done,
[maxjcompiler]         void1843_isLdSt, void1843_forceLdSt,
[maxjcompiler]         BRAM1816_1, BRAM1819_0, const384_FixedPoint179,
[maxjcompiler]         DRAM1776, "DRAM1776_void1843_out");
[maxjcompiler] 	                      ^^^^^^^^^^^^^^^^^^^^^^^^^^^^^^^^^^^^^^^^^^^^^^^^^^^^^^^^^^^^^^^^^^^^^^^^^^^^^^^^^^^^^^^^^^^^^^^^^^^^^^^^^^^^^^^^^^^^^^^^^^^^^^^^^^^^^^^^^^^^^^^^^^^^^^^^^^^^^^^^^^^^^^^^^^^^^^^^^^^^^^^^^^^^^^^^^^^^^^^^^^^^^^^^^
[maxjcompiler] The constructor ScatterLib(TopKernelLib, DFEVar, DFEVar, DFEVar, DFEVar, BramLib, BramLib, DFEVar, int, String) is undefined
[maxjcompiler] ----------
[maxjcompiler] 180. ERROR in /local/ssd/home/mattfel/transform_regression_tests_21-24/hyperdsl/spatial/regression_tests/unit/13_ScatterGather/out/maxj/src/kernels/TopKernelLib.maxj (at line 330)
[maxjcompiler] 	ScatterLib void1844 = new ScatterLib(
[maxjcompiler]         this,
[maxjcompiler]         void1844_en, void1844_done,
[maxjcompiler]         void1844_isLdSt, void1844_forceLdSt,
[maxjcompiler]         BRAM1816_1, BRAM1819_0, const384_FixedPoint179,
[maxjcompiler]         DRAM1776, "DRAM1776_void1844_out");
[maxjcompiler] 	                      ^^^^^^^^^^^^^^^^^^^^^^^^^^^^^^^^^^^^^^^^^^^^^^^^^^^^^^^^^^^^^^^^^^^^^^^^^^^^^^^^^^^^^^^^^^^^^^^^^^^^^^^^^^^^^^^^^^^^^^^^^^^^^^^^^^^^^^^^^^^^^^^^^^^^^^^^^^^^^^^^^^^^^^^^^^^^^^^^^^^^^^^^^^^^^^^^^^^^^^^^^^^^^^^^^
[maxjcompiler] The constructor ScatterLib(TopKernelLib, DFEVar, DFEVar, DFEVar, DFEVar, BramLib, BramLib, DFEVar, int, String) is undefined
[maxjcompiler] ----------
[maxjcompiler] 181. ERROR in /local/ssd/home/mattfel/transform_regression_tests_21-24/hyperdsl/spatial/regression_tests/unit/13_ScatterGather/out/maxj/src/kernels/TopKernelLib.maxj (at line 338)
[maxjcompiler] 	ScatterLib void1845 = new ScatterLib(
[maxjcompiler]         this,
[maxjcompiler]         void1845_en, void1845_done,
[maxjcompiler]         void1845_isLdSt, void1845_forceLdSt,
[maxjcompiler]         BRAM1816_1, BRAM1819_0, const384_FixedPoint179,
[maxjcompiler]         DRAM1776, "DRAM1776_void1845_out");
[maxjcompiler] 	                      ^^^^^^^^^^^^^^^^^^^^^^^^^^^^^^^^^^^^^^^^^^^^^^^^^^^^^^^^^^^^^^^^^^^^^^^^^^^^^^^^^^^^^^^^^^^^^^^^^^^^^^^^^^^^^^^^^^^^^^^^^^^^^^^^^^^^^^^^^^^^^^^^^^^^^^^^^^^^^^^^^^^^^^^^^^^^^^^^^^^^^^^^^^^^^^^^^^^^^^^^^^^^^^^^^
[maxjcompiler] The constructor ScatterLib(TopKernelLib, DFEVar, DFEVar, DFEVar, DFEVar, BramLib, BramLib, DFEVar, int, String) is undefined
[maxjcompiler] ----------
[maxjcompiler] 181 problems (5 errors, 176 warnings)

BUILD FAILED
/local/ssd/home/mattfel/transform_regression_tests_21-24/hyperdsl/spatial/regression_tests/unit/13_ScatterGather/out/build.xml:40: /local/ssd/home/mattfel/transform_regression_tests_21-24/hyperdsl/spatial/regression_tests/unit/13_ScatterGather/out/build.xml:40: Compile failed; see the compiler error output for details.

Total time: 3 seconds
make: *** [bitstream-sim] Error 1
